[2024-05-21T15:21:44.373+0000] {local_task_job_runner.py:120} INFO - ::group::Pre task execution logs
[2024-05-21T15:21:44.384+0000] {taskinstance.py:2073} INFO - Dependencies all met for dep_context=non-requeueable deps ti=<TaskInstance: idealista-pipeline.create_or_update_spark_connection manual__2024-05-21T15:21:42.350021+00:00 [queued]>
[2024-05-21T15:21:44.389+0000] {taskinstance.py:2073} INFO - Dependencies all met for dep_context=requeueable deps ti=<TaskInstance: idealista-pipeline.create_or_update_spark_connection manual__2024-05-21T15:21:42.350021+00:00 [queued]>
[2024-05-21T15:21:44.390+0000] {taskinstance.py:2303} INFO - Starting attempt 1 of 1
[2024-05-21T15:21:44.398+0000] {taskinstance.py:2327} INFO - Executing <Task(PythonOperator): create_or_update_spark_connection> on 2024-05-21 15:21:42.350021+00:00
[2024-05-21T15:21:44.401+0000] {warnings.py:110} WARNING - /home/***/.local/lib/python3.12/site-packages/***/task/task_runner/standard_task_runner.py:61: DeprecationWarning: This process (pid=542) is multi-threaded, use of fork() may lead to deadlocks in the child.
  pid = os.fork()

[2024-05-21T15:21:44.402+0000] {standard_task_runner.py:63} INFO - Started process 543 to run task
[2024-05-21T15:21:44.402+0000] {standard_task_runner.py:90} INFO - Running: ['***', 'tasks', 'run', 'idealista-pipeline', 'create_or_update_spark_connection', 'manual__2024-05-21T15:21:42.350021+00:00', '--job-id', '301', '--raw', '--subdir', 'DAGS_FOLDER/idealista_dag.py', '--cfg-path', '/tmp/tmp975ocobj']
[2024-05-21T15:21:44.404+0000] {standard_task_runner.py:91} INFO - Job 301: Subtask create_or_update_spark_connection
[2024-05-21T15:21:44.425+0000] {task_command.py:426} INFO - Running <TaskInstance: idealista-pipeline.create_or_update_spark_connection manual__2024-05-21T15:21:42.350021+00:00 [running]> on host 05882356329d
[2024-05-21T15:21:44.471+0000] {taskinstance.py:2644} INFO - Exporting env vars: AIRFLOW_CTX_DAG_OWNER='shv' AIRFLOW_CTX_DAG_ID='idealista-pipeline' AIRFLOW_CTX_TASK_ID='create_or_update_spark_connection' AIRFLOW_CTX_EXECUTION_DATE='2024-05-21T15:21:42.350021+00:00' AIRFLOW_CTX_TRY_NUMBER='1' AIRFLOW_CTX_DAG_RUN_ID='manual__2024-05-21T15:21:42.350021+00:00'
[2024-05-21T15:21:44.471+0000] {taskinstance.py:430} INFO - ::endgroup::
[2024-05-21T15:21:44.483+0000] {spark.py:18} INFO - Airflow-spark connection already exists. Updating existing connection
[2024-05-21T15:21:44.483+0000] {crypto.py:82} WARNING - empty cryptography key - values will not be stored encrypted.
[2024-05-21T15:21:44.484+0000] {spark.py:34} INFO - Airflow-spark connection setup complete.
[2024-05-21T15:21:44.484+0000] {python.py:237} INFO - Done. Returned value was: None
[2024-05-21T15:21:44.485+0000] {taskinstance.py:441} INFO - ::group::Post task execution logs
[2024-05-21T15:21:44.489+0000] {taskinstance.py:1205} INFO - Marking task as SUCCESS. dag_id=idealista-pipeline, task_id=create_or_update_spark_connection, execution_date=20240521T152142, start_date=20240521T152144, end_date=20240521T152144
[2024-05-21T15:21:44.535+0000] {local_task_job_runner.py:240} INFO - Task exited with return code 0
[2024-05-21T15:21:44.549+0000] {taskinstance.py:3482} INFO - 1 downstream tasks scheduled from follow-on schedule check
[2024-05-21T15:21:44.550+0000] {local_task_job_runner.py:222} INFO - ::endgroup::
