[2024-05-21T15:15:48.726+0000] {local_task_job_runner.py:120} INFO - ::group::Pre task execution logs
[2024-05-21T15:15:48.738+0000] {taskinstance.py:2073} INFO - Dependencies all met for dep_context=non-requeueable deps ti=<TaskInstance: idealista-pipeline.create_kafka_topic manual__2024-05-21T15:15:47.516620+00:00 [queued]>
[2024-05-21T15:15:48.742+0000] {taskinstance.py:2073} INFO - Dependencies all met for dep_context=requeueable deps ti=<TaskInstance: idealista-pipeline.create_kafka_topic manual__2024-05-21T15:15:47.516620+00:00 [queued]>
[2024-05-21T15:15:48.743+0000] {taskinstance.py:2303} INFO - Starting attempt 1 of 1
[2024-05-21T15:15:48.751+0000] {taskinstance.py:2327} INFO - Executing <Task(PythonOperator): create_kafka_topic> on 2024-05-21 15:15:47.516620+00:00
[2024-05-21T15:15:48.755+0000] {warnings.py:110} WARNING - /home/***/.local/lib/python3.12/site-packages/***/task/task_runner/standard_task_runner.py:61: DeprecationWarning: This process (pid=71) is multi-threaded, use of fork() may lead to deadlocks in the child.
  pid = os.fork()

[2024-05-21T15:15:48.756+0000] {standard_task_runner.py:63} INFO - Started process 72 to run task
[2024-05-21T15:15:48.756+0000] {standard_task_runner.py:90} INFO - Running: ['***', 'tasks', 'run', 'idealista-pipeline', 'create_kafka_topic', 'manual__2024-05-21T15:15:47.516620+00:00', '--job-id', '295', '--raw', '--subdir', 'DAGS_FOLDER/idealista_dag.py', '--cfg-path', '/tmp/tmpckl00o75']
[2024-05-21T15:15:48.757+0000] {standard_task_runner.py:91} INFO - Job 295: Subtask create_kafka_topic
[2024-05-21T15:15:48.782+0000] {task_command.py:426} INFO - Running <TaskInstance: idealista-pipeline.create_kafka_topic manual__2024-05-21T15:15:47.516620+00:00 [running]> on host 05882356329d
[2024-05-21T15:15:48.833+0000] {taskinstance.py:2644} INFO - Exporting env vars: AIRFLOW_CTX_DAG_OWNER='shv' AIRFLOW_CTX_DAG_ID='idealista-pipeline' AIRFLOW_CTX_TASK_ID='create_kafka_topic' AIRFLOW_CTX_EXECUTION_DATE='2024-05-21T15:15:47.516620+00:00' AIRFLOW_CTX_TRY_NUMBER='1' AIRFLOW_CTX_DAG_RUN_ID='manual__2024-05-21T15:15:47.516620+00:00'
[2024-05-21T15:15:48.833+0000] {taskinstance.py:430} INFO - ::endgroup::
[2024-05-21T15:15:48.875+0000] {kafka.py:24} INFO - Kafka topic 'real_estate_topic' created successfully.
[2024-05-21T15:15:48.876+0000] {python.py:237} INFO - Done. Returned value was: None
[2024-05-21T15:15:48.876+0000] {taskinstance.py:441} INFO - ::group::Post task execution logs
[2024-05-21T15:15:48.882+0000] {taskinstance.py:1205} INFO - Marking task as SUCCESS. dag_id=idealista-pipeline, task_id=create_kafka_topic, execution_date=20240521T151547, start_date=20240521T151548, end_date=20240521T151548
[2024-05-21T15:15:48.929+0000] {local_task_job_runner.py:240} INFO - Task exited with return code 0
[2024-05-21T15:15:48.956+0000] {taskinstance.py:3482} INFO - 1 downstream tasks scheduled from follow-on schedule check
[2024-05-21T15:15:48.958+0000] {local_task_job_runner.py:222} INFO - ::endgroup::
