[2024-05-21T15:21:45.392+0000] {local_task_job_runner.py:120} INFO - ::group::Pre task execution logs
[2024-05-21T15:21:45.406+0000] {taskinstance.py:2073} INFO - Dependencies all met for dep_context=non-requeueable deps ti=<TaskInstance: idealista-pipeline.spark_submit manual__2024-05-21T15:21:42.350021+00:00 [queued]>
[2024-05-21T15:21:45.412+0000] {taskinstance.py:2073} INFO - Dependencies all met for dep_context=requeueable deps ti=<TaskInstance: idealista-pipeline.spark_submit manual__2024-05-21T15:21:42.350021+00:00 [queued]>
[2024-05-21T15:21:45.412+0000] {taskinstance.py:2303} INFO - Starting attempt 1 of 1
[2024-05-21T15:21:45.421+0000] {taskinstance.py:2327} INFO - Executing <Task(SparkSubmitOperator): spark_submit> on 2024-05-21 15:21:42.350021+00:00
[2024-05-21T15:21:45.424+0000] {warnings.py:110} WARNING - /home/***/.local/lib/python3.12/site-packages/***/task/task_runner/standard_task_runner.py:61: DeprecationWarning: This process (pid=544) is multi-threaded, use of fork() may lead to deadlocks in the child.
  pid = os.fork()

[2024-05-21T15:21:45.425+0000] {standard_task_runner.py:63} INFO - Started process 545 to run task
[2024-05-21T15:21:45.425+0000] {standard_task_runner.py:90} INFO - Running: ['***', 'tasks', 'run', 'idealista-pipeline', 'spark_submit', 'manual__2024-05-21T15:21:42.350021+00:00', '--job-id', '302', '--raw', '--subdir', 'DAGS_FOLDER/idealista_dag.py', '--cfg-path', '/tmp/tmpd1omvcob']
[2024-05-21T15:21:45.427+0000] {standard_task_runner.py:91} INFO - Job 302: Subtask spark_submit
[2024-05-21T15:21:45.451+0000] {task_command.py:426} INFO - Running <TaskInstance: idealista-pipeline.spark_submit manual__2024-05-21T15:21:42.350021+00:00 [running]> on host 05882356329d
[2024-05-21T15:21:45.497+0000] {taskinstance.py:2644} INFO - Exporting env vars: AIRFLOW_CTX_DAG_OWNER='shv' AIRFLOW_CTX_DAG_ID='idealista-pipeline' AIRFLOW_CTX_TASK_ID='spark_submit' AIRFLOW_CTX_EXECUTION_DATE='2024-05-21T15:21:42.350021+00:00' AIRFLOW_CTX_TRY_NUMBER='1' AIRFLOW_CTX_DAG_RUN_ID='manual__2024-05-21T15:21:42.350021+00:00'
[2024-05-21T15:21:45.498+0000] {taskinstance.py:430} INFO - ::endgroup::
[2024-05-21T15:21:45.510+0000] {base.py:84} INFO - Using connection ID 'spark_default' for task execution.
[2024-05-21T15:21:45.511+0000] {spark_submit.py:401} INFO - Spark-Submit cmd: spark-submit --master spark://spark-master:7077 --packages org.apache.spark:spark-sql-kafka-0-10_2.12:3.5.0,com.datastax.spark:spark-cassandra-connector_2.12:3.5.0 --name arrow-spark --queue default /usr/local/spark/app/spark_main.py
[2024-05-21T15:21:45.535+0000] {spark_submit.py:571} INFO - /home/***/.local/lib/python3.12/site-packages/pyspark/bin/load-spark-env.sh: line 68: ps: command not found
[2024-05-21T15:21:46.443+0000] {spark_submit.py:571} INFO - :: loading settings :: url = jar:file:/home/***/.local/lib/python3.12/site-packages/pyspark/jars/ivy-2.5.1.jar!/org/apache/ivy/core/settings/ivysettings.xml
[2024-05-21T15:21:46.479+0000] {spark_submit.py:571} INFO - Ivy Default Cache set to: /home/***/.ivy2/cache
[2024-05-21T15:21:46.480+0000] {spark_submit.py:571} INFO - The jars for the packages stored in: /home/***/.ivy2/jars
[2024-05-21T15:21:46.482+0000] {spark_submit.py:571} INFO - org.apache.spark#spark-sql-kafka-0-10_2.12 added as a dependency
[2024-05-21T15:21:46.482+0000] {spark_submit.py:571} INFO - com.datastax.spark#spark-cassandra-connector_2.12 added as a dependency
[2024-05-21T15:21:46.482+0000] {spark_submit.py:571} INFO - :: resolving dependencies :: org.apache.spark#spark-submit-parent-4e7dabac-d779-4e88-82b9-1e89fc730024;1.0
[2024-05-21T15:21:46.483+0000] {spark_submit.py:571} INFO - confs: [default]
[2024-05-21T15:21:46.567+0000] {spark_submit.py:571} INFO - found org.apache.spark#spark-sql-kafka-0-10_2.12;3.5.0 in central
[2024-05-21T15:21:46.592+0000] {spark_submit.py:571} INFO - found org.apache.spark#spark-token-provider-kafka-0-10_2.12;3.5.0 in central
[2024-05-21T15:21:46.606+0000] {spark_submit.py:571} INFO - found org.apache.kafka#kafka-clients;3.4.1 in central
[2024-05-21T15:21:46.621+0000] {spark_submit.py:571} INFO - found org.lz4#lz4-java;1.8.0 in central
[2024-05-21T15:21:46.631+0000] {spark_submit.py:571} INFO - found org.xerial.snappy#snappy-java;1.1.10.3 in central
[2024-05-21T15:21:46.640+0000] {spark_submit.py:571} INFO - found org.slf4j#slf4j-api;2.0.7 in central
[2024-05-21T15:21:46.651+0000] {spark_submit.py:571} INFO - found org.apache.hadoop#hadoop-client-runtime;3.3.4 in central
[2024-05-21T15:21:46.663+0000] {spark_submit.py:571} INFO - found org.apache.hadoop#hadoop-client-api;3.3.4 in central
[2024-05-21T15:21:46.679+0000] {spark_submit.py:571} INFO - found commons-logging#commons-logging;1.1.3 in central
[2024-05-21T15:21:46.686+0000] {spark_submit.py:571} INFO - found com.google.code.findbugs#jsr305;3.0.0 in central
[2024-05-21T15:21:46.693+0000] {spark_submit.py:571} INFO - found org.apache.commons#commons-pool2;2.11.1 in central
[2024-05-21T15:21:46.700+0000] {spark_submit.py:571} INFO - found com.datastax.spark#spark-cassandra-connector_2.12;3.5.0 in central
[2024-05-21T15:21:46.707+0000] {spark_submit.py:571} INFO - found com.datastax.spark#spark-cassandra-connector-driver_2.12;3.5.0 in central
[2024-05-21T15:21:46.714+0000] {spark_submit.py:571} INFO - found org.scala-lang.modules#scala-collection-compat_2.12;2.11.0 in central
[2024-05-21T15:21:46.720+0000] {spark_submit.py:571} INFO - found com.datastax.oss#java-driver-core-shaded;4.13.0 in central
[2024-05-21T15:21:46.726+0000] {spark_submit.py:571} INFO - found com.datastax.oss#native-protocol;1.5.0 in central
[2024-05-21T15:21:46.733+0000] {spark_submit.py:571} INFO - found com.datastax.oss#java-driver-shaded-guava;25.1-jre-graal-sub-1 in central
[2024-05-21T15:21:46.739+0000] {spark_submit.py:571} INFO - found com.typesafe#config;1.4.1 in central
[2024-05-21T15:21:46.746+0000] {spark_submit.py:571} INFO - found io.dropwizard.metrics#metrics-core;4.1.18 in central
[2024-05-21T15:21:46.752+0000] {spark_submit.py:571} INFO - found org.hdrhistogram#HdrHistogram;2.1.12 in central
[2024-05-21T15:21:46.762+0000] {spark_submit.py:571} INFO - found org.reactivestreams#reactive-streams;1.0.3 in central
[2024-05-21T15:21:46.770+0000] {spark_submit.py:571} INFO - found com.github.stephenc.jcip#jcip-annotations;1.0-1 in central
[2024-05-21T15:21:46.774+0000] {spark_submit.py:571} INFO - found com.github.spotbugs#spotbugs-annotations;3.1.12 in central
[2024-05-21T15:21:46.781+0000] {spark_submit.py:571} INFO - found com.google.code.findbugs#jsr305;3.0.2 in central
[2024-05-21T15:21:46.788+0000] {spark_submit.py:571} INFO - found com.datastax.oss#java-driver-mapper-runtime;4.13.0 in central
[2024-05-21T15:21:46.796+0000] {spark_submit.py:571} INFO - found com.datastax.oss#java-driver-query-builder;4.13.0 in central
[2024-05-21T15:21:46.803+0000] {spark_submit.py:571} INFO - found org.apache.commons#commons-lang3;3.10 in central
[2024-05-21T15:21:46.807+0000] {spark_submit.py:571} INFO - found com.thoughtworks.paranamer#paranamer;2.8 in central
[2024-05-21T15:21:46.812+0000] {spark_submit.py:571} INFO - found org.scala-lang#scala-reflect;2.12.11 in central
[2024-05-21T15:21:46.834+0000] {spark_submit.py:571} INFO - :: resolution report :: resolve 339ms :: artifacts dl 13ms
[2024-05-21T15:21:46.834+0000] {spark_submit.py:571} INFO - :: modules in use:
[2024-05-21T15:21:46.835+0000] {spark_submit.py:571} INFO - com.datastax.oss#java-driver-core-shaded;4.13.0 from central in [default]
[2024-05-21T15:21:46.835+0000] {spark_submit.py:571} INFO - com.datastax.oss#java-driver-mapper-runtime;4.13.0 from central in [default]
[2024-05-21T15:21:46.835+0000] {spark_submit.py:571} INFO - com.datastax.oss#java-driver-query-builder;4.13.0 from central in [default]
[2024-05-21T15:21:46.836+0000] {spark_submit.py:571} INFO - com.datastax.oss#java-driver-shaded-guava;25.1-jre-graal-sub-1 from central in [default]
[2024-05-21T15:21:46.836+0000] {spark_submit.py:571} INFO - com.datastax.oss#native-protocol;1.5.0 from central in [default]
[2024-05-21T15:21:46.836+0000] {spark_submit.py:571} INFO - com.datastax.spark#spark-cassandra-connector-driver_2.12;3.5.0 from central in [default]
[2024-05-21T15:21:46.837+0000] {spark_submit.py:571} INFO - com.datastax.spark#spark-cassandra-connector_2.12;3.5.0 from central in [default]
[2024-05-21T15:21:46.837+0000] {spark_submit.py:571} INFO - com.github.spotbugs#spotbugs-annotations;3.1.12 from central in [default]
[2024-05-21T15:21:46.837+0000] {spark_submit.py:571} INFO - com.github.stephenc.jcip#jcip-annotations;1.0-1 from central in [default]
[2024-05-21T15:21:46.838+0000] {spark_submit.py:571} INFO - com.google.code.findbugs#jsr305;3.0.2 from central in [default]
[2024-05-21T15:21:46.838+0000] {spark_submit.py:571} INFO - com.thoughtworks.paranamer#paranamer;2.8 from central in [default]
[2024-05-21T15:21:46.838+0000] {spark_submit.py:571} INFO - com.typesafe#config;1.4.1 from central in [default]
[2024-05-21T15:21:46.839+0000] {spark_submit.py:571} INFO - commons-logging#commons-logging;1.1.3 from central in [default]
[2024-05-21T15:21:46.839+0000] {spark_submit.py:571} INFO - io.dropwizard.metrics#metrics-core;4.1.18 from central in [default]
[2024-05-21T15:21:46.839+0000] {spark_submit.py:571} INFO - org.apache.commons#commons-lang3;3.10 from central in [default]
[2024-05-21T15:21:46.840+0000] {spark_submit.py:571} INFO - org.apache.commons#commons-pool2;2.11.1 from central in [default]
[2024-05-21T15:21:46.840+0000] {spark_submit.py:571} INFO - org.apache.hadoop#hadoop-client-api;3.3.4 from central in [default]
[2024-05-21T15:21:46.840+0000] {spark_submit.py:571} INFO - org.apache.hadoop#hadoop-client-runtime;3.3.4 from central in [default]
[2024-05-21T15:21:46.840+0000] {spark_submit.py:571} INFO - org.apache.kafka#kafka-clients;3.4.1 from central in [default]
[2024-05-21T15:21:46.841+0000] {spark_submit.py:571} INFO - org.apache.spark#spark-sql-kafka-0-10_2.12;3.5.0 from central in [default]
[2024-05-21T15:21:46.841+0000] {spark_submit.py:571} INFO - org.apache.spark#spark-token-provider-kafka-0-10_2.12;3.5.0 from central in [default]
[2024-05-21T15:21:46.841+0000] {spark_submit.py:571} INFO - org.hdrhistogram#HdrHistogram;2.1.12 from central in [default]
[2024-05-21T15:21:46.841+0000] {spark_submit.py:571} INFO - org.lz4#lz4-java;1.8.0 from central in [default]
[2024-05-21T15:21:46.842+0000] {spark_submit.py:571} INFO - org.reactivestreams#reactive-streams;1.0.3 from central in [default]
[2024-05-21T15:21:46.842+0000] {spark_submit.py:571} INFO - org.scala-lang#scala-reflect;2.12.11 from central in [default]
[2024-05-21T15:21:46.842+0000] {spark_submit.py:571} INFO - org.scala-lang.modules#scala-collection-compat_2.12;2.11.0 from central in [default]
[2024-05-21T15:21:46.842+0000] {spark_submit.py:571} INFO - org.slf4j#slf4j-api;2.0.7 from central in [default]
[2024-05-21T15:21:46.842+0000] {spark_submit.py:571} INFO - org.xerial.snappy#snappy-java;1.1.10.3 from central in [default]
[2024-05-21T15:21:46.843+0000] {spark_submit.py:571} INFO - :: evicted modules:
[2024-05-21T15:21:46.843+0000] {spark_submit.py:571} INFO - com.google.code.findbugs#jsr305;3.0.0 by [com.google.code.findbugs#jsr305;3.0.2] in [default]
[2024-05-21T15:21:46.843+0000] {spark_submit.py:571} INFO - org.slf4j#slf4j-api;1.7.26 by [org.slf4j#slf4j-api;2.0.7] in [default]
[2024-05-21T15:21:46.844+0000] {spark_submit.py:571} INFO - ---------------------------------------------------------------------
[2024-05-21T15:21:46.844+0000] {spark_submit.py:571} INFO - |                  |            modules            ||   artifacts   |
[2024-05-21T15:21:46.844+0000] {spark_submit.py:571} INFO - |       conf       | number| search|dwnlded|evicted|| number|dwnlded|
[2024-05-21T15:21:46.845+0000] {spark_submit.py:571} INFO - ---------------------------------------------------------------------
[2024-05-21T15:21:46.845+0000] {spark_submit.py:571} INFO - |      default     |   30  |   0   |   0   |   2   ||   28  |   0   |
[2024-05-21T15:21:46.845+0000] {spark_submit.py:571} INFO - ---------------------------------------------------------------------
[2024-05-21T15:21:46.845+0000] {spark_submit.py:571} INFO - :: retrieving :: org.apache.spark#spark-submit-parent-4e7dabac-d779-4e88-82b9-1e89fc730024
[2024-05-21T15:21:46.845+0000] {spark_submit.py:571} INFO - confs: [default]
[2024-05-21T15:21:46.851+0000] {spark_submit.py:571} INFO - 0 artifacts copied, 28 already retrieved (0kB/7ms)
[2024-05-21T15:21:46.948+0000] {spark_submit.py:571} INFO - 24/05/21 15:21:46 WARN NativeCodeLoader: Unable to load native-hadoop library for your platform... using builtin-java classes where applicable
[2024-05-21T15:21:47.904+0000] {spark_submit.py:571} INFO - **** START SPARK JOB ****
[2024-05-21T15:21:47.948+0000] {spark_submit.py:571} INFO - 24/05/21 15:21:47 INFO SparkContext: Running Spark version 3.5.0
[2024-05-21T15:21:47.948+0000] {spark_submit.py:571} INFO - 24/05/21 15:21:47 INFO SparkContext: OS info Linux, 5.15.146.1-microsoft-standard-WSL2, amd64
[2024-05-21T15:21:47.949+0000] {spark_submit.py:571} INFO - 24/05/21 15:21:47 INFO SparkContext: Java version 17.0.11
[2024-05-21T15:21:47.959+0000] {spark_submit.py:571} INFO - 24/05/21 15:21:47 INFO ResourceUtils: ==============================================================
[2024-05-21T15:21:47.959+0000] {spark_submit.py:571} INFO - 24/05/21 15:21:47 INFO ResourceUtils: No custom resources configured for spark.driver.
[2024-05-21T15:21:47.959+0000] {spark_submit.py:571} INFO - 24/05/21 15:21:47 INFO ResourceUtils: ==============================================================
[2024-05-21T15:21:47.960+0000] {spark_submit.py:571} INFO - 24/05/21 15:21:47 INFO SparkContext: Submitted application: KafkaToCassandraProcessing
[2024-05-21T15:21:47.969+0000] {spark_submit.py:571} INFO - 24/05/21 15:21:47 INFO ResourceProfile: Default ResourceProfile created, executor resources: Map(memory -> name: memory, amount: 1024, script: , vendor: , offHeap -> name: offHeap, amount: 0, script: , vendor: ), task resources: Map(cpus -> name: cpus, amount: 1.0)
[2024-05-21T15:21:47.973+0000] {spark_submit.py:571} INFO - 24/05/21 15:21:47 INFO ResourceProfile: Limiting resource is cpu
[2024-05-21T15:21:47.973+0000] {spark_submit.py:571} INFO - 24/05/21 15:21:47 INFO ResourceProfileManager: Added ResourceProfile id: 0
[2024-05-21T15:21:47.996+0000] {spark_submit.py:571} INFO - 24/05/21 15:21:47 INFO SecurityManager: Changing view acls to: ***
[2024-05-21T15:21:47.997+0000] {spark_submit.py:571} INFO - 24/05/21 15:21:47 INFO SecurityManager: Changing modify acls to: ***
[2024-05-21T15:21:47.997+0000] {spark_submit.py:571} INFO - 24/05/21 15:21:47 INFO SecurityManager: Changing view acls groups to:
[2024-05-21T15:21:47.997+0000] {spark_submit.py:571} INFO - 24/05/21 15:21:47 INFO SecurityManager: Changing modify acls groups to:
[2024-05-21T15:21:47.998+0000] {spark_submit.py:571} INFO - 24/05/21 15:21:47 INFO SecurityManager: SecurityManager: authentication disabled; ui acls disabled; users with view permissions: ***; groups with view permissions: EMPTY; users with modify permissions: ***; groups with modify permissions: EMPTY
[2024-05-21T15:21:48.107+0000] {spark_submit.py:571} INFO - 24/05/21 15:21:48 INFO Utils: Successfully started service 'sparkDriver' on port 34993.
[2024-05-21T15:21:48.119+0000] {spark_submit.py:571} INFO - 24/05/21 15:21:48 INFO SparkEnv: Registering MapOutputTracker
[2024-05-21T15:21:48.136+0000] {spark_submit.py:571} INFO - 24/05/21 15:21:48 INFO SparkEnv: Registering BlockManagerMaster
[2024-05-21T15:21:48.144+0000] {spark_submit.py:571} INFO - 24/05/21 15:21:48 INFO BlockManagerMasterEndpoint: Using org.apache.spark.storage.DefaultTopologyMapper for getting topology information
[2024-05-21T15:21:48.144+0000] {spark_submit.py:571} INFO - 24/05/21 15:21:48 INFO BlockManagerMasterEndpoint: BlockManagerMasterEndpoint up
[2024-05-21T15:21:48.146+0000] {spark_submit.py:571} INFO - 24/05/21 15:21:48 INFO SparkEnv: Registering BlockManagerMasterHeartbeat
[2024-05-21T15:21:48.156+0000] {spark_submit.py:571} INFO - 24/05/21 15:21:48 INFO DiskBlockManager: Created local directory at /tmp/blockmgr-b9040723-fa44-4df8-a7e6-3bc6edb33ae8
[2024-05-21T15:21:48.164+0000] {spark_submit.py:571} INFO - 24/05/21 15:21:48 INFO MemoryStore: MemoryStore started with capacity 434.4 MiB
[2024-05-21T15:21:48.172+0000] {spark_submit.py:571} INFO - 24/05/21 15:21:48 INFO SparkEnv: Registering OutputCommitCoordinator
[2024-05-21T15:21:48.231+0000] {spark_submit.py:571} INFO - 24/05/21 15:21:48 INFO JettyUtils: Start Jetty 0.0.0.0:4040 for SparkUI
[2024-05-21T15:21:48.260+0000] {spark_submit.py:571} INFO - 24/05/21 15:21:48 INFO Utils: Successfully started service 'SparkUI' on port 4040.
[2024-05-21T15:21:48.279+0000] {spark_submit.py:571} INFO - 24/05/21 15:21:48 INFO SparkContext: Added JAR file:///home/***/.ivy2/jars/org.apache.spark_spark-sql-kafka-0-10_2.12-3.5.0.jar at spark://05882356329d:34993/jars/org.apache.spark_spark-sql-kafka-0-10_2.12-3.5.0.jar with timestamp 1716304907945
[2024-05-21T15:21:48.280+0000] {spark_submit.py:571} INFO - 24/05/21 15:21:48 INFO SparkContext: Added JAR file:///home/***/.ivy2/jars/com.datastax.spark_spark-cassandra-connector_2.12-3.5.0.jar at spark://05882356329d:34993/jars/com.datastax.spark_spark-cassandra-connector_2.12-3.5.0.jar with timestamp 1716304907945
[2024-05-21T15:21:48.280+0000] {spark_submit.py:571} INFO - 24/05/21 15:21:48 INFO SparkContext: Added JAR file:///home/***/.ivy2/jars/org.apache.spark_spark-token-provider-kafka-0-10_2.12-3.5.0.jar at spark://05882356329d:34993/jars/org.apache.spark_spark-token-provider-kafka-0-10_2.12-3.5.0.jar with timestamp 1716304907945
[2024-05-21T15:21:48.280+0000] {spark_submit.py:571} INFO - 24/05/21 15:21:48 INFO SparkContext: Added JAR file:///home/***/.ivy2/jars/org.apache.kafka_kafka-clients-3.4.1.jar at spark://05882356329d:34993/jars/org.apache.kafka_kafka-clients-3.4.1.jar with timestamp 1716304907945
[2024-05-21T15:21:48.280+0000] {spark_submit.py:571} INFO - 24/05/21 15:21:48 INFO SparkContext: Added JAR file:///home/***/.ivy2/jars/org.apache.commons_commons-pool2-2.11.1.jar at spark://05882356329d:34993/jars/org.apache.commons_commons-pool2-2.11.1.jar with timestamp 1716304907945
[2024-05-21T15:21:48.281+0000] {spark_submit.py:571} INFO - 24/05/21 15:21:48 INFO SparkContext: Added JAR file:///home/***/.ivy2/jars/org.apache.hadoop_hadoop-client-runtime-3.3.4.jar at spark://05882356329d:34993/jars/org.apache.hadoop_hadoop-client-runtime-3.3.4.jar with timestamp 1716304907945
[2024-05-21T15:21:48.281+0000] {spark_submit.py:571} INFO - 24/05/21 15:21:48 INFO SparkContext: Added JAR file:///home/***/.ivy2/jars/org.lz4_lz4-java-1.8.0.jar at spark://05882356329d:34993/jars/org.lz4_lz4-java-1.8.0.jar with timestamp 1716304907945
[2024-05-21T15:21:48.281+0000] {spark_submit.py:571} INFO - 24/05/21 15:21:48 INFO SparkContext: Added JAR file:///home/***/.ivy2/jars/org.xerial.snappy_snappy-java-1.1.10.3.jar at spark://05882356329d:34993/jars/org.xerial.snappy_snappy-java-1.1.10.3.jar with timestamp 1716304907945
[2024-05-21T15:21:48.281+0000] {spark_submit.py:571} INFO - 24/05/21 15:21:48 INFO SparkContext: Added JAR file:///home/***/.ivy2/jars/org.slf4j_slf4j-api-2.0.7.jar at spark://05882356329d:34993/jars/org.slf4j_slf4j-api-2.0.7.jar with timestamp 1716304907945
[2024-05-21T15:21:48.281+0000] {spark_submit.py:571} INFO - 24/05/21 15:21:48 INFO SparkContext: Added JAR file:///home/***/.ivy2/jars/org.apache.hadoop_hadoop-client-api-3.3.4.jar at spark://05882356329d:34993/jars/org.apache.hadoop_hadoop-client-api-3.3.4.jar with timestamp 1716304907945
[2024-05-21T15:21:48.282+0000] {spark_submit.py:571} INFO - 24/05/21 15:21:48 INFO SparkContext: Added JAR file:///home/***/.ivy2/jars/commons-logging_commons-logging-1.1.3.jar at spark://05882356329d:34993/jars/commons-logging_commons-logging-1.1.3.jar with timestamp 1716304907945
[2024-05-21T15:21:48.282+0000] {spark_submit.py:571} INFO - 24/05/21 15:21:48 INFO SparkContext: Added JAR file:///home/***/.ivy2/jars/com.datastax.spark_spark-cassandra-connector-driver_2.12-3.5.0.jar at spark://05882356329d:34993/jars/com.datastax.spark_spark-cassandra-connector-driver_2.12-3.5.0.jar with timestamp 1716304907945
[2024-05-21T15:21:48.282+0000] {spark_submit.py:571} INFO - 24/05/21 15:21:48 INFO SparkContext: Added JAR file:///home/***/.ivy2/jars/org.scala-lang.modules_scala-collection-compat_2.12-2.11.0.jar at spark://05882356329d:34993/jars/org.scala-lang.modules_scala-collection-compat_2.12-2.11.0.jar with timestamp 1716304907945
[2024-05-21T15:21:48.282+0000] {spark_submit.py:571} INFO - 24/05/21 15:21:48 INFO SparkContext: Added JAR file:///home/***/.ivy2/jars/com.datastax.oss_java-driver-core-shaded-4.13.0.jar at spark://05882356329d:34993/jars/com.datastax.oss_java-driver-core-shaded-4.13.0.jar with timestamp 1716304907945
[2024-05-21T15:21:48.282+0000] {spark_submit.py:571} INFO - 24/05/21 15:21:48 INFO SparkContext: Added JAR file:///home/***/.ivy2/jars/com.datastax.oss_java-driver-mapper-runtime-4.13.0.jar at spark://05882356329d:34993/jars/com.datastax.oss_java-driver-mapper-runtime-4.13.0.jar with timestamp 1716304907945
[2024-05-21T15:21:48.282+0000] {spark_submit.py:571} INFO - 24/05/21 15:21:48 INFO SparkContext: Added JAR file:///home/***/.ivy2/jars/org.apache.commons_commons-lang3-3.10.jar at spark://05882356329d:34993/jars/org.apache.commons_commons-lang3-3.10.jar with timestamp 1716304907945
[2024-05-21T15:21:48.282+0000] {spark_submit.py:571} INFO - 24/05/21 15:21:48 INFO SparkContext: Added JAR file:///home/***/.ivy2/jars/com.thoughtworks.paranamer_paranamer-2.8.jar at spark://05882356329d:34993/jars/com.thoughtworks.paranamer_paranamer-2.8.jar with timestamp 1716304907945
[2024-05-21T15:21:48.283+0000] {spark_submit.py:571} INFO - 24/05/21 15:21:48 INFO SparkContext: Added JAR file:///home/***/.ivy2/jars/org.scala-lang_scala-reflect-2.12.11.jar at spark://05882356329d:34993/jars/org.scala-lang_scala-reflect-2.12.11.jar with timestamp 1716304907945
[2024-05-21T15:21:48.283+0000] {spark_submit.py:571} INFO - 24/05/21 15:21:48 INFO SparkContext: Added JAR file:///home/***/.ivy2/jars/com.datastax.oss_native-protocol-1.5.0.jar at spark://05882356329d:34993/jars/com.datastax.oss_native-protocol-1.5.0.jar with timestamp 1716304907945
[2024-05-21T15:21:48.283+0000] {spark_submit.py:571} INFO - 24/05/21 15:21:48 INFO SparkContext: Added JAR file:///home/***/.ivy2/jars/com.datastax.oss_java-driver-shaded-guava-25.1-jre-graal-sub-1.jar at spark://05882356329d:34993/jars/com.datastax.oss_java-driver-shaded-guava-25.1-jre-graal-sub-1.jar with timestamp 1716304907945
[2024-05-21T15:21:48.283+0000] {spark_submit.py:571} INFO - 24/05/21 15:21:48 INFO SparkContext: Added JAR file:///home/***/.ivy2/jars/com.typesafe_config-1.4.1.jar at spark://05882356329d:34993/jars/com.typesafe_config-1.4.1.jar with timestamp 1716304907945
[2024-05-21T15:21:48.283+0000] {spark_submit.py:571} INFO - 24/05/21 15:21:48 INFO SparkContext: Added JAR file:///home/***/.ivy2/jars/io.dropwizard.metrics_metrics-core-4.1.18.jar at spark://05882356329d:34993/jars/io.dropwizard.metrics_metrics-core-4.1.18.jar with timestamp 1716304907945
[2024-05-21T15:21:48.283+0000] {spark_submit.py:571} INFO - 24/05/21 15:21:48 INFO SparkContext: Added JAR file:///home/***/.ivy2/jars/org.hdrhistogram_HdrHistogram-2.1.12.jar at spark://05882356329d:34993/jars/org.hdrhistogram_HdrHistogram-2.1.12.jar with timestamp 1716304907945
[2024-05-21T15:21:48.283+0000] {spark_submit.py:571} INFO - 24/05/21 15:21:48 INFO SparkContext: Added JAR file:///home/***/.ivy2/jars/org.reactivestreams_reactive-streams-1.0.3.jar at spark://05882356329d:34993/jars/org.reactivestreams_reactive-streams-1.0.3.jar with timestamp 1716304907945
[2024-05-21T15:21:48.283+0000] {spark_submit.py:571} INFO - 24/05/21 15:21:48 INFO SparkContext: Added JAR file:///home/***/.ivy2/jars/com.github.stephenc.jcip_jcip-annotations-1.0-1.jar at spark://05882356329d:34993/jars/com.github.stephenc.jcip_jcip-annotations-1.0-1.jar with timestamp 1716304907945
[2024-05-21T15:21:48.284+0000] {spark_submit.py:571} INFO - 24/05/21 15:21:48 INFO SparkContext: Added JAR file:///home/***/.ivy2/jars/com.github.spotbugs_spotbugs-annotations-3.1.12.jar at spark://05882356329d:34993/jars/com.github.spotbugs_spotbugs-annotations-3.1.12.jar with timestamp 1716304907945
[2024-05-21T15:21:48.284+0000] {spark_submit.py:571} INFO - 24/05/21 15:21:48 INFO SparkContext: Added JAR file:///home/***/.ivy2/jars/com.google.code.findbugs_jsr305-3.0.2.jar at spark://05882356329d:34993/jars/com.google.code.findbugs_jsr305-3.0.2.jar with timestamp 1716304907945
[2024-05-21T15:21:48.284+0000] {spark_submit.py:571} INFO - 24/05/21 15:21:48 INFO SparkContext: Added JAR file:///home/***/.ivy2/jars/com.datastax.oss_java-driver-query-builder-4.13.0.jar at spark://05882356329d:34993/jars/com.datastax.oss_java-driver-query-builder-4.13.0.jar with timestamp 1716304907945
[2024-05-21T15:21:48.284+0000] {spark_submit.py:571} INFO - 24/05/21 15:21:48 INFO SparkContext: Added file file:///home/***/.ivy2/jars/org.apache.spark_spark-sql-kafka-0-10_2.12-3.5.0.jar at spark://05882356329d:34993/files/org.apache.spark_spark-sql-kafka-0-10_2.12-3.5.0.jar with timestamp 1716304907945
[2024-05-21T15:21:48.284+0000] {spark_submit.py:571} INFO - 24/05/21 15:21:48 INFO Utils: Copying /home/***/.ivy2/jars/org.apache.spark_spark-sql-kafka-0-10_2.12-3.5.0.jar to /tmp/spark-231d0c84-037a-4eb5-8979-7c7549990d23/userFiles-2b0cd108-449c-4f46-9498-8031bfa4b1c1/org.apache.spark_spark-sql-kafka-0-10_2.12-3.5.0.jar
[2024-05-21T15:21:48.288+0000] {spark_submit.py:571} INFO - 24/05/21 15:21:48 INFO SparkContext: Added file file:///home/***/.ivy2/jars/com.datastax.spark_spark-cassandra-connector_2.12-3.5.0.jar at spark://05882356329d:34993/files/com.datastax.spark_spark-cassandra-connector_2.12-3.5.0.jar with timestamp 1716304907945
[2024-05-21T15:21:48.288+0000] {spark_submit.py:571} INFO - 24/05/21 15:21:48 INFO Utils: Copying /home/***/.ivy2/jars/com.datastax.spark_spark-cassandra-connector_2.12-3.5.0.jar to /tmp/spark-231d0c84-037a-4eb5-8979-7c7549990d23/userFiles-2b0cd108-449c-4f46-9498-8031bfa4b1c1/com.datastax.spark_spark-cassandra-connector_2.12-3.5.0.jar
[2024-05-21T15:21:48.291+0000] {spark_submit.py:571} INFO - 24/05/21 15:21:48 INFO SparkContext: Added file file:///home/***/.ivy2/jars/org.apache.spark_spark-token-provider-kafka-0-10_2.12-3.5.0.jar at spark://05882356329d:34993/files/org.apache.spark_spark-token-provider-kafka-0-10_2.12-3.5.0.jar with timestamp 1716304907945
[2024-05-21T15:21:48.291+0000] {spark_submit.py:571} INFO - 24/05/21 15:21:48 INFO Utils: Copying /home/***/.ivy2/jars/org.apache.spark_spark-token-provider-kafka-0-10_2.12-3.5.0.jar to /tmp/spark-231d0c84-037a-4eb5-8979-7c7549990d23/userFiles-2b0cd108-449c-4f46-9498-8031bfa4b1c1/org.apache.spark_spark-token-provider-kafka-0-10_2.12-3.5.0.jar
[2024-05-21T15:21:48.293+0000] {spark_submit.py:571} INFO - 24/05/21 15:21:48 INFO SparkContext: Added file file:///home/***/.ivy2/jars/org.apache.kafka_kafka-clients-3.4.1.jar at spark://05882356329d:34993/files/org.apache.kafka_kafka-clients-3.4.1.jar with timestamp 1716304907945
[2024-05-21T15:21:48.293+0000] {spark_submit.py:571} INFO - 24/05/21 15:21:48 INFO Utils: Copying /home/***/.ivy2/jars/org.apache.kafka_kafka-clients-3.4.1.jar to /tmp/spark-231d0c84-037a-4eb5-8979-7c7549990d23/userFiles-2b0cd108-449c-4f46-9498-8031bfa4b1c1/org.apache.kafka_kafka-clients-3.4.1.jar
[2024-05-21T15:21:48.297+0000] {spark_submit.py:571} INFO - 24/05/21 15:21:48 INFO SparkContext: Added file file:///home/***/.ivy2/jars/org.apache.commons_commons-pool2-2.11.1.jar at spark://05882356329d:34993/files/org.apache.commons_commons-pool2-2.11.1.jar with timestamp 1716304907945
[2024-05-21T15:21:48.299+0000] {spark_submit.py:571} INFO - 24/05/21 15:21:48 INFO Utils: Copying /home/***/.ivy2/jars/org.apache.commons_commons-pool2-2.11.1.jar to /tmp/spark-231d0c84-037a-4eb5-8979-7c7549990d23/userFiles-2b0cd108-449c-4f46-9498-8031bfa4b1c1/org.apache.commons_commons-pool2-2.11.1.jar
[2024-05-21T15:21:48.301+0000] {spark_submit.py:571} INFO - 24/05/21 15:21:48 INFO SparkContext: Added file file:///home/***/.ivy2/jars/org.apache.hadoop_hadoop-client-runtime-3.3.4.jar at spark://05882356329d:34993/files/org.apache.hadoop_hadoop-client-runtime-3.3.4.jar with timestamp 1716304907945
[2024-05-21T15:21:48.301+0000] {spark_submit.py:571} INFO - 24/05/21 15:21:48 INFO Utils: Copying /home/***/.ivy2/jars/org.apache.hadoop_hadoop-client-runtime-3.3.4.jar to /tmp/spark-231d0c84-037a-4eb5-8979-7c7549990d23/userFiles-2b0cd108-449c-4f46-9498-8031bfa4b1c1/org.apache.hadoop_hadoop-client-runtime-3.3.4.jar
[2024-05-21T15:21:48.322+0000] {spark_submit.py:571} INFO - 24/05/21 15:21:48 INFO SparkContext: Added file file:///home/***/.ivy2/jars/org.lz4_lz4-java-1.8.0.jar at spark://05882356329d:34993/files/org.lz4_lz4-java-1.8.0.jar with timestamp 1716304907945
[2024-05-21T15:21:48.323+0000] {spark_submit.py:571} INFO - 24/05/21 15:21:48 INFO Utils: Copying /home/***/.ivy2/jars/org.lz4_lz4-java-1.8.0.jar to /tmp/spark-231d0c84-037a-4eb5-8979-7c7549990d23/userFiles-2b0cd108-449c-4f46-9498-8031bfa4b1c1/org.lz4_lz4-java-1.8.0.jar
[2024-05-21T15:21:48.325+0000] {spark_submit.py:571} INFO - 24/05/21 15:21:48 INFO SparkContext: Added file file:///home/***/.ivy2/jars/org.xerial.snappy_snappy-java-1.1.10.3.jar at spark://05882356329d:34993/files/org.xerial.snappy_snappy-java-1.1.10.3.jar with timestamp 1716304907945
[2024-05-21T15:21:48.326+0000] {spark_submit.py:571} INFO - 24/05/21 15:21:48 INFO Utils: Copying /home/***/.ivy2/jars/org.xerial.snappy_snappy-java-1.1.10.3.jar to /tmp/spark-231d0c84-037a-4eb5-8979-7c7549990d23/userFiles-2b0cd108-449c-4f46-9498-8031bfa4b1c1/org.xerial.snappy_snappy-java-1.1.10.3.jar
[2024-05-21T15:21:48.329+0000] {spark_submit.py:571} INFO - 24/05/21 15:21:48 INFO SparkContext: Added file file:///home/***/.ivy2/jars/org.slf4j_slf4j-api-2.0.7.jar at spark://05882356329d:34993/files/org.slf4j_slf4j-api-2.0.7.jar with timestamp 1716304907945
[2024-05-21T15:21:48.329+0000] {spark_submit.py:571} INFO - 24/05/21 15:21:48 INFO Utils: Copying /home/***/.ivy2/jars/org.slf4j_slf4j-api-2.0.7.jar to /tmp/spark-231d0c84-037a-4eb5-8979-7c7549990d23/userFiles-2b0cd108-449c-4f46-9498-8031bfa4b1c1/org.slf4j_slf4j-api-2.0.7.jar
[2024-05-21T15:21:48.332+0000] {spark_submit.py:571} INFO - 24/05/21 15:21:48 INFO SparkContext: Added file file:///home/***/.ivy2/jars/org.apache.hadoop_hadoop-client-api-3.3.4.jar at spark://05882356329d:34993/files/org.apache.hadoop_hadoop-client-api-3.3.4.jar with timestamp 1716304907945
[2024-05-21T15:21:48.333+0000] {spark_submit.py:571} INFO - 24/05/21 15:21:48 INFO Utils: Copying /home/***/.ivy2/jars/org.apache.hadoop_hadoop-client-api-3.3.4.jar to /tmp/spark-231d0c84-037a-4eb5-8979-7c7549990d23/userFiles-2b0cd108-449c-4f46-9498-8031bfa4b1c1/org.apache.hadoop_hadoop-client-api-3.3.4.jar
[2024-05-21T15:21:48.344+0000] {spark_submit.py:571} INFO - 24/05/21 15:21:48 INFO SparkContext: Added file file:///home/***/.ivy2/jars/commons-logging_commons-logging-1.1.3.jar at spark://05882356329d:34993/files/commons-logging_commons-logging-1.1.3.jar with timestamp 1716304907945
[2024-05-21T15:21:48.344+0000] {spark_submit.py:571} INFO - 24/05/21 15:21:48 INFO Utils: Copying /home/***/.ivy2/jars/commons-logging_commons-logging-1.1.3.jar to /tmp/spark-231d0c84-037a-4eb5-8979-7c7549990d23/userFiles-2b0cd108-449c-4f46-9498-8031bfa4b1c1/commons-logging_commons-logging-1.1.3.jar
[2024-05-21T15:21:48.346+0000] {spark_submit.py:571} INFO - 24/05/21 15:21:48 INFO SparkContext: Added file file:///home/***/.ivy2/jars/com.datastax.spark_spark-cassandra-connector-driver_2.12-3.5.0.jar at spark://05882356329d:34993/files/com.datastax.spark_spark-cassandra-connector-driver_2.12-3.5.0.jar with timestamp 1716304907945
[2024-05-21T15:21:48.346+0000] {spark_submit.py:571} INFO - 24/05/21 15:21:48 INFO Utils: Copying /home/***/.ivy2/jars/com.datastax.spark_spark-cassandra-connector-driver_2.12-3.5.0.jar to /tmp/spark-231d0c84-037a-4eb5-8979-7c7549990d23/userFiles-2b0cd108-449c-4f46-9498-8031bfa4b1c1/com.datastax.spark_spark-cassandra-connector-driver_2.12-3.5.0.jar
[2024-05-21T15:21:48.348+0000] {spark_submit.py:571} INFO - 24/05/21 15:21:48 INFO SparkContext: Added file file:///home/***/.ivy2/jars/org.scala-lang.modules_scala-collection-compat_2.12-2.11.0.jar at spark://05882356329d:34993/files/org.scala-lang.modules_scala-collection-compat_2.12-2.11.0.jar with timestamp 1716304907945
[2024-05-21T15:21:48.349+0000] {spark_submit.py:571} INFO - 24/05/21 15:21:48 INFO Utils: Copying /home/***/.ivy2/jars/org.scala-lang.modules_scala-collection-compat_2.12-2.11.0.jar to /tmp/spark-231d0c84-037a-4eb5-8979-7c7549990d23/userFiles-2b0cd108-449c-4f46-9498-8031bfa4b1c1/org.scala-lang.modules_scala-collection-compat_2.12-2.11.0.jar
[2024-05-21T15:21:48.350+0000] {spark_submit.py:571} INFO - 24/05/21 15:21:48 INFO SparkContext: Added file file:///home/***/.ivy2/jars/com.datastax.oss_java-driver-core-shaded-4.13.0.jar at spark://05882356329d:34993/files/com.datastax.oss_java-driver-core-shaded-4.13.0.jar with timestamp 1716304907945
[2024-05-21T15:21:48.351+0000] {spark_submit.py:571} INFO - 24/05/21 15:21:48 INFO Utils: Copying /home/***/.ivy2/jars/com.datastax.oss_java-driver-core-shaded-4.13.0.jar to /tmp/spark-231d0c84-037a-4eb5-8979-7c7549990d23/userFiles-2b0cd108-449c-4f46-9498-8031bfa4b1c1/com.datastax.oss_java-driver-core-shaded-4.13.0.jar
[2024-05-21T15:21:48.355+0000] {spark_submit.py:571} INFO - 24/05/21 15:21:48 INFO SparkContext: Added file file:///home/***/.ivy2/jars/com.datastax.oss_java-driver-mapper-runtime-4.13.0.jar at spark://05882356329d:34993/files/com.datastax.oss_java-driver-mapper-runtime-4.13.0.jar with timestamp 1716304907945
[2024-05-21T15:21:48.355+0000] {spark_submit.py:571} INFO - 24/05/21 15:21:48 INFO Utils: Copying /home/***/.ivy2/jars/com.datastax.oss_java-driver-mapper-runtime-4.13.0.jar to /tmp/spark-231d0c84-037a-4eb5-8979-7c7549990d23/userFiles-2b0cd108-449c-4f46-9498-8031bfa4b1c1/com.datastax.oss_java-driver-mapper-runtime-4.13.0.jar
[2024-05-21T15:21:48.357+0000] {spark_submit.py:571} INFO - 24/05/21 15:21:48 INFO SparkContext: Added file file:///home/***/.ivy2/jars/org.apache.commons_commons-lang3-3.10.jar at spark://05882356329d:34993/files/org.apache.commons_commons-lang3-3.10.jar with timestamp 1716304907945
[2024-05-21T15:21:48.357+0000] {spark_submit.py:571} INFO - 24/05/21 15:21:48 INFO Utils: Copying /home/***/.ivy2/jars/org.apache.commons_commons-lang3-3.10.jar to /tmp/spark-231d0c84-037a-4eb5-8979-7c7549990d23/userFiles-2b0cd108-449c-4f46-9498-8031bfa4b1c1/org.apache.commons_commons-lang3-3.10.jar
[2024-05-21T15:21:48.359+0000] {spark_submit.py:571} INFO - 24/05/21 15:21:48 INFO SparkContext: Added file file:///home/***/.ivy2/jars/com.thoughtworks.paranamer_paranamer-2.8.jar at spark://05882356329d:34993/files/com.thoughtworks.paranamer_paranamer-2.8.jar with timestamp 1716304907945
[2024-05-21T15:21:48.359+0000] {spark_submit.py:571} INFO - 24/05/21 15:21:48 INFO Utils: Copying /home/***/.ivy2/jars/com.thoughtworks.paranamer_paranamer-2.8.jar to /tmp/spark-231d0c84-037a-4eb5-8979-7c7549990d23/userFiles-2b0cd108-449c-4f46-9498-8031bfa4b1c1/com.thoughtworks.paranamer_paranamer-2.8.jar
[2024-05-21T15:21:48.360+0000] {spark_submit.py:571} INFO - 24/05/21 15:21:48 INFO SparkContext: Added file file:///home/***/.ivy2/jars/org.scala-lang_scala-reflect-2.12.11.jar at spark://05882356329d:34993/files/org.scala-lang_scala-reflect-2.12.11.jar with timestamp 1716304907945
[2024-05-21T15:21:48.361+0000] {spark_submit.py:571} INFO - 24/05/21 15:21:48 INFO Utils: Copying /home/***/.ivy2/jars/org.scala-lang_scala-reflect-2.12.11.jar to /tmp/spark-231d0c84-037a-4eb5-8979-7c7549990d23/userFiles-2b0cd108-449c-4f46-9498-8031bfa4b1c1/org.scala-lang_scala-reflect-2.12.11.jar
[2024-05-21T15:21:48.364+0000] {spark_submit.py:571} INFO - 24/05/21 15:21:48 INFO SparkContext: Added file file:///home/***/.ivy2/jars/com.datastax.oss_native-protocol-1.5.0.jar at spark://05882356329d:34993/files/com.datastax.oss_native-protocol-1.5.0.jar with timestamp 1716304907945
[2024-05-21T15:21:48.364+0000] {spark_submit.py:571} INFO - 24/05/21 15:21:48 INFO Utils: Copying /home/***/.ivy2/jars/com.datastax.oss_native-protocol-1.5.0.jar to /tmp/spark-231d0c84-037a-4eb5-8979-7c7549990d23/userFiles-2b0cd108-449c-4f46-9498-8031bfa4b1c1/com.datastax.oss_native-protocol-1.5.0.jar
[2024-05-21T15:21:48.365+0000] {spark_submit.py:571} INFO - 24/05/21 15:21:48 INFO SparkContext: Added file file:///home/***/.ivy2/jars/com.datastax.oss_java-driver-shaded-guava-25.1-jre-graal-sub-1.jar at spark://05882356329d:34993/files/com.datastax.oss_java-driver-shaded-guava-25.1-jre-graal-sub-1.jar with timestamp 1716304907945
[2024-05-21T15:21:48.366+0000] {spark_submit.py:571} INFO - 24/05/21 15:21:48 INFO Utils: Copying /home/***/.ivy2/jars/com.datastax.oss_java-driver-shaded-guava-25.1-jre-graal-sub-1.jar to /tmp/spark-231d0c84-037a-4eb5-8979-7c7549990d23/userFiles-2b0cd108-449c-4f46-9498-8031bfa4b1c1/com.datastax.oss_java-driver-shaded-guava-25.1-jre-graal-sub-1.jar
[2024-05-21T15:21:48.368+0000] {spark_submit.py:571} INFO - 24/05/21 15:21:48 INFO SparkContext: Added file file:///home/***/.ivy2/jars/com.typesafe_config-1.4.1.jar at spark://05882356329d:34993/files/com.typesafe_config-1.4.1.jar with timestamp 1716304907945
[2024-05-21T15:21:48.369+0000] {spark_submit.py:571} INFO - 24/05/21 15:21:48 INFO Utils: Copying /home/***/.ivy2/jars/com.typesafe_config-1.4.1.jar to /tmp/spark-231d0c84-037a-4eb5-8979-7c7549990d23/userFiles-2b0cd108-449c-4f46-9498-8031bfa4b1c1/com.typesafe_config-1.4.1.jar
[2024-05-21T15:21:48.370+0000] {spark_submit.py:571} INFO - 24/05/21 15:21:48 INFO SparkContext: Added file file:///home/***/.ivy2/jars/io.dropwizard.metrics_metrics-core-4.1.18.jar at spark://05882356329d:34993/files/io.dropwizard.metrics_metrics-core-4.1.18.jar with timestamp 1716304907945
[2024-05-21T15:21:48.370+0000] {spark_submit.py:571} INFO - 24/05/21 15:21:48 INFO Utils: Copying /home/***/.ivy2/jars/io.dropwizard.metrics_metrics-core-4.1.18.jar to /tmp/spark-231d0c84-037a-4eb5-8979-7c7549990d23/userFiles-2b0cd108-449c-4f46-9498-8031bfa4b1c1/io.dropwizard.metrics_metrics-core-4.1.18.jar
[2024-05-21T15:21:48.372+0000] {spark_submit.py:571} INFO - 24/05/21 15:21:48 INFO SparkContext: Added file file:///home/***/.ivy2/jars/org.hdrhistogram_HdrHistogram-2.1.12.jar at spark://05882356329d:34993/files/org.hdrhistogram_HdrHistogram-2.1.12.jar with timestamp 1716304907945
[2024-05-21T15:21:48.372+0000] {spark_submit.py:571} INFO - 24/05/21 15:21:48 INFO Utils: Copying /home/***/.ivy2/jars/org.hdrhistogram_HdrHistogram-2.1.12.jar to /tmp/spark-231d0c84-037a-4eb5-8979-7c7549990d23/userFiles-2b0cd108-449c-4f46-9498-8031bfa4b1c1/org.hdrhistogram_HdrHistogram-2.1.12.jar
[2024-05-21T15:21:48.374+0000] {spark_submit.py:571} INFO - 24/05/21 15:21:48 INFO SparkContext: Added file file:///home/***/.ivy2/jars/org.reactivestreams_reactive-streams-1.0.3.jar at spark://05882356329d:34993/files/org.reactivestreams_reactive-streams-1.0.3.jar with timestamp 1716304907945
[2024-05-21T15:21:48.374+0000] {spark_submit.py:571} INFO - 24/05/21 15:21:48 INFO Utils: Copying /home/***/.ivy2/jars/org.reactivestreams_reactive-streams-1.0.3.jar to /tmp/spark-231d0c84-037a-4eb5-8979-7c7549990d23/userFiles-2b0cd108-449c-4f46-9498-8031bfa4b1c1/org.reactivestreams_reactive-streams-1.0.3.jar
[2024-05-21T15:21:48.376+0000] {spark_submit.py:571} INFO - 24/05/21 15:21:48 INFO SparkContext: Added file file:///home/***/.ivy2/jars/com.github.stephenc.jcip_jcip-annotations-1.0-1.jar at spark://05882356329d:34993/files/com.github.stephenc.jcip_jcip-annotations-1.0-1.jar with timestamp 1716304907945
[2024-05-21T15:21:48.376+0000] {spark_submit.py:571} INFO - 24/05/21 15:21:48 INFO Utils: Copying /home/***/.ivy2/jars/com.github.stephenc.jcip_jcip-annotations-1.0-1.jar to /tmp/spark-231d0c84-037a-4eb5-8979-7c7549990d23/userFiles-2b0cd108-449c-4f46-9498-8031bfa4b1c1/com.github.stephenc.jcip_jcip-annotations-1.0-1.jar
[2024-05-21T15:21:48.378+0000] {spark_submit.py:571} INFO - 24/05/21 15:21:48 INFO SparkContext: Added file file:///home/***/.ivy2/jars/com.github.spotbugs_spotbugs-annotations-3.1.12.jar at spark://05882356329d:34993/files/com.github.spotbugs_spotbugs-annotations-3.1.12.jar with timestamp 1716304907945
[2024-05-21T15:21:48.378+0000] {spark_submit.py:571} INFO - 24/05/21 15:21:48 INFO Utils: Copying /home/***/.ivy2/jars/com.github.spotbugs_spotbugs-annotations-3.1.12.jar to /tmp/spark-231d0c84-037a-4eb5-8979-7c7549990d23/userFiles-2b0cd108-449c-4f46-9498-8031bfa4b1c1/com.github.spotbugs_spotbugs-annotations-3.1.12.jar
[2024-05-21T15:21:48.379+0000] {spark_submit.py:571} INFO - 24/05/21 15:21:48 INFO SparkContext: Added file file:///home/***/.ivy2/jars/com.google.code.findbugs_jsr305-3.0.2.jar at spark://05882356329d:34993/files/com.google.code.findbugs_jsr305-3.0.2.jar with timestamp 1716304907945
[2024-05-21T15:21:48.380+0000] {spark_submit.py:571} INFO - 24/05/21 15:21:48 INFO Utils: Copying /home/***/.ivy2/jars/com.google.code.findbugs_jsr305-3.0.2.jar to /tmp/spark-231d0c84-037a-4eb5-8979-7c7549990d23/userFiles-2b0cd108-449c-4f46-9498-8031bfa4b1c1/com.google.code.findbugs_jsr305-3.0.2.jar
[2024-05-21T15:21:48.381+0000] {spark_submit.py:571} INFO - 24/05/21 15:21:48 INFO SparkContext: Added file file:///home/***/.ivy2/jars/com.datastax.oss_java-driver-query-builder-4.13.0.jar at spark://05882356329d:34993/files/com.datastax.oss_java-driver-query-builder-4.13.0.jar with timestamp 1716304907945
[2024-05-21T15:21:48.381+0000] {spark_submit.py:571} INFO - 24/05/21 15:21:48 INFO Utils: Copying /home/***/.ivy2/jars/com.datastax.oss_java-driver-query-builder-4.13.0.jar to /tmp/spark-231d0c84-037a-4eb5-8979-7c7549990d23/userFiles-2b0cd108-449c-4f46-9498-8031bfa4b1c1/com.datastax.oss_java-driver-query-builder-4.13.0.jar
[2024-05-21T15:21:48.421+0000] {spark_submit.py:571} INFO - 24/05/21 15:21:48 INFO StandaloneAppClient$ClientEndpoint: Connecting to master spark://spark-master:7077...
[2024-05-21T15:21:48.443+0000] {spark_submit.py:571} INFO - 24/05/21 15:21:48 INFO TransportClientFactory: Successfully created connection to spark-master/172.20.0.8:7077 after 11 ms (0 ms spent in bootstraps)
[2024-05-21T15:21:48.488+0000] {spark_submit.py:571} INFO - 24/05/21 15:21:48 INFO StandaloneSchedulerBackend: Connected to Spark cluster with app ID app-20240521152148-0001
[2024-05-21T15:21:48.489+0000] {spark_submit.py:571} INFO - 24/05/21 15:21:48 INFO StandaloneAppClient$ClientEndpoint: Executor added: app-20240521152148-0001/0 on worker-20240521151508-172.20.0.9-46475 (172.20.0.9:46475) with 1 core(s)
[2024-05-21T15:21:48.491+0000] {spark_submit.py:571} INFO - 24/05/21 15:21:48 INFO StandaloneSchedulerBackend: Granted executor ID app-20240521152148-0001/0 on hostPort 172.20.0.9:46475 with 1 core(s), 1024.0 MiB RAM
[2024-05-21T15:21:48.494+0000] {spark_submit.py:571} INFO - 24/05/21 15:21:48 INFO Utils: Successfully started service 'org.apache.spark.network.netty.NettyBlockTransferService' on port 39985.
[2024-05-21T15:21:48.494+0000] {spark_submit.py:571} INFO - 24/05/21 15:21:48 INFO NettyBlockTransferService: Server created on 05882356329d:39985
[2024-05-21T15:21:48.496+0000] {spark_submit.py:571} INFO - 24/05/21 15:21:48 INFO BlockManager: Using org.apache.spark.storage.RandomBlockReplicationPolicy for block replication policy
[2024-05-21T15:21:48.505+0000] {spark_submit.py:571} INFO - 24/05/21 15:21:48 INFO BlockManagerMaster: Registering BlockManager BlockManagerId(driver, 05882356329d, 39985, None)
[2024-05-21T15:21:48.507+0000] {spark_submit.py:571} INFO - 24/05/21 15:21:48 INFO BlockManagerMasterEndpoint: Registering block manager 05882356329d:39985 with 434.4 MiB RAM, BlockManagerId(driver, 05882356329d, 39985, None)
[2024-05-21T15:21:48.509+0000] {spark_submit.py:571} INFO - 24/05/21 15:21:48 INFO BlockManagerMaster: Registered BlockManager BlockManagerId(driver, 05882356329d, 39985, None)
[2024-05-21T15:21:48.509+0000] {spark_submit.py:571} INFO - 24/05/21 15:21:48 INFO BlockManager: Initialized BlockManager: BlockManagerId(driver, 05882356329d, 39985, None)
[2024-05-21T15:21:48.512+0000] {spark_submit.py:571} INFO - 24/05/21 15:21:48 INFO StandaloneAppClient$ClientEndpoint: Executor updated: app-20240521152148-0001/0 is now RUNNING
[2024-05-21T15:21:48.603+0000] {spark_submit.py:571} INFO - 24/05/21 15:21:48 INFO StandaloneSchedulerBackend: SchedulerBackend is ready for scheduling beginning after reached minRegisteredResourcesRatio: 0.0
[2024-05-21T15:21:48.716+0000] {spark_submit.py:571} INFO - Spark connection created successfully.
[2024-05-21T15:21:48.716+0000] {spark_submit.py:571} INFO - Start initializing kafka connection ...
[2024-05-21T15:21:48.719+0000] {spark_submit.py:571} INFO - 24/05/21 15:21:48 INFO SharedState: Setting hive.metastore.warehouse.dir ('null') to the value of spark.sql.warehouse.dir.
[2024-05-21T15:21:48.721+0000] {spark_submit.py:571} INFO - 24/05/21 15:21:48 INFO SharedState: Warehouse path is 'file:/opt/***/spark-warehouse'.
[2024-05-21T15:21:49.400+0000] {spark_submit.py:571} INFO - Kafka connection created successfully.
[2024-05-21T15:21:49.574+0000] {spark_submit.py:571} INFO - 24/05/21 15:21:49 WARN SparkStringUtils: Truncated the string representation of a plan since it was too large. This behavior can be adjusted by setting 'spark.sql.debug.maxToStringFields'.
[2024-05-21T15:21:49.678+0000] {spark_submit.py:571} INFO - 24/05/21 15:21:49 INFO StateStoreCoordinatorRef: Registered StateStoreCoordinator endpoint
[2024-05-21T15:21:49.692+0000] {spark_submit.py:571} INFO - 24/05/21 15:21:49 WARN ResolveWriteToStream: Temporary checkpoint location created which is deleted normally when the query didn't fail: /tmp/temporary-55423163-84c7-4caa-baa3-5e4992c29650. If it's required to delete it under any circumstances, please set spark.sql.streaming.forceDeleteTempCheckpointLocation to true. Important to know deleting temp checkpoint folder is best effort.
[2024-05-21T15:21:49.703+0000] {spark_submit.py:571} INFO - 24/05/21 15:21:49 INFO ResolveWriteToStream: Checkpoint root file:///tmp/temporary-55423163-84c7-4caa-baa3-5e4992c29650 resolved to file:/tmp/temporary-55423163-84c7-4caa-baa3-5e4992c29650.
[2024-05-21T15:21:49.704+0000] {spark_submit.py:571} INFO - 24/05/21 15:21:49 WARN ResolveWriteToStream: spark.sql.adaptive.enabled is not supported in streaming DataFrames/Datasets and will be disabled.
[2024-05-21T15:21:49.742+0000] {spark_submit.py:571} INFO - 24/05/21 15:21:49 INFO CheckpointFileManager: Writing atomically to file:/tmp/temporary-55423163-84c7-4caa-baa3-5e4992c29650/metadata using temp file file:/tmp/temporary-55423163-84c7-4caa-baa3-5e4992c29650/.metadata.e668f3e5-8150-4bab-9cea-f5f728c3735c.tmp
[2024-05-21T15:21:49.765+0000] {spark_submit.py:571} INFO - 24/05/21 15:21:49 INFO StandaloneSchedulerBackend$StandaloneDriverEndpoint: Registered executor NettyRpcEndpointRef(spark-client://Executor) (172.20.0.9:38358) with ID 0,  ResourceProfileId 0
[2024-05-21T15:21:49.790+0000] {spark_submit.py:571} INFO - 24/05/21 15:21:49 INFO CheckpointFileManager: Renamed temp file file:/tmp/temporary-55423163-84c7-4caa-baa3-5e4992c29650/.metadata.e668f3e5-8150-4bab-9cea-f5f728c3735c.tmp to file:/tmp/temporary-55423163-84c7-4caa-baa3-5e4992c29650/metadata
[2024-05-21T15:21:49.809+0000] {spark_submit.py:571} INFO - 24/05/21 15:21:49 INFO MicroBatchExecution: Starting [id = 20511a69-ed92-4759-9e79-c20cae1156de, runId = 24675079-ab69-451a-aa04-02d5d491fd10]. Use file:/tmp/temporary-55423163-84c7-4caa-baa3-5e4992c29650 to store the query checkpoint.
[2024-05-21T15:21:49.810+0000] {spark_submit.py:571} INFO - 24/05/21 15:21:49 INFO BlockManagerMasterEndpoint: Registering block manager 172.20.0.9:41785 with 434.4 MiB RAM, BlockManagerId(0, 172.20.0.9, 41785, None)
[2024-05-21T15:21:49.816+0000] {spark_submit.py:571} INFO - 24/05/21 15:21:49 INFO MicroBatchExecution: Reading table [org.apache.spark.sql.kafka010.KafkaSourceProvider$KafkaTable@55e2dd47] from DataSourceV2 named 'kafka' [org.apache.spark.sql.kafka010.KafkaSourceProvider@5c08c12d]
[2024-05-21T15:21:49.840+0000] {spark_submit.py:571} INFO - 24/05/21 15:21:49 INFO OffsetSeqLog: BatchIds found from listing:
[2024-05-21T15:21:49.841+0000] {spark_submit.py:571} INFO - 24/05/21 15:21:49 INFO OffsetSeqLog: BatchIds found from listing:
[2024-05-21T15:21:49.842+0000] {spark_submit.py:571} INFO - 24/05/21 15:21:49 INFO MicroBatchExecution: Starting new streaming query.
[2024-05-21T15:21:49.843+0000] {spark_submit.py:571} INFO - 24/05/21 15:21:49 INFO MicroBatchExecution: Stream started from {}
[2024-05-21T15:21:49.879+0000] {spark_submit.py:571} INFO - Failed to connect to Cassandra: An error occurred while calling o86.load.
[2024-05-21T15:21:49.880+0000] {spark_submit.py:571} INFO - : java.lang.NullPointerException: null value for keyspace
[2024-05-21T15:21:49.880+0000] {spark_submit.py:571} INFO - at org.apache.spark.SparkConf.set(SparkConf.scala:91)
[2024-05-21T15:21:49.880+0000] {spark_submit.py:571} INFO - at org.apache.spark.SparkConf.set(SparkConf.scala:83)
[2024-05-21T15:21:49.881+0000] {spark_submit.py:571} INFO - at org.apache.spark.SparkConf.$anonfun$setAll$1(SparkConf.scala:172)
[2024-05-21T15:21:49.881+0000] {spark_submit.py:571} INFO - at scala.collection.immutable.Map$Map2.foreach(Map.scala:273)
[2024-05-21T15:21:49.881+0000] {spark_submit.py:571} INFO - at org.apache.spark.SparkConf.setAll(SparkConf.scala:172)
[2024-05-21T15:21:49.882+0000] {spark_submit.py:571} INFO - at com.datastax.spark.connector.datasource.CassandraSourceUtil$.consolidateConfs(CassandraSourceUtil.scala:103)
[2024-05-21T15:21:49.882+0000] {spark_submit.py:571} INFO - at org.apache.spark.sql.cassandra.DefaultSource.getTable(DefaultSource.scala:60)
[2024-05-21T15:21:49.882+0000] {spark_submit.py:571} INFO - at org.apache.spark.sql.cassandra.DefaultSource.inferSchema(DefaultSource.scala:67)
[2024-05-21T15:21:49.883+0000] {spark_submit.py:571} INFO - at org.apache.spark.sql.execution.datasources.v2.DataSourceV2Utils$.getTableFromProvider(DataSourceV2Utils.scala:90)
[2024-05-21T15:21:49.883+0000] {spark_submit.py:571} INFO - at org.apache.spark.sql.execution.datasources.v2.DataSourceV2Utils$.loadV2Source(DataSourceV2Utils.scala:140)
[2024-05-21T15:21:49.883+0000] {spark_submit.py:571} INFO - at org.apache.spark.sql.DataFrameReader.$anonfun$load$1(DataFrameReader.scala:210)
[2024-05-21T15:21:49.884+0000] {spark_submit.py:571} INFO - at scala.Option.flatMap(Option.scala:271)
[2024-05-21T15:21:49.884+0000] {spark_submit.py:571} INFO - at org.apache.spark.sql.DataFrameReader.load(DataFrameReader.scala:208)
[2024-05-21T15:21:49.884+0000] {spark_submit.py:571} INFO - at org.apache.spark.sql.DataFrameReader.load(DataFrameReader.scala:172)
[2024-05-21T15:21:49.885+0000] {spark_submit.py:571} INFO - at java.base/jdk.internal.reflect.NativeMethodAccessorImpl.invoke0(Native Method)
[2024-05-21T15:21:49.885+0000] {spark_submit.py:571} INFO - at java.base/jdk.internal.reflect.NativeMethodAccessorImpl.invoke(NativeMethodAccessorImpl.java:77)
[2024-05-21T15:21:49.885+0000] {spark_submit.py:571} INFO - at java.base/jdk.internal.reflect.DelegatingMethodAccessorImpl.invoke(DelegatingMethodAccessorImpl.java:43)
[2024-05-21T15:21:49.886+0000] {spark_submit.py:571} INFO - at java.base/java.lang.reflect.Method.invoke(Method.java:568)
[2024-05-21T15:21:49.886+0000] {spark_submit.py:571} INFO - at py4j.reflection.MethodInvoker.invoke(MethodInvoker.java:244)
[2024-05-21T15:21:49.886+0000] {spark_submit.py:571} INFO - at py4j.reflection.ReflectionEngine.invoke(ReflectionEngine.java:374)
[2024-05-21T15:21:49.886+0000] {spark_submit.py:571} INFO - at py4j.Gateway.invoke(Gateway.java:282)
[2024-05-21T15:21:49.887+0000] {spark_submit.py:571} INFO - at py4j.commands.AbstractCommand.invokeMethod(AbstractCommand.java:132)
[2024-05-21T15:21:49.887+0000] {spark_submit.py:571} INFO - at py4j.commands.CallCommand.execute(CallCommand.java:79)
[2024-05-21T15:21:49.887+0000] {spark_submit.py:571} INFO - at py4j.ClientServerConnection.waitForCommands(ClientServerConnection.java:182)
[2024-05-21T15:21:49.887+0000] {spark_submit.py:571} INFO - at py4j.ClientServerConnection.run(ClientServerConnection.java:106)
[2024-05-21T15:21:49.888+0000] {spark_submit.py:571} INFO - at java.base/java.lang.Thread.run(Thread.java:840)
[2024-05-21T15:21:49.888+0000] {spark_submit.py:571} INFO - 
[2024-05-21T15:21:49.888+0000] {spark_submit.py:571} INFO - Printing df schema:
[2024-05-21T15:21:49.888+0000] {spark_submit.py:571} INFO - root
[2024-05-21T15:21:49.888+0000] {spark_submit.py:571} INFO - |-- address: string (nullable = true)
[2024-05-21T15:21:49.889+0000] {spark_submit.py:571} INFO - |-- size: double (nullable = true)
[2024-05-21T15:21:49.889+0000] {spark_submit.py:571} INFO - |-- price: double (nullable = true)
[2024-05-21T15:21:49.889+0000] {spark_submit.py:571} INFO - |-- pricebyarea: double (nullable = true)
[2024-05-21T15:21:49.889+0000] {spark_submit.py:571} INFO - |-- rooms: long (nullable = true)
[2024-05-21T15:21:49.890+0000] {spark_submit.py:571} INFO - |-- bathrooms: long (nullable = true)
[2024-05-21T15:21:49.890+0000] {spark_submit.py:571} INFO - |-- floor: string (nullable = true)
[2024-05-21T15:21:49.890+0000] {spark_submit.py:571} INFO - |-- haslift: boolean (nullable = true)
[2024-05-21T15:21:49.890+0000] {spark_submit.py:571} INFO - |-- propertytype: string (nullable = true)
[2024-05-21T15:21:49.891+0000] {spark_submit.py:571} INFO - |-- parkingspace: boolean (nullable = true)
[2024-05-21T15:21:49.891+0000] {spark_submit.py:571} INFO - |-- exterior: boolean (nullable = true)
[2024-05-21T15:21:49.891+0000] {spark_submit.py:571} INFO - |-- latitude: double (nullable = true)
[2024-05-21T15:21:49.891+0000] {spark_submit.py:571} INFO - |-- longitude: double (nullable = true)
[2024-05-21T15:21:49.891+0000] {spark_submit.py:571} INFO - |-- description: string (nullable = true)
[2024-05-21T15:21:49.892+0000] {spark_submit.py:571} INFO - |-- typology: string (nullable = true)
[2024-05-21T15:21:49.892+0000] {spark_submit.py:571} INFO - |-- url: string (nullable = true)
[2024-05-21T15:21:49.892+0000] {spark_submit.py:571} INFO - |-- propertycode: string (nullable = true)
[2024-05-21T15:21:49.893+0000] {spark_submit.py:571} INFO - 
[2024-05-21T15:21:49.999+0000] {spark_submit.py:571} INFO - 24/05/21 15:21:49 INFO AdminClientConfig: AdminClientConfig values:
[2024-05-21T15:21:49.999+0000] {spark_submit.py:571} INFO - auto.include.jmx.reporter = true
[2024-05-21T15:21:49.999+0000] {spark_submit.py:571} INFO - bootstrap.servers = [kafka:9092]
[2024-05-21T15:21:50.000+0000] {spark_submit.py:571} INFO - client.dns.lookup = use_all_dns_ips
[2024-05-21T15:21:50.000+0000] {spark_submit.py:571} INFO - client.id =
[2024-05-21T15:21:50.000+0000] {spark_submit.py:571} INFO - connections.max.idle.ms = 300000
[2024-05-21T15:21:50.000+0000] {spark_submit.py:571} INFO - default.api.timeout.ms = 60000
[2024-05-21T15:21:50.000+0000] {spark_submit.py:571} INFO - metadata.max.age.ms = 300000
[2024-05-21T15:21:50.001+0000] {spark_submit.py:571} INFO - metric.reporters = []
[2024-05-21T15:21:50.001+0000] {spark_submit.py:571} INFO - metrics.num.samples = 2
[2024-05-21T15:21:50.001+0000] {spark_submit.py:571} INFO - metrics.recording.level = INFO
[2024-05-21T15:21:50.002+0000] {spark_submit.py:571} INFO - metrics.sample.window.ms = 30000
[2024-05-21T15:21:50.002+0000] {spark_submit.py:571} INFO - receive.buffer.bytes = 65536
[2024-05-21T15:21:50.002+0000] {spark_submit.py:571} INFO - reconnect.backoff.max.ms = 1000
[2024-05-21T15:21:50.002+0000] {spark_submit.py:571} INFO - reconnect.backoff.ms = 50
[2024-05-21T15:21:50.002+0000] {spark_submit.py:571} INFO - request.timeout.ms = 30000
[2024-05-21T15:21:50.003+0000] {spark_submit.py:571} INFO - retries = 2147483647
[2024-05-21T15:21:50.003+0000] {spark_submit.py:571} INFO - retry.backoff.ms = 100
[2024-05-21T15:21:50.003+0000] {spark_submit.py:571} INFO - sasl.client.callback.handler.class = null
[2024-05-21T15:21:50.003+0000] {spark_submit.py:571} INFO - sasl.jaas.config = null
[2024-05-21T15:21:50.003+0000] {spark_submit.py:571} INFO - sasl.kerberos.kinit.cmd = /usr/bin/kinit
[2024-05-21T15:21:50.004+0000] {spark_submit.py:571} INFO - sasl.kerberos.min.time.before.relogin = 60000
[2024-05-21T15:21:50.004+0000] {spark_submit.py:571} INFO - sasl.kerberos.service.name = null
[2024-05-21T15:21:50.004+0000] {spark_submit.py:571} INFO - sasl.kerberos.ticket.renew.jitter = 0.05
[2024-05-21T15:21:50.004+0000] {spark_submit.py:571} INFO - sasl.kerberos.ticket.renew.window.factor = 0.8
[2024-05-21T15:21:50.004+0000] {spark_submit.py:571} INFO - sasl.login.callback.handler.class = null
[2024-05-21T15:21:50.004+0000] {spark_submit.py:571} INFO - sasl.login.class = null
[2024-05-21T15:21:50.005+0000] {spark_submit.py:571} INFO - sasl.login.connect.timeout.ms = null
[2024-05-21T15:21:50.005+0000] {spark_submit.py:571} INFO - sasl.login.read.timeout.ms = null
[2024-05-21T15:21:50.005+0000] {spark_submit.py:571} INFO - sasl.login.refresh.buffer.seconds = 300
[2024-05-21T15:21:50.005+0000] {spark_submit.py:571} INFO - sasl.login.refresh.min.period.seconds = 60
[2024-05-21T15:21:50.005+0000] {spark_submit.py:571} INFO - sasl.login.refresh.window.factor = 0.8
[2024-05-21T15:21:50.006+0000] {spark_submit.py:571} INFO - sasl.login.refresh.window.jitter = 0.05
[2024-05-21T15:21:50.006+0000] {spark_submit.py:571} INFO - sasl.login.retry.backoff.max.ms = 10000
[2024-05-21T15:21:50.006+0000] {spark_submit.py:571} INFO - sasl.login.retry.backoff.ms = 100
[2024-05-21T15:21:50.006+0000] {spark_submit.py:571} INFO - sasl.mechanism = GSSAPI
[2024-05-21T15:21:50.007+0000] {spark_submit.py:571} INFO - sasl.oauthbearer.clock.skew.seconds = 30
[2024-05-21T15:21:50.007+0000] {spark_submit.py:571} INFO - sasl.oauthbearer.expected.audience = null
[2024-05-21T15:21:50.007+0000] {spark_submit.py:571} INFO - sasl.oauthbearer.expected.issuer = null
[2024-05-21T15:21:50.007+0000] {spark_submit.py:571} INFO - sasl.oauthbearer.jwks.endpoint.refresh.ms = 3600000
[2024-05-21T15:21:50.007+0000] {spark_submit.py:571} INFO - sasl.oauthbearer.jwks.endpoint.retry.backoff.max.ms = 10000
[2024-05-21T15:21:50.008+0000] {spark_submit.py:571} INFO - sasl.oauthbearer.jwks.endpoint.retry.backoff.ms = 100
[2024-05-21T15:21:50.008+0000] {spark_submit.py:571} INFO - sasl.oauthbearer.jwks.endpoint.url = null
[2024-05-21T15:21:50.008+0000] {spark_submit.py:571} INFO - sasl.oauthbearer.scope.claim.name = scope
[2024-05-21T15:21:50.008+0000] {spark_submit.py:571} INFO - sasl.oauthbearer.sub.claim.name = sub
[2024-05-21T15:21:50.008+0000] {spark_submit.py:571} INFO - sasl.oauthbearer.token.endpoint.url = null
[2024-05-21T15:21:50.009+0000] {spark_submit.py:571} INFO - security.protocol = PLAINTEXT
[2024-05-21T15:21:50.009+0000] {spark_submit.py:571} INFO - security.providers = null
[2024-05-21T15:21:50.009+0000] {spark_submit.py:571} INFO - send.buffer.bytes = 131072
[2024-05-21T15:21:50.009+0000] {spark_submit.py:571} INFO - socket.connection.setup.timeout.max.ms = 30000
[2024-05-21T15:21:50.010+0000] {spark_submit.py:571} INFO - socket.connection.setup.timeout.ms = 10000
[2024-05-21T15:21:50.010+0000] {spark_submit.py:571} INFO - ssl.cipher.suites = null
[2024-05-21T15:21:50.010+0000] {spark_submit.py:571} INFO - ssl.enabled.protocols = [TLSv1.2, TLSv1.3]
[2024-05-21T15:21:50.010+0000] {spark_submit.py:571} INFO - ssl.endpoint.identification.algorithm = https
[2024-05-21T15:21:50.011+0000] {spark_submit.py:571} INFO - ssl.engine.factory.class = null
[2024-05-21T15:21:50.011+0000] {spark_submit.py:571} INFO - ssl.key.password = null
[2024-05-21T15:21:50.011+0000] {spark_submit.py:571} INFO - ssl.keymanager.algorithm = SunX509
[2024-05-21T15:21:50.011+0000] {spark_submit.py:571} INFO - ssl.keystore.certificate.chain = null
[2024-05-21T15:21:50.011+0000] {spark_submit.py:571} INFO - ssl.keystore.key = null
[2024-05-21T15:21:50.012+0000] {spark_submit.py:571} INFO - ssl.keystore.location = null
[2024-05-21T15:21:50.012+0000] {spark_submit.py:571} INFO - ssl.keystore.password = null
[2024-05-21T15:21:50.012+0000] {spark_submit.py:571} INFO - ssl.keystore.type = JKS
[2024-05-21T15:21:50.012+0000] {spark_submit.py:571} INFO - ssl.protocol = TLSv1.3
[2024-05-21T15:21:50.013+0000] {spark_submit.py:571} INFO - ssl.provider = null
[2024-05-21T15:21:50.013+0000] {spark_submit.py:571} INFO - ssl.secure.random.implementation = null
[2024-05-21T15:21:50.013+0000] {spark_submit.py:571} INFO - ssl.trustmanager.algorithm = PKIX
[2024-05-21T15:21:50.013+0000] {spark_submit.py:571} INFO - ssl.truststore.certificates = null
[2024-05-21T15:21:50.013+0000] {spark_submit.py:571} INFO - ssl.truststore.location = null
[2024-05-21T15:21:50.014+0000] {spark_submit.py:571} INFO - ssl.truststore.password = null
[2024-05-21T15:21:50.014+0000] {spark_submit.py:571} INFO - ssl.truststore.type = JKS
[2024-05-21T15:21:50.014+0000] {spark_submit.py:571} INFO - 
[2024-05-21T15:21:50.035+0000] {spark_submit.py:571} INFO - 24/05/21 15:21:50 WARN AdminClientConfig: These configurations '[key.deserializer, value.deserializer, enable.auto.commit, max.poll.records, auto.offset.reset]' were supplied but are not used yet.
[2024-05-21T15:21:50.036+0000] {spark_submit.py:571} INFO - 24/05/21 15:21:50 INFO AppInfoParser: Kafka version: 3.4.1
[2024-05-21T15:21:50.036+0000] {spark_submit.py:571} INFO - 24/05/21 15:21:50 INFO AppInfoParser: Kafka commitId: 8a516edc2755df89
[2024-05-21T15:21:50.036+0000] {spark_submit.py:571} INFO - 24/05/21 15:21:50 INFO AppInfoParser: Kafka startTimeMs: 1716304910035
[2024-05-21T15:21:50.084+0000] {spark_submit.py:571} INFO - Callback Server Starting
[2024-05-21T15:21:50.084+0000] {spark_submit.py:571} INFO - Socket listening on ('127.0.0.1', 46773)
[2024-05-21T15:21:50.088+0000] {spark_submit.py:571} INFO - 24/05/21 15:21:50 WARN ResolveWriteToStream: Temporary checkpoint location created which is deleted normally when the query didn't fail: /tmp/temporary-16ae32d2-f195-4809-b884-1e27dc9d3bcf. If it's required to delete it under any circumstances, please set spark.sql.streaming.forceDeleteTempCheckpointLocation to true. Important to know deleting temp checkpoint folder is best effort.
[2024-05-21T15:21:50.088+0000] {spark_submit.py:571} INFO - 24/05/21 15:21:50 INFO ResolveWriteToStream: Checkpoint root file:///tmp/temporary-16ae32d2-f195-4809-b884-1e27dc9d3bcf resolved to file:/tmp/temporary-16ae32d2-f195-4809-b884-1e27dc9d3bcf.
[2024-05-21T15:21:50.088+0000] {spark_submit.py:571} INFO - 24/05/21 15:21:50 WARN ResolveWriteToStream: spark.sql.adaptive.enabled is not supported in streaming DataFrames/Datasets and will be disabled.
[2024-05-21T15:21:50.096+0000] {spark_submit.py:571} INFO - 24/05/21 15:21:50 INFO CheckpointFileManager: Writing atomically to file:/tmp/temporary-16ae32d2-f195-4809-b884-1e27dc9d3bcf/metadata using temp file file:/tmp/temporary-16ae32d2-f195-4809-b884-1e27dc9d3bcf/.metadata.b71038ab-fe7d-458c-bf7f-e340d55539bf.tmp
[2024-05-21T15:21:50.110+0000] {spark_submit.py:571} INFO - 24/05/21 15:21:50 INFO CheckpointFileManager: Renamed temp file file:/tmp/temporary-16ae32d2-f195-4809-b884-1e27dc9d3bcf/.metadata.b71038ab-fe7d-458c-bf7f-e340d55539bf.tmp to file:/tmp/temporary-16ae32d2-f195-4809-b884-1e27dc9d3bcf/metadata
[2024-05-21T15:21:50.117+0000] {spark_submit.py:571} INFO - 24/05/21 15:21:50 INFO MicroBatchExecution: Starting [id = 79d249f5-9d6c-46c9-9d20-5755f044d1a8, runId = bc0eb6c9-ab82-40c9-b1b6-965cf33855d4]. Use file:/tmp/temporary-16ae32d2-f195-4809-b884-1e27dc9d3bcf to store the query checkpoint.
[2024-05-21T15:21:50.118+0000] {spark_submit.py:571} INFO - Closing down clientserver connection
[2024-05-21T15:21:50.119+0000] {spark_submit.py:571} INFO - 24/05/21 15:21:50 INFO MicroBatchExecution: Reading table [org.apache.spark.sql.kafka010.KafkaSourceProvider$KafkaTable@55e2dd47] from DataSourceV2 named 'kafka' [org.apache.spark.sql.kafka010.KafkaSourceProvider@5c08c12d]
[2024-05-21T15:21:50.120+0000] {spark_submit.py:571} INFO - 24/05/21 15:21:50 INFO OffsetSeqLog: BatchIds found from listing:
[2024-05-21T15:21:50.121+0000] {spark_submit.py:571} INFO - 24/05/21 15:21:50 INFO OffsetSeqLog: BatchIds found from listing:
[2024-05-21T15:21:50.121+0000] {spark_submit.py:571} INFO - 24/05/21 15:21:50 INFO MicroBatchExecution: Starting new streaming query.
[2024-05-21T15:21:50.121+0000] {spark_submit.py:571} INFO - 24/05/21 15:21:50 INFO MicroBatchExecution: Stream started from {}
[2024-05-21T15:21:50.126+0000] {spark_submit.py:571} INFO - 24/05/21 15:21:50 INFO AdminClientConfig: AdminClientConfig values:
[2024-05-21T15:21:50.127+0000] {spark_submit.py:571} INFO - auto.include.jmx.reporter = true
[2024-05-21T15:21:50.127+0000] {spark_submit.py:571} INFO - bootstrap.servers = [kafka:9092]
[2024-05-21T15:21:50.128+0000] {spark_submit.py:571} INFO - client.dns.lookup = use_all_dns_ips
[2024-05-21T15:21:50.128+0000] {spark_submit.py:571} INFO - client.id =
[2024-05-21T15:21:50.128+0000] {spark_submit.py:571} INFO - connections.max.idle.ms = 300000
[2024-05-21T15:21:50.128+0000] {spark_submit.py:571} INFO - default.api.timeout.ms = 60000
[2024-05-21T15:21:50.129+0000] {spark_submit.py:571} INFO - metadata.max.age.ms = 300000
[2024-05-21T15:21:50.129+0000] {spark_submit.py:571} INFO - metric.reporters = []
[2024-05-21T15:21:50.129+0000] {spark_submit.py:571} INFO - metrics.num.samples = 2
[2024-05-21T15:21:50.130+0000] {spark_submit.py:571} INFO - metrics.recording.level = INFO
[2024-05-21T15:21:50.130+0000] {spark_submit.py:571} INFO - metrics.sample.window.ms = 30000
[2024-05-21T15:21:50.130+0000] {spark_submit.py:571} INFO - receive.buffer.bytes = 65536
[2024-05-21T15:21:50.131+0000] {spark_submit.py:571} INFO - reconnect.backoff.max.ms = 1000
[2024-05-21T15:21:50.131+0000] {spark_submit.py:571} INFO - reconnect.backoff.ms = 50
[2024-05-21T15:21:50.131+0000] {spark_submit.py:571} INFO - request.timeout.ms = 30000
[2024-05-21T15:21:50.131+0000] {spark_submit.py:571} INFO - retries = 2147483647
[2024-05-21T15:21:50.131+0000] {spark_submit.py:571} INFO - retry.backoff.ms = 100
[2024-05-21T15:21:50.132+0000] {spark_submit.py:571} INFO - sasl.client.callback.handler.class = null
[2024-05-21T15:21:50.132+0000] {spark_submit.py:571} INFO - sasl.jaas.config = null
[2024-05-21T15:21:50.132+0000] {spark_submit.py:571} INFO - sasl.kerberos.kinit.cmd = /usr/bin/kinit
[2024-05-21T15:21:50.132+0000] {spark_submit.py:571} INFO - sasl.kerberos.min.time.before.relogin = 60000
[2024-05-21T15:21:50.132+0000] {spark_submit.py:571} INFO - sasl.kerberos.service.name = null
[2024-05-21T15:21:50.133+0000] {spark_submit.py:571} INFO - sasl.kerberos.ticket.renew.jitter = 0.05
[2024-05-21T15:21:50.133+0000] {spark_submit.py:571} INFO - sasl.kerberos.ticket.renew.window.factor = 0.8
[2024-05-21T15:21:50.133+0000] {spark_submit.py:571} INFO - sasl.login.callback.handler.class = null
[2024-05-21T15:21:50.133+0000] {spark_submit.py:571} INFO - sasl.login.class = null
[2024-05-21T15:21:50.133+0000] {spark_submit.py:571} INFO - sasl.login.connect.timeout.ms = null
[2024-05-21T15:21:50.133+0000] {spark_submit.py:571} INFO - sasl.login.read.timeout.ms = null
[2024-05-21T15:21:50.134+0000] {spark_submit.py:571} INFO - sasl.login.refresh.buffer.seconds = 300
[2024-05-21T15:21:50.134+0000] {spark_submit.py:571} INFO - sasl.login.refresh.min.period.seconds = 60
[2024-05-21T15:21:50.134+0000] {spark_submit.py:571} INFO - sasl.login.refresh.window.factor = 0.8
[2024-05-21T15:21:50.134+0000] {spark_submit.py:571} INFO - sasl.login.refresh.window.jitter = 0.05
[2024-05-21T15:21:50.134+0000] {spark_submit.py:571} INFO - sasl.login.retry.backoff.max.ms = 10000
[2024-05-21T15:21:50.135+0000] {spark_submit.py:571} INFO - sasl.login.retry.backoff.ms = 100
[2024-05-21T15:21:50.135+0000] {spark_submit.py:571} INFO - sasl.mechanism = GSSAPI
[2024-05-21T15:21:50.135+0000] {spark_submit.py:571} INFO - sasl.oauthbearer.clock.skew.seconds = 30
[2024-05-21T15:21:50.135+0000] {spark_submit.py:571} INFO - sasl.oauthbearer.expected.audience = null
[2024-05-21T15:21:50.135+0000] {spark_submit.py:571} INFO - sasl.oauthbearer.expected.issuer = null
[2024-05-21T15:21:50.136+0000] {spark_submit.py:571} INFO - sasl.oauthbearer.jwks.endpoint.refresh.ms = 3600000
[2024-05-21T15:21:50.136+0000] {spark_submit.py:571} INFO - sasl.oauthbearer.jwks.endpoint.retry.backoff.max.ms = 10000
[2024-05-21T15:21:50.136+0000] {spark_submit.py:571} INFO - sasl.oauthbearer.jwks.endpoint.retry.backoff.ms = 100
[2024-05-21T15:21:50.136+0000] {spark_submit.py:571} INFO - sasl.oauthbearer.jwks.endpoint.url = null
[2024-05-21T15:21:50.136+0000] {spark_submit.py:571} INFO - sasl.oauthbearer.scope.claim.name = scope
[2024-05-21T15:21:50.136+0000] {spark_submit.py:571} INFO - sasl.oauthbearer.sub.claim.name = sub
[2024-05-21T15:21:50.137+0000] {spark_submit.py:571} INFO - sasl.oauthbearer.token.endpoint.url = null
[2024-05-21T15:21:50.137+0000] {spark_submit.py:571} INFO - security.protocol = PLAINTEXT
[2024-05-21T15:21:50.137+0000] {spark_submit.py:571} INFO - security.providers = null
[2024-05-21T15:21:50.137+0000] {spark_submit.py:571} INFO - send.buffer.bytes = 131072
[2024-05-21T15:21:50.138+0000] {spark_submit.py:571} INFO - socket.connection.setup.timeout.max.ms = 30000
[2024-05-21T15:21:50.138+0000] {spark_submit.py:571} INFO - socket.connection.setup.timeout.ms = 10000
[2024-05-21T15:21:50.138+0000] {spark_submit.py:571} INFO - ssl.cipher.suites = null
[2024-05-21T15:21:50.138+0000] {spark_submit.py:571} INFO - ssl.enabled.protocols = [TLSv1.2, TLSv1.3]
[2024-05-21T15:21:50.139+0000] {spark_submit.py:571} INFO - ssl.endpoint.identification.algorithm = https
[2024-05-21T15:21:50.139+0000] {spark_submit.py:571} INFO - ssl.engine.factory.class = null
[2024-05-21T15:21:50.139+0000] {spark_submit.py:571} INFO - ssl.key.password = null
[2024-05-21T15:21:50.139+0000] {spark_submit.py:571} INFO - ssl.keymanager.algorithm = SunX509
[2024-05-21T15:21:50.139+0000] {spark_submit.py:571} INFO - ssl.keystore.certificate.chain = null
[2024-05-21T15:21:50.140+0000] {spark_submit.py:571} INFO - ssl.keystore.key = null
[2024-05-21T15:21:50.140+0000] {spark_submit.py:571} INFO - ssl.keystore.location = null
[2024-05-21T15:21:50.140+0000] {spark_submit.py:571} INFO - ssl.keystore.password = null
[2024-05-21T15:21:50.140+0000] {spark_submit.py:571} INFO - ssl.keystore.type = JKS
[2024-05-21T15:21:50.140+0000] {spark_submit.py:571} INFO - ssl.protocol = TLSv1.3
[2024-05-21T15:21:50.141+0000] {spark_submit.py:571} INFO - ssl.provider = null
[2024-05-21T15:21:50.141+0000] {spark_submit.py:571} INFO - ssl.secure.random.implementation = null
[2024-05-21T15:21:50.141+0000] {spark_submit.py:571} INFO - ssl.trustmanager.algorithm = PKIX
[2024-05-21T15:21:50.141+0000] {spark_submit.py:571} INFO - ssl.truststore.certificates = null
[2024-05-21T15:21:50.142+0000] {spark_submit.py:571} INFO - ssl.truststore.location = null
[2024-05-21T15:21:50.142+0000] {spark_submit.py:571} INFO - ssl.truststore.password = null
[2024-05-21T15:21:50.142+0000] {spark_submit.py:571} INFO - ssl.truststore.type = JKS
[2024-05-21T15:21:50.142+0000] {spark_submit.py:571} INFO - 
[2024-05-21T15:21:50.143+0000] {spark_submit.py:571} INFO - 24/05/21 15:21:50 WARN AdminClientConfig: These configurations '[key.deserializer, value.deserializer, enable.auto.commit, max.poll.records, auto.offset.reset]' were supplied but are not used yet.
[2024-05-21T15:21:50.143+0000] {spark_submit.py:571} INFO - 24/05/21 15:21:50 INFO AppInfoParser: Kafka version: 3.4.1
[2024-05-21T15:21:50.143+0000] {spark_submit.py:571} INFO - 24/05/21 15:21:50 INFO AppInfoParser: Kafka commitId: 8a516edc2755df89
[2024-05-21T15:21:50.143+0000] {spark_submit.py:571} INFO - 24/05/21 15:21:50 INFO AppInfoParser: Kafka startTimeMs: 1716304910129
[2024-05-21T15:21:50.153+0000] {spark_submit.py:571} INFO - 24/05/21 15:21:50 INFO SparkContext: Invoking stop() from shutdown hook
[2024-05-21T15:21:50.154+0000] {spark_submit.py:571} INFO - 24/05/21 15:21:50 INFO SparkContext: SparkContext is stopping with exitCode 0.
[2024-05-21T15:21:50.165+0000] {spark_submit.py:571} INFO - 24/05/21 15:21:50 INFO SparkUI: Stopped Spark web UI at http://05882356329d:4040
[2024-05-21T15:21:50.168+0000] {spark_submit.py:571} INFO - 24/05/21 15:21:50 INFO StandaloneSchedulerBackend: Shutting down all executors
[2024-05-21T15:21:50.169+0000] {spark_submit.py:571} INFO - 24/05/21 15:21:50 INFO StandaloneSchedulerBackend$StandaloneDriverEndpoint: Asking each executor to shut down
[2024-05-21T15:21:50.179+0000] {spark_submit.py:571} INFO - 24/05/21 15:21:50 INFO MapOutputTrackerMasterEndpoint: MapOutputTrackerMasterEndpoint stopped!
[2024-05-21T15:21:50.186+0000] {spark_submit.py:571} INFO - 24/05/21 15:21:50 INFO MemoryStore: MemoryStore cleared
[2024-05-21T15:21:50.187+0000] {spark_submit.py:571} INFO - 24/05/21 15:21:50 INFO BlockManager: BlockManager stopped
[2024-05-21T15:21:50.190+0000] {spark_submit.py:571} INFO - 24/05/21 15:21:50 INFO BlockManagerMaster: BlockManagerMaster stopped
[2024-05-21T15:21:50.191+0000] {spark_submit.py:571} INFO - 24/05/21 15:21:50 INFO OutputCommitCoordinator$OutputCommitCoordinatorEndpoint: OutputCommitCoordinator stopped!
[2024-05-21T15:21:50.200+0000] {spark_submit.py:571} INFO - 24/05/21 15:21:50 ERROR TransportRequestHandler: Error sending result StreamResponse[streamId=/jars/org.apache.hadoop_hadoop-client-runtime-3.3.4.jar,byteCount=30085504,body=FileSegmentManagedBuffer[file=/home/***/.ivy2/jars/org.apache.hadoop_hadoop-client-runtime-3.3.4.jar,offset=0,length=30085504]] to /172.20.0.9:38372; closing connection
[2024-05-21T15:21:50.201+0000] {spark_submit.py:571} INFO - io.netty.channel.StacklessClosedChannelException
[2024-05-21T15:21:50.201+0000] {spark_submit.py:571} INFO - at io.netty.channel.AbstractChannel.close(ChannelPromise)(Unknown Source)
[2024-05-21T15:21:50.202+0000] {spark_submit.py:571} INFO - 24/05/21 15:21:50 INFO SparkContext: Successfully stopped SparkContext
[2024-05-21T15:21:50.203+0000] {spark_submit.py:571} INFO - 24/05/21 15:21:50 INFO ShutdownHookManager: Shutdown hook called
[2024-05-21T15:21:50.203+0000] {spark_submit.py:571} INFO - 24/05/21 15:21:50 INFO ShutdownHookManager: Deleting directory /tmp/spark-fc4a3676-ea98-493f-9783-81dac9dab87f
[2024-05-21T15:21:50.205+0000] {spark_submit.py:571} INFO - 24/05/21 15:21:50 INFO ShutdownHookManager: Deleting directory /tmp/temporary-55423163-84c7-4caa-baa3-5e4992c29650
[2024-05-21T15:21:50.207+0000] {spark_submit.py:571} INFO - 24/05/21 15:21:50 INFO ShutdownHookManager: Deleting directory /tmp/spark-231d0c84-037a-4eb5-8979-7c7549990d23/pyspark-5ccfdc0b-fe41-4818-adc2-28d82455ded0
[2024-05-21T15:21:50.210+0000] {spark_submit.py:571} INFO - 24/05/21 15:21:50 INFO ShutdownHookManager: Deleting directory /tmp/spark-231d0c84-037a-4eb5-8979-7c7549990d23
[2024-05-21T15:21:50.212+0000] {spark_submit.py:571} INFO - 24/05/21 15:21:50 INFO ShutdownHookManager: Deleting directory /tmp/temporary-16ae32d2-f195-4809-b884-1e27dc9d3bcf
[2024-05-21T15:21:50.552+0000] {taskinstance.py:441} INFO - ::group::Post task execution logs
[2024-05-21T15:21:50.559+0000] {taskinstance.py:1205} INFO - Marking task as SUCCESS. dag_id=idealista-pipeline, task_id=spark_submit, execution_date=20240521T152142, start_date=20240521T152145, end_date=20240521T152150
[2024-05-21T15:21:50.601+0000] {local_task_job_runner.py:240} INFO - Task exited with return code 0
[2024-05-21T15:21:50.615+0000] {taskinstance.py:3482} INFO - 1 downstream tasks scheduled from follow-on schedule check
[2024-05-21T15:21:50.617+0000] {local_task_job_runner.py:222} INFO - ::endgroup::
