[2024-05-21T15:21:43.261+0000] {local_task_job_runner.py:120} INFO - ::group::Pre task execution logs
[2024-05-21T15:21:43.272+0000] {taskinstance.py:2073} INFO - Dependencies all met for dep_context=non-requeueable deps ti=<TaskInstance: idealista-pipeline.create_kafka_topic manual__2024-05-21T15:21:42.350021+00:00 [queued]>
[2024-05-21T15:21:43.278+0000] {taskinstance.py:2073} INFO - Dependencies all met for dep_context=requeueable deps ti=<TaskInstance: idealista-pipeline.create_kafka_topic manual__2024-05-21T15:21:42.350021+00:00 [queued]>
[2024-05-21T15:21:43.278+0000] {taskinstance.py:2303} INFO - Starting attempt 1 of 1
[2024-05-21T15:21:43.286+0000] {taskinstance.py:2327} INFO - Executing <Task(PythonOperator): create_kafka_topic> on 2024-05-21 15:21:42.350021+00:00
[2024-05-21T15:21:43.289+0000] {warnings.py:110} WARNING - /home/***/.local/lib/python3.12/site-packages/***/task/task_runner/standard_task_runner.py:61: DeprecationWarning: This process (pid=536) is multi-threaded, use of fork() may lead to deadlocks in the child.
  pid = os.fork()

[2024-05-21T15:21:43.290+0000] {standard_task_runner.py:63} INFO - Started process 537 to run task
[2024-05-21T15:21:43.290+0000] {standard_task_runner.py:90} INFO - Running: ['***', 'tasks', 'run', 'idealista-pipeline', 'create_kafka_topic', 'manual__2024-05-21T15:21:42.350021+00:00', '--job-id', '300', '--raw', '--subdir', 'DAGS_FOLDER/idealista_dag.py', '--cfg-path', '/tmp/tmp793f291q']
[2024-05-21T15:21:43.291+0000] {standard_task_runner.py:91} INFO - Job 300: Subtask create_kafka_topic
[2024-05-21T15:21:43.314+0000] {task_command.py:426} INFO - Running <TaskInstance: idealista-pipeline.create_kafka_topic manual__2024-05-21T15:21:42.350021+00:00 [running]> on host 05882356329d
[2024-05-21T15:21:43.358+0000] {taskinstance.py:2644} INFO - Exporting env vars: AIRFLOW_CTX_DAG_OWNER='shv' AIRFLOW_CTX_DAG_ID='idealista-pipeline' AIRFLOW_CTX_TASK_ID='create_kafka_topic' AIRFLOW_CTX_EXECUTION_DATE='2024-05-21T15:21:42.350021+00:00' AIRFLOW_CTX_TRY_NUMBER='1' AIRFLOW_CTX_DAG_RUN_ID='manual__2024-05-21T15:21:42.350021+00:00'
[2024-05-21T15:21:43.359+0000] {taskinstance.py:430} INFO - ::endgroup::
[2024-05-21T15:21:43.372+0000] {kafka.py:17} INFO - Kafka topic real_estate_topic already exists.
[2024-05-21T15:21:43.373+0000] {python.py:237} INFO - Done. Returned value was: None
[2024-05-21T15:21:43.373+0000] {taskinstance.py:441} INFO - ::group::Post task execution logs
[2024-05-21T15:21:43.378+0000] {taskinstance.py:1205} INFO - Marking task as SUCCESS. dag_id=idealista-pipeline, task_id=create_kafka_topic, execution_date=20240521T152142, start_date=20240521T152143, end_date=20240521T152143
[2024-05-21T15:21:43.423+0000] {local_task_job_runner.py:240} INFO - Task exited with return code 0
[2024-05-21T15:21:43.458+0000] {taskinstance.py:3482} INFO - 1 downstream tasks scheduled from follow-on schedule check
[2024-05-21T15:21:43.459+0000] {local_task_job_runner.py:222} INFO - ::endgroup::
