[2024-05-21T16:04:38.893+0000] {local_task_job_runner.py:120} INFO - ::group::Pre task execution logs
[2024-05-21T16:04:38.904+0000] {taskinstance.py:2073} INFO - Dependencies all met for dep_context=non-requeueable deps ti=<TaskInstance: idealista-pipeline.pull_and_save_from_api manual__2024-05-21T16:04:29.980796+00:00 [queued]>
[2024-05-21T16:04:38.909+0000] {taskinstance.py:2073} INFO - Dependencies all met for dep_context=requeueable deps ti=<TaskInstance: idealista-pipeline.pull_and_save_from_api manual__2024-05-21T16:04:29.980796+00:00 [queued]>
[2024-05-21T16:04:38.910+0000] {taskinstance.py:2303} INFO - Starting attempt 1 of 1
[2024-05-21T16:04:38.918+0000] {taskinstance.py:2327} INFO - Executing <Task(PythonOperator): pull_and_save_from_api> on 2024-05-21 16:04:29.980796+00:00
[2024-05-21T16:04:38.921+0000] {warnings.py:110} WARNING - /home/***/.local/lib/python3.12/site-packages/***/task/task_runner/standard_task_runner.py:61: DeprecationWarning: This process (pid=1835) is multi-threaded, use of fork() may lead to deadlocks in the child.
  pid = os.fork()

[2024-05-21T16:04:38.923+0000] {standard_task_runner.py:63} INFO - Started process 1836 to run task
[2024-05-21T16:04:38.922+0000] {standard_task_runner.py:90} INFO - Running: ['***', 'tasks', 'run', 'idealista-pipeline', 'pull_and_save_from_api', 'manual__2024-05-21T16:04:29.980796+00:00', '--job-id', '308', '--raw', '--subdir', 'DAGS_FOLDER/idealista_dag.py', '--cfg-path', '/tmp/tmplgw3h9qj']
[2024-05-21T16:04:38.923+0000] {standard_task_runner.py:91} INFO - Job 308: Subtask pull_and_save_from_api
[2024-05-21T16:04:38.948+0000] {task_command.py:426} INFO - Running <TaskInstance: idealista-pipeline.pull_and_save_from_api manual__2024-05-21T16:04:29.980796+00:00 [running]> on host 05882356329d
[2024-05-21T16:04:38.999+0000] {taskinstance.py:2644} INFO - Exporting env vars: AIRFLOW_CTX_DAG_OWNER='shv' AIRFLOW_CTX_DAG_ID='idealista-pipeline' AIRFLOW_CTX_TASK_ID='pull_and_save_from_api' AIRFLOW_CTX_EXECUTION_DATE='2024-05-21T16:04:29.980796+00:00' AIRFLOW_CTX_TRY_NUMBER='1' AIRFLOW_CTX_DAG_RUN_ID='manual__2024-05-21T16:04:29.980796+00:00'
[2024-05-21T16:04:39.000+0000] {taskinstance.py:430} INFO - ::endgroup::
[2024-05-21T16:04:39.232+0000] {pull.py:50} INFO - Token acquired successfully.
[2024-05-21T16:04:39.234+0000] {minio.py:47} INFO - Minio successfully connected.
[2024-05-21T16:04:39.237+0000] {minio.py:126} INFO - Start reading data from object name last_pull
[2024-05-21T16:04:39.241+0000] {minio.py:148} INFO - Start writing data to file name last_pull
[2024-05-21T16:04:39.258+0000] {minio.py:180} INFO - Successfully save filename to object: last_pull.
[2024-05-21T16:04:39.258+0000] {minio.py:56} INFO - Last pull date updated successfully.
[2024-05-21T16:04:39.903+0000] {pull.py:108} INFO - Data pulled successfully.
[2024-05-21T16:04:39.904+0000] {minio.py:148} INFO - Start writing data to file name response2024_05_21_p_1.json
[2024-05-21T16:04:39.926+0000] {minio.py:180} INFO - Successfully save filename to object: response2024_05_21_p_1.json.
[2024-05-21T16:04:42.494+0000] {pull.py:108} INFO - Data pulled successfully.
[2024-05-21T16:04:42.495+0000] {minio.py:148} INFO - Start writing data to file name response2024_05_21_p_2.json
[2024-05-21T16:04:42.528+0000] {minio.py:180} INFO - Successfully save filename to object: response2024_05_21_p_2.json.
[2024-05-21T16:04:44.950+0000] {pull.py:108} INFO - Data pulled successfully.
[2024-05-21T16:04:44.951+0000] {minio.py:148} INFO - Start writing data to file name response2024_05_21_p_3.json
[2024-05-21T16:04:44.972+0000] {minio.py:180} INFO - Successfully save filename to object: response2024_05_21_p_3.json.
[2024-05-21T16:04:46.973+0000] {minio.py:148} INFO - Start writing data to file name last_pull
[2024-05-21T16:04:47.006+0000] {minio.py:180} INFO - Successfully save filename to object: last_pull.
[2024-05-21T16:04:47.006+0000] {minio.py:56} INFO - Last pull date updated successfully.
[2024-05-21T16:04:47.008+0000] {python.py:237} INFO - Done. Returned value was: None
[2024-05-21T16:04:47.009+0000] {taskinstance.py:441} INFO - ::group::Post task execution logs
[2024-05-21T16:04:47.017+0000] {taskinstance.py:1205} INFO - Marking task as SUCCESS. dag_id=idealista-pipeline, task_id=pull_and_save_from_api, execution_date=20240521T160429, start_date=20240521T160438, end_date=20240521T160447
[2024-05-21T16:04:47.071+0000] {local_task_job_runner.py:240} INFO - Task exited with return code 0
[2024-05-21T16:04:47.083+0000] {taskinstance.py:3482} INFO - 1 downstream tasks scheduled from follow-on schedule check
[2024-05-21T16:04:47.084+0000] {local_task_job_runner.py:222} INFO - ::endgroup::
