[2024-05-21T15:21:51.478+0000] {local_task_job_runner.py:120} INFO - ::group::Pre task execution logs
[2024-05-21T15:21:51.489+0000] {taskinstance.py:2073} INFO - Dependencies all met for dep_context=non-requeueable deps ti=<TaskInstance: idealista-pipeline.pull_and_save_from_api manual__2024-05-21T15:21:42.350021+00:00 [queued]>
[2024-05-21T15:21:51.495+0000] {taskinstance.py:2073} INFO - Dependencies all met for dep_context=requeueable deps ti=<TaskInstance: idealista-pipeline.pull_and_save_from_api manual__2024-05-21T15:21:42.350021+00:00 [queued]>
[2024-05-21T15:21:51.495+0000] {taskinstance.py:2303} INFO - Starting attempt 1 of 1
[2024-05-21T15:21:51.506+0000] {taskinstance.py:2327} INFO - Executing <Task(PythonOperator): pull_and_save_from_api> on 2024-05-21 15:21:42.350021+00:00
[2024-05-21T15:21:51.510+0000] {warnings.py:110} WARNING - /home/***/.local/lib/python3.12/site-packages/***/task/task_runner/standard_task_runner.py:61: DeprecationWarning: This process (pid=895) is multi-threaded, use of fork() may lead to deadlocks in the child.
  pid = os.fork()

[2024-05-21T15:21:51.511+0000] {standard_task_runner.py:63} INFO - Started process 896 to run task
[2024-05-21T15:21:51.511+0000] {standard_task_runner.py:90} INFO - Running: ['***', 'tasks', 'run', 'idealista-pipeline', 'pull_and_save_from_api', 'manual__2024-05-21T15:21:42.350021+00:00', '--job-id', '303', '--raw', '--subdir', 'DAGS_FOLDER/idealista_dag.py', '--cfg-path', '/tmp/tmp9ne79zar']
[2024-05-21T15:21:51.513+0000] {standard_task_runner.py:91} INFO - Job 303: Subtask pull_and_save_from_api
[2024-05-21T15:21:51.538+0000] {task_command.py:426} INFO - Running <TaskInstance: idealista-pipeline.pull_and_save_from_api manual__2024-05-21T15:21:42.350021+00:00 [running]> on host 05882356329d
[2024-05-21T15:21:51.585+0000] {taskinstance.py:2644} INFO - Exporting env vars: AIRFLOW_CTX_DAG_OWNER='shv' AIRFLOW_CTX_DAG_ID='idealista-pipeline' AIRFLOW_CTX_TASK_ID='pull_and_save_from_api' AIRFLOW_CTX_EXECUTION_DATE='2024-05-21T15:21:42.350021+00:00' AIRFLOW_CTX_TRY_NUMBER='1' AIRFLOW_CTX_DAG_RUN_ID='manual__2024-05-21T15:21:42.350021+00:00'
[2024-05-21T15:21:51.586+0000] {taskinstance.py:430} INFO - ::endgroup::
[2024-05-21T15:21:51.814+0000] {pull.py:50} INFO - Token acquired successfully.
[2024-05-21T15:21:51.819+0000] {minio.py:45} INFO - Minio successfully connected.
[2024-05-21T15:21:51.828+0000] {minio.py:119} INFO - Start reading data from object name last_pull
[2024-05-21T15:21:51.832+0000] {minio.py:141} INFO - Start writing data to file name last_pull
[2024-05-21T15:21:51.856+0000] {minio.py:170} INFO - Successfully save filename to object: last_pull.
[2024-05-21T15:21:52.470+0000] {pull.py:108} INFO - Data pulled successfully.
[2024-05-21T15:21:52.471+0000] {minio.py:141} INFO - Start writing data to file name response2024_05_21_p_1.json
[2024-05-21T15:21:52.496+0000] {minio.py:170} INFO - Successfully save filename to object: response2024_05_21_p_1.json.
[2024-05-21T15:21:54.957+0000] {pull.py:108} INFO - Data pulled successfully.
[2024-05-21T15:21:54.959+0000] {minio.py:141} INFO - Start writing data to file name response2024_05_21_p_2.json
[2024-05-21T15:21:54.981+0000] {minio.py:170} INFO - Successfully save filename to object: response2024_05_21_p_2.json.
[2024-05-21T15:21:57.327+0000] {pull.py:108} INFO - Data pulled successfully.
[2024-05-21T15:21:57.329+0000] {minio.py:141} INFO - Start writing data to file name response2024_05_21_p_3.json
[2024-05-21T15:21:57.354+0000] {minio.py:170} INFO - Successfully save filename to object: response2024_05_21_p_3.json.
[2024-05-21T15:21:59.356+0000] {python.py:237} INFO - Done. Returned value was: None
[2024-05-21T15:21:59.357+0000] {taskinstance.py:441} INFO - ::group::Post task execution logs
[2024-05-21T15:21:59.365+0000] {taskinstance.py:1205} INFO - Marking task as SUCCESS. dag_id=idealista-pipeline, task_id=pull_and_save_from_api, execution_date=20240521T152142, start_date=20240521T152151, end_date=20240521T152159
[2024-05-21T15:21:59.397+0000] {local_task_job_runner.py:240} INFO - Task exited with return code 0
[2024-05-21T15:21:59.407+0000] {taskinstance.py:3482} INFO - 1 downstream tasks scheduled from follow-on schedule check
[2024-05-21T15:21:59.408+0000] {local_task_job_runner.py:222} INFO - ::endgroup::
