[2024-05-21T18:55:54.826+0000] {local_task_job_runner.py:120} INFO - ::group::Pre task execution logs
[2024-05-21T18:55:54.838+0000] {taskinstance.py:2073} INFO - Dependencies all met for dep_context=non-requeueable deps ti=<TaskInstance: idealista-pipeline.spark_submit manual__2024-05-21T16:04:29.980796+00:00 [queued]>
[2024-05-21T18:55:54.842+0000] {taskinstance.py:2073} INFO - Dependencies all met for dep_context=requeueable deps ti=<TaskInstance: idealista-pipeline.spark_submit manual__2024-05-21T16:04:29.980796+00:00 [queued]>
[2024-05-21T18:55:54.843+0000] {taskinstance.py:2303} INFO - Starting attempt 5 of 5
[2024-05-21T18:55:54.850+0000] {taskinstance.py:2327} INFO - Executing <Task(SparkSubmitOperator): spark_submit> on 2024-05-21 16:04:29.980796+00:00
[2024-05-21T18:55:54.853+0000] {warnings.py:110} WARNING - /home/***/.local/lib/python3.12/site-packages/***/task/task_runner/standard_task_runner.py:61: DeprecationWarning: This process (pid=701) is multi-threaded, use of fork() may lead to deadlocks in the child.
  pid = os.fork()

[2024-05-21T18:55:54.854+0000] {standard_task_runner.py:63} INFO - Started process 702 to run task
[2024-05-21T18:55:54.854+0000] {standard_task_runner.py:90} INFO - Running: ['***', 'tasks', 'run', 'idealista-pipeline', 'spark_submit', 'manual__2024-05-21T16:04:29.980796+00:00', '--job-id', '328', '--raw', '--subdir', 'DAGS_FOLDER/idealista_dag.py', '--cfg-path', '/tmp/tmpsxy6gvg0']
[2024-05-21T18:55:54.855+0000] {standard_task_runner.py:91} INFO - Job 328: Subtask spark_submit
[2024-05-21T18:55:54.877+0000] {task_command.py:426} INFO - Running <TaskInstance: idealista-pipeline.spark_submit manual__2024-05-21T16:04:29.980796+00:00 [running]> on host 0bedcfb13132
[2024-05-21T18:55:54.919+0000] {taskinstance.py:2644} INFO - Exporting env vars: AIRFLOW_CTX_DAG_OWNER='shv' AIRFLOW_CTX_DAG_ID='idealista-pipeline' AIRFLOW_CTX_TASK_ID='spark_submit' AIRFLOW_CTX_EXECUTION_DATE='2024-05-21T16:04:29.980796+00:00' AIRFLOW_CTX_TRY_NUMBER='5' AIRFLOW_CTX_DAG_RUN_ID='manual__2024-05-21T16:04:29.980796+00:00'
[2024-05-21T18:55:54.920+0000] {taskinstance.py:430} INFO - ::endgroup::
[2024-05-21T18:55:54.931+0000] {base.py:84} INFO - Using connection ID 'spark_default' for task execution.
[2024-05-21T18:55:54.932+0000] {spark_submit.py:401} INFO - Spark-Submit cmd: spark-submit --master spark://spark-master:7077 --packages org.apache.spark:spark-sql-kafka-0-10_2.12:3.5.0,com.datastax.spark:spark-cassandra-connector_2.12:3.5.0 --name arrow-spark --queue default /usr/local/spark/app/spark_main.py
[2024-05-21T18:55:54.955+0000] {spark_submit.py:571} INFO - /home/***/.local/lib/python3.12/site-packages/pyspark/bin/load-spark-env.sh: line 68: ps: command not found
[2024-05-21T18:55:55.864+0000] {spark_submit.py:571} INFO - :: loading settings :: url = jar:file:/home/***/.local/lib/python3.12/site-packages/pyspark/jars/ivy-2.5.1.jar!/org/apache/ivy/core/settings/ivysettings.xml
[2024-05-21T18:55:55.901+0000] {spark_submit.py:571} INFO - Ivy Default Cache set to: /home/***/.ivy2/cache
[2024-05-21T18:55:55.902+0000] {spark_submit.py:571} INFO - The jars for the packages stored in: /home/***/.ivy2/jars
[2024-05-21T18:55:55.903+0000] {spark_submit.py:571} INFO - org.apache.spark#spark-sql-kafka-0-10_2.12 added as a dependency
[2024-05-21T18:55:55.904+0000] {spark_submit.py:571} INFO - com.datastax.spark#spark-cassandra-connector_2.12 added as a dependency
[2024-05-21T18:55:55.904+0000] {spark_submit.py:571} INFO - :: resolving dependencies :: org.apache.spark#spark-submit-parent-798f0e62-c6c9-4492-84f7-db5e587b125e;1.0
[2024-05-21T18:55:55.904+0000] {spark_submit.py:571} INFO - confs: [default]
[2024-05-21T18:55:55.993+0000] {spark_submit.py:571} INFO - found org.apache.spark#spark-sql-kafka-0-10_2.12;3.5.0 in central
[2024-05-21T18:55:56.018+0000] {spark_submit.py:571} INFO - found org.apache.spark#spark-token-provider-kafka-0-10_2.12;3.5.0 in central
[2024-05-21T18:55:56.028+0000] {spark_submit.py:571} INFO - found org.apache.kafka#kafka-clients;3.4.1 in central
[2024-05-21T18:55:56.041+0000] {spark_submit.py:571} INFO - found org.lz4#lz4-java;1.8.0 in central
[2024-05-21T18:55:56.050+0000] {spark_submit.py:571} INFO - found org.xerial.snappy#snappy-java;1.1.10.3 in central
[2024-05-21T18:55:56.059+0000] {spark_submit.py:571} INFO - found org.slf4j#slf4j-api;2.0.7 in central
[2024-05-21T18:55:56.070+0000] {spark_submit.py:571} INFO - found org.apache.hadoop#hadoop-client-runtime;3.3.4 in central
[2024-05-21T18:55:56.082+0000] {spark_submit.py:571} INFO - found org.apache.hadoop#hadoop-client-api;3.3.4 in central
[2024-05-21T18:55:56.094+0000] {spark_submit.py:571} INFO - found commons-logging#commons-logging;1.1.3 in central
[2024-05-21T18:55:56.102+0000] {spark_submit.py:571} INFO - found com.google.code.findbugs#jsr305;3.0.0 in central
[2024-05-21T18:55:56.109+0000] {spark_submit.py:571} INFO - found org.apache.commons#commons-pool2;2.11.1 in central
[2024-05-21T18:55:56.116+0000] {spark_submit.py:571} INFO - found com.datastax.spark#spark-cassandra-connector_2.12;3.5.0 in central
[2024-05-21T18:55:56.122+0000] {spark_submit.py:571} INFO - found com.datastax.spark#spark-cassandra-connector-driver_2.12;3.5.0 in central
[2024-05-21T18:55:56.128+0000] {spark_submit.py:571} INFO - found org.scala-lang.modules#scala-collection-compat_2.12;2.11.0 in central
[2024-05-21T18:55:56.135+0000] {spark_submit.py:571} INFO - found com.datastax.oss#java-driver-core-shaded;4.13.0 in central
[2024-05-21T18:55:56.141+0000] {spark_submit.py:571} INFO - found com.datastax.oss#native-protocol;1.5.0 in central
[2024-05-21T18:55:56.149+0000] {spark_submit.py:571} INFO - found com.datastax.oss#java-driver-shaded-guava;25.1-jre-graal-sub-1 in central
[2024-05-21T18:55:56.154+0000] {spark_submit.py:571} INFO - found com.typesafe#config;1.4.1 in central
[2024-05-21T18:55:56.163+0000] {spark_submit.py:571} INFO - found io.dropwizard.metrics#metrics-core;4.1.18 in central
[2024-05-21T18:55:56.168+0000] {spark_submit.py:571} INFO - found org.hdrhistogram#HdrHistogram;2.1.12 in central
[2024-05-21T18:55:56.177+0000] {spark_submit.py:571} INFO - found org.reactivestreams#reactive-streams;1.0.3 in central
[2024-05-21T18:55:56.183+0000] {spark_submit.py:571} INFO - found com.github.stephenc.jcip#jcip-annotations;1.0-1 in central
[2024-05-21T18:55:56.187+0000] {spark_submit.py:571} INFO - found com.github.spotbugs#spotbugs-annotations;3.1.12 in central
[2024-05-21T18:55:56.192+0000] {spark_submit.py:571} INFO - found com.google.code.findbugs#jsr305;3.0.2 in central
[2024-05-21T18:55:56.202+0000] {spark_submit.py:571} INFO - found com.datastax.oss#java-driver-mapper-runtime;4.13.0 in central
[2024-05-21T18:55:56.210+0000] {spark_submit.py:571} INFO - found com.datastax.oss#java-driver-query-builder;4.13.0 in central
[2024-05-21T18:55:56.217+0000] {spark_submit.py:571} INFO - found org.apache.commons#commons-lang3;3.10 in central
[2024-05-21T18:55:56.222+0000] {spark_submit.py:571} INFO - found com.thoughtworks.paranamer#paranamer;2.8 in central
[2024-05-21T18:55:56.226+0000] {spark_submit.py:571} INFO - found org.scala-lang#scala-reflect;2.12.11 in central
[2024-05-21T18:55:56.248+0000] {spark_submit.py:571} INFO - :: resolution report :: resolve 333ms :: artifacts dl 11ms
[2024-05-21T18:55:56.249+0000] {spark_submit.py:571} INFO - :: modules in use:
[2024-05-21T18:55:56.249+0000] {spark_submit.py:571} INFO - com.datastax.oss#java-driver-core-shaded;4.13.0 from central in [default]
[2024-05-21T18:55:56.250+0000] {spark_submit.py:571} INFO - com.datastax.oss#java-driver-mapper-runtime;4.13.0 from central in [default]
[2024-05-21T18:55:56.250+0000] {spark_submit.py:571} INFO - com.datastax.oss#java-driver-query-builder;4.13.0 from central in [default]
[2024-05-21T18:55:56.250+0000] {spark_submit.py:571} INFO - com.datastax.oss#java-driver-shaded-guava;25.1-jre-graal-sub-1 from central in [default]
[2024-05-21T18:55:56.250+0000] {spark_submit.py:571} INFO - com.datastax.oss#native-protocol;1.5.0 from central in [default]
[2024-05-21T18:55:56.251+0000] {spark_submit.py:571} INFO - com.datastax.spark#spark-cassandra-connector-driver_2.12;3.5.0 from central in [default]
[2024-05-21T18:55:56.251+0000] {spark_submit.py:571} INFO - com.datastax.spark#spark-cassandra-connector_2.12;3.5.0 from central in [default]
[2024-05-21T18:55:56.251+0000] {spark_submit.py:571} INFO - com.github.spotbugs#spotbugs-annotations;3.1.12 from central in [default]
[2024-05-21T18:55:56.252+0000] {spark_submit.py:571} INFO - com.github.stephenc.jcip#jcip-annotations;1.0-1 from central in [default]
[2024-05-21T18:55:56.252+0000] {spark_submit.py:571} INFO - com.google.code.findbugs#jsr305;3.0.2 from central in [default]
[2024-05-21T18:55:56.252+0000] {spark_submit.py:571} INFO - com.thoughtworks.paranamer#paranamer;2.8 from central in [default]
[2024-05-21T18:55:56.253+0000] {spark_submit.py:571} INFO - com.typesafe#config;1.4.1 from central in [default]
[2024-05-21T18:55:56.253+0000] {spark_submit.py:571} INFO - commons-logging#commons-logging;1.1.3 from central in [default]
[2024-05-21T18:55:56.253+0000] {spark_submit.py:571} INFO - io.dropwizard.metrics#metrics-core;4.1.18 from central in [default]
[2024-05-21T18:55:56.253+0000] {spark_submit.py:571} INFO - org.apache.commons#commons-lang3;3.10 from central in [default]
[2024-05-21T18:55:56.254+0000] {spark_submit.py:571} INFO - org.apache.commons#commons-pool2;2.11.1 from central in [default]
[2024-05-21T18:55:56.254+0000] {spark_submit.py:571} INFO - org.apache.hadoop#hadoop-client-api;3.3.4 from central in [default]
[2024-05-21T18:55:56.254+0000] {spark_submit.py:571} INFO - org.apache.hadoop#hadoop-client-runtime;3.3.4 from central in [default]
[2024-05-21T18:55:56.254+0000] {spark_submit.py:571} INFO - org.apache.kafka#kafka-clients;3.4.1 from central in [default]
[2024-05-21T18:55:56.255+0000] {spark_submit.py:571} INFO - org.apache.spark#spark-sql-kafka-0-10_2.12;3.5.0 from central in [default]
[2024-05-21T18:55:56.255+0000] {spark_submit.py:571} INFO - org.apache.spark#spark-token-provider-kafka-0-10_2.12;3.5.0 from central in [default]
[2024-05-21T18:55:56.255+0000] {spark_submit.py:571} INFO - org.hdrhistogram#HdrHistogram;2.1.12 from central in [default]
[2024-05-21T18:55:56.255+0000] {spark_submit.py:571} INFO - org.lz4#lz4-java;1.8.0 from central in [default]
[2024-05-21T18:55:56.255+0000] {spark_submit.py:571} INFO - org.reactivestreams#reactive-streams;1.0.3 from central in [default]
[2024-05-21T18:55:56.255+0000] {spark_submit.py:571} INFO - org.scala-lang#scala-reflect;2.12.11 from central in [default]
[2024-05-21T18:55:56.256+0000] {spark_submit.py:571} INFO - org.scala-lang.modules#scala-collection-compat_2.12;2.11.0 from central in [default]
[2024-05-21T18:55:56.256+0000] {spark_submit.py:571} INFO - org.slf4j#slf4j-api;2.0.7 from central in [default]
[2024-05-21T18:55:56.256+0000] {spark_submit.py:571} INFO - org.xerial.snappy#snappy-java;1.1.10.3 from central in [default]
[2024-05-21T18:55:56.256+0000] {spark_submit.py:571} INFO - :: evicted modules:
[2024-05-21T18:55:56.257+0000] {spark_submit.py:571} INFO - com.google.code.findbugs#jsr305;3.0.0 by [com.google.code.findbugs#jsr305;3.0.2] in [default]
[2024-05-21T18:55:56.257+0000] {spark_submit.py:571} INFO - org.slf4j#slf4j-api;1.7.26 by [org.slf4j#slf4j-api;2.0.7] in [default]
[2024-05-21T18:55:56.257+0000] {spark_submit.py:571} INFO - ---------------------------------------------------------------------
[2024-05-21T18:55:56.258+0000] {spark_submit.py:571} INFO - |                  |            modules            ||   artifacts   |
[2024-05-21T18:55:56.258+0000] {spark_submit.py:571} INFO - |       conf       | number| search|dwnlded|evicted|| number|dwnlded|
[2024-05-21T18:55:56.258+0000] {spark_submit.py:571} INFO - ---------------------------------------------------------------------
[2024-05-21T18:55:56.259+0000] {spark_submit.py:571} INFO - |      default     |   30  |   0   |   0   |   2   ||   28  |   0   |
[2024-05-21T18:55:56.259+0000] {spark_submit.py:571} INFO - ---------------------------------------------------------------------
[2024-05-21T18:55:56.259+0000] {spark_submit.py:571} INFO - :: retrieving :: org.apache.spark#spark-submit-parent-798f0e62-c6c9-4492-84f7-db5e587b125e
[2024-05-21T18:55:56.260+0000] {spark_submit.py:571} INFO - confs: [default]
[2024-05-21T18:55:56.266+0000] {spark_submit.py:571} INFO - 0 artifacts copied, 28 already retrieved (0kB/10ms)
[2024-05-21T18:55:56.380+0000] {spark_submit.py:571} INFO - 24/05/21 18:55:56 WARN NativeCodeLoader: Unable to load native-hadoop library for your platform... using builtin-java classes where applicable
[2024-05-21T18:55:57.331+0000] {spark_submit.py:571} INFO - **** START SPARK JOB ****
[2024-05-21T18:55:57.331+0000] {spark_submit.py:571} INFO - Creating spark session...
[2024-05-21T18:55:57.380+0000] {spark_submit.py:571} INFO - 24/05/21 18:55:57 INFO SparkContext: Running Spark version 3.5.0
[2024-05-21T18:55:57.380+0000] {spark_submit.py:571} INFO - 24/05/21 18:55:57 INFO SparkContext: OS info Linux, 5.15.146.1-microsoft-standard-WSL2, amd64
[2024-05-21T18:55:57.381+0000] {spark_submit.py:571} INFO - 24/05/21 18:55:57 INFO SparkContext: Java version 17.0.11
[2024-05-21T18:55:57.391+0000] {spark_submit.py:571} INFO - 24/05/21 18:55:57 INFO ResourceUtils: ==============================================================
[2024-05-21T18:55:57.392+0000] {spark_submit.py:571} INFO - 24/05/21 18:55:57 INFO ResourceUtils: No custom resources configured for spark.driver.
[2024-05-21T18:55:57.392+0000] {spark_submit.py:571} INFO - 24/05/21 18:55:57 INFO ResourceUtils: ==============================================================
[2024-05-21T18:55:57.392+0000] {spark_submit.py:571} INFO - 24/05/21 18:55:57 INFO SparkContext: Submitted application: KafkaToCassandraProcessing
[2024-05-21T18:55:57.403+0000] {spark_submit.py:571} INFO - 24/05/21 18:55:57 INFO ResourceProfile: Default ResourceProfile created, executor resources: Map(memory -> name: memory, amount: 1024, script: , vendor: , offHeap -> name: offHeap, amount: 0, script: , vendor: ), task resources: Map(cpus -> name: cpus, amount: 1.0)
[2024-05-21T18:55:57.408+0000] {spark_submit.py:571} INFO - 24/05/21 18:55:57 INFO ResourceProfile: Limiting resource is cpu
[2024-05-21T18:55:57.408+0000] {spark_submit.py:571} INFO - 24/05/21 18:55:57 INFO ResourceProfileManager: Added ResourceProfile id: 0
[2024-05-21T18:55:57.434+0000] {spark_submit.py:571} INFO - 24/05/21 18:55:57 INFO SecurityManager: Changing view acls to: ***
[2024-05-21T18:55:57.435+0000] {spark_submit.py:571} INFO - 24/05/21 18:55:57 INFO SecurityManager: Changing modify acls to: ***
[2024-05-21T18:55:57.435+0000] {spark_submit.py:571} INFO - 24/05/21 18:55:57 INFO SecurityManager: Changing view acls groups to:
[2024-05-21T18:55:57.435+0000] {spark_submit.py:571} INFO - 24/05/21 18:55:57 INFO SecurityManager: Changing modify acls groups to:
[2024-05-21T18:55:57.436+0000] {spark_submit.py:571} INFO - 24/05/21 18:55:57 INFO SecurityManager: SecurityManager: authentication disabled; ui acls disabled; users with view permissions: ***; groups with view permissions: EMPTY; users with modify permissions: ***; groups with modify permissions: EMPTY
[2024-05-21T18:55:57.542+0000] {spark_submit.py:571} INFO - 24/05/21 18:55:57 INFO Utils: Successfully started service 'sparkDriver' on port 42161.
[2024-05-21T18:55:57.554+0000] {spark_submit.py:571} INFO - 24/05/21 18:55:57 INFO SparkEnv: Registering MapOutputTracker
[2024-05-21T18:55:57.569+0000] {spark_submit.py:571} INFO - 24/05/21 18:55:57 INFO SparkEnv: Registering BlockManagerMaster
[2024-05-21T18:55:57.577+0000] {spark_submit.py:571} INFO - 24/05/21 18:55:57 INFO BlockManagerMasterEndpoint: Using org.apache.spark.storage.DefaultTopologyMapper for getting topology information
[2024-05-21T18:55:57.577+0000] {spark_submit.py:571} INFO - 24/05/21 18:55:57 INFO BlockManagerMasterEndpoint: BlockManagerMasterEndpoint up
[2024-05-21T18:55:57.579+0000] {spark_submit.py:571} INFO - 24/05/21 18:55:57 INFO SparkEnv: Registering BlockManagerMasterHeartbeat
[2024-05-21T18:55:57.588+0000] {spark_submit.py:571} INFO - 24/05/21 18:55:57 INFO DiskBlockManager: Created local directory at /tmp/blockmgr-44e6e304-8ba0-43b7-b53a-d6d53434ac99
[2024-05-21T18:55:57.594+0000] {spark_submit.py:571} INFO - 24/05/21 18:55:57 INFO MemoryStore: MemoryStore started with capacity 434.4 MiB
[2024-05-21T18:55:57.601+0000] {spark_submit.py:571} INFO - 24/05/21 18:55:57 INFO SparkEnv: Registering OutputCommitCoordinator
[2024-05-21T18:55:57.660+0000] {spark_submit.py:571} INFO - 24/05/21 18:55:57 INFO JettyUtils: Start Jetty 0.0.0.0:4040 for SparkUI
[2024-05-21T18:55:57.690+0000] {spark_submit.py:571} INFO - 24/05/21 18:55:57 INFO Utils: Successfully started service 'SparkUI' on port 4040.
[2024-05-21T18:55:57.709+0000] {spark_submit.py:571} INFO - 24/05/21 18:55:57 INFO SparkContext: Added JAR file:///home/***/.ivy2/jars/org.apache.spark_spark-sql-kafka-0-10_2.12-3.5.0.jar at spark://0bedcfb13132:42161/jars/org.apache.spark_spark-sql-kafka-0-10_2.12-3.5.0.jar with timestamp 1716317757376
[2024-05-21T18:55:57.710+0000] {spark_submit.py:571} INFO - 24/05/21 18:55:57 INFO SparkContext: Added JAR file:///home/***/.ivy2/jars/com.datastax.spark_spark-cassandra-connector_2.12-3.5.0.jar at spark://0bedcfb13132:42161/jars/com.datastax.spark_spark-cassandra-connector_2.12-3.5.0.jar with timestamp 1716317757376
[2024-05-21T18:55:57.710+0000] {spark_submit.py:571} INFO - 24/05/21 18:55:57 INFO SparkContext: Added JAR file:///home/***/.ivy2/jars/org.apache.spark_spark-token-provider-kafka-0-10_2.12-3.5.0.jar at spark://0bedcfb13132:42161/jars/org.apache.spark_spark-token-provider-kafka-0-10_2.12-3.5.0.jar with timestamp 1716317757376
[2024-05-21T18:55:57.710+0000] {spark_submit.py:571} INFO - 24/05/21 18:55:57 INFO SparkContext: Added JAR file:///home/***/.ivy2/jars/org.apache.kafka_kafka-clients-3.4.1.jar at spark://0bedcfb13132:42161/jars/org.apache.kafka_kafka-clients-3.4.1.jar with timestamp 1716317757376
[2024-05-21T18:55:57.711+0000] {spark_submit.py:571} INFO - 24/05/21 18:55:57 INFO SparkContext: Added JAR file:///home/***/.ivy2/jars/org.apache.commons_commons-pool2-2.11.1.jar at spark://0bedcfb13132:42161/jars/org.apache.commons_commons-pool2-2.11.1.jar with timestamp 1716317757376
[2024-05-21T18:55:57.711+0000] {spark_submit.py:571} INFO - 24/05/21 18:55:57 INFO SparkContext: Added JAR file:///home/***/.ivy2/jars/org.apache.hadoop_hadoop-client-runtime-3.3.4.jar at spark://0bedcfb13132:42161/jars/org.apache.hadoop_hadoop-client-runtime-3.3.4.jar with timestamp 1716317757376
[2024-05-21T18:55:57.711+0000] {spark_submit.py:571} INFO - 24/05/21 18:55:57 INFO SparkContext: Added JAR file:///home/***/.ivy2/jars/org.lz4_lz4-java-1.8.0.jar at spark://0bedcfb13132:42161/jars/org.lz4_lz4-java-1.8.0.jar with timestamp 1716317757376
[2024-05-21T18:55:57.711+0000] {spark_submit.py:571} INFO - 24/05/21 18:55:57 INFO SparkContext: Added JAR file:///home/***/.ivy2/jars/org.xerial.snappy_snappy-java-1.1.10.3.jar at spark://0bedcfb13132:42161/jars/org.xerial.snappy_snappy-java-1.1.10.3.jar with timestamp 1716317757376
[2024-05-21T18:55:57.712+0000] {spark_submit.py:571} INFO - 24/05/21 18:55:57 INFO SparkContext: Added JAR file:///home/***/.ivy2/jars/org.slf4j_slf4j-api-2.0.7.jar at spark://0bedcfb13132:42161/jars/org.slf4j_slf4j-api-2.0.7.jar with timestamp 1716317757376
[2024-05-21T18:55:57.712+0000] {spark_submit.py:571} INFO - 24/05/21 18:55:57 INFO SparkContext: Added JAR file:///home/***/.ivy2/jars/org.apache.hadoop_hadoop-client-api-3.3.4.jar at spark://0bedcfb13132:42161/jars/org.apache.hadoop_hadoop-client-api-3.3.4.jar with timestamp 1716317757376
[2024-05-21T18:55:57.712+0000] {spark_submit.py:571} INFO - 24/05/21 18:55:57 INFO SparkContext: Added JAR file:///home/***/.ivy2/jars/commons-logging_commons-logging-1.1.3.jar at spark://0bedcfb13132:42161/jars/commons-logging_commons-logging-1.1.3.jar with timestamp 1716317757376
[2024-05-21T18:55:57.712+0000] {spark_submit.py:571} INFO - 24/05/21 18:55:57 INFO SparkContext: Added JAR file:///home/***/.ivy2/jars/com.datastax.spark_spark-cassandra-connector-driver_2.12-3.5.0.jar at spark://0bedcfb13132:42161/jars/com.datastax.spark_spark-cassandra-connector-driver_2.12-3.5.0.jar with timestamp 1716317757376
[2024-05-21T18:55:57.713+0000] {spark_submit.py:571} INFO - 24/05/21 18:55:57 INFO SparkContext: Added JAR file:///home/***/.ivy2/jars/org.scala-lang.modules_scala-collection-compat_2.12-2.11.0.jar at spark://0bedcfb13132:42161/jars/org.scala-lang.modules_scala-collection-compat_2.12-2.11.0.jar with timestamp 1716317757376
[2024-05-21T18:55:57.713+0000] {spark_submit.py:571} INFO - 24/05/21 18:55:57 INFO SparkContext: Added JAR file:///home/***/.ivy2/jars/com.datastax.oss_java-driver-core-shaded-4.13.0.jar at spark://0bedcfb13132:42161/jars/com.datastax.oss_java-driver-core-shaded-4.13.0.jar with timestamp 1716317757376
[2024-05-21T18:55:57.713+0000] {spark_submit.py:571} INFO - 24/05/21 18:55:57 INFO SparkContext: Added JAR file:///home/***/.ivy2/jars/com.datastax.oss_java-driver-mapper-runtime-4.13.0.jar at spark://0bedcfb13132:42161/jars/com.datastax.oss_java-driver-mapper-runtime-4.13.0.jar with timestamp 1716317757376
[2024-05-21T18:55:57.714+0000] {spark_submit.py:571} INFO - 24/05/21 18:55:57 INFO SparkContext: Added JAR file:///home/***/.ivy2/jars/org.apache.commons_commons-lang3-3.10.jar at spark://0bedcfb13132:42161/jars/org.apache.commons_commons-lang3-3.10.jar with timestamp 1716317757376
[2024-05-21T18:55:57.714+0000] {spark_submit.py:571} INFO - 24/05/21 18:55:57 INFO SparkContext: Added JAR file:///home/***/.ivy2/jars/com.thoughtworks.paranamer_paranamer-2.8.jar at spark://0bedcfb13132:42161/jars/com.thoughtworks.paranamer_paranamer-2.8.jar with timestamp 1716317757376
[2024-05-21T18:55:57.714+0000] {spark_submit.py:571} INFO - 24/05/21 18:55:57 INFO SparkContext: Added JAR file:///home/***/.ivy2/jars/org.scala-lang_scala-reflect-2.12.11.jar at spark://0bedcfb13132:42161/jars/org.scala-lang_scala-reflect-2.12.11.jar with timestamp 1716317757376
[2024-05-21T18:55:57.715+0000] {spark_submit.py:571} INFO - 24/05/21 18:55:57 INFO SparkContext: Added JAR file:///home/***/.ivy2/jars/com.datastax.oss_native-protocol-1.5.0.jar at spark://0bedcfb13132:42161/jars/com.datastax.oss_native-protocol-1.5.0.jar with timestamp 1716317757376
[2024-05-21T18:55:57.715+0000] {spark_submit.py:571} INFO - 24/05/21 18:55:57 INFO SparkContext: Added JAR file:///home/***/.ivy2/jars/com.datastax.oss_java-driver-shaded-guava-25.1-jre-graal-sub-1.jar at spark://0bedcfb13132:42161/jars/com.datastax.oss_java-driver-shaded-guava-25.1-jre-graal-sub-1.jar with timestamp 1716317757376
[2024-05-21T18:55:57.715+0000] {spark_submit.py:571} INFO - 24/05/21 18:55:57 INFO SparkContext: Added JAR file:///home/***/.ivy2/jars/com.typesafe_config-1.4.1.jar at spark://0bedcfb13132:42161/jars/com.typesafe_config-1.4.1.jar with timestamp 1716317757376
[2024-05-21T18:55:57.715+0000] {spark_submit.py:571} INFO - 24/05/21 18:55:57 INFO SparkContext: Added JAR file:///home/***/.ivy2/jars/io.dropwizard.metrics_metrics-core-4.1.18.jar at spark://0bedcfb13132:42161/jars/io.dropwizard.metrics_metrics-core-4.1.18.jar with timestamp 1716317757376
[2024-05-21T18:55:57.716+0000] {spark_submit.py:571} INFO - 24/05/21 18:55:57 INFO SparkContext: Added JAR file:///home/***/.ivy2/jars/org.hdrhistogram_HdrHistogram-2.1.12.jar at spark://0bedcfb13132:42161/jars/org.hdrhistogram_HdrHistogram-2.1.12.jar with timestamp 1716317757376
[2024-05-21T18:55:57.716+0000] {spark_submit.py:571} INFO - 24/05/21 18:55:57 INFO SparkContext: Added JAR file:///home/***/.ivy2/jars/org.reactivestreams_reactive-streams-1.0.3.jar at spark://0bedcfb13132:42161/jars/org.reactivestreams_reactive-streams-1.0.3.jar with timestamp 1716317757376
[2024-05-21T18:55:57.716+0000] {spark_submit.py:571} INFO - 24/05/21 18:55:57 INFO SparkContext: Added JAR file:///home/***/.ivy2/jars/com.github.stephenc.jcip_jcip-annotations-1.0-1.jar at spark://0bedcfb13132:42161/jars/com.github.stephenc.jcip_jcip-annotations-1.0-1.jar with timestamp 1716317757376
[2024-05-21T18:55:57.716+0000] {spark_submit.py:571} INFO - 24/05/21 18:55:57 INFO SparkContext: Added JAR file:///home/***/.ivy2/jars/com.github.spotbugs_spotbugs-annotations-3.1.12.jar at spark://0bedcfb13132:42161/jars/com.github.spotbugs_spotbugs-annotations-3.1.12.jar with timestamp 1716317757376
[2024-05-21T18:55:57.716+0000] {spark_submit.py:571} INFO - 24/05/21 18:55:57 INFO SparkContext: Added JAR file:///home/***/.ivy2/jars/com.google.code.findbugs_jsr305-3.0.2.jar at spark://0bedcfb13132:42161/jars/com.google.code.findbugs_jsr305-3.0.2.jar with timestamp 1716317757376
[2024-05-21T18:55:57.716+0000] {spark_submit.py:571} INFO - 24/05/21 18:55:57 INFO SparkContext: Added JAR file:///home/***/.ivy2/jars/com.datastax.oss_java-driver-query-builder-4.13.0.jar at spark://0bedcfb13132:42161/jars/com.datastax.oss_java-driver-query-builder-4.13.0.jar with timestamp 1716317757376
[2024-05-21T18:55:57.717+0000] {spark_submit.py:571} INFO - 24/05/21 18:55:57 INFO SparkContext: Added file file:///home/***/.ivy2/jars/org.apache.spark_spark-sql-kafka-0-10_2.12-3.5.0.jar at spark://0bedcfb13132:42161/files/org.apache.spark_spark-sql-kafka-0-10_2.12-3.5.0.jar with timestamp 1716317757376
[2024-05-21T18:55:57.717+0000] {spark_submit.py:571} INFO - 24/05/21 18:55:57 INFO Utils: Copying /home/***/.ivy2/jars/org.apache.spark_spark-sql-kafka-0-10_2.12-3.5.0.jar to /tmp/spark-b251eddf-e95e-4212-8cde-2c36f1bba482/userFiles-b99ae21b-4fad-4c24-95cb-5bd2fec7f55f/org.apache.spark_spark-sql-kafka-0-10_2.12-3.5.0.jar
[2024-05-21T18:55:57.721+0000] {spark_submit.py:571} INFO - 24/05/21 18:55:57 INFO SparkContext: Added file file:///home/***/.ivy2/jars/com.datastax.spark_spark-cassandra-connector_2.12-3.5.0.jar at spark://0bedcfb13132:42161/files/com.datastax.spark_spark-cassandra-connector_2.12-3.5.0.jar with timestamp 1716317757376
[2024-05-21T18:55:57.722+0000] {spark_submit.py:571} INFO - 24/05/21 18:55:57 INFO Utils: Copying /home/***/.ivy2/jars/com.datastax.spark_spark-cassandra-connector_2.12-3.5.0.jar to /tmp/spark-b251eddf-e95e-4212-8cde-2c36f1bba482/userFiles-b99ae21b-4fad-4c24-95cb-5bd2fec7f55f/com.datastax.spark_spark-cassandra-connector_2.12-3.5.0.jar
[2024-05-21T18:55:57.725+0000] {spark_submit.py:571} INFO - 24/05/21 18:55:57 INFO SparkContext: Added file file:///home/***/.ivy2/jars/org.apache.spark_spark-token-provider-kafka-0-10_2.12-3.5.0.jar at spark://0bedcfb13132:42161/files/org.apache.spark_spark-token-provider-kafka-0-10_2.12-3.5.0.jar with timestamp 1716317757376
[2024-05-21T18:55:57.725+0000] {spark_submit.py:571} INFO - 24/05/21 18:55:57 INFO Utils: Copying /home/***/.ivy2/jars/org.apache.spark_spark-token-provider-kafka-0-10_2.12-3.5.0.jar to /tmp/spark-b251eddf-e95e-4212-8cde-2c36f1bba482/userFiles-b99ae21b-4fad-4c24-95cb-5bd2fec7f55f/org.apache.spark_spark-token-provider-kafka-0-10_2.12-3.5.0.jar
[2024-05-21T18:55:57.727+0000] {spark_submit.py:571} INFO - 24/05/21 18:55:57 INFO SparkContext: Added file file:///home/***/.ivy2/jars/org.apache.kafka_kafka-clients-3.4.1.jar at spark://0bedcfb13132:42161/files/org.apache.kafka_kafka-clients-3.4.1.jar with timestamp 1716317757376
[2024-05-21T18:55:57.728+0000] {spark_submit.py:571} INFO - 24/05/21 18:55:57 INFO Utils: Copying /home/***/.ivy2/jars/org.apache.kafka_kafka-clients-3.4.1.jar to /tmp/spark-b251eddf-e95e-4212-8cde-2c36f1bba482/userFiles-b99ae21b-4fad-4c24-95cb-5bd2fec7f55f/org.apache.kafka_kafka-clients-3.4.1.jar
[2024-05-21T18:55:57.732+0000] {spark_submit.py:571} INFO - 24/05/21 18:55:57 INFO SparkContext: Added file file:///home/***/.ivy2/jars/org.apache.commons_commons-pool2-2.11.1.jar at spark://0bedcfb13132:42161/files/org.apache.commons_commons-pool2-2.11.1.jar with timestamp 1716317757376
[2024-05-21T18:55:57.732+0000] {spark_submit.py:571} INFO - 24/05/21 18:55:57 INFO Utils: Copying /home/***/.ivy2/jars/org.apache.commons_commons-pool2-2.11.1.jar to /tmp/spark-b251eddf-e95e-4212-8cde-2c36f1bba482/userFiles-b99ae21b-4fad-4c24-95cb-5bd2fec7f55f/org.apache.commons_commons-pool2-2.11.1.jar
[2024-05-21T18:55:57.735+0000] {spark_submit.py:571} INFO - 24/05/21 18:55:57 INFO SparkContext: Added file file:///home/***/.ivy2/jars/org.apache.hadoop_hadoop-client-runtime-3.3.4.jar at spark://0bedcfb13132:42161/files/org.apache.hadoop_hadoop-client-runtime-3.3.4.jar with timestamp 1716317757376
[2024-05-21T18:55:57.736+0000] {spark_submit.py:571} INFO - 24/05/21 18:55:57 INFO Utils: Copying /home/***/.ivy2/jars/org.apache.hadoop_hadoop-client-runtime-3.3.4.jar to /tmp/spark-b251eddf-e95e-4212-8cde-2c36f1bba482/userFiles-b99ae21b-4fad-4c24-95cb-5bd2fec7f55f/org.apache.hadoop_hadoop-client-runtime-3.3.4.jar
[2024-05-21T18:55:57.747+0000] {spark_submit.py:571} INFO - 24/05/21 18:55:57 INFO SparkContext: Added file file:///home/***/.ivy2/jars/org.lz4_lz4-java-1.8.0.jar at spark://0bedcfb13132:42161/files/org.lz4_lz4-java-1.8.0.jar with timestamp 1716317757376
[2024-05-21T18:55:57.748+0000] {spark_submit.py:571} INFO - 24/05/21 18:55:57 INFO Utils: Copying /home/***/.ivy2/jars/org.lz4_lz4-java-1.8.0.jar to /tmp/spark-b251eddf-e95e-4212-8cde-2c36f1bba482/userFiles-b99ae21b-4fad-4c24-95cb-5bd2fec7f55f/org.lz4_lz4-java-1.8.0.jar
[2024-05-21T18:55:57.750+0000] {spark_submit.py:571} INFO - 24/05/21 18:55:57 INFO SparkContext: Added file file:///home/***/.ivy2/jars/org.xerial.snappy_snappy-java-1.1.10.3.jar at spark://0bedcfb13132:42161/files/org.xerial.snappy_snappy-java-1.1.10.3.jar with timestamp 1716317757376
[2024-05-21T18:55:57.750+0000] {spark_submit.py:571} INFO - 24/05/21 18:55:57 INFO Utils: Copying /home/***/.ivy2/jars/org.xerial.snappy_snappy-java-1.1.10.3.jar to /tmp/spark-b251eddf-e95e-4212-8cde-2c36f1bba482/userFiles-b99ae21b-4fad-4c24-95cb-5bd2fec7f55f/org.xerial.snappy_snappy-java-1.1.10.3.jar
[2024-05-21T18:55:57.754+0000] {spark_submit.py:571} INFO - 24/05/21 18:55:57 INFO SparkContext: Added file file:///home/***/.ivy2/jars/org.slf4j_slf4j-api-2.0.7.jar at spark://0bedcfb13132:42161/files/org.slf4j_slf4j-api-2.0.7.jar with timestamp 1716317757376
[2024-05-21T18:55:57.754+0000] {spark_submit.py:571} INFO - 24/05/21 18:55:57 INFO Utils: Copying /home/***/.ivy2/jars/org.slf4j_slf4j-api-2.0.7.jar to /tmp/spark-b251eddf-e95e-4212-8cde-2c36f1bba482/userFiles-b99ae21b-4fad-4c24-95cb-5bd2fec7f55f/org.slf4j_slf4j-api-2.0.7.jar
[2024-05-21T18:55:57.756+0000] {spark_submit.py:571} INFO - 24/05/21 18:55:57 INFO SparkContext: Added file file:///home/***/.ivy2/jars/org.apache.hadoop_hadoop-client-api-3.3.4.jar at spark://0bedcfb13132:42161/files/org.apache.hadoop_hadoop-client-api-3.3.4.jar with timestamp 1716317757376
[2024-05-21T18:55:57.756+0000] {spark_submit.py:571} INFO - 24/05/21 18:55:57 INFO Utils: Copying /home/***/.ivy2/jars/org.apache.hadoop_hadoop-client-api-3.3.4.jar to /tmp/spark-b251eddf-e95e-4212-8cde-2c36f1bba482/userFiles-b99ae21b-4fad-4c24-95cb-5bd2fec7f55f/org.apache.hadoop_hadoop-client-api-3.3.4.jar
[2024-05-21T18:55:57.764+0000] {spark_submit.py:571} INFO - 24/05/21 18:55:57 INFO SparkContext: Added file file:///home/***/.ivy2/jars/commons-logging_commons-logging-1.1.3.jar at spark://0bedcfb13132:42161/files/commons-logging_commons-logging-1.1.3.jar with timestamp 1716317757376
[2024-05-21T18:55:57.765+0000] {spark_submit.py:571} INFO - 24/05/21 18:55:57 INFO Utils: Copying /home/***/.ivy2/jars/commons-logging_commons-logging-1.1.3.jar to /tmp/spark-b251eddf-e95e-4212-8cde-2c36f1bba482/userFiles-b99ae21b-4fad-4c24-95cb-5bd2fec7f55f/commons-logging_commons-logging-1.1.3.jar
[2024-05-21T18:55:57.766+0000] {spark_submit.py:571} INFO - 24/05/21 18:55:57 INFO SparkContext: Added file file:///home/***/.ivy2/jars/com.datastax.spark_spark-cassandra-connector-driver_2.12-3.5.0.jar at spark://0bedcfb13132:42161/files/com.datastax.spark_spark-cassandra-connector-driver_2.12-3.5.0.jar with timestamp 1716317757376
[2024-05-21T18:55:57.767+0000] {spark_submit.py:571} INFO - 24/05/21 18:55:57 INFO Utils: Copying /home/***/.ivy2/jars/com.datastax.spark_spark-cassandra-connector-driver_2.12-3.5.0.jar to /tmp/spark-b251eddf-e95e-4212-8cde-2c36f1bba482/userFiles-b99ae21b-4fad-4c24-95cb-5bd2fec7f55f/com.datastax.spark_spark-cassandra-connector-driver_2.12-3.5.0.jar
[2024-05-21T18:55:57.768+0000] {spark_submit.py:571} INFO - 24/05/21 18:55:57 INFO SparkContext: Added file file:///home/***/.ivy2/jars/org.scala-lang.modules_scala-collection-compat_2.12-2.11.0.jar at spark://0bedcfb13132:42161/files/org.scala-lang.modules_scala-collection-compat_2.12-2.11.0.jar with timestamp 1716317757376
[2024-05-21T18:55:57.769+0000] {spark_submit.py:571} INFO - 24/05/21 18:55:57 INFO Utils: Copying /home/***/.ivy2/jars/org.scala-lang.modules_scala-collection-compat_2.12-2.11.0.jar to /tmp/spark-b251eddf-e95e-4212-8cde-2c36f1bba482/userFiles-b99ae21b-4fad-4c24-95cb-5bd2fec7f55f/org.scala-lang.modules_scala-collection-compat_2.12-2.11.0.jar
[2024-05-21T18:55:57.770+0000] {spark_submit.py:571} INFO - 24/05/21 18:55:57 INFO SparkContext: Added file file:///home/***/.ivy2/jars/com.datastax.oss_java-driver-core-shaded-4.13.0.jar at spark://0bedcfb13132:42161/files/com.datastax.oss_java-driver-core-shaded-4.13.0.jar with timestamp 1716317757376
[2024-05-21T18:55:57.771+0000] {spark_submit.py:571} INFO - 24/05/21 18:55:57 INFO Utils: Copying /home/***/.ivy2/jars/com.datastax.oss_java-driver-core-shaded-4.13.0.jar to /tmp/spark-b251eddf-e95e-4212-8cde-2c36f1bba482/userFiles-b99ae21b-4fad-4c24-95cb-5bd2fec7f55f/com.datastax.oss_java-driver-core-shaded-4.13.0.jar
[2024-05-21T18:55:57.774+0000] {spark_submit.py:571} INFO - 24/05/21 18:55:57 INFO SparkContext: Added file file:///home/***/.ivy2/jars/com.datastax.oss_java-driver-mapper-runtime-4.13.0.jar at spark://0bedcfb13132:42161/files/com.datastax.oss_java-driver-mapper-runtime-4.13.0.jar with timestamp 1716317757376
[2024-05-21T18:55:57.775+0000] {spark_submit.py:571} INFO - 24/05/21 18:55:57 INFO Utils: Copying /home/***/.ivy2/jars/com.datastax.oss_java-driver-mapper-runtime-4.13.0.jar to /tmp/spark-b251eddf-e95e-4212-8cde-2c36f1bba482/userFiles-b99ae21b-4fad-4c24-95cb-5bd2fec7f55f/com.datastax.oss_java-driver-mapper-runtime-4.13.0.jar
[2024-05-21T18:55:57.776+0000] {spark_submit.py:571} INFO - 24/05/21 18:55:57 INFO SparkContext: Added file file:///home/***/.ivy2/jars/org.apache.commons_commons-lang3-3.10.jar at spark://0bedcfb13132:42161/files/org.apache.commons_commons-lang3-3.10.jar with timestamp 1716317757376
[2024-05-21T18:55:57.777+0000] {spark_submit.py:571} INFO - 24/05/21 18:55:57 INFO Utils: Copying /home/***/.ivy2/jars/org.apache.commons_commons-lang3-3.10.jar to /tmp/spark-b251eddf-e95e-4212-8cde-2c36f1bba482/userFiles-b99ae21b-4fad-4c24-95cb-5bd2fec7f55f/org.apache.commons_commons-lang3-3.10.jar
[2024-05-21T18:55:57.778+0000] {spark_submit.py:571} INFO - 24/05/21 18:55:57 INFO SparkContext: Added file file:///home/***/.ivy2/jars/com.thoughtworks.paranamer_paranamer-2.8.jar at spark://0bedcfb13132:42161/files/com.thoughtworks.paranamer_paranamer-2.8.jar with timestamp 1716317757376
[2024-05-21T18:55:57.778+0000] {spark_submit.py:571} INFO - 24/05/21 18:55:57 INFO Utils: Copying /home/***/.ivy2/jars/com.thoughtworks.paranamer_paranamer-2.8.jar to /tmp/spark-b251eddf-e95e-4212-8cde-2c36f1bba482/userFiles-b99ae21b-4fad-4c24-95cb-5bd2fec7f55f/com.thoughtworks.paranamer_paranamer-2.8.jar
[2024-05-21T18:55:57.780+0000] {spark_submit.py:571} INFO - 24/05/21 18:55:57 INFO SparkContext: Added file file:///home/***/.ivy2/jars/org.scala-lang_scala-reflect-2.12.11.jar at spark://0bedcfb13132:42161/files/org.scala-lang_scala-reflect-2.12.11.jar with timestamp 1716317757376
[2024-05-21T18:55:57.780+0000] {spark_submit.py:571} INFO - 24/05/21 18:55:57 INFO Utils: Copying /home/***/.ivy2/jars/org.scala-lang_scala-reflect-2.12.11.jar to /tmp/spark-b251eddf-e95e-4212-8cde-2c36f1bba482/userFiles-b99ae21b-4fad-4c24-95cb-5bd2fec7f55f/org.scala-lang_scala-reflect-2.12.11.jar
[2024-05-21T18:55:57.784+0000] {spark_submit.py:571} INFO - 24/05/21 18:55:57 INFO SparkContext: Added file file:///home/***/.ivy2/jars/com.datastax.oss_native-protocol-1.5.0.jar at spark://0bedcfb13132:42161/files/com.datastax.oss_native-protocol-1.5.0.jar with timestamp 1716317757376
[2024-05-21T18:55:57.784+0000] {spark_submit.py:571} INFO - 24/05/21 18:55:57 INFO Utils: Copying /home/***/.ivy2/jars/com.datastax.oss_native-protocol-1.5.0.jar to /tmp/spark-b251eddf-e95e-4212-8cde-2c36f1bba482/userFiles-b99ae21b-4fad-4c24-95cb-5bd2fec7f55f/com.datastax.oss_native-protocol-1.5.0.jar
[2024-05-21T18:55:57.785+0000] {spark_submit.py:571} INFO - 24/05/21 18:55:57 INFO SparkContext: Added file file:///home/***/.ivy2/jars/com.datastax.oss_java-driver-shaded-guava-25.1-jre-graal-sub-1.jar at spark://0bedcfb13132:42161/files/com.datastax.oss_java-driver-shaded-guava-25.1-jre-graal-sub-1.jar with timestamp 1716317757376
[2024-05-21T18:55:57.786+0000] {spark_submit.py:571} INFO - 24/05/21 18:55:57 INFO Utils: Copying /home/***/.ivy2/jars/com.datastax.oss_java-driver-shaded-guava-25.1-jre-graal-sub-1.jar to /tmp/spark-b251eddf-e95e-4212-8cde-2c36f1bba482/userFiles-b99ae21b-4fad-4c24-95cb-5bd2fec7f55f/com.datastax.oss_java-driver-shaded-guava-25.1-jre-graal-sub-1.jar
[2024-05-21T18:55:57.788+0000] {spark_submit.py:571} INFO - 24/05/21 18:55:57 INFO SparkContext: Added file file:///home/***/.ivy2/jars/com.typesafe_config-1.4.1.jar at spark://0bedcfb13132:42161/files/com.typesafe_config-1.4.1.jar with timestamp 1716317757376
[2024-05-21T18:55:57.788+0000] {spark_submit.py:571} INFO - 24/05/21 18:55:57 INFO Utils: Copying /home/***/.ivy2/jars/com.typesafe_config-1.4.1.jar to /tmp/spark-b251eddf-e95e-4212-8cde-2c36f1bba482/userFiles-b99ae21b-4fad-4c24-95cb-5bd2fec7f55f/com.typesafe_config-1.4.1.jar
[2024-05-21T18:55:57.790+0000] {spark_submit.py:571} INFO - 24/05/21 18:55:57 INFO SparkContext: Added file file:///home/***/.ivy2/jars/io.dropwizard.metrics_metrics-core-4.1.18.jar at spark://0bedcfb13132:42161/files/io.dropwizard.metrics_metrics-core-4.1.18.jar with timestamp 1716317757376
[2024-05-21T18:55:57.790+0000] {spark_submit.py:571} INFO - 24/05/21 18:55:57 INFO Utils: Copying /home/***/.ivy2/jars/io.dropwizard.metrics_metrics-core-4.1.18.jar to /tmp/spark-b251eddf-e95e-4212-8cde-2c36f1bba482/userFiles-b99ae21b-4fad-4c24-95cb-5bd2fec7f55f/io.dropwizard.metrics_metrics-core-4.1.18.jar
[2024-05-21T18:55:57.792+0000] {spark_submit.py:571} INFO - 24/05/21 18:55:57 INFO SparkContext: Added file file:///home/***/.ivy2/jars/org.hdrhistogram_HdrHistogram-2.1.12.jar at spark://0bedcfb13132:42161/files/org.hdrhistogram_HdrHistogram-2.1.12.jar with timestamp 1716317757376
[2024-05-21T18:55:57.792+0000] {spark_submit.py:571} INFO - 24/05/21 18:55:57 INFO Utils: Copying /home/***/.ivy2/jars/org.hdrhistogram_HdrHistogram-2.1.12.jar to /tmp/spark-b251eddf-e95e-4212-8cde-2c36f1bba482/userFiles-b99ae21b-4fad-4c24-95cb-5bd2fec7f55f/org.hdrhistogram_HdrHistogram-2.1.12.jar
[2024-05-21T18:55:57.793+0000] {spark_submit.py:571} INFO - 24/05/21 18:55:57 INFO SparkContext: Added file file:///home/***/.ivy2/jars/org.reactivestreams_reactive-streams-1.0.3.jar at spark://0bedcfb13132:42161/files/org.reactivestreams_reactive-streams-1.0.3.jar with timestamp 1716317757376
[2024-05-21T18:55:57.794+0000] {spark_submit.py:571} INFO - 24/05/21 18:55:57 INFO Utils: Copying /home/***/.ivy2/jars/org.reactivestreams_reactive-streams-1.0.3.jar to /tmp/spark-b251eddf-e95e-4212-8cde-2c36f1bba482/userFiles-b99ae21b-4fad-4c24-95cb-5bd2fec7f55f/org.reactivestreams_reactive-streams-1.0.3.jar
[2024-05-21T18:55:57.795+0000] {spark_submit.py:571} INFO - 24/05/21 18:55:57 INFO SparkContext: Added file file:///home/***/.ivy2/jars/com.github.stephenc.jcip_jcip-annotations-1.0-1.jar at spark://0bedcfb13132:42161/files/com.github.stephenc.jcip_jcip-annotations-1.0-1.jar with timestamp 1716317757376
[2024-05-21T18:55:57.795+0000] {spark_submit.py:571} INFO - 24/05/21 18:55:57 INFO Utils: Copying /home/***/.ivy2/jars/com.github.stephenc.jcip_jcip-annotations-1.0-1.jar to /tmp/spark-b251eddf-e95e-4212-8cde-2c36f1bba482/userFiles-b99ae21b-4fad-4c24-95cb-5bd2fec7f55f/com.github.stephenc.jcip_jcip-annotations-1.0-1.jar
[2024-05-21T18:55:57.797+0000] {spark_submit.py:571} INFO - 24/05/21 18:55:57 INFO SparkContext: Added file file:///home/***/.ivy2/jars/com.github.spotbugs_spotbugs-annotations-3.1.12.jar at spark://0bedcfb13132:42161/files/com.github.spotbugs_spotbugs-annotations-3.1.12.jar with timestamp 1716317757376
[2024-05-21T18:55:57.797+0000] {spark_submit.py:571} INFO - 24/05/21 18:55:57 INFO Utils: Copying /home/***/.ivy2/jars/com.github.spotbugs_spotbugs-annotations-3.1.12.jar to /tmp/spark-b251eddf-e95e-4212-8cde-2c36f1bba482/userFiles-b99ae21b-4fad-4c24-95cb-5bd2fec7f55f/com.github.spotbugs_spotbugs-annotations-3.1.12.jar
[2024-05-21T18:55:57.799+0000] {spark_submit.py:571} INFO - 24/05/21 18:55:57 INFO SparkContext: Added file file:///home/***/.ivy2/jars/com.google.code.findbugs_jsr305-3.0.2.jar at spark://0bedcfb13132:42161/files/com.google.code.findbugs_jsr305-3.0.2.jar with timestamp 1716317757376
[2024-05-21T18:55:57.799+0000] {spark_submit.py:571} INFO - 24/05/21 18:55:57 INFO Utils: Copying /home/***/.ivy2/jars/com.google.code.findbugs_jsr305-3.0.2.jar to /tmp/spark-b251eddf-e95e-4212-8cde-2c36f1bba482/userFiles-b99ae21b-4fad-4c24-95cb-5bd2fec7f55f/com.google.code.findbugs_jsr305-3.0.2.jar
[2024-05-21T18:55:57.801+0000] {spark_submit.py:571} INFO - 24/05/21 18:55:57 INFO SparkContext: Added file file:///home/***/.ivy2/jars/com.datastax.oss_java-driver-query-builder-4.13.0.jar at spark://0bedcfb13132:42161/files/com.datastax.oss_java-driver-query-builder-4.13.0.jar with timestamp 1716317757376
[2024-05-21T18:55:57.801+0000] {spark_submit.py:571} INFO - 24/05/21 18:55:57 INFO Utils: Copying /home/***/.ivy2/jars/com.datastax.oss_java-driver-query-builder-4.13.0.jar to /tmp/spark-b251eddf-e95e-4212-8cde-2c36f1bba482/userFiles-b99ae21b-4fad-4c24-95cb-5bd2fec7f55f/com.datastax.oss_java-driver-query-builder-4.13.0.jar
[2024-05-21T18:55:57.838+0000] {spark_submit.py:571} INFO - 24/05/21 18:55:57 INFO StandaloneAppClient$ClientEndpoint: Connecting to master spark://spark-master:7077...
[2024-05-21T18:55:57.858+0000] {spark_submit.py:571} INFO - 24/05/21 18:55:57 INFO TransportClientFactory: Successfully created connection to spark-master/172.20.0.7:7077 after 11 ms (0 ms spent in bootstraps)
[2024-05-21T18:55:57.901+0000] {spark_submit.py:571} INFO - 24/05/21 18:55:57 INFO StandaloneSchedulerBackend: Connected to Spark cluster with app ID app-20240521185557-0001
[2024-05-21T18:55:57.902+0000] {spark_submit.py:571} INFO - 24/05/21 18:55:57 INFO StandaloneAppClient$ClientEndpoint: Executor added: app-20240521185557-0001/0 on worker-20240521183745-172.20.0.9-44355 (172.20.0.9:44355) with 1 core(s)
[2024-05-21T18:55:57.903+0000] {spark_submit.py:571} INFO - 24/05/21 18:55:57 INFO StandaloneSchedulerBackend: Granted executor ID app-20240521185557-0001/0 on hostPort 172.20.0.9:44355 with 1 core(s), 1024.0 MiB RAM
[2024-05-21T18:55:57.908+0000] {spark_submit.py:571} INFO - 24/05/21 18:55:57 INFO Utils: Successfully started service 'org.apache.spark.network.netty.NettyBlockTransferService' on port 36133.
[2024-05-21T18:55:57.908+0000] {spark_submit.py:571} INFO - 24/05/21 18:55:57 INFO NettyBlockTransferService: Server created on 0bedcfb13132:36133
[2024-05-21T18:55:57.909+0000] {spark_submit.py:571} INFO - 24/05/21 18:55:57 INFO BlockManager: Using org.apache.spark.storage.RandomBlockReplicationPolicy for block replication policy
[2024-05-21T18:55:57.914+0000] {spark_submit.py:571} INFO - 24/05/21 18:55:57 INFO BlockManagerMaster: Registering BlockManager BlockManagerId(driver, 0bedcfb13132, 36133, None)
[2024-05-21T18:55:57.918+0000] {spark_submit.py:571} INFO - 24/05/21 18:55:57 INFO BlockManagerMasterEndpoint: Registering block manager 0bedcfb13132:36133 with 434.4 MiB RAM, BlockManagerId(driver, 0bedcfb13132, 36133, None)
[2024-05-21T18:55:57.920+0000] {spark_submit.py:571} INFO - 24/05/21 18:55:57 INFO BlockManagerMaster: Registered BlockManager BlockManagerId(driver, 0bedcfb13132, 36133, None)
[2024-05-21T18:55:57.921+0000] {spark_submit.py:571} INFO - 24/05/21 18:55:57 INFO BlockManager: Initialized BlockManager: BlockManagerId(driver, 0bedcfb13132, 36133, None)
[2024-05-21T18:55:57.927+0000] {spark_submit.py:571} INFO - 24/05/21 18:55:57 INFO StandaloneAppClient$ClientEndpoint: Executor updated: app-20240521185557-0001/0 is now RUNNING
[2024-05-21T18:55:58.018+0000] {spark_submit.py:571} INFO - 24/05/21 18:55:58 INFO StandaloneSchedulerBackend: SchedulerBackend is ready for scheduling beginning after reached minRegisteredResourcesRatio: 0.0
[2024-05-21T18:55:58.125+0000] {spark_submit.py:571} INFO - Spark connection created successfully.
[2024-05-21T18:55:58.126+0000] {spark_submit.py:571} INFO - Start initializing kafka connection ...
[2024-05-21T18:55:58.129+0000] {spark_submit.py:571} INFO - 24/05/21 18:55:58 INFO SharedState: Setting hive.metastore.warehouse.dir ('null') to the value of spark.sql.warehouse.dir.
[2024-05-21T18:55:58.130+0000] {spark_submit.py:571} INFO - 24/05/21 18:55:58 INFO SharedState: Warehouse path is 'file:/opt/***/spark-warehouse'.
[2024-05-21T18:55:58.778+0000] {spark_submit.py:571} INFO - Kafka connection created successfully.
[2024-05-21T18:55:58.778+0000] {spark_submit.py:571} INFO - Start processing kafka dataframe...
[2024-05-21T18:55:58.934+0000] {spark_submit.py:571} INFO - 24/05/21 18:55:58 WARN SparkStringUtils: Truncated the string representation of a plan since it was too large. This behavior can be adjusted by setting 'spark.sql.debug.maxToStringFields'.
[2024-05-21T18:55:59.011+0000] {spark_submit.py:571} INFO - Kafka dataframe processed successfully.
[2024-05-21T18:55:59.027+0000] {spark_submit.py:571} INFO - 24/05/21 18:55:59 INFO StateStoreCoordinatorRef: Registered StateStoreCoordinator endpoint
[2024-05-21T18:55:59.040+0000] {spark_submit.py:571} INFO - 24/05/21 18:55:59 WARN ResolveWriteToStream: Temporary checkpoint location created which is deleted normally when the query didn't fail: /tmp/temporary-a5274b18-3827-4694-b0d6-6602689eb4d3. If it's required to delete it under any circumstances, please set spark.sql.streaming.forceDeleteTempCheckpointLocation to true. Important to know deleting temp checkpoint folder is best effort.
[2024-05-21T18:55:59.049+0000] {spark_submit.py:571} INFO - 24/05/21 18:55:59 INFO ResolveWriteToStream: Checkpoint root file:///tmp/temporary-a5274b18-3827-4694-b0d6-6602689eb4d3 resolved to file:/tmp/temporary-a5274b18-3827-4694-b0d6-6602689eb4d3.
[2024-05-21T18:55:59.050+0000] {spark_submit.py:571} INFO - 24/05/21 18:55:59 WARN ResolveWriteToStream: spark.sql.adaptive.enabled is not supported in streaming DataFrames/Datasets and will be disabled.
[2024-05-21T18:55:59.082+0000] {spark_submit.py:571} INFO - 24/05/21 18:55:59 INFO StandaloneSchedulerBackend$StandaloneDriverEndpoint: Registered executor NettyRpcEndpointRef(spark-client://Executor) (172.20.0.9:55682) with ID 0,  ResourceProfileId 0
[2024-05-21T18:55:59.089+0000] {spark_submit.py:571} INFO - 24/05/21 18:55:59 INFO CheckpointFileManager: Writing atomically to file:/tmp/temporary-a5274b18-3827-4694-b0d6-6602689eb4d3/metadata using temp file file:/tmp/temporary-a5274b18-3827-4694-b0d6-6602689eb4d3/.metadata.e65e8fa9-ba02-4604-b11b-902dc2f1c80e.tmp
[2024-05-21T18:55:59.119+0000] {spark_submit.py:571} INFO - 24/05/21 18:55:59 INFO BlockManagerMasterEndpoint: Registering block manager 172.20.0.9:44621 with 434.4 MiB RAM, BlockManagerId(0, 172.20.0.9, 44621, None)
[2024-05-21T18:55:59.130+0000] {spark_submit.py:571} INFO - 24/05/21 18:55:59 INFO CheckpointFileManager: Renamed temp file file:/tmp/temporary-a5274b18-3827-4694-b0d6-6602689eb4d3/.metadata.e65e8fa9-ba02-4604-b11b-902dc2f1c80e.tmp to file:/tmp/temporary-a5274b18-3827-4694-b0d6-6602689eb4d3/metadata
[2024-05-21T18:55:59.146+0000] {spark_submit.py:571} INFO - 24/05/21 18:55:59 INFO MicroBatchExecution: Starting [id = 9db63a58-90fe-4ee6-9cc9-d602b523c624, runId = 4f2093e7-e8d4-460a-a618-3238c1241a69]. Use file:/tmp/temporary-a5274b18-3827-4694-b0d6-6602689eb4d3 to store the query checkpoint.
[2024-05-21T18:55:59.150+0000] {spark_submit.py:571} INFO - Testing cassandra connection...
[2024-05-21T18:55:59.152+0000] {spark_submit.py:571} INFO - 24/05/21 18:55:59 INFO MicroBatchExecution: Reading table [org.apache.spark.sql.kafka010.KafkaSourceProvider$KafkaTable@55e2dd47] from DataSourceV2 named 'kafka' [org.apache.spark.sql.kafka010.KafkaSourceProvider@5c08c12d]
[2024-05-21T18:55:59.171+0000] {spark_submit.py:571} INFO - 24/05/21 18:55:59 INFO OffsetSeqLog: BatchIds found from listing:
[2024-05-21T18:55:59.171+0000] {spark_submit.py:571} INFO - 24/05/21 18:55:59 INFO OffsetSeqLog: BatchIds found from listing:
[2024-05-21T18:55:59.172+0000] {spark_submit.py:571} INFO - 24/05/21 18:55:59 INFO MicroBatchExecution: Starting new streaming query.
[2024-05-21T18:55:59.173+0000] {spark_submit.py:571} INFO - 24/05/21 18:55:59 INFO MicroBatchExecution: Stream started from {}
[2024-05-21T18:55:59.201+0000] {spark_submit.py:571} INFO - Failed to connect to Cassandra: An error occurred while calling o86.load.
[2024-05-21T18:55:59.201+0000] {spark_submit.py:571} INFO - : java.lang.NullPointerException: null value for keyspace
[2024-05-21T18:55:59.201+0000] {spark_submit.py:571} INFO - at org.apache.spark.SparkConf.set(SparkConf.scala:91)
[2024-05-21T18:55:59.202+0000] {spark_submit.py:571} INFO - at org.apache.spark.SparkConf.set(SparkConf.scala:83)
[2024-05-21T18:55:59.202+0000] {spark_submit.py:571} INFO - at org.apache.spark.SparkConf.$anonfun$setAll$1(SparkConf.scala:172)
[2024-05-21T18:55:59.202+0000] {spark_submit.py:571} INFO - at scala.collection.immutable.Map$Map2.foreach(Map.scala:273)
[2024-05-21T18:55:59.203+0000] {spark_submit.py:571} INFO - at org.apache.spark.SparkConf.setAll(SparkConf.scala:172)
[2024-05-21T18:55:59.203+0000] {spark_submit.py:571} INFO - at com.datastax.spark.connector.datasource.CassandraSourceUtil$.consolidateConfs(CassandraSourceUtil.scala:103)
[2024-05-21T18:55:59.203+0000] {spark_submit.py:571} INFO - at org.apache.spark.sql.cassandra.DefaultSource.getTable(DefaultSource.scala:60)
[2024-05-21T18:55:59.203+0000] {spark_submit.py:571} INFO - at org.apache.spark.sql.cassandra.DefaultSource.inferSchema(DefaultSource.scala:67)
[2024-05-21T18:55:59.204+0000] {spark_submit.py:571} INFO - at org.apache.spark.sql.execution.datasources.v2.DataSourceV2Utils$.getTableFromProvider(DataSourceV2Utils.scala:90)
[2024-05-21T18:55:59.204+0000] {spark_submit.py:571} INFO - at org.apache.spark.sql.execution.datasources.v2.DataSourceV2Utils$.loadV2Source(DataSourceV2Utils.scala:140)
[2024-05-21T18:55:59.204+0000] {spark_submit.py:571} INFO - at org.apache.spark.sql.DataFrameReader.$anonfun$load$1(DataFrameReader.scala:210)
[2024-05-21T18:55:59.204+0000] {spark_submit.py:571} INFO - at scala.Option.flatMap(Option.scala:271)
[2024-05-21T18:55:59.205+0000] {spark_submit.py:571} INFO - at org.apache.spark.sql.DataFrameReader.load(DataFrameReader.scala:208)
[2024-05-21T18:55:59.205+0000] {spark_submit.py:571} INFO - at org.apache.spark.sql.DataFrameReader.load(DataFrameReader.scala:172)
[2024-05-21T18:55:59.205+0000] {spark_submit.py:571} INFO - at java.base/jdk.internal.reflect.NativeMethodAccessorImpl.invoke0(Native Method)
[2024-05-21T18:55:59.206+0000] {spark_submit.py:571} INFO - at java.base/jdk.internal.reflect.NativeMethodAccessorImpl.invoke(NativeMethodAccessorImpl.java:77)
[2024-05-21T18:55:59.206+0000] {spark_submit.py:571} INFO - at java.base/jdk.internal.reflect.DelegatingMethodAccessorImpl.invoke(DelegatingMethodAccessorImpl.java:43)
[2024-05-21T18:55:59.206+0000] {spark_submit.py:571} INFO - at java.base/java.lang.reflect.Method.invoke(Method.java:568)
[2024-05-21T18:55:59.207+0000] {spark_submit.py:571} INFO - at py4j.reflection.MethodInvoker.invoke(MethodInvoker.java:244)
[2024-05-21T18:55:59.207+0000] {spark_submit.py:571} INFO - at py4j.reflection.ReflectionEngine.invoke(ReflectionEngine.java:374)
[2024-05-21T18:55:59.207+0000] {spark_submit.py:571} INFO - at py4j.Gateway.invoke(Gateway.java:282)
[2024-05-21T18:55:59.207+0000] {spark_submit.py:571} INFO - at py4j.commands.AbstractCommand.invokeMethod(AbstractCommand.java:132)
[2024-05-21T18:55:59.208+0000] {spark_submit.py:571} INFO - at py4j.commands.CallCommand.execute(CallCommand.java:79)
[2024-05-21T18:55:59.208+0000] {spark_submit.py:571} INFO - at py4j.ClientServerConnection.waitForCommands(ClientServerConnection.java:182)
[2024-05-21T18:55:59.208+0000] {spark_submit.py:571} INFO - at py4j.ClientServerConnection.run(ClientServerConnection.java:106)
[2024-05-21T18:55:59.208+0000] {spark_submit.py:571} INFO - at java.base/java.lang.Thread.run(Thread.java:840)
[2024-05-21T18:55:59.208+0000] {spark_submit.py:571} INFO - 
[2024-05-21T18:55:59.209+0000] {spark_submit.py:571} INFO - Printing df schema:
[2024-05-21T18:55:59.209+0000] {spark_submit.py:571} INFO - root
[2024-05-21T18:55:59.209+0000] {spark_submit.py:571} INFO - |-- address: string (nullable = true)
[2024-05-21T18:55:59.209+0000] {spark_submit.py:571} INFO - |-- size: double (nullable = true)
[2024-05-21T18:55:59.209+0000] {spark_submit.py:571} INFO - |-- price: double (nullable = true)
[2024-05-21T18:55:59.210+0000] {spark_submit.py:571} INFO - |-- pricebyarea: double (nullable = true)
[2024-05-21T18:55:59.210+0000] {spark_submit.py:571} INFO - |-- rooms: long (nullable = true)
[2024-05-21T18:55:59.210+0000] {spark_submit.py:571} INFO - |-- bathrooms: long (nullable = true)
[2024-05-21T18:55:59.210+0000] {spark_submit.py:571} INFO - |-- floor: string (nullable = true)
[2024-05-21T18:55:59.210+0000] {spark_submit.py:571} INFO - |-- haslift: boolean (nullable = true)
[2024-05-21T18:55:59.211+0000] {spark_submit.py:571} INFO - |-- propertytype: string (nullable = true)
[2024-05-21T18:55:59.211+0000] {spark_submit.py:571} INFO - |-- parkingspace: boolean (nullable = true)
[2024-05-21T18:55:59.211+0000] {spark_submit.py:571} INFO - |-- exterior: boolean (nullable = true)
[2024-05-21T18:55:59.211+0000] {spark_submit.py:571} INFO - |-- latitude: double (nullable = true)
[2024-05-21T18:55:59.211+0000] {spark_submit.py:571} INFO - |-- longitude: double (nullable = true)
[2024-05-21T18:55:59.212+0000] {spark_submit.py:571} INFO - |-- description: string (nullable = true)
[2024-05-21T18:55:59.212+0000] {spark_submit.py:571} INFO - |-- typology: string (nullable = true)
[2024-05-21T18:55:59.212+0000] {spark_submit.py:571} INFO - |-- url: string (nullable = true)
[2024-05-21T18:55:59.212+0000] {spark_submit.py:571} INFO - |-- propertycode: string (nullable = true)
[2024-05-21T18:55:59.212+0000] {spark_submit.py:571} INFO - 
[2024-05-21T18:55:59.322+0000] {spark_submit.py:571} INFO - 24/05/21 18:55:59 INFO AdminClientConfig: AdminClientConfig values:
[2024-05-21T18:55:59.322+0000] {spark_submit.py:571} INFO - auto.include.jmx.reporter = true
[2024-05-21T18:55:59.322+0000] {spark_submit.py:571} INFO - bootstrap.servers = [kafka:9092]
[2024-05-21T18:55:59.323+0000] {spark_submit.py:571} INFO - client.dns.lookup = use_all_dns_ips
[2024-05-21T18:55:59.323+0000] {spark_submit.py:571} INFO - client.id =
[2024-05-21T18:55:59.323+0000] {spark_submit.py:571} INFO - connections.max.idle.ms = 300000
[2024-05-21T18:55:59.323+0000] {spark_submit.py:571} INFO - default.api.timeout.ms = 60000
[2024-05-21T18:55:59.324+0000] {spark_submit.py:571} INFO - metadata.max.age.ms = 300000
[2024-05-21T18:55:59.324+0000] {spark_submit.py:571} INFO - metric.reporters = []
[2024-05-21T18:55:59.324+0000] {spark_submit.py:571} INFO - metrics.num.samples = 2
[2024-05-21T18:55:59.325+0000] {spark_submit.py:571} INFO - metrics.recording.level = INFO
[2024-05-21T18:55:59.325+0000] {spark_submit.py:571} INFO - metrics.sample.window.ms = 30000
[2024-05-21T18:55:59.325+0000] {spark_submit.py:571} INFO - receive.buffer.bytes = 65536
[2024-05-21T18:55:59.325+0000] {spark_submit.py:571} INFO - reconnect.backoff.max.ms = 1000
[2024-05-21T18:55:59.326+0000] {spark_submit.py:571} INFO - reconnect.backoff.ms = 50
[2024-05-21T18:55:59.326+0000] {spark_submit.py:571} INFO - request.timeout.ms = 30000
[2024-05-21T18:55:59.326+0000] {spark_submit.py:571} INFO - retries = 2147483647
[2024-05-21T18:55:59.327+0000] {spark_submit.py:571} INFO - retry.backoff.ms = 100
[2024-05-21T18:55:59.327+0000] {spark_submit.py:571} INFO - sasl.client.callback.handler.class = null
[2024-05-21T18:55:59.327+0000] {spark_submit.py:571} INFO - sasl.jaas.config = null
[2024-05-21T18:55:59.328+0000] {spark_submit.py:571} INFO - sasl.kerberos.kinit.cmd = /usr/bin/kinit
[2024-05-21T18:55:59.328+0000] {spark_submit.py:571} INFO - sasl.kerberos.min.time.before.relogin = 60000
[2024-05-21T18:55:59.328+0000] {spark_submit.py:571} INFO - sasl.kerberos.service.name = null
[2024-05-21T18:55:59.329+0000] {spark_submit.py:571} INFO - sasl.kerberos.ticket.renew.jitter = 0.05
[2024-05-21T18:55:59.329+0000] {spark_submit.py:571} INFO - sasl.kerberos.ticket.renew.window.factor = 0.8
[2024-05-21T18:55:59.329+0000] {spark_submit.py:571} INFO - sasl.login.callback.handler.class = null
[2024-05-21T18:55:59.330+0000] {spark_submit.py:571} INFO - sasl.login.class = null
[2024-05-21T18:55:59.330+0000] {spark_submit.py:571} INFO - sasl.login.connect.timeout.ms = null
[2024-05-21T18:55:59.331+0000] {spark_submit.py:571} INFO - sasl.login.read.timeout.ms = null
[2024-05-21T18:55:59.331+0000] {spark_submit.py:571} INFO - sasl.login.refresh.buffer.seconds = 300
[2024-05-21T18:55:59.331+0000] {spark_submit.py:571} INFO - sasl.login.refresh.min.period.seconds = 60
[2024-05-21T18:55:59.332+0000] {spark_submit.py:571} INFO - sasl.login.refresh.window.factor = 0.8
[2024-05-21T18:55:59.332+0000] {spark_submit.py:571} INFO - sasl.login.refresh.window.jitter = 0.05
[2024-05-21T18:55:59.332+0000] {spark_submit.py:571} INFO - sasl.login.retry.backoff.max.ms = 10000
[2024-05-21T18:55:59.332+0000] {spark_submit.py:571} INFO - sasl.login.retry.backoff.ms = 100
[2024-05-21T18:55:59.333+0000] {spark_submit.py:571} INFO - sasl.mechanism = GSSAPI
[2024-05-21T18:55:59.333+0000] {spark_submit.py:571} INFO - sasl.oauthbearer.clock.skew.seconds = 30
[2024-05-21T18:55:59.333+0000] {spark_submit.py:571} INFO - sasl.oauthbearer.expected.audience = null
[2024-05-21T18:55:59.334+0000] {spark_submit.py:571} INFO - sasl.oauthbearer.expected.issuer = null
[2024-05-21T18:55:59.334+0000] {spark_submit.py:571} INFO - sasl.oauthbearer.jwks.endpoint.refresh.ms = 3600000
[2024-05-21T18:55:59.334+0000] {spark_submit.py:571} INFO - sasl.oauthbearer.jwks.endpoint.retry.backoff.max.ms = 10000
[2024-05-21T18:55:59.335+0000] {spark_submit.py:571} INFO - sasl.oauthbearer.jwks.endpoint.retry.backoff.ms = 100
[2024-05-21T18:55:59.335+0000] {spark_submit.py:571} INFO - sasl.oauthbearer.jwks.endpoint.url = null
[2024-05-21T18:55:59.335+0000] {spark_submit.py:571} INFO - sasl.oauthbearer.scope.claim.name = scope
[2024-05-21T18:55:59.335+0000] {spark_submit.py:571} INFO - sasl.oauthbearer.sub.claim.name = sub
[2024-05-21T18:55:59.336+0000] {spark_submit.py:571} INFO - sasl.oauthbearer.token.endpoint.url = null
[2024-05-21T18:55:59.336+0000] {spark_submit.py:571} INFO - security.protocol = PLAINTEXT
[2024-05-21T18:55:59.336+0000] {spark_submit.py:571} INFO - security.providers = null
[2024-05-21T18:55:59.337+0000] {spark_submit.py:571} INFO - send.buffer.bytes = 131072
[2024-05-21T18:55:59.337+0000] {spark_submit.py:571} INFO - socket.connection.setup.timeout.max.ms = 30000
[2024-05-21T18:55:59.337+0000] {spark_submit.py:571} INFO - socket.connection.setup.timeout.ms = 10000
[2024-05-21T18:55:59.337+0000] {spark_submit.py:571} INFO - ssl.cipher.suites = null
[2024-05-21T18:55:59.338+0000] {spark_submit.py:571} INFO - ssl.enabled.protocols = [TLSv1.2, TLSv1.3]
[2024-05-21T18:55:59.338+0000] {spark_submit.py:571} INFO - ssl.endpoint.identification.algorithm = https
[2024-05-21T18:55:59.338+0000] {spark_submit.py:571} INFO - ssl.engine.factory.class = null
[2024-05-21T18:55:59.339+0000] {spark_submit.py:571} INFO - ssl.key.password = null
[2024-05-21T18:55:59.339+0000] {spark_submit.py:571} INFO - ssl.keymanager.algorithm = SunX509
[2024-05-21T18:55:59.339+0000] {spark_submit.py:571} INFO - ssl.keystore.certificate.chain = null
[2024-05-21T18:55:59.339+0000] {spark_submit.py:571} INFO - ssl.keystore.key = null
[2024-05-21T18:55:59.340+0000] {spark_submit.py:571} INFO - ssl.keystore.location = null
[2024-05-21T18:55:59.340+0000] {spark_submit.py:571} INFO - ssl.keystore.password = null
[2024-05-21T18:55:59.340+0000] {spark_submit.py:571} INFO - ssl.keystore.type = JKS
[2024-05-21T18:55:59.340+0000] {spark_submit.py:571} INFO - ssl.protocol = TLSv1.3
[2024-05-21T18:55:59.341+0000] {spark_submit.py:571} INFO - ssl.provider = null
[2024-05-21T18:55:59.341+0000] {spark_submit.py:571} INFO - ssl.secure.random.implementation = null
[2024-05-21T18:55:59.341+0000] {spark_submit.py:571} INFO - ssl.trustmanager.algorithm = PKIX
[2024-05-21T18:55:59.341+0000] {spark_submit.py:571} INFO - ssl.truststore.certificates = null
[2024-05-21T18:55:59.341+0000] {spark_submit.py:571} INFO - ssl.truststore.location = null
[2024-05-21T18:55:59.342+0000] {spark_submit.py:571} INFO - ssl.truststore.password = null
[2024-05-21T18:55:59.342+0000] {spark_submit.py:571} INFO - ssl.truststore.type = JKS
[2024-05-21T18:55:59.342+0000] {spark_submit.py:571} INFO - 
[2024-05-21T18:55:59.359+0000] {spark_submit.py:571} INFO - 24/05/21 18:55:59 WARN AdminClientConfig: These configurations '[key.deserializer, value.deserializer, enable.auto.commit, max.poll.records, auto.offset.reset]' were supplied but are not used yet.
[2024-05-21T18:55:59.360+0000] {spark_submit.py:571} INFO - 24/05/21 18:55:59 INFO AppInfoParser: Kafka version: 3.4.1
[2024-05-21T18:55:59.361+0000] {spark_submit.py:571} INFO - 24/05/21 18:55:59 INFO AppInfoParser: Kafka commitId: 8a516edc2755df89
[2024-05-21T18:55:59.361+0000] {spark_submit.py:571} INFO - 24/05/21 18:55:59 INFO AppInfoParser: Kafka startTimeMs: 1716317759359
[2024-05-21T18:55:59.400+0000] {spark_submit.py:571} INFO - Callback Server Starting
[2024-05-21T18:55:59.401+0000] {spark_submit.py:571} INFO - Socket listening on ('127.0.0.1', 37333)
[2024-05-21T18:55:59.404+0000] {spark_submit.py:571} INFO - 24/05/21 18:55:59 WARN ResolveWriteToStream: Temporary checkpoint location created which is deleted normally when the query didn't fail: /tmp/temporary-801c9917-1c8e-41a5-9549-91a2930d44be. If it's required to delete it under any circumstances, please set spark.sql.streaming.forceDeleteTempCheckpointLocation to true. Important to know deleting temp checkpoint folder is best effort.
[2024-05-21T18:55:59.404+0000] {spark_submit.py:571} INFO - 24/05/21 18:55:59 INFO ResolveWriteToStream: Checkpoint root file:///tmp/temporary-801c9917-1c8e-41a5-9549-91a2930d44be resolved to file:/tmp/temporary-801c9917-1c8e-41a5-9549-91a2930d44be.
[2024-05-21T18:55:59.405+0000] {spark_submit.py:571} INFO - 24/05/21 18:55:59 WARN ResolveWriteToStream: spark.sql.adaptive.enabled is not supported in streaming DataFrames/Datasets and will be disabled.
[2024-05-21T18:55:59.412+0000] {spark_submit.py:571} INFO - 24/05/21 18:55:59 INFO CheckpointFileManager: Writing atomically to file:/tmp/temporary-801c9917-1c8e-41a5-9549-91a2930d44be/metadata using temp file file:/tmp/temporary-801c9917-1c8e-41a5-9549-91a2930d44be/.metadata.cfa5c130-90bb-47f8-b9e5-452ebef9e433.tmp
[2024-05-21T18:55:59.426+0000] {spark_submit.py:571} INFO - 24/05/21 18:55:59 INFO CheckpointFileManager: Renamed temp file file:/tmp/temporary-801c9917-1c8e-41a5-9549-91a2930d44be/.metadata.cfa5c130-90bb-47f8-b9e5-452ebef9e433.tmp to file:/tmp/temporary-801c9917-1c8e-41a5-9549-91a2930d44be/metadata
[2024-05-21T18:55:59.433+0000] {spark_submit.py:571} INFO - 24/05/21 18:55:59 INFO MicroBatchExecution: Starting [id = cb9a7690-caa8-48af-aebb-5307642fcd7f, runId = 9a6f3b5d-cd39-4168-afd3-ab01a319ef1d]. Use file:/tmp/temporary-801c9917-1c8e-41a5-9549-91a2930d44be to store the query checkpoint.
[2024-05-21T18:55:59.434+0000] {spark_submit.py:571} INFO - 24/05/21 18:55:59 INFO MicroBatchExecution: Reading table [org.apache.spark.sql.kafka010.KafkaSourceProvider$KafkaTable@55e2dd47] from DataSourceV2 named 'kafka' [org.apache.spark.sql.kafka010.KafkaSourceProvider@5c08c12d]
[2024-05-21T18:55:59.435+0000] {spark_submit.py:571} INFO - Closing down clientserver connection
[2024-05-21T18:55:59.436+0000] {spark_submit.py:571} INFO - 24/05/21 18:55:59 INFO OffsetSeqLog: BatchIds found from listing:
[2024-05-21T18:55:59.436+0000] {spark_submit.py:571} INFO - 24/05/21 18:55:59 INFO OffsetSeqLog: BatchIds found from listing:
[2024-05-21T18:55:59.437+0000] {spark_submit.py:571} INFO - 24/05/21 18:55:59 INFO MicroBatchExecution: Starting new streaming query.
[2024-05-21T18:55:59.437+0000] {spark_submit.py:571} INFO - 24/05/21 18:55:59 INFO MicroBatchExecution: Stream started from {}
[2024-05-21T18:55:59.442+0000] {spark_submit.py:571} INFO - 24/05/21 18:55:59 INFO AdminClientConfig: AdminClientConfig values:
[2024-05-21T18:55:59.443+0000] {spark_submit.py:571} INFO - auto.include.jmx.reporter = true
[2024-05-21T18:55:59.443+0000] {spark_submit.py:571} INFO - bootstrap.servers = [kafka:9092]
[2024-05-21T18:55:59.443+0000] {spark_submit.py:571} INFO - client.dns.lookup = use_all_dns_ips
[2024-05-21T18:55:59.444+0000] {spark_submit.py:571} INFO - client.id =
[2024-05-21T18:55:59.444+0000] {spark_submit.py:571} INFO - connections.max.idle.ms = 300000
[2024-05-21T18:55:59.444+0000] {spark_submit.py:571} INFO - default.api.timeout.ms = 60000
[2024-05-21T18:55:59.444+0000] {spark_submit.py:571} INFO - metadata.max.age.ms = 300000
[2024-05-21T18:55:59.445+0000] {spark_submit.py:571} INFO - metric.reporters = []
[2024-05-21T18:55:59.445+0000] {spark_submit.py:571} INFO - metrics.num.samples = 2
[2024-05-21T18:55:59.445+0000] {spark_submit.py:571} INFO - metrics.recording.level = INFO
[2024-05-21T18:55:59.446+0000] {spark_submit.py:571} INFO - metrics.sample.window.ms = 30000
[2024-05-21T18:55:59.446+0000] {spark_submit.py:571} INFO - receive.buffer.bytes = 65536
[2024-05-21T18:55:59.446+0000] {spark_submit.py:571} INFO - reconnect.backoff.max.ms = 1000
[2024-05-21T18:55:59.447+0000] {spark_submit.py:571} INFO - reconnect.backoff.ms = 50
[2024-05-21T18:55:59.447+0000] {spark_submit.py:571} INFO - request.timeout.ms = 30000
[2024-05-21T18:55:59.448+0000] {spark_submit.py:571} INFO - retries = 2147483647
[2024-05-21T18:55:59.448+0000] {spark_submit.py:571} INFO - retry.backoff.ms = 100
[2024-05-21T18:55:59.448+0000] {spark_submit.py:571} INFO - sasl.client.callback.handler.class = null
[2024-05-21T18:55:59.449+0000] {spark_submit.py:571} INFO - sasl.jaas.config = null
[2024-05-21T18:55:59.449+0000] {spark_submit.py:571} INFO - sasl.kerberos.kinit.cmd = /usr/bin/kinit
[2024-05-21T18:55:59.449+0000] {spark_submit.py:571} INFO - sasl.kerberos.min.time.before.relogin = 60000
[2024-05-21T18:55:59.449+0000] {spark_submit.py:571} INFO - sasl.kerberos.service.name = null
[2024-05-21T18:55:59.450+0000] {spark_submit.py:571} INFO - sasl.kerberos.ticket.renew.jitter = 0.05
[2024-05-21T18:55:59.450+0000] {spark_submit.py:571} INFO - sasl.kerberos.ticket.renew.window.factor = 0.8
[2024-05-21T18:55:59.450+0000] {spark_submit.py:571} INFO - sasl.login.callback.handler.class = null
[2024-05-21T18:55:59.450+0000] {spark_submit.py:571} INFO - sasl.login.class = null
[2024-05-21T18:55:59.450+0000] {spark_submit.py:571} INFO - sasl.login.connect.timeout.ms = null
[2024-05-21T18:55:59.451+0000] {spark_submit.py:571} INFO - sasl.login.read.timeout.ms = null
[2024-05-21T18:55:59.451+0000] {spark_submit.py:571} INFO - sasl.login.refresh.buffer.seconds = 300
[2024-05-21T18:55:59.451+0000] {spark_submit.py:571} INFO - sasl.login.refresh.min.period.seconds = 60
[2024-05-21T18:55:59.451+0000] {spark_submit.py:571} INFO - sasl.login.refresh.window.factor = 0.8
[2024-05-21T18:55:59.451+0000] {spark_submit.py:571} INFO - sasl.login.refresh.window.jitter = 0.05
[2024-05-21T18:55:59.451+0000] {spark_submit.py:571} INFO - sasl.login.retry.backoff.max.ms = 10000
[2024-05-21T18:55:59.452+0000] {spark_submit.py:571} INFO - sasl.login.retry.backoff.ms = 100
[2024-05-21T18:55:59.452+0000] {spark_submit.py:571} INFO - sasl.mechanism = GSSAPI
[2024-05-21T18:55:59.452+0000] {spark_submit.py:571} INFO - sasl.oauthbearer.clock.skew.seconds = 30
[2024-05-21T18:55:59.452+0000] {spark_submit.py:571} INFO - sasl.oauthbearer.expected.audience = null
[2024-05-21T18:55:59.452+0000] {spark_submit.py:571} INFO - sasl.oauthbearer.expected.issuer = null
[2024-05-21T18:55:59.452+0000] {spark_submit.py:571} INFO - sasl.oauthbearer.jwks.endpoint.refresh.ms = 3600000
[2024-05-21T18:55:59.453+0000] {spark_submit.py:571} INFO - sasl.oauthbearer.jwks.endpoint.retry.backoff.max.ms = 10000
[2024-05-21T18:55:59.453+0000] {spark_submit.py:571} INFO - sasl.oauthbearer.jwks.endpoint.retry.backoff.ms = 100
[2024-05-21T18:55:59.453+0000] {spark_submit.py:571} INFO - sasl.oauthbearer.jwks.endpoint.url = null
[2024-05-21T18:55:59.453+0000] {spark_submit.py:571} INFO - sasl.oauthbearer.scope.claim.name = scope
[2024-05-21T18:55:59.453+0000] {spark_submit.py:571} INFO - sasl.oauthbearer.sub.claim.name = sub
[2024-05-21T18:55:59.453+0000] {spark_submit.py:571} INFO - sasl.oauthbearer.token.endpoint.url = null
[2024-05-21T18:55:59.454+0000] {spark_submit.py:571} INFO - security.protocol = PLAINTEXT
[2024-05-21T18:55:59.454+0000] {spark_submit.py:571} INFO - security.providers = null
[2024-05-21T18:55:59.454+0000] {spark_submit.py:571} INFO - send.buffer.bytes = 131072
[2024-05-21T18:55:59.454+0000] {spark_submit.py:571} INFO - socket.connection.setup.timeout.max.ms = 30000
[2024-05-21T18:55:59.454+0000] {spark_submit.py:571} INFO - socket.connection.setup.timeout.ms = 10000
[2024-05-21T18:55:59.454+0000] {spark_submit.py:571} INFO - ssl.cipher.suites = null
[2024-05-21T18:55:59.455+0000] {spark_submit.py:571} INFO - ssl.enabled.protocols = [TLSv1.2, TLSv1.3]
[2024-05-21T18:55:59.455+0000] {spark_submit.py:571} INFO - ssl.endpoint.identification.algorithm = https
[2024-05-21T18:55:59.455+0000] {spark_submit.py:571} INFO - ssl.engine.factory.class = null
[2024-05-21T18:55:59.455+0000] {spark_submit.py:571} INFO - ssl.key.password = null
[2024-05-21T18:55:59.456+0000] {spark_submit.py:571} INFO - ssl.keymanager.algorithm = SunX509
[2024-05-21T18:55:59.456+0000] {spark_submit.py:571} INFO - ssl.keystore.certificate.chain = null
[2024-05-21T18:55:59.456+0000] {spark_submit.py:571} INFO - ssl.keystore.key = null
[2024-05-21T18:55:59.456+0000] {spark_submit.py:571} INFO - ssl.keystore.location = null
[2024-05-21T18:55:59.457+0000] {spark_submit.py:571} INFO - ssl.keystore.password = null
[2024-05-21T18:55:59.457+0000] {spark_submit.py:571} INFO - ssl.keystore.type = JKS
[2024-05-21T18:55:59.457+0000] {spark_submit.py:571} INFO - ssl.protocol = TLSv1.3
[2024-05-21T18:55:59.457+0000] {spark_submit.py:571} INFO - ssl.provider = null
[2024-05-21T18:55:59.457+0000] {spark_submit.py:571} INFO - ssl.secure.random.implementation = null
[2024-05-21T18:55:59.458+0000] {spark_submit.py:571} INFO - ssl.trustmanager.algorithm = PKIX
[2024-05-21T18:55:59.458+0000] {spark_submit.py:571} INFO - ssl.truststore.certificates = null
[2024-05-21T18:55:59.458+0000] {spark_submit.py:571} INFO - ssl.truststore.location = null
[2024-05-21T18:55:59.458+0000] {spark_submit.py:571} INFO - ssl.truststore.password = null
[2024-05-21T18:55:59.458+0000] {spark_submit.py:571} INFO - ssl.truststore.type = JKS
[2024-05-21T18:55:59.459+0000] {spark_submit.py:571} INFO - 
[2024-05-21T18:55:59.459+0000] {spark_submit.py:571} INFO - 24/05/21 18:55:59 WARN AdminClientConfig: These configurations '[key.deserializer, value.deserializer, enable.auto.commit, max.poll.records, auto.offset.reset]' were supplied but are not used yet.
[2024-05-21T18:55:59.459+0000] {spark_submit.py:571} INFO - 24/05/21 18:55:59 INFO AppInfoParser: Kafka version: 3.4.1
[2024-05-21T18:55:59.459+0000] {spark_submit.py:571} INFO - 24/05/21 18:55:59 INFO AppInfoParser: Kafka commitId: 8a516edc2755df89
[2024-05-21T18:55:59.459+0000] {spark_submit.py:571} INFO - 24/05/21 18:55:59 INFO AppInfoParser: Kafka startTimeMs: 1716317759448
[2024-05-21T18:55:59.469+0000] {spark_submit.py:571} INFO - 24/05/21 18:55:59 INFO SparkContext: Invoking stop() from shutdown hook
[2024-05-21T18:55:59.470+0000] {spark_submit.py:571} INFO - 24/05/21 18:55:59 INFO SparkContext: SparkContext is stopping with exitCode 0.
[2024-05-21T18:55:59.476+0000] {spark_submit.py:571} INFO - 24/05/21 18:55:59 INFO SparkUI: Stopped Spark web UI at http://0bedcfb13132:4040
[2024-05-21T18:55:59.478+0000] {spark_submit.py:571} INFO - 24/05/21 18:55:59 INFO StandaloneSchedulerBackend: Shutting down all executors
[2024-05-21T18:55:59.479+0000] {spark_submit.py:571} INFO - 24/05/21 18:55:59 INFO StandaloneSchedulerBackend$StandaloneDriverEndpoint: Asking each executor to shut down
[2024-05-21T18:55:59.488+0000] {spark_submit.py:571} INFO - 24/05/21 18:55:59 INFO MapOutputTrackerMasterEndpoint: MapOutputTrackerMasterEndpoint stopped!
[2024-05-21T18:55:59.495+0000] {spark_submit.py:571} INFO - 24/05/21 18:55:59 INFO MemoryStore: MemoryStore cleared
[2024-05-21T18:55:59.495+0000] {spark_submit.py:571} INFO - 24/05/21 18:55:59 INFO BlockManager: BlockManager stopped
[2024-05-21T18:55:59.499+0000] {spark_submit.py:571} INFO - 24/05/21 18:55:59 INFO BlockManagerMaster: BlockManagerMaster stopped
[2024-05-21T18:55:59.500+0000] {spark_submit.py:571} INFO - 24/05/21 18:55:59 INFO OutputCommitCoordinator$OutputCommitCoordinatorEndpoint: OutputCommitCoordinator stopped!
[2024-05-21T18:55:59.511+0000] {spark_submit.py:571} INFO - 24/05/21 18:55:59 INFO SparkContext: Successfully stopped SparkContext
[2024-05-21T18:55:59.512+0000] {spark_submit.py:571} INFO - 24/05/21 18:55:59 INFO ShutdownHookManager: Shutdown hook called
[2024-05-21T18:55:59.512+0000] {spark_submit.py:571} INFO - 24/05/21 18:55:59 INFO ShutdownHookManager: Deleting directory /tmp/temporary-a5274b18-3827-4694-b0d6-6602689eb4d3
[2024-05-21T18:55:59.515+0000] {spark_submit.py:571} INFO - 24/05/21 18:55:59 INFO ShutdownHookManager: Deleting directory /tmp/spark-b251eddf-e95e-4212-8cde-2c36f1bba482/pyspark-48550796-5d2e-4d7b-853f-08a944a55cc0
[2024-05-21T18:55:59.517+0000] {spark_submit.py:571} INFO - 24/05/21 18:55:59 INFO ShutdownHookManager: Deleting directory /tmp/spark-6c694f18-f7e2-49d1-b285-638b99eb1ca4
[2024-05-21T18:55:59.519+0000] {spark_submit.py:571} INFO - 24/05/21 18:55:59 INFO ShutdownHookManager: Deleting directory /tmp/spark-b251eddf-e95e-4212-8cde-2c36f1bba482
[2024-05-21T18:55:59.521+0000] {spark_submit.py:571} INFO - 24/05/21 18:55:59 INFO ShutdownHookManager: Deleting directory /tmp/temporary-801c9917-1c8e-41a5-9549-91a2930d44be
[2024-05-21T18:55:59.576+0000] {taskinstance.py:441} INFO - ::group::Post task execution logs
[2024-05-21T18:55:59.581+0000] {taskinstance.py:1205} INFO - Marking task as SUCCESS. dag_id=idealista-pipeline, task_id=spark_submit, execution_date=20240521T160429, start_date=20240521T185554, end_date=20240521T185559
[2024-05-21T18:55:59.731+0000] {local_task_job_runner.py:240} INFO - Task exited with return code 0
[2024-05-21T18:55:59.782+0000] {taskinstance.py:3482} INFO - 0 downstream tasks scheduled from follow-on schedule check
[2024-05-21T18:55:59.790+0000] {local_task_job_runner.py:222} INFO - ::endgroup::
