[2024-05-21T16:06:12.974+0000] {local_task_job_runner.py:120} INFO - ::group::Pre task execution logs
[2024-05-21T16:06:12.999+0000] {taskinstance.py:2073} INFO - Dependencies all met for dep_context=non-requeueable deps ti=<TaskInstance: idealista-pipeline.spark_submit manual__2024-05-21T16:04:29.980796+00:00 [queued]>
[2024-05-21T16:06:13.013+0000] {taskinstance.py:2073} INFO - Dependencies all met for dep_context=requeueable deps ti=<TaskInstance: idealista-pipeline.spark_submit manual__2024-05-21T16:04:29.980796+00:00 [queued]>
[2024-05-21T16:06:13.013+0000] {taskinstance.py:2303} INFO - Starting attempt 2 of 2
[2024-05-21T16:06:13.029+0000] {taskinstance.py:2327} INFO - Executing <Task(SparkSubmitOperator): spark_submit> on 2024-05-21 16:04:29.980796+00:00
[2024-05-21T16:06:13.033+0000] {warnings.py:110} WARNING - /home/***/.local/lib/python3.12/site-packages/***/task/task_runner/standard_task_runner.py:61: DeprecationWarning: This process (pid=1862) is multi-threaded, use of fork() may lead to deadlocks in the child.
  pid = os.fork()

[2024-05-21T16:06:13.033+0000] {standard_task_runner.py:63} INFO - Started process 1863 to run task
[2024-05-21T16:06:13.034+0000] {standard_task_runner.py:90} INFO - Running: ['***', 'tasks', 'run', 'idealista-pipeline', 'spark_submit', 'manual__2024-05-21T16:04:29.980796+00:00', '--job-id', '310', '--raw', '--subdir', 'DAGS_FOLDER/idealista_dag.py', '--cfg-path', '/tmp/tmp_lv3_yqi']
[2024-05-21T16:06:13.035+0000] {standard_task_runner.py:91} INFO - Job 310: Subtask spark_submit
[2024-05-21T16:06:13.058+0000] {task_command.py:426} INFO - Running <TaskInstance: idealista-pipeline.spark_submit manual__2024-05-21T16:04:29.980796+00:00 [running]> on host 05882356329d
[2024-05-21T16:06:13.101+0000] {taskinstance.py:2644} INFO - Exporting env vars: AIRFLOW_CTX_DAG_OWNER='shv' AIRFLOW_CTX_DAG_ID='idealista-pipeline' AIRFLOW_CTX_TASK_ID='spark_submit' AIRFLOW_CTX_EXECUTION_DATE='2024-05-21T16:04:29.980796+00:00' AIRFLOW_CTX_TRY_NUMBER='2' AIRFLOW_CTX_DAG_RUN_ID='manual__2024-05-21T16:04:29.980796+00:00'
[2024-05-21T16:06:13.102+0000] {taskinstance.py:430} INFO - ::endgroup::
[2024-05-21T16:06:13.115+0000] {base.py:84} INFO - Using connection ID 'spark_default' for task execution.
[2024-05-21T16:06:13.115+0000] {spark_submit.py:401} INFO - Spark-Submit cmd: spark-submit --master spark://spark-master:7077 --packages org.apache.spark:spark-sql-kafka-0-10_2.12:3.5.0,com.datastax.spark:spark-cassandra-connector_2.12:3.5.0 --name arrow-spark --queue default /usr/local/spark/app/spark_main.py
[2024-05-21T16:06:13.141+0000] {spark_submit.py:571} INFO - /home/***/.local/lib/python3.12/site-packages/pyspark/bin/load-spark-env.sh: line 68: ps: command not found
[2024-05-21T16:06:14.015+0000] {spark_submit.py:571} INFO - :: loading settings :: url = jar:file:/home/***/.local/lib/python3.12/site-packages/pyspark/jars/ivy-2.5.1.jar!/org/apache/ivy/core/settings/ivysettings.xml
[2024-05-21T16:06:14.057+0000] {spark_submit.py:571} INFO - Ivy Default Cache set to: /home/***/.ivy2/cache
[2024-05-21T16:06:14.058+0000] {spark_submit.py:571} INFO - The jars for the packages stored in: /home/***/.ivy2/jars
[2024-05-21T16:06:14.059+0000] {spark_submit.py:571} INFO - org.apache.spark#spark-sql-kafka-0-10_2.12 added as a dependency
[2024-05-21T16:06:14.060+0000] {spark_submit.py:571} INFO - com.datastax.spark#spark-cassandra-connector_2.12 added as a dependency
[2024-05-21T16:06:14.060+0000] {spark_submit.py:571} INFO - :: resolving dependencies :: org.apache.spark#spark-submit-parent-197a25ef-c092-473a-85b0-ee72d7d982e1;1.0
[2024-05-21T16:06:14.060+0000] {spark_submit.py:571} INFO - confs: [default]
[2024-05-21T16:06:14.148+0000] {spark_submit.py:571} INFO - found org.apache.spark#spark-sql-kafka-0-10_2.12;3.5.0 in central
[2024-05-21T16:06:14.175+0000] {spark_submit.py:571} INFO - found org.apache.spark#spark-token-provider-kafka-0-10_2.12;3.5.0 in central
[2024-05-21T16:06:14.189+0000] {spark_submit.py:571} INFO - found org.apache.kafka#kafka-clients;3.4.1 in central
[2024-05-21T16:06:14.201+0000] {spark_submit.py:571} INFO - found org.lz4#lz4-java;1.8.0 in central
[2024-05-21T16:06:14.212+0000] {spark_submit.py:571} INFO - found org.xerial.snappy#snappy-java;1.1.10.3 in central
[2024-05-21T16:06:14.220+0000] {spark_submit.py:571} INFO - found org.slf4j#slf4j-api;2.0.7 in central
[2024-05-21T16:06:14.232+0000] {spark_submit.py:571} INFO - found org.apache.hadoop#hadoop-client-runtime;3.3.4 in central
[2024-05-21T16:06:14.243+0000] {spark_submit.py:571} INFO - found org.apache.hadoop#hadoop-client-api;3.3.4 in central
[2024-05-21T16:06:14.255+0000] {spark_submit.py:571} INFO - found commons-logging#commons-logging;1.1.3 in central
[2024-05-21T16:06:14.264+0000] {spark_submit.py:571} INFO - found com.google.code.findbugs#jsr305;3.0.0 in central
[2024-05-21T16:06:14.270+0000] {spark_submit.py:571} INFO - found org.apache.commons#commons-pool2;2.11.1 in central
[2024-05-21T16:06:14.277+0000] {spark_submit.py:571} INFO - found com.datastax.spark#spark-cassandra-connector_2.12;3.5.0 in central
[2024-05-21T16:06:14.283+0000] {spark_submit.py:571} INFO - found com.datastax.spark#spark-cassandra-connector-driver_2.12;3.5.0 in central
[2024-05-21T16:06:14.293+0000] {spark_submit.py:571} INFO - found org.scala-lang.modules#scala-collection-compat_2.12;2.11.0 in central
[2024-05-21T16:06:14.300+0000] {spark_submit.py:571} INFO - found com.datastax.oss#java-driver-core-shaded;4.13.0 in central
[2024-05-21T16:06:14.307+0000] {spark_submit.py:571} INFO - found com.datastax.oss#native-protocol;1.5.0 in central
[2024-05-21T16:06:14.314+0000] {spark_submit.py:571} INFO - found com.datastax.oss#java-driver-shaded-guava;25.1-jre-graal-sub-1 in central
[2024-05-21T16:06:14.319+0000] {spark_submit.py:571} INFO - found com.typesafe#config;1.4.1 in central
[2024-05-21T16:06:14.328+0000] {spark_submit.py:571} INFO - found io.dropwizard.metrics#metrics-core;4.1.18 in central
[2024-05-21T16:06:14.334+0000] {spark_submit.py:571} INFO - found org.hdrhistogram#HdrHistogram;2.1.12 in central
[2024-05-21T16:06:14.346+0000] {spark_submit.py:571} INFO - found org.reactivestreams#reactive-streams;1.0.3 in central
[2024-05-21T16:06:14.354+0000] {spark_submit.py:571} INFO - found com.github.stephenc.jcip#jcip-annotations;1.0-1 in central
[2024-05-21T16:06:14.360+0000] {spark_submit.py:571} INFO - found com.github.spotbugs#spotbugs-annotations;3.1.12 in central
[2024-05-21T16:06:14.367+0000] {spark_submit.py:571} INFO - found com.google.code.findbugs#jsr305;3.0.2 in central
[2024-05-21T16:06:14.377+0000] {spark_submit.py:571} INFO - found com.datastax.oss#java-driver-mapper-runtime;4.13.0 in central
[2024-05-21T16:06:14.389+0000] {spark_submit.py:571} INFO - found com.datastax.oss#java-driver-query-builder;4.13.0 in central
[2024-05-21T16:06:14.401+0000] {spark_submit.py:571} INFO - found org.apache.commons#commons-lang3;3.10 in central
[2024-05-21T16:06:14.406+0000] {spark_submit.py:571} INFO - found com.thoughtworks.paranamer#paranamer;2.8 in central
[2024-05-21T16:06:14.410+0000] {spark_submit.py:571} INFO - found org.scala-lang#scala-reflect;2.12.11 in central
[2024-05-21T16:06:14.431+0000] {spark_submit.py:571} INFO - :: resolution report :: resolve 360ms :: artifacts dl 11ms
[2024-05-21T16:06:14.432+0000] {spark_submit.py:571} INFO - :: modules in use:
[2024-05-21T16:06:14.432+0000] {spark_submit.py:571} INFO - com.datastax.oss#java-driver-core-shaded;4.13.0 from central in [default]
[2024-05-21T16:06:14.433+0000] {spark_submit.py:571} INFO - com.datastax.oss#java-driver-mapper-runtime;4.13.0 from central in [default]
[2024-05-21T16:06:14.433+0000] {spark_submit.py:571} INFO - com.datastax.oss#java-driver-query-builder;4.13.0 from central in [default]
[2024-05-21T16:06:14.433+0000] {spark_submit.py:571} INFO - com.datastax.oss#java-driver-shaded-guava;25.1-jre-graal-sub-1 from central in [default]
[2024-05-21T16:06:14.434+0000] {spark_submit.py:571} INFO - com.datastax.oss#native-protocol;1.5.0 from central in [default]
[2024-05-21T16:06:14.434+0000] {spark_submit.py:571} INFO - com.datastax.spark#spark-cassandra-connector-driver_2.12;3.5.0 from central in [default]
[2024-05-21T16:06:14.434+0000] {spark_submit.py:571} INFO - com.datastax.spark#spark-cassandra-connector_2.12;3.5.0 from central in [default]
[2024-05-21T16:06:14.434+0000] {spark_submit.py:571} INFO - com.github.spotbugs#spotbugs-annotations;3.1.12 from central in [default]
[2024-05-21T16:06:14.435+0000] {spark_submit.py:571} INFO - com.github.stephenc.jcip#jcip-annotations;1.0-1 from central in [default]
[2024-05-21T16:06:14.435+0000] {spark_submit.py:571} INFO - com.google.code.findbugs#jsr305;3.0.2 from central in [default]
[2024-05-21T16:06:14.435+0000] {spark_submit.py:571} INFO - com.thoughtworks.paranamer#paranamer;2.8 from central in [default]
[2024-05-21T16:06:14.436+0000] {spark_submit.py:571} INFO - com.typesafe#config;1.4.1 from central in [default]
[2024-05-21T16:06:14.436+0000] {spark_submit.py:571} INFO - commons-logging#commons-logging;1.1.3 from central in [default]
[2024-05-21T16:06:14.436+0000] {spark_submit.py:571} INFO - io.dropwizard.metrics#metrics-core;4.1.18 from central in [default]
[2024-05-21T16:06:14.437+0000] {spark_submit.py:571} INFO - org.apache.commons#commons-lang3;3.10 from central in [default]
[2024-05-21T16:06:14.437+0000] {spark_submit.py:571} INFO - org.apache.commons#commons-pool2;2.11.1 from central in [default]
[2024-05-21T16:06:14.437+0000] {spark_submit.py:571} INFO - org.apache.hadoop#hadoop-client-api;3.3.4 from central in [default]
[2024-05-21T16:06:14.438+0000] {spark_submit.py:571} INFO - org.apache.hadoop#hadoop-client-runtime;3.3.4 from central in [default]
[2024-05-21T16:06:14.438+0000] {spark_submit.py:571} INFO - org.apache.kafka#kafka-clients;3.4.1 from central in [default]
[2024-05-21T16:06:14.438+0000] {spark_submit.py:571} INFO - org.apache.spark#spark-sql-kafka-0-10_2.12;3.5.0 from central in [default]
[2024-05-21T16:06:14.439+0000] {spark_submit.py:571} INFO - org.apache.spark#spark-token-provider-kafka-0-10_2.12;3.5.0 from central in [default]
[2024-05-21T16:06:14.439+0000] {spark_submit.py:571} INFO - org.hdrhistogram#HdrHistogram;2.1.12 from central in [default]
[2024-05-21T16:06:14.440+0000] {spark_submit.py:571} INFO - org.lz4#lz4-java;1.8.0 from central in [default]
[2024-05-21T16:06:14.440+0000] {spark_submit.py:571} INFO - org.reactivestreams#reactive-streams;1.0.3 from central in [default]
[2024-05-21T16:06:14.440+0000] {spark_submit.py:571} INFO - org.scala-lang#scala-reflect;2.12.11 from central in [default]
[2024-05-21T16:06:14.440+0000] {spark_submit.py:571} INFO - org.scala-lang.modules#scala-collection-compat_2.12;2.11.0 from central in [default]
[2024-05-21T16:06:14.441+0000] {spark_submit.py:571} INFO - org.slf4j#slf4j-api;2.0.7 from central in [default]
[2024-05-21T16:06:14.441+0000] {spark_submit.py:571} INFO - org.xerial.snappy#snappy-java;1.1.10.3 from central in [default]
[2024-05-21T16:06:14.441+0000] {spark_submit.py:571} INFO - :: evicted modules:
[2024-05-21T16:06:14.441+0000] {spark_submit.py:571} INFO - com.google.code.findbugs#jsr305;3.0.0 by [com.google.code.findbugs#jsr305;3.0.2] in [default]
[2024-05-21T16:06:14.442+0000] {spark_submit.py:571} INFO - org.slf4j#slf4j-api;1.7.26 by [org.slf4j#slf4j-api;2.0.7] in [default]
[2024-05-21T16:06:14.442+0000] {spark_submit.py:571} INFO - ---------------------------------------------------------------------
[2024-05-21T16:06:14.442+0000] {spark_submit.py:571} INFO - |                  |            modules            ||   artifacts   |
[2024-05-21T16:06:14.442+0000] {spark_submit.py:571} INFO - |       conf       | number| search|dwnlded|evicted|| number|dwnlded|
[2024-05-21T16:06:14.443+0000] {spark_submit.py:571} INFO - ---------------------------------------------------------------------
[2024-05-21T16:06:14.443+0000] {spark_submit.py:571} INFO - |      default     |   30  |   0   |   0   |   2   ||   28  |   0   |
[2024-05-21T16:06:14.443+0000] {spark_submit.py:571} INFO - ---------------------------------------------------------------------
[2024-05-21T16:06:14.444+0000] {spark_submit.py:571} INFO - :: retrieving :: org.apache.spark#spark-submit-parent-197a25ef-c092-473a-85b0-ee72d7d982e1
[2024-05-21T16:06:14.444+0000] {spark_submit.py:571} INFO - confs: [default]
[2024-05-21T16:06:14.455+0000] {spark_submit.py:571} INFO - 0 artifacts copied, 28 already retrieved (0kB/12ms)
[2024-05-21T16:06:14.557+0000] {spark_submit.py:571} INFO - 24/05/21 16:06:14 WARN NativeCodeLoader: Unable to load native-hadoop library for your platform... using builtin-java classes where applicable
[2024-05-21T16:06:15.536+0000] {spark_submit.py:571} INFO - **** START SPARK JOB ****
[2024-05-21T16:06:15.588+0000] {spark_submit.py:571} INFO - 24/05/21 16:06:15 INFO SparkContext: Running Spark version 3.5.0
[2024-05-21T16:06:15.589+0000] {spark_submit.py:571} INFO - 24/05/21 16:06:15 INFO SparkContext: OS info Linux, 5.15.146.1-microsoft-standard-WSL2, amd64
[2024-05-21T16:06:15.590+0000] {spark_submit.py:571} INFO - 24/05/21 16:06:15 INFO SparkContext: Java version 17.0.11
[2024-05-21T16:06:15.604+0000] {spark_submit.py:571} INFO - 24/05/21 16:06:15 INFO ResourceUtils: ==============================================================
[2024-05-21T16:06:15.605+0000] {spark_submit.py:571} INFO - 24/05/21 16:06:15 INFO ResourceUtils: No custom resources configured for spark.driver.
[2024-05-21T16:06:15.605+0000] {spark_submit.py:571} INFO - 24/05/21 16:06:15 INFO ResourceUtils: ==============================================================
[2024-05-21T16:06:15.606+0000] {spark_submit.py:571} INFO - 24/05/21 16:06:15 INFO SparkContext: Submitted application: KafkaToCassandraProcessing
[2024-05-21T16:06:15.617+0000] {spark_submit.py:571} INFO - 24/05/21 16:06:15 INFO ResourceProfile: Default ResourceProfile created, executor resources: Map(memory -> name: memory, amount: 1024, script: , vendor: , offHeap -> name: offHeap, amount: 0, script: , vendor: ), task resources: Map(cpus -> name: cpus, amount: 1.0)
[2024-05-21T16:06:15.621+0000] {spark_submit.py:571} INFO - 24/05/21 16:06:15 INFO ResourceProfile: Limiting resource is cpu
[2024-05-21T16:06:15.622+0000] {spark_submit.py:571} INFO - 24/05/21 16:06:15 INFO ResourceProfileManager: Added ResourceProfile id: 0
[2024-05-21T16:06:15.648+0000] {spark_submit.py:571} INFO - 24/05/21 16:06:15 INFO SecurityManager: Changing view acls to: ***
[2024-05-21T16:06:15.648+0000] {spark_submit.py:571} INFO - 24/05/21 16:06:15 INFO SecurityManager: Changing modify acls to: ***
[2024-05-21T16:06:15.649+0000] {spark_submit.py:571} INFO - 24/05/21 16:06:15 INFO SecurityManager: Changing view acls groups to:
[2024-05-21T16:06:15.649+0000] {spark_submit.py:571} INFO - 24/05/21 16:06:15 INFO SecurityManager: Changing modify acls groups to:
[2024-05-21T16:06:15.649+0000] {spark_submit.py:571} INFO - 24/05/21 16:06:15 INFO SecurityManager: SecurityManager: authentication disabled; ui acls disabled; users with view permissions: ***; groups with view permissions: EMPTY; users with modify permissions: ***; groups with modify permissions: EMPTY
[2024-05-21T16:06:15.765+0000] {spark_submit.py:571} INFO - 24/05/21 16:06:15 INFO Utils: Successfully started service 'sparkDriver' on port 42229.
[2024-05-21T16:06:15.778+0000] {spark_submit.py:571} INFO - 24/05/21 16:06:15 INFO SparkEnv: Registering MapOutputTracker
[2024-05-21T16:06:15.794+0000] {spark_submit.py:571} INFO - 24/05/21 16:06:15 INFO SparkEnv: Registering BlockManagerMaster
[2024-05-21T16:06:15.802+0000] {spark_submit.py:571} INFO - 24/05/21 16:06:15 INFO BlockManagerMasterEndpoint: Using org.apache.spark.storage.DefaultTopologyMapper for getting topology information
[2024-05-21T16:06:15.802+0000] {spark_submit.py:571} INFO - 24/05/21 16:06:15 INFO BlockManagerMasterEndpoint: BlockManagerMasterEndpoint up
[2024-05-21T16:06:15.804+0000] {spark_submit.py:571} INFO - 24/05/21 16:06:15 INFO SparkEnv: Registering BlockManagerMasterHeartbeat
[2024-05-21T16:06:15.814+0000] {spark_submit.py:571} INFO - 24/05/21 16:06:15 INFO DiskBlockManager: Created local directory at /tmp/blockmgr-d5df668c-6e81-44fc-9034-6ab951bafe28
[2024-05-21T16:06:15.821+0000] {spark_submit.py:571} INFO - 24/05/21 16:06:15 INFO MemoryStore: MemoryStore started with capacity 434.4 MiB
[2024-05-21T16:06:15.829+0000] {spark_submit.py:571} INFO - 24/05/21 16:06:15 INFO SparkEnv: Registering OutputCommitCoordinator
[2024-05-21T16:06:15.889+0000] {spark_submit.py:571} INFO - 24/05/21 16:06:15 INFO JettyUtils: Start Jetty 0.0.0.0:4040 for SparkUI
[2024-05-21T16:06:15.919+0000] {spark_submit.py:571} INFO - 24/05/21 16:06:15 INFO Utils: Successfully started service 'SparkUI' on port 4040.
[2024-05-21T16:06:15.940+0000] {spark_submit.py:571} INFO - 24/05/21 16:06:15 INFO SparkContext: Added JAR file:///home/***/.ivy2/jars/org.apache.spark_spark-sql-kafka-0-10_2.12-3.5.0.jar at spark://05882356329d:42229/jars/org.apache.spark_spark-sql-kafka-0-10_2.12-3.5.0.jar with timestamp 1716307575585
[2024-05-21T16:06:15.941+0000] {spark_submit.py:571} INFO - 24/05/21 16:06:15 INFO SparkContext: Added JAR file:///home/***/.ivy2/jars/com.datastax.spark_spark-cassandra-connector_2.12-3.5.0.jar at spark://05882356329d:42229/jars/com.datastax.spark_spark-cassandra-connector_2.12-3.5.0.jar with timestamp 1716307575585
[2024-05-21T16:06:15.941+0000] {spark_submit.py:571} INFO - 24/05/21 16:06:15 INFO SparkContext: Added JAR file:///home/***/.ivy2/jars/org.apache.spark_spark-token-provider-kafka-0-10_2.12-3.5.0.jar at spark://05882356329d:42229/jars/org.apache.spark_spark-token-provider-kafka-0-10_2.12-3.5.0.jar with timestamp 1716307575585
[2024-05-21T16:06:15.941+0000] {spark_submit.py:571} INFO - 24/05/21 16:06:15 INFO SparkContext: Added JAR file:///home/***/.ivy2/jars/org.apache.kafka_kafka-clients-3.4.1.jar at spark://05882356329d:42229/jars/org.apache.kafka_kafka-clients-3.4.1.jar with timestamp 1716307575585
[2024-05-21T16:06:15.942+0000] {spark_submit.py:571} INFO - 24/05/21 16:06:15 INFO SparkContext: Added JAR file:///home/***/.ivy2/jars/org.apache.commons_commons-pool2-2.11.1.jar at spark://05882356329d:42229/jars/org.apache.commons_commons-pool2-2.11.1.jar with timestamp 1716307575585
[2024-05-21T16:06:15.942+0000] {spark_submit.py:571} INFO - 24/05/21 16:06:15 INFO SparkContext: Added JAR file:///home/***/.ivy2/jars/org.apache.hadoop_hadoop-client-runtime-3.3.4.jar at spark://05882356329d:42229/jars/org.apache.hadoop_hadoop-client-runtime-3.3.4.jar with timestamp 1716307575585
[2024-05-21T16:06:15.942+0000] {spark_submit.py:571} INFO - 24/05/21 16:06:15 INFO SparkContext: Added JAR file:///home/***/.ivy2/jars/org.lz4_lz4-java-1.8.0.jar at spark://05882356329d:42229/jars/org.lz4_lz4-java-1.8.0.jar with timestamp 1716307575585
[2024-05-21T16:06:15.942+0000] {spark_submit.py:571} INFO - 24/05/21 16:06:15 INFO SparkContext: Added JAR file:///home/***/.ivy2/jars/org.xerial.snappy_snappy-java-1.1.10.3.jar at spark://05882356329d:42229/jars/org.xerial.snappy_snappy-java-1.1.10.3.jar with timestamp 1716307575585
[2024-05-21T16:06:15.943+0000] {spark_submit.py:571} INFO - 24/05/21 16:06:15 INFO SparkContext: Added JAR file:///home/***/.ivy2/jars/org.slf4j_slf4j-api-2.0.7.jar at spark://05882356329d:42229/jars/org.slf4j_slf4j-api-2.0.7.jar with timestamp 1716307575585
[2024-05-21T16:06:15.943+0000] {spark_submit.py:571} INFO - 24/05/21 16:06:15 INFO SparkContext: Added JAR file:///home/***/.ivy2/jars/org.apache.hadoop_hadoop-client-api-3.3.4.jar at spark://05882356329d:42229/jars/org.apache.hadoop_hadoop-client-api-3.3.4.jar with timestamp 1716307575585
[2024-05-21T16:06:15.943+0000] {spark_submit.py:571} INFO - 24/05/21 16:06:15 INFO SparkContext: Added JAR file:///home/***/.ivy2/jars/commons-logging_commons-logging-1.1.3.jar at spark://05882356329d:42229/jars/commons-logging_commons-logging-1.1.3.jar with timestamp 1716307575585
[2024-05-21T16:06:15.943+0000] {spark_submit.py:571} INFO - 24/05/21 16:06:15 INFO SparkContext: Added JAR file:///home/***/.ivy2/jars/com.datastax.spark_spark-cassandra-connector-driver_2.12-3.5.0.jar at spark://05882356329d:42229/jars/com.datastax.spark_spark-cassandra-connector-driver_2.12-3.5.0.jar with timestamp 1716307575585
[2024-05-21T16:06:15.943+0000] {spark_submit.py:571} INFO - 24/05/21 16:06:15 INFO SparkContext: Added JAR file:///home/***/.ivy2/jars/org.scala-lang.modules_scala-collection-compat_2.12-2.11.0.jar at spark://05882356329d:42229/jars/org.scala-lang.modules_scala-collection-compat_2.12-2.11.0.jar with timestamp 1716307575585
[2024-05-21T16:06:15.944+0000] {spark_submit.py:571} INFO - 24/05/21 16:06:15 INFO SparkContext: Added JAR file:///home/***/.ivy2/jars/com.datastax.oss_java-driver-core-shaded-4.13.0.jar at spark://05882356329d:42229/jars/com.datastax.oss_java-driver-core-shaded-4.13.0.jar with timestamp 1716307575585
[2024-05-21T16:06:15.944+0000] {spark_submit.py:571} INFO - 24/05/21 16:06:15 INFO SparkContext: Added JAR file:///home/***/.ivy2/jars/com.datastax.oss_java-driver-mapper-runtime-4.13.0.jar at spark://05882356329d:42229/jars/com.datastax.oss_java-driver-mapper-runtime-4.13.0.jar with timestamp 1716307575585
[2024-05-21T16:06:15.944+0000] {spark_submit.py:571} INFO - 24/05/21 16:06:15 INFO SparkContext: Added JAR file:///home/***/.ivy2/jars/org.apache.commons_commons-lang3-3.10.jar at spark://05882356329d:42229/jars/org.apache.commons_commons-lang3-3.10.jar with timestamp 1716307575585
[2024-05-21T16:06:15.945+0000] {spark_submit.py:571} INFO - 24/05/21 16:06:15 INFO SparkContext: Added JAR file:///home/***/.ivy2/jars/com.thoughtworks.paranamer_paranamer-2.8.jar at spark://05882356329d:42229/jars/com.thoughtworks.paranamer_paranamer-2.8.jar with timestamp 1716307575585
[2024-05-21T16:06:15.945+0000] {spark_submit.py:571} INFO - 24/05/21 16:06:15 INFO SparkContext: Added JAR file:///home/***/.ivy2/jars/org.scala-lang_scala-reflect-2.12.11.jar at spark://05882356329d:42229/jars/org.scala-lang_scala-reflect-2.12.11.jar with timestamp 1716307575585
[2024-05-21T16:06:15.945+0000] {spark_submit.py:571} INFO - 24/05/21 16:06:15 INFO SparkContext: Added JAR file:///home/***/.ivy2/jars/com.datastax.oss_native-protocol-1.5.0.jar at spark://05882356329d:42229/jars/com.datastax.oss_native-protocol-1.5.0.jar with timestamp 1716307575585
[2024-05-21T16:06:15.945+0000] {spark_submit.py:571} INFO - 24/05/21 16:06:15 INFO SparkContext: Added JAR file:///home/***/.ivy2/jars/com.datastax.oss_java-driver-shaded-guava-25.1-jre-graal-sub-1.jar at spark://05882356329d:42229/jars/com.datastax.oss_java-driver-shaded-guava-25.1-jre-graal-sub-1.jar with timestamp 1716307575585
[2024-05-21T16:06:15.946+0000] {spark_submit.py:571} INFO - 24/05/21 16:06:15 INFO SparkContext: Added JAR file:///home/***/.ivy2/jars/com.typesafe_config-1.4.1.jar at spark://05882356329d:42229/jars/com.typesafe_config-1.4.1.jar with timestamp 1716307575585
[2024-05-21T16:06:15.946+0000] {spark_submit.py:571} INFO - 24/05/21 16:06:15 INFO SparkContext: Added JAR file:///home/***/.ivy2/jars/io.dropwizard.metrics_metrics-core-4.1.18.jar at spark://05882356329d:42229/jars/io.dropwizard.metrics_metrics-core-4.1.18.jar with timestamp 1716307575585
[2024-05-21T16:06:15.946+0000] {spark_submit.py:571} INFO - 24/05/21 16:06:15 INFO SparkContext: Added JAR file:///home/***/.ivy2/jars/org.hdrhistogram_HdrHistogram-2.1.12.jar at spark://05882356329d:42229/jars/org.hdrhistogram_HdrHistogram-2.1.12.jar with timestamp 1716307575585
[2024-05-21T16:06:15.947+0000] {spark_submit.py:571} INFO - 24/05/21 16:06:15 INFO SparkContext: Added JAR file:///home/***/.ivy2/jars/org.reactivestreams_reactive-streams-1.0.3.jar at spark://05882356329d:42229/jars/org.reactivestreams_reactive-streams-1.0.3.jar with timestamp 1716307575585
[2024-05-21T16:06:15.947+0000] {spark_submit.py:571} INFO - 24/05/21 16:06:15 INFO SparkContext: Added JAR file:///home/***/.ivy2/jars/com.github.stephenc.jcip_jcip-annotations-1.0-1.jar at spark://05882356329d:42229/jars/com.github.stephenc.jcip_jcip-annotations-1.0-1.jar with timestamp 1716307575585
[2024-05-21T16:06:15.947+0000] {spark_submit.py:571} INFO - 24/05/21 16:06:15 INFO SparkContext: Added JAR file:///home/***/.ivy2/jars/com.github.spotbugs_spotbugs-annotations-3.1.12.jar at spark://05882356329d:42229/jars/com.github.spotbugs_spotbugs-annotations-3.1.12.jar with timestamp 1716307575585
[2024-05-21T16:06:15.947+0000] {spark_submit.py:571} INFO - 24/05/21 16:06:15 INFO SparkContext: Added JAR file:///home/***/.ivy2/jars/com.google.code.findbugs_jsr305-3.0.2.jar at spark://05882356329d:42229/jars/com.google.code.findbugs_jsr305-3.0.2.jar with timestamp 1716307575585
[2024-05-21T16:06:15.948+0000] {spark_submit.py:571} INFO - 24/05/21 16:06:15 INFO SparkContext: Added JAR file:///home/***/.ivy2/jars/com.datastax.oss_java-driver-query-builder-4.13.0.jar at spark://05882356329d:42229/jars/com.datastax.oss_java-driver-query-builder-4.13.0.jar with timestamp 1716307575585
[2024-05-21T16:06:15.948+0000] {spark_submit.py:571} INFO - 24/05/21 16:06:15 INFO SparkContext: Added file file:///home/***/.ivy2/jars/org.apache.spark_spark-sql-kafka-0-10_2.12-3.5.0.jar at spark://05882356329d:42229/files/org.apache.spark_spark-sql-kafka-0-10_2.12-3.5.0.jar with timestamp 1716307575585
[2024-05-21T16:06:15.948+0000] {spark_submit.py:571} INFO - 24/05/21 16:06:15 INFO Utils: Copying /home/***/.ivy2/jars/org.apache.spark_spark-sql-kafka-0-10_2.12-3.5.0.jar to /tmp/spark-eb7c8f6a-96f2-4f0c-9d84-22988047102f/userFiles-5aa3bd41-e48f-40cd-923d-a0bc3938e332/org.apache.spark_spark-sql-kafka-0-10_2.12-3.5.0.jar
[2024-05-21T16:06:15.950+0000] {spark_submit.py:571} INFO - 24/05/21 16:06:15 INFO SparkContext: Added file file:///home/***/.ivy2/jars/com.datastax.spark_spark-cassandra-connector_2.12-3.5.0.jar at spark://05882356329d:42229/files/com.datastax.spark_spark-cassandra-connector_2.12-3.5.0.jar with timestamp 1716307575585
[2024-05-21T16:06:15.950+0000] {spark_submit.py:571} INFO - 24/05/21 16:06:15 INFO Utils: Copying /home/***/.ivy2/jars/com.datastax.spark_spark-cassandra-connector_2.12-3.5.0.jar to /tmp/spark-eb7c8f6a-96f2-4f0c-9d84-22988047102f/userFiles-5aa3bd41-e48f-40cd-923d-a0bc3938e332/com.datastax.spark_spark-cassandra-connector_2.12-3.5.0.jar
[2024-05-21T16:06:15.953+0000] {spark_submit.py:571} INFO - 24/05/21 16:06:15 INFO SparkContext: Added file file:///home/***/.ivy2/jars/org.apache.spark_spark-token-provider-kafka-0-10_2.12-3.5.0.jar at spark://05882356329d:42229/files/org.apache.spark_spark-token-provider-kafka-0-10_2.12-3.5.0.jar with timestamp 1716307575585
[2024-05-21T16:06:15.953+0000] {spark_submit.py:571} INFO - 24/05/21 16:06:15 INFO Utils: Copying /home/***/.ivy2/jars/org.apache.spark_spark-token-provider-kafka-0-10_2.12-3.5.0.jar to /tmp/spark-eb7c8f6a-96f2-4f0c-9d84-22988047102f/userFiles-5aa3bd41-e48f-40cd-923d-a0bc3938e332/org.apache.spark_spark-token-provider-kafka-0-10_2.12-3.5.0.jar
[2024-05-21T16:06:15.956+0000] {spark_submit.py:571} INFO - 24/05/21 16:06:15 INFO SparkContext: Added file file:///home/***/.ivy2/jars/org.apache.kafka_kafka-clients-3.4.1.jar at spark://05882356329d:42229/files/org.apache.kafka_kafka-clients-3.4.1.jar with timestamp 1716307575585
[2024-05-21T16:06:15.956+0000] {spark_submit.py:571} INFO - 24/05/21 16:06:15 INFO Utils: Copying /home/***/.ivy2/jars/org.apache.kafka_kafka-clients-3.4.1.jar to /tmp/spark-eb7c8f6a-96f2-4f0c-9d84-22988047102f/userFiles-5aa3bd41-e48f-40cd-923d-a0bc3938e332/org.apache.kafka_kafka-clients-3.4.1.jar
[2024-05-21T16:06:15.960+0000] {spark_submit.py:571} INFO - 24/05/21 16:06:15 INFO SparkContext: Added file file:///home/***/.ivy2/jars/org.apache.commons_commons-pool2-2.11.1.jar at spark://05882356329d:42229/files/org.apache.commons_commons-pool2-2.11.1.jar with timestamp 1716307575585
[2024-05-21T16:06:15.960+0000] {spark_submit.py:571} INFO - 24/05/21 16:06:15 INFO Utils: Copying /home/***/.ivy2/jars/org.apache.commons_commons-pool2-2.11.1.jar to /tmp/spark-eb7c8f6a-96f2-4f0c-9d84-22988047102f/userFiles-5aa3bd41-e48f-40cd-923d-a0bc3938e332/org.apache.commons_commons-pool2-2.11.1.jar
[2024-05-21T16:06:15.962+0000] {spark_submit.py:571} INFO - 24/05/21 16:06:15 INFO SparkContext: Added file file:///home/***/.ivy2/jars/org.apache.hadoop_hadoop-client-runtime-3.3.4.jar at spark://05882356329d:42229/files/org.apache.hadoop_hadoop-client-runtime-3.3.4.jar with timestamp 1716307575585
[2024-05-21T16:06:15.962+0000] {spark_submit.py:571} INFO - 24/05/21 16:06:15 INFO Utils: Copying /home/***/.ivy2/jars/org.apache.hadoop_hadoop-client-runtime-3.3.4.jar to /tmp/spark-eb7c8f6a-96f2-4f0c-9d84-22988047102f/userFiles-5aa3bd41-e48f-40cd-923d-a0bc3938e332/org.apache.hadoop_hadoop-client-runtime-3.3.4.jar
[2024-05-21T16:06:15.977+0000] {spark_submit.py:571} INFO - 24/05/21 16:06:15 INFO SparkContext: Added file file:///home/***/.ivy2/jars/org.lz4_lz4-java-1.8.0.jar at spark://05882356329d:42229/files/org.lz4_lz4-java-1.8.0.jar with timestamp 1716307575585
[2024-05-21T16:06:15.977+0000] {spark_submit.py:571} INFO - 24/05/21 16:06:15 INFO Utils: Copying /home/***/.ivy2/jars/org.lz4_lz4-java-1.8.0.jar to /tmp/spark-eb7c8f6a-96f2-4f0c-9d84-22988047102f/userFiles-5aa3bd41-e48f-40cd-923d-a0bc3938e332/org.lz4_lz4-java-1.8.0.jar
[2024-05-21T16:06:15.979+0000] {spark_submit.py:571} INFO - 24/05/21 16:06:15 INFO SparkContext: Added file file:///home/***/.ivy2/jars/org.xerial.snappy_snappy-java-1.1.10.3.jar at spark://05882356329d:42229/files/org.xerial.snappy_snappy-java-1.1.10.3.jar with timestamp 1716307575585
[2024-05-21T16:06:15.979+0000] {spark_submit.py:571} INFO - 24/05/21 16:06:15 INFO Utils: Copying /home/***/.ivy2/jars/org.xerial.snappy_snappy-java-1.1.10.3.jar to /tmp/spark-eb7c8f6a-96f2-4f0c-9d84-22988047102f/userFiles-5aa3bd41-e48f-40cd-923d-a0bc3938e332/org.xerial.snappy_snappy-java-1.1.10.3.jar
[2024-05-21T16:06:15.982+0000] {spark_submit.py:571} INFO - 24/05/21 16:06:15 INFO SparkContext: Added file file:///home/***/.ivy2/jars/org.slf4j_slf4j-api-2.0.7.jar at spark://05882356329d:42229/files/org.slf4j_slf4j-api-2.0.7.jar with timestamp 1716307575585
[2024-05-21T16:06:15.983+0000] {spark_submit.py:571} INFO - 24/05/21 16:06:15 INFO Utils: Copying /home/***/.ivy2/jars/org.slf4j_slf4j-api-2.0.7.jar to /tmp/spark-eb7c8f6a-96f2-4f0c-9d84-22988047102f/userFiles-5aa3bd41-e48f-40cd-923d-a0bc3938e332/org.slf4j_slf4j-api-2.0.7.jar
[2024-05-21T16:06:15.984+0000] {spark_submit.py:571} INFO - 24/05/21 16:06:15 INFO SparkContext: Added file file:///home/***/.ivy2/jars/org.apache.hadoop_hadoop-client-api-3.3.4.jar at spark://05882356329d:42229/files/org.apache.hadoop_hadoop-client-api-3.3.4.jar with timestamp 1716307575585
[2024-05-21T16:06:15.984+0000] {spark_submit.py:571} INFO - 24/05/21 16:06:15 INFO Utils: Copying /home/***/.ivy2/jars/org.apache.hadoop_hadoop-client-api-3.3.4.jar to /tmp/spark-eb7c8f6a-96f2-4f0c-9d84-22988047102f/userFiles-5aa3bd41-e48f-40cd-923d-a0bc3938e332/org.apache.hadoop_hadoop-client-api-3.3.4.jar
[2024-05-21T16:06:15.994+0000] {spark_submit.py:571} INFO - 24/05/21 16:06:15 INFO SparkContext: Added file file:///home/***/.ivy2/jars/commons-logging_commons-logging-1.1.3.jar at spark://05882356329d:42229/files/commons-logging_commons-logging-1.1.3.jar with timestamp 1716307575585
[2024-05-21T16:06:15.995+0000] {spark_submit.py:571} INFO - 24/05/21 16:06:15 INFO Utils: Copying /home/***/.ivy2/jars/commons-logging_commons-logging-1.1.3.jar to /tmp/spark-eb7c8f6a-96f2-4f0c-9d84-22988047102f/userFiles-5aa3bd41-e48f-40cd-923d-a0bc3938e332/commons-logging_commons-logging-1.1.3.jar
[2024-05-21T16:06:15.996+0000] {spark_submit.py:571} INFO - 24/05/21 16:06:15 INFO SparkContext: Added file file:///home/***/.ivy2/jars/com.datastax.spark_spark-cassandra-connector-driver_2.12-3.5.0.jar at spark://05882356329d:42229/files/com.datastax.spark_spark-cassandra-connector-driver_2.12-3.5.0.jar with timestamp 1716307575585
[2024-05-21T16:06:15.996+0000] {spark_submit.py:571} INFO - 24/05/21 16:06:15 INFO Utils: Copying /home/***/.ivy2/jars/com.datastax.spark_spark-cassandra-connector-driver_2.12-3.5.0.jar to /tmp/spark-eb7c8f6a-96f2-4f0c-9d84-22988047102f/userFiles-5aa3bd41-e48f-40cd-923d-a0bc3938e332/com.datastax.spark_spark-cassandra-connector-driver_2.12-3.5.0.jar
[2024-05-21T16:06:15.998+0000] {spark_submit.py:571} INFO - 24/05/21 16:06:15 INFO SparkContext: Added file file:///home/***/.ivy2/jars/org.scala-lang.modules_scala-collection-compat_2.12-2.11.0.jar at spark://05882356329d:42229/files/org.scala-lang.modules_scala-collection-compat_2.12-2.11.0.jar with timestamp 1716307575585
[2024-05-21T16:06:15.998+0000] {spark_submit.py:571} INFO - 24/05/21 16:06:15 INFO Utils: Copying /home/***/.ivy2/jars/org.scala-lang.modules_scala-collection-compat_2.12-2.11.0.jar to /tmp/spark-eb7c8f6a-96f2-4f0c-9d84-22988047102f/userFiles-5aa3bd41-e48f-40cd-923d-a0bc3938e332/org.scala-lang.modules_scala-collection-compat_2.12-2.11.0.jar
[2024-05-21T16:06:16.000+0000] {spark_submit.py:571} INFO - 24/05/21 16:06:16 INFO SparkContext: Added file file:///home/***/.ivy2/jars/com.datastax.oss_java-driver-core-shaded-4.13.0.jar at spark://05882356329d:42229/files/com.datastax.oss_java-driver-core-shaded-4.13.0.jar with timestamp 1716307575585
[2024-05-21T16:06:16.001+0000] {spark_submit.py:571} INFO - 24/05/21 16:06:16 INFO Utils: Copying /home/***/.ivy2/jars/com.datastax.oss_java-driver-core-shaded-4.13.0.jar to /tmp/spark-eb7c8f6a-96f2-4f0c-9d84-22988047102f/userFiles-5aa3bd41-e48f-40cd-923d-a0bc3938e332/com.datastax.oss_java-driver-core-shaded-4.13.0.jar
[2024-05-21T16:06:16.006+0000] {spark_submit.py:571} INFO - 24/05/21 16:06:16 INFO SparkContext: Added file file:///home/***/.ivy2/jars/com.datastax.oss_java-driver-mapper-runtime-4.13.0.jar at spark://05882356329d:42229/files/com.datastax.oss_java-driver-mapper-runtime-4.13.0.jar with timestamp 1716307575585
[2024-05-21T16:06:16.006+0000] {spark_submit.py:571} INFO - 24/05/21 16:06:16 INFO Utils: Copying /home/***/.ivy2/jars/com.datastax.oss_java-driver-mapper-runtime-4.13.0.jar to /tmp/spark-eb7c8f6a-96f2-4f0c-9d84-22988047102f/userFiles-5aa3bd41-e48f-40cd-923d-a0bc3938e332/com.datastax.oss_java-driver-mapper-runtime-4.13.0.jar
[2024-05-21T16:06:16.008+0000] {spark_submit.py:571} INFO - 24/05/21 16:06:16 INFO SparkContext: Added file file:///home/***/.ivy2/jars/org.apache.commons_commons-lang3-3.10.jar at spark://05882356329d:42229/files/org.apache.commons_commons-lang3-3.10.jar with timestamp 1716307575585
[2024-05-21T16:06:16.008+0000] {spark_submit.py:571} INFO - 24/05/21 16:06:16 INFO Utils: Copying /home/***/.ivy2/jars/org.apache.commons_commons-lang3-3.10.jar to /tmp/spark-eb7c8f6a-96f2-4f0c-9d84-22988047102f/userFiles-5aa3bd41-e48f-40cd-923d-a0bc3938e332/org.apache.commons_commons-lang3-3.10.jar
[2024-05-21T16:06:16.010+0000] {spark_submit.py:571} INFO - 24/05/21 16:06:16 INFO SparkContext: Added file file:///home/***/.ivy2/jars/com.thoughtworks.paranamer_paranamer-2.8.jar at spark://05882356329d:42229/files/com.thoughtworks.paranamer_paranamer-2.8.jar with timestamp 1716307575585
[2024-05-21T16:06:16.010+0000] {spark_submit.py:571} INFO - 24/05/21 16:06:16 INFO Utils: Copying /home/***/.ivy2/jars/com.thoughtworks.paranamer_paranamer-2.8.jar to /tmp/spark-eb7c8f6a-96f2-4f0c-9d84-22988047102f/userFiles-5aa3bd41-e48f-40cd-923d-a0bc3938e332/com.thoughtworks.paranamer_paranamer-2.8.jar
[2024-05-21T16:06:16.011+0000] {spark_submit.py:571} INFO - 24/05/21 16:06:16 INFO SparkContext: Added file file:///home/***/.ivy2/jars/org.scala-lang_scala-reflect-2.12.11.jar at spark://05882356329d:42229/files/org.scala-lang_scala-reflect-2.12.11.jar with timestamp 1716307575585
[2024-05-21T16:06:16.012+0000] {spark_submit.py:571} INFO - 24/05/21 16:06:16 INFO Utils: Copying /home/***/.ivy2/jars/org.scala-lang_scala-reflect-2.12.11.jar to /tmp/spark-eb7c8f6a-96f2-4f0c-9d84-22988047102f/userFiles-5aa3bd41-e48f-40cd-923d-a0bc3938e332/org.scala-lang_scala-reflect-2.12.11.jar
[2024-05-21T16:06:16.015+0000] {spark_submit.py:571} INFO - 24/05/21 16:06:16 INFO SparkContext: Added file file:///home/***/.ivy2/jars/com.datastax.oss_native-protocol-1.5.0.jar at spark://05882356329d:42229/files/com.datastax.oss_native-protocol-1.5.0.jar with timestamp 1716307575585
[2024-05-21T16:06:16.015+0000] {spark_submit.py:571} INFO - 24/05/21 16:06:16 INFO Utils: Copying /home/***/.ivy2/jars/com.datastax.oss_native-protocol-1.5.0.jar to /tmp/spark-eb7c8f6a-96f2-4f0c-9d84-22988047102f/userFiles-5aa3bd41-e48f-40cd-923d-a0bc3938e332/com.datastax.oss_native-protocol-1.5.0.jar
[2024-05-21T16:06:16.016+0000] {spark_submit.py:571} INFO - 24/05/21 16:06:16 INFO SparkContext: Added file file:///home/***/.ivy2/jars/com.datastax.oss_java-driver-shaded-guava-25.1-jre-graal-sub-1.jar at spark://05882356329d:42229/files/com.datastax.oss_java-driver-shaded-guava-25.1-jre-graal-sub-1.jar with timestamp 1716307575585
[2024-05-21T16:06:16.017+0000] {spark_submit.py:571} INFO - 24/05/21 16:06:16 INFO Utils: Copying /home/***/.ivy2/jars/com.datastax.oss_java-driver-shaded-guava-25.1-jre-graal-sub-1.jar to /tmp/spark-eb7c8f6a-96f2-4f0c-9d84-22988047102f/userFiles-5aa3bd41-e48f-40cd-923d-a0bc3938e332/com.datastax.oss_java-driver-shaded-guava-25.1-jre-graal-sub-1.jar
[2024-05-21T16:06:16.020+0000] {spark_submit.py:571} INFO - 24/05/21 16:06:16 INFO SparkContext: Added file file:///home/***/.ivy2/jars/com.typesafe_config-1.4.1.jar at spark://05882356329d:42229/files/com.typesafe_config-1.4.1.jar with timestamp 1716307575585
[2024-05-21T16:06:16.020+0000] {spark_submit.py:571} INFO - 24/05/21 16:06:16 INFO Utils: Copying /home/***/.ivy2/jars/com.typesafe_config-1.4.1.jar to /tmp/spark-eb7c8f6a-96f2-4f0c-9d84-22988047102f/userFiles-5aa3bd41-e48f-40cd-923d-a0bc3938e332/com.typesafe_config-1.4.1.jar
[2024-05-21T16:06:16.022+0000] {spark_submit.py:571} INFO - 24/05/21 16:06:16 INFO SparkContext: Added file file:///home/***/.ivy2/jars/io.dropwizard.metrics_metrics-core-4.1.18.jar at spark://05882356329d:42229/files/io.dropwizard.metrics_metrics-core-4.1.18.jar with timestamp 1716307575585
[2024-05-21T16:06:16.022+0000] {spark_submit.py:571} INFO - 24/05/21 16:06:16 INFO Utils: Copying /home/***/.ivy2/jars/io.dropwizard.metrics_metrics-core-4.1.18.jar to /tmp/spark-eb7c8f6a-96f2-4f0c-9d84-22988047102f/userFiles-5aa3bd41-e48f-40cd-923d-a0bc3938e332/io.dropwizard.metrics_metrics-core-4.1.18.jar
[2024-05-21T16:06:16.024+0000] {spark_submit.py:571} INFO - 24/05/21 16:06:16 INFO SparkContext: Added file file:///home/***/.ivy2/jars/org.hdrhistogram_HdrHistogram-2.1.12.jar at spark://05882356329d:42229/files/org.hdrhistogram_HdrHistogram-2.1.12.jar with timestamp 1716307575585
[2024-05-21T16:06:16.024+0000] {spark_submit.py:571} INFO - 24/05/21 16:06:16 INFO Utils: Copying /home/***/.ivy2/jars/org.hdrhistogram_HdrHistogram-2.1.12.jar to /tmp/spark-eb7c8f6a-96f2-4f0c-9d84-22988047102f/userFiles-5aa3bd41-e48f-40cd-923d-a0bc3938e332/org.hdrhistogram_HdrHistogram-2.1.12.jar
[2024-05-21T16:06:16.025+0000] {spark_submit.py:571} INFO - 24/05/21 16:06:16 INFO SparkContext: Added file file:///home/***/.ivy2/jars/org.reactivestreams_reactive-streams-1.0.3.jar at spark://05882356329d:42229/files/org.reactivestreams_reactive-streams-1.0.3.jar with timestamp 1716307575585
[2024-05-21T16:06:16.026+0000] {spark_submit.py:571} INFO - 24/05/21 16:06:16 INFO Utils: Copying /home/***/.ivy2/jars/org.reactivestreams_reactive-streams-1.0.3.jar to /tmp/spark-eb7c8f6a-96f2-4f0c-9d84-22988047102f/userFiles-5aa3bd41-e48f-40cd-923d-a0bc3938e332/org.reactivestreams_reactive-streams-1.0.3.jar
[2024-05-21T16:06:16.027+0000] {spark_submit.py:571} INFO - 24/05/21 16:06:16 INFO SparkContext: Added file file:///home/***/.ivy2/jars/com.github.stephenc.jcip_jcip-annotations-1.0-1.jar at spark://05882356329d:42229/files/com.github.stephenc.jcip_jcip-annotations-1.0-1.jar with timestamp 1716307575585
[2024-05-21T16:06:16.027+0000] {spark_submit.py:571} INFO - 24/05/21 16:06:16 INFO Utils: Copying /home/***/.ivy2/jars/com.github.stephenc.jcip_jcip-annotations-1.0-1.jar to /tmp/spark-eb7c8f6a-96f2-4f0c-9d84-22988047102f/userFiles-5aa3bd41-e48f-40cd-923d-a0bc3938e332/com.github.stephenc.jcip_jcip-annotations-1.0-1.jar
[2024-05-21T16:06:16.029+0000] {spark_submit.py:571} INFO - 24/05/21 16:06:16 INFO SparkContext: Added file file:///home/***/.ivy2/jars/com.github.spotbugs_spotbugs-annotations-3.1.12.jar at spark://05882356329d:42229/files/com.github.spotbugs_spotbugs-annotations-3.1.12.jar with timestamp 1716307575585
[2024-05-21T16:06:16.029+0000] {spark_submit.py:571} INFO - 24/05/21 16:06:16 INFO Utils: Copying /home/***/.ivy2/jars/com.github.spotbugs_spotbugs-annotations-3.1.12.jar to /tmp/spark-eb7c8f6a-96f2-4f0c-9d84-22988047102f/userFiles-5aa3bd41-e48f-40cd-923d-a0bc3938e332/com.github.spotbugs_spotbugs-annotations-3.1.12.jar
[2024-05-21T16:06:16.031+0000] {spark_submit.py:571} INFO - 24/05/21 16:06:16 INFO SparkContext: Added file file:///home/***/.ivy2/jars/com.google.code.findbugs_jsr305-3.0.2.jar at spark://05882356329d:42229/files/com.google.code.findbugs_jsr305-3.0.2.jar with timestamp 1716307575585
[2024-05-21T16:06:16.031+0000] {spark_submit.py:571} INFO - 24/05/21 16:06:16 INFO Utils: Copying /home/***/.ivy2/jars/com.google.code.findbugs_jsr305-3.0.2.jar to /tmp/spark-eb7c8f6a-96f2-4f0c-9d84-22988047102f/userFiles-5aa3bd41-e48f-40cd-923d-a0bc3938e332/com.google.code.findbugs_jsr305-3.0.2.jar
[2024-05-21T16:06:16.032+0000] {spark_submit.py:571} INFO - 24/05/21 16:06:16 INFO SparkContext: Added file file:///home/***/.ivy2/jars/com.datastax.oss_java-driver-query-builder-4.13.0.jar at spark://05882356329d:42229/files/com.datastax.oss_java-driver-query-builder-4.13.0.jar with timestamp 1716307575585
[2024-05-21T16:06:16.033+0000] {spark_submit.py:571} INFO - 24/05/21 16:06:16 INFO Utils: Copying /home/***/.ivy2/jars/com.datastax.oss_java-driver-query-builder-4.13.0.jar to /tmp/spark-eb7c8f6a-96f2-4f0c-9d84-22988047102f/userFiles-5aa3bd41-e48f-40cd-923d-a0bc3938e332/com.datastax.oss_java-driver-query-builder-4.13.0.jar
[2024-05-21T16:06:16.072+0000] {spark_submit.py:571} INFO - 24/05/21 16:06:16 INFO StandaloneAppClient$ClientEndpoint: Connecting to master spark://spark-master:7077...
[2024-05-21T16:06:16.095+0000] {spark_submit.py:571} INFO - 24/05/21 16:06:16 INFO TransportClientFactory: Successfully created connection to spark-master/172.20.0.8:7077 after 13 ms (0 ms spent in bootstraps)
[2024-05-21T16:06:16.146+0000] {spark_submit.py:571} INFO - 24/05/21 16:06:16 INFO StandaloneSchedulerBackend: Connected to Spark cluster with app ID app-20240521160616-0003
[2024-05-21T16:06:16.148+0000] {spark_submit.py:571} INFO - 24/05/21 16:06:16 INFO StandaloneAppClient$ClientEndpoint: Executor added: app-20240521160616-0003/0 on worker-20240521151508-172.20.0.9-46475 (172.20.0.9:46475) with 1 core(s)
[2024-05-21T16:06:16.150+0000] {spark_submit.py:571} INFO - 24/05/21 16:06:16 INFO StandaloneSchedulerBackend: Granted executor ID app-20240521160616-0003/0 on hostPort 172.20.0.9:46475 with 1 core(s), 1024.0 MiB RAM
[2024-05-21T16:06:16.157+0000] {spark_submit.py:571} INFO - 24/05/21 16:06:16 INFO Utils: Successfully started service 'org.apache.spark.network.netty.NettyBlockTransferService' on port 42305.
[2024-05-21T16:06:16.158+0000] {spark_submit.py:571} INFO - 24/05/21 16:06:16 INFO NettyBlockTransferService: Server created on 05882356329d:42305
[2024-05-21T16:06:16.159+0000] {spark_submit.py:571} INFO - 24/05/21 16:06:16 INFO BlockManager: Using org.apache.spark.storage.RandomBlockReplicationPolicy for block replication policy
[2024-05-21T16:06:16.166+0000] {spark_submit.py:571} INFO - 24/05/21 16:06:16 INFO BlockManagerMaster: Registering BlockManager BlockManagerId(driver, 05882356329d, 42305, None)
[2024-05-21T16:06:16.168+0000] {spark_submit.py:571} INFO - 24/05/21 16:06:16 INFO BlockManagerMasterEndpoint: Registering block manager 05882356329d:42305 with 434.4 MiB RAM, BlockManagerId(driver, 05882356329d, 42305, None)
[2024-05-21T16:06:16.170+0000] {spark_submit.py:571} INFO - 24/05/21 16:06:16 INFO StandaloneAppClient$ClientEndpoint: Executor updated: app-20240521160616-0003/0 is now RUNNING
[2024-05-21T16:06:16.171+0000] {spark_submit.py:571} INFO - 24/05/21 16:06:16 INFO BlockManagerMaster: Registered BlockManager BlockManagerId(driver, 05882356329d, 42305, None)
[2024-05-21T16:06:16.171+0000] {spark_submit.py:571} INFO - 24/05/21 16:06:16 INFO BlockManager: Initialized BlockManager: BlockManagerId(driver, 05882356329d, 42305, None)
[2024-05-21T16:06:16.270+0000] {spark_submit.py:571} INFO - 24/05/21 16:06:16 INFO StandaloneSchedulerBackend: SchedulerBackend is ready for scheduling beginning after reached minRegisteredResourcesRatio: 0.0
[2024-05-21T16:06:16.399+0000] {spark_submit.py:571} INFO - Spark connection created successfully.
[2024-05-21T16:06:16.400+0000] {spark_submit.py:571} INFO - Start initializing kafka connection ...
[2024-05-21T16:06:16.402+0000] {spark_submit.py:571} INFO - 24/05/21 16:06:16 INFO SharedState: Setting hive.metastore.warehouse.dir ('null') to the value of spark.sql.warehouse.dir.
[2024-05-21T16:06:16.404+0000] {spark_submit.py:571} INFO - 24/05/21 16:06:16 INFO SharedState: Warehouse path is 'file:/opt/***/spark-warehouse'.
[2024-05-21T16:06:17.070+0000] {spark_submit.py:571} INFO - Kafka connection created successfully.
[2024-05-21T16:06:17.270+0000] {spark_submit.py:571} INFO - 24/05/21 16:06:17 WARN SparkStringUtils: Truncated the string representation of a plan since it was too large. This behavior can be adjusted by setting 'spark.sql.debug.maxToStringFields'.
[2024-05-21T16:06:17.358+0000] {spark_submit.py:571} INFO - 24/05/21 16:06:17 INFO StateStoreCoordinatorRef: Registered StateStoreCoordinator endpoint
[2024-05-21T16:06:17.373+0000] {spark_submit.py:571} INFO - 24/05/21 16:06:17 WARN ResolveWriteToStream: Temporary checkpoint location created which is deleted normally when the query didn't fail: /tmp/temporary-90bd90ae-f3b4-4347-8c3e-cea2430391bd. If it's required to delete it under any circumstances, please set spark.sql.streaming.forceDeleteTempCheckpointLocation to true. Important to know deleting temp checkpoint folder is best effort.
[2024-05-21T16:06:17.385+0000] {spark_submit.py:571} INFO - 24/05/21 16:06:17 INFO ResolveWriteToStream: Checkpoint root file:///tmp/temporary-90bd90ae-f3b4-4347-8c3e-cea2430391bd resolved to file:/tmp/temporary-90bd90ae-f3b4-4347-8c3e-cea2430391bd.
[2024-05-21T16:06:17.386+0000] {spark_submit.py:571} INFO - 24/05/21 16:06:17 WARN ResolveWriteToStream: spark.sql.adaptive.enabled is not supported in streaming DataFrames/Datasets and will be disabled.
[2024-05-21T16:06:17.400+0000] {spark_submit.py:571} INFO - 24/05/21 16:06:17 INFO StandaloneSchedulerBackend$StandaloneDriverEndpoint: Registered executor NettyRpcEndpointRef(spark-client://Executor) (172.20.0.9:54820) with ID 0,  ResourceProfileId 0
[2024-05-21T16:06:17.423+0000] {spark_submit.py:571} INFO - 24/05/21 16:06:17 INFO CheckpointFileManager: Writing atomically to file:/tmp/temporary-90bd90ae-f3b4-4347-8c3e-cea2430391bd/metadata using temp file file:/tmp/temporary-90bd90ae-f3b4-4347-8c3e-cea2430391bd/.metadata.f93159a4-7372-4287-90e8-7f9a90c6a0df.tmp
[2024-05-21T16:06:17.435+0000] {spark_submit.py:571} INFO - 24/05/21 16:06:17 INFO BlockManagerMasterEndpoint: Registering block manager 172.20.0.9:35401 with 434.4 MiB RAM, BlockManagerId(0, 172.20.0.9, 35401, None)
[2024-05-21T16:06:17.461+0000] {spark_submit.py:571} INFO - 24/05/21 16:06:17 INFO CheckpointFileManager: Renamed temp file file:/tmp/temporary-90bd90ae-f3b4-4347-8c3e-cea2430391bd/.metadata.f93159a4-7372-4287-90e8-7f9a90c6a0df.tmp to file:/tmp/temporary-90bd90ae-f3b4-4347-8c3e-cea2430391bd/metadata
[2024-05-21T16:06:17.478+0000] {spark_submit.py:571} INFO - 24/05/21 16:06:17 INFO MicroBatchExecution: Starting [id = 9f6146e1-71e4-4377-a5cb-f5114a71558e, runId = 32455ac3-cdab-49e8-8100-e825ff6da3d5]. Use file:/tmp/temporary-90bd90ae-f3b4-4347-8c3e-cea2430391bd to store the query checkpoint.
[2024-05-21T16:06:17.483+0000] {spark_submit.py:571} INFO - 24/05/21 16:06:17 INFO MicroBatchExecution: Reading table [org.apache.spark.sql.kafka010.KafkaSourceProvider$KafkaTable@3bc4385b] from DataSourceV2 named 'kafka' [org.apache.spark.sql.kafka010.KafkaSourceProvider@19fec89c]
[2024-05-21T16:06:17.499+0000] {spark_submit.py:571} INFO - 24/05/21 16:06:17 INFO OffsetSeqLog: BatchIds found from listing:
[2024-05-21T16:06:17.500+0000] {spark_submit.py:571} INFO - 24/05/21 16:06:17 INFO OffsetSeqLog: BatchIds found from listing:
[2024-05-21T16:06:17.500+0000] {spark_submit.py:571} INFO - 24/05/21 16:06:17 INFO MicroBatchExecution: Starting new streaming query.
[2024-05-21T16:06:17.501+0000] {spark_submit.py:571} INFO - 24/05/21 16:06:17 INFO MicroBatchExecution: Stream started from {}
[2024-05-21T16:06:17.529+0000] {spark_submit.py:571} INFO - Failed to connect to Cassandra: An error occurred while calling o86.load.
[2024-05-21T16:06:17.529+0000] {spark_submit.py:571} INFO - : java.lang.NullPointerException: null value for keyspace
[2024-05-21T16:06:17.530+0000] {spark_submit.py:571} INFO - at org.apache.spark.SparkConf.set(SparkConf.scala:91)
[2024-05-21T16:06:17.530+0000] {spark_submit.py:571} INFO - at org.apache.spark.SparkConf.set(SparkConf.scala:83)
[2024-05-21T16:06:17.530+0000] {spark_submit.py:571} INFO - at org.apache.spark.SparkConf.$anonfun$setAll$1(SparkConf.scala:172)
[2024-05-21T16:06:17.531+0000] {spark_submit.py:571} INFO - at scala.collection.immutable.Map$Map2.foreach(Map.scala:273)
[2024-05-21T16:06:17.531+0000] {spark_submit.py:571} INFO - at org.apache.spark.SparkConf.setAll(SparkConf.scala:172)
[2024-05-21T16:06:17.531+0000] {spark_submit.py:571} INFO - at com.datastax.spark.connector.datasource.CassandraSourceUtil$.consolidateConfs(CassandraSourceUtil.scala:103)
[2024-05-21T16:06:17.531+0000] {spark_submit.py:571} INFO - at org.apache.spark.sql.cassandra.DefaultSource.getTable(DefaultSource.scala:60)
[2024-05-21T16:06:17.532+0000] {spark_submit.py:571} INFO - at org.apache.spark.sql.cassandra.DefaultSource.inferSchema(DefaultSource.scala:67)
[2024-05-21T16:06:17.532+0000] {spark_submit.py:571} INFO - at org.apache.spark.sql.execution.datasources.v2.DataSourceV2Utils$.getTableFromProvider(DataSourceV2Utils.scala:90)
[2024-05-21T16:06:17.532+0000] {spark_submit.py:571} INFO - at org.apache.spark.sql.execution.datasources.v2.DataSourceV2Utils$.loadV2Source(DataSourceV2Utils.scala:140)
[2024-05-21T16:06:17.532+0000] {spark_submit.py:571} INFO - at org.apache.spark.sql.DataFrameReader.$anonfun$load$1(DataFrameReader.scala:210)
[2024-05-21T16:06:17.533+0000] {spark_submit.py:571} INFO - at scala.Option.flatMap(Option.scala:271)
[2024-05-21T16:06:17.533+0000] {spark_submit.py:571} INFO - at org.apache.spark.sql.DataFrameReader.load(DataFrameReader.scala:208)
[2024-05-21T16:06:17.533+0000] {spark_submit.py:571} INFO - at org.apache.spark.sql.DataFrameReader.load(DataFrameReader.scala:172)
[2024-05-21T16:06:17.533+0000] {spark_submit.py:571} INFO - at java.base/jdk.internal.reflect.NativeMethodAccessorImpl.invoke0(Native Method)
[2024-05-21T16:06:17.534+0000] {spark_submit.py:571} INFO - at java.base/jdk.internal.reflect.NativeMethodAccessorImpl.invoke(NativeMethodAccessorImpl.java:77)
[2024-05-21T16:06:17.534+0000] {spark_submit.py:571} INFO - at java.base/jdk.internal.reflect.DelegatingMethodAccessorImpl.invoke(DelegatingMethodAccessorImpl.java:43)
[2024-05-21T16:06:17.534+0000] {spark_submit.py:571} INFO - at java.base/java.lang.reflect.Method.invoke(Method.java:568)
[2024-05-21T16:06:17.534+0000] {spark_submit.py:571} INFO - at py4j.reflection.MethodInvoker.invoke(MethodInvoker.java:244)
[2024-05-21T16:06:17.534+0000] {spark_submit.py:571} INFO - at py4j.reflection.ReflectionEngine.invoke(ReflectionEngine.java:374)
[2024-05-21T16:06:17.535+0000] {spark_submit.py:571} INFO - at py4j.Gateway.invoke(Gateway.java:282)
[2024-05-21T16:06:17.535+0000] {spark_submit.py:571} INFO - at py4j.commands.AbstractCommand.invokeMethod(AbstractCommand.java:132)
[2024-05-21T16:06:17.535+0000] {spark_submit.py:571} INFO - at py4j.commands.CallCommand.execute(CallCommand.java:79)
[2024-05-21T16:06:17.535+0000] {spark_submit.py:571} INFO - at py4j.ClientServerConnection.waitForCommands(ClientServerConnection.java:182)
[2024-05-21T16:06:17.536+0000] {spark_submit.py:571} INFO - at py4j.ClientServerConnection.run(ClientServerConnection.java:106)
[2024-05-21T16:06:17.536+0000] {spark_submit.py:571} INFO - at java.base/java.lang.Thread.run(Thread.java:840)
[2024-05-21T16:06:17.536+0000] {spark_submit.py:571} INFO - 
[2024-05-21T16:06:17.536+0000] {spark_submit.py:571} INFO - Printing df schema:
[2024-05-21T16:06:17.537+0000] {spark_submit.py:571} INFO - root
[2024-05-21T16:06:17.537+0000] {spark_submit.py:571} INFO - |-- address: string (nullable = true)
[2024-05-21T16:06:17.537+0000] {spark_submit.py:571} INFO - |-- size: double (nullable = true)
[2024-05-21T16:06:17.537+0000] {spark_submit.py:571} INFO - |-- price: double (nullable = true)
[2024-05-21T16:06:17.538+0000] {spark_submit.py:571} INFO - |-- pricebyarea: double (nullable = true)
[2024-05-21T16:06:17.538+0000] {spark_submit.py:571} INFO - |-- rooms: long (nullable = true)
[2024-05-21T16:06:17.538+0000] {spark_submit.py:571} INFO - |-- bathrooms: long (nullable = true)
[2024-05-21T16:06:17.538+0000] {spark_submit.py:571} INFO - |-- floor: string (nullable = true)
[2024-05-21T16:06:17.539+0000] {spark_submit.py:571} INFO - |-- haslift: boolean (nullable = true)
[2024-05-21T16:06:17.539+0000] {spark_submit.py:571} INFO - |-- propertytype: string (nullable = true)
[2024-05-21T16:06:17.539+0000] {spark_submit.py:571} INFO - |-- parkingspace: boolean (nullable = true)
[2024-05-21T16:06:17.539+0000] {spark_submit.py:571} INFO - |-- exterior: boolean (nullable = true)
[2024-05-21T16:06:17.539+0000] {spark_submit.py:571} INFO - |-- latitude: double (nullable = true)
[2024-05-21T16:06:17.540+0000] {spark_submit.py:571} INFO - |-- longitude: double (nullable = true)
[2024-05-21T16:06:17.540+0000] {spark_submit.py:571} INFO - |-- description: string (nullable = true)
[2024-05-21T16:06:17.540+0000] {spark_submit.py:571} INFO - |-- typology: string (nullable = true)
[2024-05-21T16:06:17.540+0000] {spark_submit.py:571} INFO - |-- url: string (nullable = true)
[2024-05-21T16:06:17.540+0000] {spark_submit.py:571} INFO - |-- propertycode: string (nullable = true)
[2024-05-21T16:06:17.541+0000] {spark_submit.py:571} INFO - 
[2024-05-21T16:06:17.653+0000] {spark_submit.py:571} INFO - 24/05/21 16:06:17 INFO AdminClientConfig: AdminClientConfig values:
[2024-05-21T16:06:17.654+0000] {spark_submit.py:571} INFO - auto.include.jmx.reporter = true
[2024-05-21T16:06:17.654+0000] {spark_submit.py:571} INFO - bootstrap.servers = [kafka:9092]
[2024-05-21T16:06:17.654+0000] {spark_submit.py:571} INFO - client.dns.lookup = use_all_dns_ips
[2024-05-21T16:06:17.654+0000] {spark_submit.py:571} INFO - client.id =
[2024-05-21T16:06:17.655+0000] {spark_submit.py:571} INFO - connections.max.idle.ms = 300000
[2024-05-21T16:06:17.655+0000] {spark_submit.py:571} INFO - default.api.timeout.ms = 60000
[2024-05-21T16:06:17.655+0000] {spark_submit.py:571} INFO - metadata.max.age.ms = 300000
[2024-05-21T16:06:17.655+0000] {spark_submit.py:571} INFO - metric.reporters = []
[2024-05-21T16:06:17.656+0000] {spark_submit.py:571} INFO - metrics.num.samples = 2
[2024-05-21T16:06:17.656+0000] {spark_submit.py:571} INFO - metrics.recording.level = INFO
[2024-05-21T16:06:17.656+0000] {spark_submit.py:571} INFO - metrics.sample.window.ms = 30000
[2024-05-21T16:06:17.657+0000] {spark_submit.py:571} INFO - receive.buffer.bytes = 65536
[2024-05-21T16:06:17.657+0000] {spark_submit.py:571} INFO - reconnect.backoff.max.ms = 1000
[2024-05-21T16:06:17.657+0000] {spark_submit.py:571} INFO - reconnect.backoff.ms = 50
[2024-05-21T16:06:17.657+0000] {spark_submit.py:571} INFO - request.timeout.ms = 30000
[2024-05-21T16:06:17.657+0000] {spark_submit.py:571} INFO - retries = 2147483647
[2024-05-21T16:06:17.658+0000] {spark_submit.py:571} INFO - retry.backoff.ms = 100
[2024-05-21T16:06:17.658+0000] {spark_submit.py:571} INFO - sasl.client.callback.handler.class = null
[2024-05-21T16:06:17.658+0000] {spark_submit.py:571} INFO - sasl.jaas.config = null
[2024-05-21T16:06:17.658+0000] {spark_submit.py:571} INFO - sasl.kerberos.kinit.cmd = /usr/bin/kinit
[2024-05-21T16:06:17.658+0000] {spark_submit.py:571} INFO - sasl.kerberos.min.time.before.relogin = 60000
[2024-05-21T16:06:17.659+0000] {spark_submit.py:571} INFO - sasl.kerberos.service.name = null
[2024-05-21T16:06:17.659+0000] {spark_submit.py:571} INFO - sasl.kerberos.ticket.renew.jitter = 0.05
[2024-05-21T16:06:17.659+0000] {spark_submit.py:571} INFO - sasl.kerberos.ticket.renew.window.factor = 0.8
[2024-05-21T16:06:17.659+0000] {spark_submit.py:571} INFO - sasl.login.callback.handler.class = null
[2024-05-21T16:06:17.659+0000] {spark_submit.py:571} INFO - sasl.login.class = null
[2024-05-21T16:06:17.660+0000] {spark_submit.py:571} INFO - sasl.login.connect.timeout.ms = null
[2024-05-21T16:06:17.660+0000] {spark_submit.py:571} INFO - sasl.login.read.timeout.ms = null
[2024-05-21T16:06:17.660+0000] {spark_submit.py:571} INFO - sasl.login.refresh.buffer.seconds = 300
[2024-05-21T16:06:17.660+0000] {spark_submit.py:571} INFO - sasl.login.refresh.min.period.seconds = 60
[2024-05-21T16:06:17.660+0000] {spark_submit.py:571} INFO - sasl.login.refresh.window.factor = 0.8
[2024-05-21T16:06:17.661+0000] {spark_submit.py:571} INFO - sasl.login.refresh.window.jitter = 0.05
[2024-05-21T16:06:17.661+0000] {spark_submit.py:571} INFO - sasl.login.retry.backoff.max.ms = 10000
[2024-05-21T16:06:17.661+0000] {spark_submit.py:571} INFO - sasl.login.retry.backoff.ms = 100
[2024-05-21T16:06:17.662+0000] {spark_submit.py:571} INFO - sasl.mechanism = GSSAPI
[2024-05-21T16:06:17.662+0000] {spark_submit.py:571} INFO - sasl.oauthbearer.clock.skew.seconds = 30
[2024-05-21T16:06:17.662+0000] {spark_submit.py:571} INFO - sasl.oauthbearer.expected.audience = null
[2024-05-21T16:06:17.662+0000] {spark_submit.py:571} INFO - sasl.oauthbearer.expected.issuer = null
[2024-05-21T16:06:17.662+0000] {spark_submit.py:571} INFO - sasl.oauthbearer.jwks.endpoint.refresh.ms = 3600000
[2024-05-21T16:06:17.663+0000] {spark_submit.py:571} INFO - sasl.oauthbearer.jwks.endpoint.retry.backoff.max.ms = 10000
[2024-05-21T16:06:17.663+0000] {spark_submit.py:571} INFO - sasl.oauthbearer.jwks.endpoint.retry.backoff.ms = 100
[2024-05-21T16:06:17.663+0000] {spark_submit.py:571} INFO - sasl.oauthbearer.jwks.endpoint.url = null
[2024-05-21T16:06:17.663+0000] {spark_submit.py:571} INFO - sasl.oauthbearer.scope.claim.name = scope
[2024-05-21T16:06:17.663+0000] {spark_submit.py:571} INFO - sasl.oauthbearer.sub.claim.name = sub
[2024-05-21T16:06:17.663+0000] {spark_submit.py:571} INFO - sasl.oauthbearer.token.endpoint.url = null
[2024-05-21T16:06:17.664+0000] {spark_submit.py:571} INFO - security.protocol = PLAINTEXT
[2024-05-21T16:06:17.664+0000] {spark_submit.py:571} INFO - security.providers = null
[2024-05-21T16:06:17.664+0000] {spark_submit.py:571} INFO - send.buffer.bytes = 131072
[2024-05-21T16:06:17.664+0000] {spark_submit.py:571} INFO - socket.connection.setup.timeout.max.ms = 30000
[2024-05-21T16:06:17.664+0000] {spark_submit.py:571} INFO - socket.connection.setup.timeout.ms = 10000
[2024-05-21T16:06:17.665+0000] {spark_submit.py:571} INFO - ssl.cipher.suites = null
[2024-05-21T16:06:17.665+0000] {spark_submit.py:571} INFO - ssl.enabled.protocols = [TLSv1.2, TLSv1.3]
[2024-05-21T16:06:17.665+0000] {spark_submit.py:571} INFO - ssl.endpoint.identification.algorithm = https
[2024-05-21T16:06:17.665+0000] {spark_submit.py:571} INFO - ssl.engine.factory.class = null
[2024-05-21T16:06:17.665+0000] {spark_submit.py:571} INFO - ssl.key.password = null
[2024-05-21T16:06:17.666+0000] {spark_submit.py:571} INFO - ssl.keymanager.algorithm = SunX509
[2024-05-21T16:06:17.666+0000] {spark_submit.py:571} INFO - ssl.keystore.certificate.chain = null
[2024-05-21T16:06:17.666+0000] {spark_submit.py:571} INFO - ssl.keystore.key = null
[2024-05-21T16:06:17.666+0000] {spark_submit.py:571} INFO - ssl.keystore.location = null
[2024-05-21T16:06:17.666+0000] {spark_submit.py:571} INFO - ssl.keystore.password = null
[2024-05-21T16:06:17.666+0000] {spark_submit.py:571} INFO - ssl.keystore.type = JKS
[2024-05-21T16:06:17.667+0000] {spark_submit.py:571} INFO - ssl.protocol = TLSv1.3
[2024-05-21T16:06:17.667+0000] {spark_submit.py:571} INFO - ssl.provider = null
[2024-05-21T16:06:17.667+0000] {spark_submit.py:571} INFO - ssl.secure.random.implementation = null
[2024-05-21T16:06:17.667+0000] {spark_submit.py:571} INFO - ssl.trustmanager.algorithm = PKIX
[2024-05-21T16:06:17.667+0000] {spark_submit.py:571} INFO - ssl.truststore.certificates = null
[2024-05-21T16:06:17.667+0000] {spark_submit.py:571} INFO - ssl.truststore.location = null
[2024-05-21T16:06:17.668+0000] {spark_submit.py:571} INFO - ssl.truststore.password = null
[2024-05-21T16:06:17.668+0000] {spark_submit.py:571} INFO - ssl.truststore.type = JKS
[2024-05-21T16:06:17.668+0000] {spark_submit.py:571} INFO - 
[2024-05-21T16:06:17.690+0000] {spark_submit.py:571} INFO - 24/05/21 16:06:17 WARN AdminClientConfig: These configurations '[key.deserializer, value.deserializer, enable.auto.commit, max.poll.records, auto.offset.reset]' were supplied but are not used yet.
[2024-05-21T16:06:17.691+0000] {spark_submit.py:571} INFO - 24/05/21 16:06:17 INFO AppInfoParser: Kafka version: 3.4.1
[2024-05-21T16:06:17.691+0000] {spark_submit.py:571} INFO - 24/05/21 16:06:17 INFO AppInfoParser: Kafka commitId: 8a516edc2755df89
[2024-05-21T16:06:17.691+0000] {spark_submit.py:571} INFO - 24/05/21 16:06:17 INFO AppInfoParser: Kafka startTimeMs: 1716307577690
[2024-05-21T16:06:17.743+0000] {spark_submit.py:571} INFO - Callback Server Starting
[2024-05-21T16:06:17.743+0000] {spark_submit.py:571} INFO - Socket listening on ('127.0.0.1', 33153)
[2024-05-21T16:06:17.746+0000] {spark_submit.py:571} INFO - 24/05/21 16:06:17 WARN ResolveWriteToStream: Temporary checkpoint location created which is deleted normally when the query didn't fail: /tmp/temporary-87736abf-39a7-4eb4-a9e5-bfe76fdfbee5. If it's required to delete it under any circumstances, please set spark.sql.streaming.forceDeleteTempCheckpointLocation to true. Important to know deleting temp checkpoint folder is best effort.
[2024-05-21T16:06:17.747+0000] {spark_submit.py:571} INFO - 24/05/21 16:06:17 INFO ResolveWriteToStream: Checkpoint root file:///tmp/temporary-87736abf-39a7-4eb4-a9e5-bfe76fdfbee5 resolved to file:/tmp/temporary-87736abf-39a7-4eb4-a9e5-bfe76fdfbee5.
[2024-05-21T16:06:17.747+0000] {spark_submit.py:571} INFO - 24/05/21 16:06:17 WARN ResolveWriteToStream: spark.sql.adaptive.enabled is not supported in streaming DataFrames/Datasets and will be disabled.
[2024-05-21T16:06:17.755+0000] {spark_submit.py:571} INFO - 24/05/21 16:06:17 INFO CheckpointFileManager: Writing atomically to file:/tmp/temporary-87736abf-39a7-4eb4-a9e5-bfe76fdfbee5/metadata using temp file file:/tmp/temporary-87736abf-39a7-4eb4-a9e5-bfe76fdfbee5/.metadata.440463fd-d8c7-4153-885f-daec43236750.tmp
[2024-05-21T16:06:17.769+0000] {spark_submit.py:571} INFO - 24/05/21 16:06:17 INFO CheckpointFileManager: Renamed temp file file:/tmp/temporary-87736abf-39a7-4eb4-a9e5-bfe76fdfbee5/.metadata.440463fd-d8c7-4153-885f-daec43236750.tmp to file:/tmp/temporary-87736abf-39a7-4eb4-a9e5-bfe76fdfbee5/metadata
[2024-05-21T16:06:17.777+0000] {spark_submit.py:571} INFO - 24/05/21 16:06:17 INFO MicroBatchExecution: Starting [id = 0d02ed59-b48e-4e53-b222-a67db54bbbde, runId = 89e6e3d6-eda8-420f-b11b-a5590c9e428e]. Use file:/tmp/temporary-87736abf-39a7-4eb4-a9e5-bfe76fdfbee5 to store the query checkpoint.
[2024-05-21T16:06:17.778+0000] {spark_submit.py:571} INFO - 24/05/21 16:06:17 INFO MicroBatchExecution: Reading table [org.apache.spark.sql.kafka010.KafkaSourceProvider$KafkaTable@3bc4385b] from DataSourceV2 named 'kafka' [org.apache.spark.sql.kafka010.KafkaSourceProvider@19fec89c]
[2024-05-21T16:06:17.778+0000] {spark_submit.py:571} INFO - Closing down clientserver connection
[2024-05-21T16:06:17.780+0000] {spark_submit.py:571} INFO - 24/05/21 16:06:17 INFO OffsetSeqLog: BatchIds found from listing:
[2024-05-21T16:06:17.780+0000] {spark_submit.py:571} INFO - 24/05/21 16:06:17 INFO OffsetSeqLog: BatchIds found from listing:
[2024-05-21T16:06:17.781+0000] {spark_submit.py:571} INFO - 24/05/21 16:06:17 INFO MicroBatchExecution: Starting new streaming query.
[2024-05-21T16:06:17.781+0000] {spark_submit.py:571} INFO - 24/05/21 16:06:17 INFO MicroBatchExecution: Stream started from {}
[2024-05-21T16:06:17.786+0000] {spark_submit.py:571} INFO - 24/05/21 16:06:17 INFO AdminClientConfig: AdminClientConfig values:
[2024-05-21T16:06:17.787+0000] {spark_submit.py:571} INFO - auto.include.jmx.reporter = true
[2024-05-21T16:06:17.787+0000] {spark_submit.py:571} INFO - bootstrap.servers = [kafka:9092]
[2024-05-21T16:06:17.787+0000] {spark_submit.py:571} INFO - client.dns.lookup = use_all_dns_ips
[2024-05-21T16:06:17.788+0000] {spark_submit.py:571} INFO - client.id =
[2024-05-21T16:06:17.788+0000] {spark_submit.py:571} INFO - connections.max.idle.ms = 300000
[2024-05-21T16:06:17.788+0000] {spark_submit.py:571} INFO - default.api.timeout.ms = 60000
[2024-05-21T16:06:17.789+0000] {spark_submit.py:571} INFO - metadata.max.age.ms = 300000
[2024-05-21T16:06:17.789+0000] {spark_submit.py:571} INFO - metric.reporters = []
[2024-05-21T16:06:17.789+0000] {spark_submit.py:571} INFO - metrics.num.samples = 2
[2024-05-21T16:06:17.790+0000] {spark_submit.py:571} INFO - metrics.recording.level = INFO
[2024-05-21T16:06:17.790+0000] {spark_submit.py:571} INFO - metrics.sample.window.ms = 30000
[2024-05-21T16:06:17.790+0000] {spark_submit.py:571} INFO - receive.buffer.bytes = 65536
[2024-05-21T16:06:17.790+0000] {spark_submit.py:571} INFO - reconnect.backoff.max.ms = 1000
[2024-05-21T16:06:17.791+0000] {spark_submit.py:571} INFO - reconnect.backoff.ms = 50
[2024-05-21T16:06:17.791+0000] {spark_submit.py:571} INFO - request.timeout.ms = 30000
[2024-05-21T16:06:17.791+0000] {spark_submit.py:571} INFO - retries = 2147483647
[2024-05-21T16:06:17.792+0000] {spark_submit.py:571} INFO - retry.backoff.ms = 100
[2024-05-21T16:06:17.792+0000] {spark_submit.py:571} INFO - sasl.client.callback.handler.class = null
[2024-05-21T16:06:17.792+0000] {spark_submit.py:571} INFO - sasl.jaas.config = null
[2024-05-21T16:06:17.792+0000] {spark_submit.py:571} INFO - sasl.kerberos.kinit.cmd = /usr/bin/kinit
[2024-05-21T16:06:17.792+0000] {spark_submit.py:571} INFO - sasl.kerberos.min.time.before.relogin = 60000
[2024-05-21T16:06:17.793+0000] {spark_submit.py:571} INFO - sasl.kerberos.service.name = null
[2024-05-21T16:06:17.793+0000] {spark_submit.py:571} INFO - sasl.kerberos.ticket.renew.jitter = 0.05
[2024-05-21T16:06:17.793+0000] {spark_submit.py:571} INFO - sasl.kerberos.ticket.renew.window.factor = 0.8
[2024-05-21T16:06:17.793+0000] {spark_submit.py:571} INFO - sasl.login.callback.handler.class = null
[2024-05-21T16:06:17.794+0000] {spark_submit.py:571} INFO - sasl.login.class = null
[2024-05-21T16:06:17.794+0000] {spark_submit.py:571} INFO - sasl.login.connect.timeout.ms = null
[2024-05-21T16:06:17.794+0000] {spark_submit.py:571} INFO - sasl.login.read.timeout.ms = null
[2024-05-21T16:06:17.794+0000] {spark_submit.py:571} INFO - sasl.login.refresh.buffer.seconds = 300
[2024-05-21T16:06:17.794+0000] {spark_submit.py:571} INFO - sasl.login.refresh.min.period.seconds = 60
[2024-05-21T16:06:17.795+0000] {spark_submit.py:571} INFO - sasl.login.refresh.window.factor = 0.8
[2024-05-21T16:06:17.795+0000] {spark_submit.py:571} INFO - sasl.login.refresh.window.jitter = 0.05
[2024-05-21T16:06:17.796+0000] {spark_submit.py:571} INFO - sasl.login.retry.backoff.max.ms = 10000
[2024-05-21T16:06:17.796+0000] {spark_submit.py:571} INFO - sasl.login.retry.backoff.ms = 100
[2024-05-21T16:06:17.796+0000] {spark_submit.py:571} INFO - sasl.mechanism = GSSAPI
[2024-05-21T16:06:17.797+0000] {spark_submit.py:571} INFO - sasl.oauthbearer.clock.skew.seconds = 30
[2024-05-21T16:06:17.797+0000] {spark_submit.py:571} INFO - sasl.oauthbearer.expected.audience = null
[2024-05-21T16:06:17.797+0000] {spark_submit.py:571} INFO - sasl.oauthbearer.expected.issuer = null
[2024-05-21T16:06:17.798+0000] {spark_submit.py:571} INFO - sasl.oauthbearer.jwks.endpoint.refresh.ms = 3600000
[2024-05-21T16:06:17.798+0000] {spark_submit.py:571} INFO - sasl.oauthbearer.jwks.endpoint.retry.backoff.max.ms = 10000
[2024-05-21T16:06:17.798+0000] {spark_submit.py:571} INFO - sasl.oauthbearer.jwks.endpoint.retry.backoff.ms = 100
[2024-05-21T16:06:17.799+0000] {spark_submit.py:571} INFO - sasl.oauthbearer.jwks.endpoint.url = null
[2024-05-21T16:06:17.799+0000] {spark_submit.py:571} INFO - sasl.oauthbearer.scope.claim.name = scope
[2024-05-21T16:06:17.799+0000] {spark_submit.py:571} INFO - sasl.oauthbearer.sub.claim.name = sub
[2024-05-21T16:06:17.800+0000] {spark_submit.py:571} INFO - sasl.oauthbearer.token.endpoint.url = null
[2024-05-21T16:06:17.800+0000] {spark_submit.py:571} INFO - security.protocol = PLAINTEXT
[2024-05-21T16:06:17.800+0000] {spark_submit.py:571} INFO - security.providers = null
[2024-05-21T16:06:17.800+0000] {spark_submit.py:571} INFO - send.buffer.bytes = 131072
[2024-05-21T16:06:17.800+0000] {spark_submit.py:571} INFO - socket.connection.setup.timeout.max.ms = 30000
[2024-05-21T16:06:17.801+0000] {spark_submit.py:571} INFO - socket.connection.setup.timeout.ms = 10000
[2024-05-21T16:06:17.801+0000] {spark_submit.py:571} INFO - ssl.cipher.suites = null
[2024-05-21T16:06:17.801+0000] {spark_submit.py:571} INFO - ssl.enabled.protocols = [TLSv1.2, TLSv1.3]
[2024-05-21T16:06:17.802+0000] {spark_submit.py:571} INFO - ssl.endpoint.identification.algorithm = https
[2024-05-21T16:06:17.802+0000] {spark_submit.py:571} INFO - ssl.engine.factory.class = null
[2024-05-21T16:06:17.802+0000] {spark_submit.py:571} INFO - ssl.key.password = null
[2024-05-21T16:06:17.802+0000] {spark_submit.py:571} INFO - ssl.keymanager.algorithm = SunX509
[2024-05-21T16:06:17.803+0000] {spark_submit.py:571} INFO - ssl.keystore.certificate.chain = null
[2024-05-21T16:06:17.803+0000] {spark_submit.py:571} INFO - ssl.keystore.key = null
[2024-05-21T16:06:17.803+0000] {spark_submit.py:571} INFO - ssl.keystore.location = null
[2024-05-21T16:06:17.804+0000] {spark_submit.py:571} INFO - ssl.keystore.password = null
[2024-05-21T16:06:17.804+0000] {spark_submit.py:571} INFO - ssl.keystore.type = JKS
[2024-05-21T16:06:17.804+0000] {spark_submit.py:571} INFO - ssl.protocol = TLSv1.3
[2024-05-21T16:06:17.804+0000] {spark_submit.py:571} INFO - ssl.provider = null
[2024-05-21T16:06:17.805+0000] {spark_submit.py:571} INFO - ssl.secure.random.implementation = null
[2024-05-21T16:06:17.805+0000] {spark_submit.py:571} INFO - ssl.trustmanager.algorithm = PKIX
[2024-05-21T16:06:17.805+0000] {spark_submit.py:571} INFO - ssl.truststore.certificates = null
[2024-05-21T16:06:17.805+0000] {spark_submit.py:571} INFO - ssl.truststore.location = null
[2024-05-21T16:06:17.806+0000] {spark_submit.py:571} INFO - ssl.truststore.password = null
[2024-05-21T16:06:17.806+0000] {spark_submit.py:571} INFO - ssl.truststore.type = JKS
[2024-05-21T16:06:17.806+0000] {spark_submit.py:571} INFO - 
[2024-05-21T16:06:17.806+0000] {spark_submit.py:571} INFO - 24/05/21 16:06:17 WARN AdminClientConfig: These configurations '[key.deserializer, value.deserializer, enable.auto.commit, max.poll.records, auto.offset.reset]' were supplied but are not used yet.
[2024-05-21T16:06:17.807+0000] {spark_submit.py:571} INFO - 24/05/21 16:06:17 INFO AppInfoParser: Kafka version: 3.4.1
[2024-05-21T16:06:17.807+0000] {spark_submit.py:571} INFO - 24/05/21 16:06:17 INFO AppInfoParser: Kafka commitId: 8a516edc2755df89
[2024-05-21T16:06:17.807+0000] {spark_submit.py:571} INFO - 24/05/21 16:06:17 INFO AppInfoParser: Kafka startTimeMs: 1716307577789
[2024-05-21T16:06:17.819+0000] {spark_submit.py:571} INFO - 24/05/21 16:06:17 INFO SparkContext: Invoking stop() from shutdown hook
[2024-05-21T16:06:17.820+0000] {spark_submit.py:571} INFO - 24/05/21 16:06:17 INFO SparkContext: SparkContext is stopping with exitCode 0.
[2024-05-21T16:06:17.828+0000] {spark_submit.py:571} INFO - 24/05/21 16:06:17 INFO SparkUI: Stopped Spark web UI at http://05882356329d:4040
[2024-05-21T16:06:17.830+0000] {spark_submit.py:571} INFO - 24/05/21 16:06:17 INFO StandaloneSchedulerBackend: Shutting down all executors
[2024-05-21T16:06:17.831+0000] {spark_submit.py:571} INFO - 24/05/21 16:06:17 INFO StandaloneSchedulerBackend$StandaloneDriverEndpoint: Asking each executor to shut down
[2024-05-21T16:06:17.844+0000] {spark_submit.py:571} INFO - 24/05/21 16:06:17 INFO MapOutputTrackerMasterEndpoint: MapOutputTrackerMasterEndpoint stopped!
[2024-05-21T16:06:17.851+0000] {spark_submit.py:571} INFO - 24/05/21 16:06:17 INFO MemoryStore: MemoryStore cleared
[2024-05-21T16:06:17.852+0000] {spark_submit.py:571} INFO - 24/05/21 16:06:17 INFO BlockManager: BlockManager stopped
[2024-05-21T16:06:17.856+0000] {spark_submit.py:571} INFO - 24/05/21 16:06:17 INFO BlockManagerMaster: BlockManagerMaster stopped
[2024-05-21T16:06:17.857+0000] {spark_submit.py:571} INFO - 24/05/21 16:06:17 INFO OutputCommitCoordinator$OutputCommitCoordinatorEndpoint: OutputCommitCoordinator stopped!
[2024-05-21T16:06:17.870+0000] {spark_submit.py:571} INFO - 24/05/21 16:06:17 INFO SparkContext: Successfully stopped SparkContext
[2024-05-21T16:06:17.871+0000] {spark_submit.py:571} INFO - 24/05/21 16:06:17 INFO ShutdownHookManager: Shutdown hook called
[2024-05-21T16:06:17.871+0000] {spark_submit.py:571} INFO - 24/05/21 16:06:17 INFO ShutdownHookManager: Deleting directory /tmp/temporary-90bd90ae-f3b4-4347-8c3e-cea2430391bd
[2024-05-21T16:06:17.873+0000] {spark_submit.py:571} INFO - 24/05/21 16:06:17 INFO ShutdownHookManager: Deleting directory /tmp/spark-afc81f72-7f7c-4cfb-bfb5-d0630dd199ad
[2024-05-21T16:06:17.875+0000] {spark_submit.py:571} INFO - 24/05/21 16:06:17 INFO ShutdownHookManager: Deleting directory /tmp/spark-eb7c8f6a-96f2-4f0c-9d84-22988047102f
[2024-05-21T16:06:17.877+0000] {spark_submit.py:571} INFO - 24/05/21 16:06:17 INFO ShutdownHookManager: Deleting directory /tmp/spark-eb7c8f6a-96f2-4f0c-9d84-22988047102f/pyspark-af62278e-d2e3-42a9-b373-3768067f31a7
[2024-05-21T16:06:17.879+0000] {spark_submit.py:571} INFO - 24/05/21 16:06:17 INFO ShutdownHookManager: Deleting directory /tmp/temporary-87736abf-39a7-4eb4-a9e5-bfe76fdfbee5
[2024-05-21T16:06:17.899+0000] {taskinstance.py:441} INFO - ::group::Post task execution logs
[2024-05-21T16:06:17.904+0000] {taskinstance.py:1205} INFO - Marking task as SUCCESS. dag_id=idealista-pipeline, task_id=spark_submit, execution_date=20240521T160429, start_date=20240521T160613, end_date=20240521T160617
[2024-05-21T16:06:17.947+0000] {local_task_job_runner.py:240} INFO - Task exited with return code 0
[2024-05-21T16:06:17.957+0000] {taskinstance.py:3482} INFO - 0 downstream tasks scheduled from follow-on schedule check
[2024-05-21T16:06:17.959+0000] {local_task_job_runner.py:222} INFO - ::endgroup::
