[2024-05-21T16:04:33.166+0000] {local_task_job_runner.py:120} INFO - ::group::Pre task execution logs
[2024-05-21T16:04:33.177+0000] {taskinstance.py:2073} INFO - Dependencies all met for dep_context=non-requeueable deps ti=<TaskInstance: idealista-pipeline.spark_submit manual__2024-05-21T16:04:29.980796+00:00 [queued]>
[2024-05-21T16:04:33.182+0000] {taskinstance.py:2073} INFO - Dependencies all met for dep_context=requeueable deps ti=<TaskInstance: idealista-pipeline.spark_submit manual__2024-05-21T16:04:29.980796+00:00 [queued]>
[2024-05-21T16:04:33.183+0000] {taskinstance.py:2303} INFO - Starting attempt 1 of 1
[2024-05-21T16:04:33.191+0000] {taskinstance.py:2327} INFO - Executing <Task(SparkSubmitOperator): spark_submit> on 2024-05-21 16:04:29.980796+00:00
[2024-05-21T16:04:33.194+0000] {warnings.py:110} WARNING - /home/***/.local/lib/python3.12/site-packages/***/task/task_runner/standard_task_runner.py:61: DeprecationWarning: This process (pid=1488) is multi-threaded, use of fork() may lead to deadlocks in the child.
  pid = os.fork()

[2024-05-21T16:04:33.195+0000] {standard_task_runner.py:63} INFO - Started process 1489 to run task
[2024-05-21T16:04:33.195+0000] {standard_task_runner.py:90} INFO - Running: ['***', 'tasks', 'run', 'idealista-pipeline', 'spark_submit', 'manual__2024-05-21T16:04:29.980796+00:00', '--job-id', '307', '--raw', '--subdir', 'DAGS_FOLDER/idealista_dag.py', '--cfg-path', '/tmp/tmpaeloj7s8']
[2024-05-21T16:04:33.196+0000] {standard_task_runner.py:91} INFO - Job 307: Subtask spark_submit
[2024-05-21T16:04:33.219+0000] {task_command.py:426} INFO - Running <TaskInstance: idealista-pipeline.spark_submit manual__2024-05-21T16:04:29.980796+00:00 [running]> on host 05882356329d
[2024-05-21T16:04:33.265+0000] {taskinstance.py:2644} INFO - Exporting env vars: AIRFLOW_CTX_DAG_OWNER='shv' AIRFLOW_CTX_DAG_ID='idealista-pipeline' AIRFLOW_CTX_TASK_ID='spark_submit' AIRFLOW_CTX_EXECUTION_DATE='2024-05-21T16:04:29.980796+00:00' AIRFLOW_CTX_TRY_NUMBER='1' AIRFLOW_CTX_DAG_RUN_ID='manual__2024-05-21T16:04:29.980796+00:00'
[2024-05-21T16:04:33.265+0000] {taskinstance.py:430} INFO - ::endgroup::
[2024-05-21T16:04:33.278+0000] {base.py:84} INFO - Using connection ID 'spark_default' for task execution.
[2024-05-21T16:04:33.279+0000] {spark_submit.py:401} INFO - Spark-Submit cmd: spark-submit --master spark://spark-master:7077 --packages org.apache.spark:spark-sql-kafka-0-10_2.12:3.5.0,com.datastax.spark:spark-cassandra-connector_2.12:3.5.0 --name arrow-spark --queue default /usr/local/spark/app/spark_main.py
[2024-05-21T16:04:33.304+0000] {spark_submit.py:571} INFO - /home/***/.local/lib/python3.12/site-packages/pyspark/bin/load-spark-env.sh: line 68: ps: command not found
[2024-05-21T16:04:34.170+0000] {spark_submit.py:571} INFO - :: loading settings :: url = jar:file:/home/***/.local/lib/python3.12/site-packages/pyspark/jars/ivy-2.5.1.jar!/org/apache/ivy/core/settings/ivysettings.xml
[2024-05-21T16:04:34.207+0000] {spark_submit.py:571} INFO - Ivy Default Cache set to: /home/***/.ivy2/cache
[2024-05-21T16:04:34.207+0000] {spark_submit.py:571} INFO - The jars for the packages stored in: /home/***/.ivy2/jars
[2024-05-21T16:04:34.209+0000] {spark_submit.py:571} INFO - org.apache.spark#spark-sql-kafka-0-10_2.12 added as a dependency
[2024-05-21T16:04:34.209+0000] {spark_submit.py:571} INFO - com.datastax.spark#spark-cassandra-connector_2.12 added as a dependency
[2024-05-21T16:04:34.209+0000] {spark_submit.py:571} INFO - :: resolving dependencies :: org.apache.spark#spark-submit-parent-b5405ba7-6d1d-44aa-bcc3-0adda03de82a;1.0
[2024-05-21T16:04:34.210+0000] {spark_submit.py:571} INFO - confs: [default]
[2024-05-21T16:04:34.295+0000] {spark_submit.py:571} INFO - found org.apache.spark#spark-sql-kafka-0-10_2.12;3.5.0 in central
[2024-05-21T16:04:34.320+0000] {spark_submit.py:571} INFO - found org.apache.spark#spark-token-provider-kafka-0-10_2.12;3.5.0 in central
[2024-05-21T16:04:34.334+0000] {spark_submit.py:571} INFO - found org.apache.kafka#kafka-clients;3.4.1 in central
[2024-05-21T16:04:34.347+0000] {spark_submit.py:571} INFO - found org.lz4#lz4-java;1.8.0 in central
[2024-05-21T16:04:34.358+0000] {spark_submit.py:571} INFO - found org.xerial.snappy#snappy-java;1.1.10.3 in central
[2024-05-21T16:04:34.367+0000] {spark_submit.py:571} INFO - found org.slf4j#slf4j-api;2.0.7 in central
[2024-05-21T16:04:34.377+0000] {spark_submit.py:571} INFO - found org.apache.hadoop#hadoop-client-runtime;3.3.4 in central
[2024-05-21T16:04:34.388+0000] {spark_submit.py:571} INFO - found org.apache.hadoop#hadoop-client-api;3.3.4 in central
[2024-05-21T16:04:34.400+0000] {spark_submit.py:571} INFO - found commons-logging#commons-logging;1.1.3 in central
[2024-05-21T16:04:34.407+0000] {spark_submit.py:571} INFO - found com.google.code.findbugs#jsr305;3.0.0 in central
[2024-05-21T16:04:34.414+0000] {spark_submit.py:571} INFO - found org.apache.commons#commons-pool2;2.11.1 in central
[2024-05-21T16:04:34.423+0000] {spark_submit.py:571} INFO - found com.datastax.spark#spark-cassandra-connector_2.12;3.5.0 in central
[2024-05-21T16:04:34.430+0000] {spark_submit.py:571} INFO - found com.datastax.spark#spark-cassandra-connector-driver_2.12;3.5.0 in central
[2024-05-21T16:04:34.438+0000] {spark_submit.py:571} INFO - found org.scala-lang.modules#scala-collection-compat_2.12;2.11.0 in central
[2024-05-21T16:04:34.445+0000] {spark_submit.py:571} INFO - found com.datastax.oss#java-driver-core-shaded;4.13.0 in central
[2024-05-21T16:04:34.452+0000] {spark_submit.py:571} INFO - found com.datastax.oss#native-protocol;1.5.0 in central
[2024-05-21T16:04:34.459+0000] {spark_submit.py:571} INFO - found com.datastax.oss#java-driver-shaded-guava;25.1-jre-graal-sub-1 in central
[2024-05-21T16:04:34.465+0000] {spark_submit.py:571} INFO - found com.typesafe#config;1.4.1 in central
[2024-05-21T16:04:34.473+0000] {spark_submit.py:571} INFO - found io.dropwizard.metrics#metrics-core;4.1.18 in central
[2024-05-21T16:04:34.479+0000] {spark_submit.py:571} INFO - found org.hdrhistogram#HdrHistogram;2.1.12 in central
[2024-05-21T16:04:34.488+0000] {spark_submit.py:571} INFO - found org.reactivestreams#reactive-streams;1.0.3 in central
[2024-05-21T16:04:34.494+0000] {spark_submit.py:571} INFO - found com.github.stephenc.jcip#jcip-annotations;1.0-1 in central
[2024-05-21T16:04:34.498+0000] {spark_submit.py:571} INFO - found com.github.spotbugs#spotbugs-annotations;3.1.12 in central
[2024-05-21T16:04:34.503+0000] {spark_submit.py:571} INFO - found com.google.code.findbugs#jsr305;3.0.2 in central
[2024-05-21T16:04:34.508+0000] {spark_submit.py:571} INFO - found com.datastax.oss#java-driver-mapper-runtime;4.13.0 in central
[2024-05-21T16:04:34.515+0000] {spark_submit.py:571} INFO - found com.datastax.oss#java-driver-query-builder;4.13.0 in central
[2024-05-21T16:04:34.523+0000] {spark_submit.py:571} INFO - found org.apache.commons#commons-lang3;3.10 in central
[2024-05-21T16:04:34.527+0000] {spark_submit.py:571} INFO - found com.thoughtworks.paranamer#paranamer;2.8 in central
[2024-05-21T16:04:34.533+0000] {spark_submit.py:571} INFO - found org.scala-lang#scala-reflect;2.12.11 in central
[2024-05-21T16:04:34.553+0000] {spark_submit.py:571} INFO - :: resolution report :: resolve 333ms :: artifacts dl 10ms
[2024-05-21T16:04:34.553+0000] {spark_submit.py:571} INFO - :: modules in use:
[2024-05-21T16:04:34.554+0000] {spark_submit.py:571} INFO - com.datastax.oss#java-driver-core-shaded;4.13.0 from central in [default]
[2024-05-21T16:04:34.554+0000] {spark_submit.py:571} INFO - com.datastax.oss#java-driver-mapper-runtime;4.13.0 from central in [default]
[2024-05-21T16:04:34.554+0000] {spark_submit.py:571} INFO - com.datastax.oss#java-driver-query-builder;4.13.0 from central in [default]
[2024-05-21T16:04:34.554+0000] {spark_submit.py:571} INFO - com.datastax.oss#java-driver-shaded-guava;25.1-jre-graal-sub-1 from central in [default]
[2024-05-21T16:04:34.555+0000] {spark_submit.py:571} INFO - com.datastax.oss#native-protocol;1.5.0 from central in [default]
[2024-05-21T16:04:34.555+0000] {spark_submit.py:571} INFO - com.datastax.spark#spark-cassandra-connector-driver_2.12;3.5.0 from central in [default]
[2024-05-21T16:04:34.555+0000] {spark_submit.py:571} INFO - com.datastax.spark#spark-cassandra-connector_2.12;3.5.0 from central in [default]
[2024-05-21T16:04:34.555+0000] {spark_submit.py:571} INFO - com.github.spotbugs#spotbugs-annotations;3.1.12 from central in [default]
[2024-05-21T16:04:34.555+0000] {spark_submit.py:571} INFO - com.github.stephenc.jcip#jcip-annotations;1.0-1 from central in [default]
[2024-05-21T16:04:34.556+0000] {spark_submit.py:571} INFO - com.google.code.findbugs#jsr305;3.0.2 from central in [default]
[2024-05-21T16:04:34.556+0000] {spark_submit.py:571} INFO - com.thoughtworks.paranamer#paranamer;2.8 from central in [default]
[2024-05-21T16:04:34.556+0000] {spark_submit.py:571} INFO - com.typesafe#config;1.4.1 from central in [default]
[2024-05-21T16:04:34.556+0000] {spark_submit.py:571} INFO - commons-logging#commons-logging;1.1.3 from central in [default]
[2024-05-21T16:04:34.557+0000] {spark_submit.py:571} INFO - io.dropwizard.metrics#metrics-core;4.1.18 from central in [default]
[2024-05-21T16:04:34.557+0000] {spark_submit.py:571} INFO - org.apache.commons#commons-lang3;3.10 from central in [default]
[2024-05-21T16:04:34.557+0000] {spark_submit.py:571} INFO - org.apache.commons#commons-pool2;2.11.1 from central in [default]
[2024-05-21T16:04:34.557+0000] {spark_submit.py:571} INFO - org.apache.hadoop#hadoop-client-api;3.3.4 from central in [default]
[2024-05-21T16:04:34.558+0000] {spark_submit.py:571} INFO - org.apache.hadoop#hadoop-client-runtime;3.3.4 from central in [default]
[2024-05-21T16:04:34.558+0000] {spark_submit.py:571} INFO - org.apache.kafka#kafka-clients;3.4.1 from central in [default]
[2024-05-21T16:04:34.558+0000] {spark_submit.py:571} INFO - org.apache.spark#spark-sql-kafka-0-10_2.12;3.5.0 from central in [default]
[2024-05-21T16:04:34.559+0000] {spark_submit.py:571} INFO - org.apache.spark#spark-token-provider-kafka-0-10_2.12;3.5.0 from central in [default]
[2024-05-21T16:04:34.559+0000] {spark_submit.py:571} INFO - org.hdrhistogram#HdrHistogram;2.1.12 from central in [default]
[2024-05-21T16:04:34.559+0000] {spark_submit.py:571} INFO - org.lz4#lz4-java;1.8.0 from central in [default]
[2024-05-21T16:04:34.559+0000] {spark_submit.py:571} INFO - org.reactivestreams#reactive-streams;1.0.3 from central in [default]
[2024-05-21T16:04:34.559+0000] {spark_submit.py:571} INFO - org.scala-lang#scala-reflect;2.12.11 from central in [default]
[2024-05-21T16:04:34.560+0000] {spark_submit.py:571} INFO - org.scala-lang.modules#scala-collection-compat_2.12;2.11.0 from central in [default]
[2024-05-21T16:04:34.560+0000] {spark_submit.py:571} INFO - org.slf4j#slf4j-api;2.0.7 from central in [default]
[2024-05-21T16:04:34.560+0000] {spark_submit.py:571} INFO - org.xerial.snappy#snappy-java;1.1.10.3 from central in [default]
[2024-05-21T16:04:34.560+0000] {spark_submit.py:571} INFO - :: evicted modules:
[2024-05-21T16:04:34.560+0000] {spark_submit.py:571} INFO - com.google.code.findbugs#jsr305;3.0.0 by [com.google.code.findbugs#jsr305;3.0.2] in [default]
[2024-05-21T16:04:34.561+0000] {spark_submit.py:571} INFO - org.slf4j#slf4j-api;1.7.26 by [org.slf4j#slf4j-api;2.0.7] in [default]
[2024-05-21T16:04:34.561+0000] {spark_submit.py:571} INFO - ---------------------------------------------------------------------
[2024-05-21T16:04:34.561+0000] {spark_submit.py:571} INFO - |                  |            modules            ||   artifacts   |
[2024-05-21T16:04:34.561+0000] {spark_submit.py:571} INFO - |       conf       | number| search|dwnlded|evicted|| number|dwnlded|
[2024-05-21T16:04:34.561+0000] {spark_submit.py:571} INFO - ---------------------------------------------------------------------
[2024-05-21T16:04:34.562+0000] {spark_submit.py:571} INFO - |      default     |   30  |   0   |   0   |   2   ||   28  |   0   |
[2024-05-21T16:04:34.562+0000] {spark_submit.py:571} INFO - ---------------------------------------------------------------------
[2024-05-21T16:04:34.562+0000] {spark_submit.py:571} INFO - :: retrieving :: org.apache.spark#spark-submit-parent-b5405ba7-6d1d-44aa-bcc3-0adda03de82a
[2024-05-21T16:04:34.562+0000] {spark_submit.py:571} INFO - confs: [default]
[2024-05-21T16:04:34.570+0000] {spark_submit.py:571} INFO - 0 artifacts copied, 28 already retrieved (0kB/9ms)
[2024-05-21T16:04:34.676+0000] {spark_submit.py:571} INFO - 24/05/21 16:04:34 WARN NativeCodeLoader: Unable to load native-hadoop library for your platform... using builtin-java classes where applicable
[2024-05-21T16:04:35.579+0000] {spark_submit.py:571} INFO - **** START SPARK JOB ****
[2024-05-21T16:04:35.630+0000] {spark_submit.py:571} INFO - 24/05/21 16:04:35 INFO SparkContext: Running Spark version 3.5.0
[2024-05-21T16:04:35.631+0000] {spark_submit.py:571} INFO - 24/05/21 16:04:35 INFO SparkContext: OS info Linux, 5.15.146.1-microsoft-standard-WSL2, amd64
[2024-05-21T16:04:35.631+0000] {spark_submit.py:571} INFO - 24/05/21 16:04:35 INFO SparkContext: Java version 17.0.11
[2024-05-21T16:04:35.641+0000] {spark_submit.py:571} INFO - 24/05/21 16:04:35 INFO ResourceUtils: ==============================================================
[2024-05-21T16:04:35.642+0000] {spark_submit.py:571} INFO - 24/05/21 16:04:35 INFO ResourceUtils: No custom resources configured for spark.driver.
[2024-05-21T16:04:35.642+0000] {spark_submit.py:571} INFO - 24/05/21 16:04:35 INFO ResourceUtils: ==============================================================
[2024-05-21T16:04:35.643+0000] {spark_submit.py:571} INFO - 24/05/21 16:04:35 INFO SparkContext: Submitted application: KafkaToCassandraProcessing
[2024-05-21T16:04:35.652+0000] {spark_submit.py:571} INFO - 24/05/21 16:04:35 INFO ResourceProfile: Default ResourceProfile created, executor resources: Map(memory -> name: memory, amount: 1024, script: , vendor: , offHeap -> name: offHeap, amount: 0, script: , vendor: ), task resources: Map(cpus -> name: cpus, amount: 1.0)
[2024-05-21T16:04:35.656+0000] {spark_submit.py:571} INFO - 24/05/21 16:04:35 INFO ResourceProfile: Limiting resource is cpu
[2024-05-21T16:04:35.657+0000] {spark_submit.py:571} INFO - 24/05/21 16:04:35 INFO ResourceProfileManager: Added ResourceProfile id: 0
[2024-05-21T16:04:35.679+0000] {spark_submit.py:571} INFO - 24/05/21 16:04:35 INFO SecurityManager: Changing view acls to: ***
[2024-05-21T16:04:35.680+0000] {spark_submit.py:571} INFO - 24/05/21 16:04:35 INFO SecurityManager: Changing modify acls to: ***
[2024-05-21T16:04:35.680+0000] {spark_submit.py:571} INFO - 24/05/21 16:04:35 INFO SecurityManager: Changing view acls groups to:
[2024-05-21T16:04:35.681+0000] {spark_submit.py:571} INFO - 24/05/21 16:04:35 INFO SecurityManager: Changing modify acls groups to:
[2024-05-21T16:04:35.681+0000] {spark_submit.py:571} INFO - 24/05/21 16:04:35 INFO SecurityManager: SecurityManager: authentication disabled; ui acls disabled; users with view permissions: ***; groups with view permissions: EMPTY; users with modify permissions: ***; groups with modify permissions: EMPTY
[2024-05-21T16:04:35.783+0000] {spark_submit.py:571} INFO - 24/05/21 16:04:35 INFO Utils: Successfully started service 'sparkDriver' on port 44997.
[2024-05-21T16:04:35.796+0000] {spark_submit.py:571} INFO - 24/05/21 16:04:35 INFO SparkEnv: Registering MapOutputTracker
[2024-05-21T16:04:35.811+0000] {spark_submit.py:571} INFO - 24/05/21 16:04:35 INFO SparkEnv: Registering BlockManagerMaster
[2024-05-21T16:04:35.819+0000] {spark_submit.py:571} INFO - 24/05/21 16:04:35 INFO BlockManagerMasterEndpoint: Using org.apache.spark.storage.DefaultTopologyMapper for getting topology information
[2024-05-21T16:04:35.820+0000] {spark_submit.py:571} INFO - 24/05/21 16:04:35 INFO BlockManagerMasterEndpoint: BlockManagerMasterEndpoint up
[2024-05-21T16:04:35.821+0000] {spark_submit.py:571} INFO - 24/05/21 16:04:35 INFO SparkEnv: Registering BlockManagerMasterHeartbeat
[2024-05-21T16:04:35.830+0000] {spark_submit.py:571} INFO - 24/05/21 16:04:35 INFO DiskBlockManager: Created local directory at /tmp/blockmgr-d297b8e3-600d-43cd-a5e8-925de6acd64b
[2024-05-21T16:04:35.837+0000] {spark_submit.py:571} INFO - 24/05/21 16:04:35 INFO MemoryStore: MemoryStore started with capacity 434.4 MiB
[2024-05-21T16:04:35.846+0000] {spark_submit.py:571} INFO - 24/05/21 16:04:35 INFO SparkEnv: Registering OutputCommitCoordinator
[2024-05-21T16:04:35.924+0000] {spark_submit.py:571} INFO - 24/05/21 16:04:35 INFO JettyUtils: Start Jetty 0.0.0.0:4040 for SparkUI
[2024-05-21T16:04:35.955+0000] {spark_submit.py:571} INFO - 24/05/21 16:04:35 INFO Utils: Successfully started service 'SparkUI' on port 4040.
[2024-05-21T16:04:35.975+0000] {spark_submit.py:571} INFO - 24/05/21 16:04:35 INFO SparkContext: Added JAR file:///home/***/.ivy2/jars/org.apache.spark_spark-sql-kafka-0-10_2.12-3.5.0.jar at spark://05882356329d:44997/jars/org.apache.spark_spark-sql-kafka-0-10_2.12-3.5.0.jar with timestamp 1716307475627
[2024-05-21T16:04:35.976+0000] {spark_submit.py:571} INFO - 24/05/21 16:04:35 INFO SparkContext: Added JAR file:///home/***/.ivy2/jars/com.datastax.spark_spark-cassandra-connector_2.12-3.5.0.jar at spark://05882356329d:44997/jars/com.datastax.spark_spark-cassandra-connector_2.12-3.5.0.jar with timestamp 1716307475627
[2024-05-21T16:04:35.976+0000] {spark_submit.py:571} INFO - 24/05/21 16:04:35 INFO SparkContext: Added JAR file:///home/***/.ivy2/jars/org.apache.spark_spark-token-provider-kafka-0-10_2.12-3.5.0.jar at spark://05882356329d:44997/jars/org.apache.spark_spark-token-provider-kafka-0-10_2.12-3.5.0.jar with timestamp 1716307475627
[2024-05-21T16:04:35.977+0000] {spark_submit.py:571} INFO - 24/05/21 16:04:35 INFO SparkContext: Added JAR file:///home/***/.ivy2/jars/org.apache.kafka_kafka-clients-3.4.1.jar at spark://05882356329d:44997/jars/org.apache.kafka_kafka-clients-3.4.1.jar with timestamp 1716307475627
[2024-05-21T16:04:35.977+0000] {spark_submit.py:571} INFO - 24/05/21 16:04:35 INFO SparkContext: Added JAR file:///home/***/.ivy2/jars/org.apache.commons_commons-pool2-2.11.1.jar at spark://05882356329d:44997/jars/org.apache.commons_commons-pool2-2.11.1.jar with timestamp 1716307475627
[2024-05-21T16:04:35.977+0000] {spark_submit.py:571} INFO - 24/05/21 16:04:35 INFO SparkContext: Added JAR file:///home/***/.ivy2/jars/org.apache.hadoop_hadoop-client-runtime-3.3.4.jar at spark://05882356329d:44997/jars/org.apache.hadoop_hadoop-client-runtime-3.3.4.jar with timestamp 1716307475627
[2024-05-21T16:04:35.977+0000] {spark_submit.py:571} INFO - 24/05/21 16:04:35 INFO SparkContext: Added JAR file:///home/***/.ivy2/jars/org.lz4_lz4-java-1.8.0.jar at spark://05882356329d:44997/jars/org.lz4_lz4-java-1.8.0.jar with timestamp 1716307475627
[2024-05-21T16:04:35.978+0000] {spark_submit.py:571} INFO - 24/05/21 16:04:35 INFO SparkContext: Added JAR file:///home/***/.ivy2/jars/org.xerial.snappy_snappy-java-1.1.10.3.jar at spark://05882356329d:44997/jars/org.xerial.snappy_snappy-java-1.1.10.3.jar with timestamp 1716307475627
[2024-05-21T16:04:35.978+0000] {spark_submit.py:571} INFO - 24/05/21 16:04:35 INFO SparkContext: Added JAR file:///home/***/.ivy2/jars/org.slf4j_slf4j-api-2.0.7.jar at spark://05882356329d:44997/jars/org.slf4j_slf4j-api-2.0.7.jar with timestamp 1716307475627
[2024-05-21T16:04:35.979+0000] {spark_submit.py:571} INFO - 24/05/21 16:04:35 INFO SparkContext: Added JAR file:///home/***/.ivy2/jars/org.apache.hadoop_hadoop-client-api-3.3.4.jar at spark://05882356329d:44997/jars/org.apache.hadoop_hadoop-client-api-3.3.4.jar with timestamp 1716307475627
[2024-05-21T16:04:35.979+0000] {spark_submit.py:571} INFO - 24/05/21 16:04:35 INFO SparkContext: Added JAR file:///home/***/.ivy2/jars/commons-logging_commons-logging-1.1.3.jar at spark://05882356329d:44997/jars/commons-logging_commons-logging-1.1.3.jar with timestamp 1716307475627
[2024-05-21T16:04:35.979+0000] {spark_submit.py:571} INFO - 24/05/21 16:04:35 INFO SparkContext: Added JAR file:///home/***/.ivy2/jars/com.datastax.spark_spark-cassandra-connector-driver_2.12-3.5.0.jar at spark://05882356329d:44997/jars/com.datastax.spark_spark-cassandra-connector-driver_2.12-3.5.0.jar with timestamp 1716307475627
[2024-05-21T16:04:35.979+0000] {spark_submit.py:571} INFO - 24/05/21 16:04:35 INFO SparkContext: Added JAR file:///home/***/.ivy2/jars/org.scala-lang.modules_scala-collection-compat_2.12-2.11.0.jar at spark://05882356329d:44997/jars/org.scala-lang.modules_scala-collection-compat_2.12-2.11.0.jar with timestamp 1716307475627
[2024-05-21T16:04:35.980+0000] {spark_submit.py:571} INFO - 24/05/21 16:04:35 INFO SparkContext: Added JAR file:///home/***/.ivy2/jars/com.datastax.oss_java-driver-core-shaded-4.13.0.jar at spark://05882356329d:44997/jars/com.datastax.oss_java-driver-core-shaded-4.13.0.jar with timestamp 1716307475627
[2024-05-21T16:04:35.980+0000] {spark_submit.py:571} INFO - 24/05/21 16:04:35 INFO SparkContext: Added JAR file:///home/***/.ivy2/jars/com.datastax.oss_java-driver-mapper-runtime-4.13.0.jar at spark://05882356329d:44997/jars/com.datastax.oss_java-driver-mapper-runtime-4.13.0.jar with timestamp 1716307475627
[2024-05-21T16:04:35.980+0000] {spark_submit.py:571} INFO - 24/05/21 16:04:35 INFO SparkContext: Added JAR file:///home/***/.ivy2/jars/org.apache.commons_commons-lang3-3.10.jar at spark://05882356329d:44997/jars/org.apache.commons_commons-lang3-3.10.jar with timestamp 1716307475627
[2024-05-21T16:04:35.980+0000] {spark_submit.py:571} INFO - 24/05/21 16:04:35 INFO SparkContext: Added JAR file:///home/***/.ivy2/jars/com.thoughtworks.paranamer_paranamer-2.8.jar at spark://05882356329d:44997/jars/com.thoughtworks.paranamer_paranamer-2.8.jar with timestamp 1716307475627
[2024-05-21T16:04:35.980+0000] {spark_submit.py:571} INFO - 24/05/21 16:04:35 INFO SparkContext: Added JAR file:///home/***/.ivy2/jars/org.scala-lang_scala-reflect-2.12.11.jar at spark://05882356329d:44997/jars/org.scala-lang_scala-reflect-2.12.11.jar with timestamp 1716307475627
[2024-05-21T16:04:35.981+0000] {spark_submit.py:571} INFO - 24/05/21 16:04:35 INFO SparkContext: Added JAR file:///home/***/.ivy2/jars/com.datastax.oss_native-protocol-1.5.0.jar at spark://05882356329d:44997/jars/com.datastax.oss_native-protocol-1.5.0.jar with timestamp 1716307475627
[2024-05-21T16:04:35.981+0000] {spark_submit.py:571} INFO - 24/05/21 16:04:35 INFO SparkContext: Added JAR file:///home/***/.ivy2/jars/com.datastax.oss_java-driver-shaded-guava-25.1-jre-graal-sub-1.jar at spark://05882356329d:44997/jars/com.datastax.oss_java-driver-shaded-guava-25.1-jre-graal-sub-1.jar with timestamp 1716307475627
[2024-05-21T16:04:35.981+0000] {spark_submit.py:571} INFO - 24/05/21 16:04:35 INFO SparkContext: Added JAR file:///home/***/.ivy2/jars/com.typesafe_config-1.4.1.jar at spark://05882356329d:44997/jars/com.typesafe_config-1.4.1.jar with timestamp 1716307475627
[2024-05-21T16:04:35.981+0000] {spark_submit.py:571} INFO - 24/05/21 16:04:35 INFO SparkContext: Added JAR file:///home/***/.ivy2/jars/io.dropwizard.metrics_metrics-core-4.1.18.jar at spark://05882356329d:44997/jars/io.dropwizard.metrics_metrics-core-4.1.18.jar with timestamp 1716307475627
[2024-05-21T16:04:35.982+0000] {spark_submit.py:571} INFO - 24/05/21 16:04:35 INFO SparkContext: Added JAR file:///home/***/.ivy2/jars/org.hdrhistogram_HdrHistogram-2.1.12.jar at spark://05882356329d:44997/jars/org.hdrhistogram_HdrHistogram-2.1.12.jar with timestamp 1716307475627
[2024-05-21T16:04:35.982+0000] {spark_submit.py:571} INFO - 24/05/21 16:04:35 INFO SparkContext: Added JAR file:///home/***/.ivy2/jars/org.reactivestreams_reactive-streams-1.0.3.jar at spark://05882356329d:44997/jars/org.reactivestreams_reactive-streams-1.0.3.jar with timestamp 1716307475627
[2024-05-21T16:04:35.982+0000] {spark_submit.py:571} INFO - 24/05/21 16:04:35 INFO SparkContext: Added JAR file:///home/***/.ivy2/jars/com.github.stephenc.jcip_jcip-annotations-1.0-1.jar at spark://05882356329d:44997/jars/com.github.stephenc.jcip_jcip-annotations-1.0-1.jar with timestamp 1716307475627
[2024-05-21T16:04:35.982+0000] {spark_submit.py:571} INFO - 24/05/21 16:04:35 INFO SparkContext: Added JAR file:///home/***/.ivy2/jars/com.github.spotbugs_spotbugs-annotations-3.1.12.jar at spark://05882356329d:44997/jars/com.github.spotbugs_spotbugs-annotations-3.1.12.jar with timestamp 1716307475627
[2024-05-21T16:04:35.983+0000] {spark_submit.py:571} INFO - 24/05/21 16:04:35 INFO SparkContext: Added JAR file:///home/***/.ivy2/jars/com.google.code.findbugs_jsr305-3.0.2.jar at spark://05882356329d:44997/jars/com.google.code.findbugs_jsr305-3.0.2.jar with timestamp 1716307475627
[2024-05-21T16:04:35.983+0000] {spark_submit.py:571} INFO - 24/05/21 16:04:35 INFO SparkContext: Added JAR file:///home/***/.ivy2/jars/com.datastax.oss_java-driver-query-builder-4.13.0.jar at spark://05882356329d:44997/jars/com.datastax.oss_java-driver-query-builder-4.13.0.jar with timestamp 1716307475627
[2024-05-21T16:04:35.983+0000] {spark_submit.py:571} INFO - 24/05/21 16:04:35 INFO SparkContext: Added file file:///home/***/.ivy2/jars/org.apache.spark_spark-sql-kafka-0-10_2.12-3.5.0.jar at spark://05882356329d:44997/files/org.apache.spark_spark-sql-kafka-0-10_2.12-3.5.0.jar with timestamp 1716307475627
[2024-05-21T16:04:35.984+0000] {spark_submit.py:571} INFO - 24/05/21 16:04:35 INFO Utils: Copying /home/***/.ivy2/jars/org.apache.spark_spark-sql-kafka-0-10_2.12-3.5.0.jar to /tmp/spark-330d13a7-6c8c-4adf-a047-4c32fbfdc699/userFiles-1775c9e2-b64b-4f81-a126-aec50419fac0/org.apache.spark_spark-sql-kafka-0-10_2.12-3.5.0.jar
[2024-05-21T16:04:35.986+0000] {spark_submit.py:571} INFO - 24/05/21 16:04:35 INFO SparkContext: Added file file:///home/***/.ivy2/jars/com.datastax.spark_spark-cassandra-connector_2.12-3.5.0.jar at spark://05882356329d:44997/files/com.datastax.spark_spark-cassandra-connector_2.12-3.5.0.jar with timestamp 1716307475627
[2024-05-21T16:04:35.986+0000] {spark_submit.py:571} INFO - 24/05/21 16:04:35 INFO Utils: Copying /home/***/.ivy2/jars/com.datastax.spark_spark-cassandra-connector_2.12-3.5.0.jar to /tmp/spark-330d13a7-6c8c-4adf-a047-4c32fbfdc699/userFiles-1775c9e2-b64b-4f81-a126-aec50419fac0/com.datastax.spark_spark-cassandra-connector_2.12-3.5.0.jar
[2024-05-21T16:04:35.989+0000] {spark_submit.py:571} INFO - 24/05/21 16:04:35 INFO SparkContext: Added file file:///home/***/.ivy2/jars/org.apache.spark_spark-token-provider-kafka-0-10_2.12-3.5.0.jar at spark://05882356329d:44997/files/org.apache.spark_spark-token-provider-kafka-0-10_2.12-3.5.0.jar with timestamp 1716307475627
[2024-05-21T16:04:35.989+0000] {spark_submit.py:571} INFO - 24/05/21 16:04:35 INFO Utils: Copying /home/***/.ivy2/jars/org.apache.spark_spark-token-provider-kafka-0-10_2.12-3.5.0.jar to /tmp/spark-330d13a7-6c8c-4adf-a047-4c32fbfdc699/userFiles-1775c9e2-b64b-4f81-a126-aec50419fac0/org.apache.spark_spark-token-provider-kafka-0-10_2.12-3.5.0.jar
[2024-05-21T16:04:35.992+0000] {spark_submit.py:571} INFO - 24/05/21 16:04:35 INFO SparkContext: Added file file:///home/***/.ivy2/jars/org.apache.kafka_kafka-clients-3.4.1.jar at spark://05882356329d:44997/files/org.apache.kafka_kafka-clients-3.4.1.jar with timestamp 1716307475627
[2024-05-21T16:04:35.992+0000] {spark_submit.py:571} INFO - 24/05/21 16:04:35 INFO Utils: Copying /home/***/.ivy2/jars/org.apache.kafka_kafka-clients-3.4.1.jar to /tmp/spark-330d13a7-6c8c-4adf-a047-4c32fbfdc699/userFiles-1775c9e2-b64b-4f81-a126-aec50419fac0/org.apache.kafka_kafka-clients-3.4.1.jar
[2024-05-21T16:04:35.997+0000] {spark_submit.py:571} INFO - 24/05/21 16:04:35 INFO SparkContext: Added file file:///home/***/.ivy2/jars/org.apache.commons_commons-pool2-2.11.1.jar at spark://05882356329d:44997/files/org.apache.commons_commons-pool2-2.11.1.jar with timestamp 1716307475627
[2024-05-21T16:04:35.997+0000] {spark_submit.py:571} INFO - 24/05/21 16:04:35 INFO Utils: Copying /home/***/.ivy2/jars/org.apache.commons_commons-pool2-2.11.1.jar to /tmp/spark-330d13a7-6c8c-4adf-a047-4c32fbfdc699/userFiles-1775c9e2-b64b-4f81-a126-aec50419fac0/org.apache.commons_commons-pool2-2.11.1.jar
[2024-05-21T16:04:35.999+0000] {spark_submit.py:571} INFO - 24/05/21 16:04:35 INFO SparkContext: Added file file:///home/***/.ivy2/jars/org.apache.hadoop_hadoop-client-runtime-3.3.4.jar at spark://05882356329d:44997/files/org.apache.hadoop_hadoop-client-runtime-3.3.4.jar with timestamp 1716307475627
[2024-05-21T16:04:35.999+0000] {spark_submit.py:571} INFO - 24/05/21 16:04:35 INFO Utils: Copying /home/***/.ivy2/jars/org.apache.hadoop_hadoop-client-runtime-3.3.4.jar to /tmp/spark-330d13a7-6c8c-4adf-a047-4c32fbfdc699/userFiles-1775c9e2-b64b-4f81-a126-aec50419fac0/org.apache.hadoop_hadoop-client-runtime-3.3.4.jar
[2024-05-21T16:04:36.015+0000] {spark_submit.py:571} INFO - 24/05/21 16:04:36 INFO SparkContext: Added file file:///home/***/.ivy2/jars/org.lz4_lz4-java-1.8.0.jar at spark://05882356329d:44997/files/org.lz4_lz4-java-1.8.0.jar with timestamp 1716307475627
[2024-05-21T16:04:36.015+0000] {spark_submit.py:571} INFO - 24/05/21 16:04:36 INFO Utils: Copying /home/***/.ivy2/jars/org.lz4_lz4-java-1.8.0.jar to /tmp/spark-330d13a7-6c8c-4adf-a047-4c32fbfdc699/userFiles-1775c9e2-b64b-4f81-a126-aec50419fac0/org.lz4_lz4-java-1.8.0.jar
[2024-05-21T16:04:36.017+0000] {spark_submit.py:571} INFO - 24/05/21 16:04:36 INFO SparkContext: Added file file:///home/***/.ivy2/jars/org.xerial.snappy_snappy-java-1.1.10.3.jar at spark://05882356329d:44997/files/org.xerial.snappy_snappy-java-1.1.10.3.jar with timestamp 1716307475627
[2024-05-21T16:04:36.017+0000] {spark_submit.py:571} INFO - 24/05/21 16:04:36 INFO Utils: Copying /home/***/.ivy2/jars/org.xerial.snappy_snappy-java-1.1.10.3.jar to /tmp/spark-330d13a7-6c8c-4adf-a047-4c32fbfdc699/userFiles-1775c9e2-b64b-4f81-a126-aec50419fac0/org.xerial.snappy_snappy-java-1.1.10.3.jar
[2024-05-21T16:04:36.020+0000] {spark_submit.py:571} INFO - 24/05/21 16:04:36 INFO SparkContext: Added file file:///home/***/.ivy2/jars/org.slf4j_slf4j-api-2.0.7.jar at spark://05882356329d:44997/files/org.slf4j_slf4j-api-2.0.7.jar with timestamp 1716307475627
[2024-05-21T16:04:36.021+0000] {spark_submit.py:571} INFO - 24/05/21 16:04:36 INFO Utils: Copying /home/***/.ivy2/jars/org.slf4j_slf4j-api-2.0.7.jar to /tmp/spark-330d13a7-6c8c-4adf-a047-4c32fbfdc699/userFiles-1775c9e2-b64b-4f81-a126-aec50419fac0/org.slf4j_slf4j-api-2.0.7.jar
[2024-05-21T16:04:36.023+0000] {spark_submit.py:571} INFO - 24/05/21 16:04:36 INFO SparkContext: Added file file:///home/***/.ivy2/jars/org.apache.hadoop_hadoop-client-api-3.3.4.jar at spark://05882356329d:44997/files/org.apache.hadoop_hadoop-client-api-3.3.4.jar with timestamp 1716307475627
[2024-05-21T16:04:36.023+0000] {spark_submit.py:571} INFO - 24/05/21 16:04:36 INFO Utils: Copying /home/***/.ivy2/jars/org.apache.hadoop_hadoop-client-api-3.3.4.jar to /tmp/spark-330d13a7-6c8c-4adf-a047-4c32fbfdc699/userFiles-1775c9e2-b64b-4f81-a126-aec50419fac0/org.apache.hadoop_hadoop-client-api-3.3.4.jar
[2024-05-21T16:04:36.033+0000] {spark_submit.py:571} INFO - 24/05/21 16:04:36 INFO SparkContext: Added file file:///home/***/.ivy2/jars/commons-logging_commons-logging-1.1.3.jar at spark://05882356329d:44997/files/commons-logging_commons-logging-1.1.3.jar with timestamp 1716307475627
[2024-05-21T16:04:36.034+0000] {spark_submit.py:571} INFO - 24/05/21 16:04:36 INFO Utils: Copying /home/***/.ivy2/jars/commons-logging_commons-logging-1.1.3.jar to /tmp/spark-330d13a7-6c8c-4adf-a047-4c32fbfdc699/userFiles-1775c9e2-b64b-4f81-a126-aec50419fac0/commons-logging_commons-logging-1.1.3.jar
[2024-05-21T16:04:36.035+0000] {spark_submit.py:571} INFO - 24/05/21 16:04:36 INFO SparkContext: Added file file:///home/***/.ivy2/jars/com.datastax.spark_spark-cassandra-connector-driver_2.12-3.5.0.jar at spark://05882356329d:44997/files/com.datastax.spark_spark-cassandra-connector-driver_2.12-3.5.0.jar with timestamp 1716307475627
[2024-05-21T16:04:36.035+0000] {spark_submit.py:571} INFO - 24/05/21 16:04:36 INFO Utils: Copying /home/***/.ivy2/jars/com.datastax.spark_spark-cassandra-connector-driver_2.12-3.5.0.jar to /tmp/spark-330d13a7-6c8c-4adf-a047-4c32fbfdc699/userFiles-1775c9e2-b64b-4f81-a126-aec50419fac0/com.datastax.spark_spark-cassandra-connector-driver_2.12-3.5.0.jar
[2024-05-21T16:04:36.038+0000] {spark_submit.py:571} INFO - 24/05/21 16:04:36 INFO SparkContext: Added file file:///home/***/.ivy2/jars/org.scala-lang.modules_scala-collection-compat_2.12-2.11.0.jar at spark://05882356329d:44997/files/org.scala-lang.modules_scala-collection-compat_2.12-2.11.0.jar with timestamp 1716307475627
[2024-05-21T16:04:36.038+0000] {spark_submit.py:571} INFO - 24/05/21 16:04:36 INFO Utils: Copying /home/***/.ivy2/jars/org.scala-lang.modules_scala-collection-compat_2.12-2.11.0.jar to /tmp/spark-330d13a7-6c8c-4adf-a047-4c32fbfdc699/userFiles-1775c9e2-b64b-4f81-a126-aec50419fac0/org.scala-lang.modules_scala-collection-compat_2.12-2.11.0.jar
[2024-05-21T16:04:36.040+0000] {spark_submit.py:571} INFO - 24/05/21 16:04:36 INFO SparkContext: Added file file:///home/***/.ivy2/jars/com.datastax.oss_java-driver-core-shaded-4.13.0.jar at spark://05882356329d:44997/files/com.datastax.oss_java-driver-core-shaded-4.13.0.jar with timestamp 1716307475627
[2024-05-21T16:04:36.040+0000] {spark_submit.py:571} INFO - 24/05/21 16:04:36 INFO Utils: Copying /home/***/.ivy2/jars/com.datastax.oss_java-driver-core-shaded-4.13.0.jar to /tmp/spark-330d13a7-6c8c-4adf-a047-4c32fbfdc699/userFiles-1775c9e2-b64b-4f81-a126-aec50419fac0/com.datastax.oss_java-driver-core-shaded-4.13.0.jar
[2024-05-21T16:04:36.044+0000] {spark_submit.py:571} INFO - 24/05/21 16:04:36 INFO SparkContext: Added file file:///home/***/.ivy2/jars/com.datastax.oss_java-driver-mapper-runtime-4.13.0.jar at spark://05882356329d:44997/files/com.datastax.oss_java-driver-mapper-runtime-4.13.0.jar with timestamp 1716307475627
[2024-05-21T16:04:36.045+0000] {spark_submit.py:571} INFO - 24/05/21 16:04:36 INFO Utils: Copying /home/***/.ivy2/jars/com.datastax.oss_java-driver-mapper-runtime-4.13.0.jar to /tmp/spark-330d13a7-6c8c-4adf-a047-4c32fbfdc699/userFiles-1775c9e2-b64b-4f81-a126-aec50419fac0/com.datastax.oss_java-driver-mapper-runtime-4.13.0.jar
[2024-05-21T16:04:36.047+0000] {spark_submit.py:571} INFO - 24/05/21 16:04:36 INFO SparkContext: Added file file:///home/***/.ivy2/jars/org.apache.commons_commons-lang3-3.10.jar at spark://05882356329d:44997/files/org.apache.commons_commons-lang3-3.10.jar with timestamp 1716307475627
[2024-05-21T16:04:36.047+0000] {spark_submit.py:571} INFO - 24/05/21 16:04:36 INFO Utils: Copying /home/***/.ivy2/jars/org.apache.commons_commons-lang3-3.10.jar to /tmp/spark-330d13a7-6c8c-4adf-a047-4c32fbfdc699/userFiles-1775c9e2-b64b-4f81-a126-aec50419fac0/org.apache.commons_commons-lang3-3.10.jar
[2024-05-21T16:04:36.049+0000] {spark_submit.py:571} INFO - 24/05/21 16:04:36 INFO SparkContext: Added file file:///home/***/.ivy2/jars/com.thoughtworks.paranamer_paranamer-2.8.jar at spark://05882356329d:44997/files/com.thoughtworks.paranamer_paranamer-2.8.jar with timestamp 1716307475627
[2024-05-21T16:04:36.049+0000] {spark_submit.py:571} INFO - 24/05/21 16:04:36 INFO Utils: Copying /home/***/.ivy2/jars/com.thoughtworks.paranamer_paranamer-2.8.jar to /tmp/spark-330d13a7-6c8c-4adf-a047-4c32fbfdc699/userFiles-1775c9e2-b64b-4f81-a126-aec50419fac0/com.thoughtworks.paranamer_paranamer-2.8.jar
[2024-05-21T16:04:36.051+0000] {spark_submit.py:571} INFO - 24/05/21 16:04:36 INFO SparkContext: Added file file:///home/***/.ivy2/jars/org.scala-lang_scala-reflect-2.12.11.jar at spark://05882356329d:44997/files/org.scala-lang_scala-reflect-2.12.11.jar with timestamp 1716307475627
[2024-05-21T16:04:36.051+0000] {spark_submit.py:571} INFO - 24/05/21 16:04:36 INFO Utils: Copying /home/***/.ivy2/jars/org.scala-lang_scala-reflect-2.12.11.jar to /tmp/spark-330d13a7-6c8c-4adf-a047-4c32fbfdc699/userFiles-1775c9e2-b64b-4f81-a126-aec50419fac0/org.scala-lang_scala-reflect-2.12.11.jar
[2024-05-21T16:04:36.054+0000] {spark_submit.py:571} INFO - 24/05/21 16:04:36 INFO SparkContext: Added file file:///home/***/.ivy2/jars/com.datastax.oss_native-protocol-1.5.0.jar at spark://05882356329d:44997/files/com.datastax.oss_native-protocol-1.5.0.jar with timestamp 1716307475627
[2024-05-21T16:04:36.055+0000] {spark_submit.py:571} INFO - 24/05/21 16:04:36 INFO Utils: Copying /home/***/.ivy2/jars/com.datastax.oss_native-protocol-1.5.0.jar to /tmp/spark-330d13a7-6c8c-4adf-a047-4c32fbfdc699/userFiles-1775c9e2-b64b-4f81-a126-aec50419fac0/com.datastax.oss_native-protocol-1.5.0.jar
[2024-05-21T16:04:36.056+0000] {spark_submit.py:571} INFO - 24/05/21 16:04:36 INFO SparkContext: Added file file:///home/***/.ivy2/jars/com.datastax.oss_java-driver-shaded-guava-25.1-jre-graal-sub-1.jar at spark://05882356329d:44997/files/com.datastax.oss_java-driver-shaded-guava-25.1-jre-graal-sub-1.jar with timestamp 1716307475627
[2024-05-21T16:04:36.056+0000] {spark_submit.py:571} INFO - 24/05/21 16:04:36 INFO Utils: Copying /home/***/.ivy2/jars/com.datastax.oss_java-driver-shaded-guava-25.1-jre-graal-sub-1.jar to /tmp/spark-330d13a7-6c8c-4adf-a047-4c32fbfdc699/userFiles-1775c9e2-b64b-4f81-a126-aec50419fac0/com.datastax.oss_java-driver-shaded-guava-25.1-jre-graal-sub-1.jar
[2024-05-21T16:04:36.059+0000] {spark_submit.py:571} INFO - 24/05/21 16:04:36 INFO SparkContext: Added file file:///home/***/.ivy2/jars/com.typesafe_config-1.4.1.jar at spark://05882356329d:44997/files/com.typesafe_config-1.4.1.jar with timestamp 1716307475627
[2024-05-21T16:04:36.059+0000] {spark_submit.py:571} INFO - 24/05/21 16:04:36 INFO Utils: Copying /home/***/.ivy2/jars/com.typesafe_config-1.4.1.jar to /tmp/spark-330d13a7-6c8c-4adf-a047-4c32fbfdc699/userFiles-1775c9e2-b64b-4f81-a126-aec50419fac0/com.typesafe_config-1.4.1.jar
[2024-05-21T16:04:36.061+0000] {spark_submit.py:571} INFO - 24/05/21 16:04:36 INFO SparkContext: Added file file:///home/***/.ivy2/jars/io.dropwizard.metrics_metrics-core-4.1.18.jar at spark://05882356329d:44997/files/io.dropwizard.metrics_metrics-core-4.1.18.jar with timestamp 1716307475627
[2024-05-21T16:04:36.062+0000] {spark_submit.py:571} INFO - 24/05/21 16:04:36 INFO Utils: Copying /home/***/.ivy2/jars/io.dropwizard.metrics_metrics-core-4.1.18.jar to /tmp/spark-330d13a7-6c8c-4adf-a047-4c32fbfdc699/userFiles-1775c9e2-b64b-4f81-a126-aec50419fac0/io.dropwizard.metrics_metrics-core-4.1.18.jar
[2024-05-21T16:04:36.064+0000] {spark_submit.py:571} INFO - 24/05/21 16:04:36 INFO SparkContext: Added file file:///home/***/.ivy2/jars/org.hdrhistogram_HdrHistogram-2.1.12.jar at spark://05882356329d:44997/files/org.hdrhistogram_HdrHistogram-2.1.12.jar with timestamp 1716307475627
[2024-05-21T16:04:36.064+0000] {spark_submit.py:571} INFO - 24/05/21 16:04:36 INFO Utils: Copying /home/***/.ivy2/jars/org.hdrhistogram_HdrHistogram-2.1.12.jar to /tmp/spark-330d13a7-6c8c-4adf-a047-4c32fbfdc699/userFiles-1775c9e2-b64b-4f81-a126-aec50419fac0/org.hdrhistogram_HdrHistogram-2.1.12.jar
[2024-05-21T16:04:36.066+0000] {spark_submit.py:571} INFO - 24/05/21 16:04:36 INFO SparkContext: Added file file:///home/***/.ivy2/jars/org.reactivestreams_reactive-streams-1.0.3.jar at spark://05882356329d:44997/files/org.reactivestreams_reactive-streams-1.0.3.jar with timestamp 1716307475627
[2024-05-21T16:04:36.066+0000] {spark_submit.py:571} INFO - 24/05/21 16:04:36 INFO Utils: Copying /home/***/.ivy2/jars/org.reactivestreams_reactive-streams-1.0.3.jar to /tmp/spark-330d13a7-6c8c-4adf-a047-4c32fbfdc699/userFiles-1775c9e2-b64b-4f81-a126-aec50419fac0/org.reactivestreams_reactive-streams-1.0.3.jar
[2024-05-21T16:04:36.068+0000] {spark_submit.py:571} INFO - 24/05/21 16:04:36 INFO SparkContext: Added file file:///home/***/.ivy2/jars/com.github.stephenc.jcip_jcip-annotations-1.0-1.jar at spark://05882356329d:44997/files/com.github.stephenc.jcip_jcip-annotations-1.0-1.jar with timestamp 1716307475627
[2024-05-21T16:04:36.068+0000] {spark_submit.py:571} INFO - 24/05/21 16:04:36 INFO Utils: Copying /home/***/.ivy2/jars/com.github.stephenc.jcip_jcip-annotations-1.0-1.jar to /tmp/spark-330d13a7-6c8c-4adf-a047-4c32fbfdc699/userFiles-1775c9e2-b64b-4f81-a126-aec50419fac0/com.github.stephenc.jcip_jcip-annotations-1.0-1.jar
[2024-05-21T16:04:36.069+0000] {spark_submit.py:571} INFO - 24/05/21 16:04:36 INFO SparkContext: Added file file:///home/***/.ivy2/jars/com.github.spotbugs_spotbugs-annotations-3.1.12.jar at spark://05882356329d:44997/files/com.github.spotbugs_spotbugs-annotations-3.1.12.jar with timestamp 1716307475627
[2024-05-21T16:04:36.070+0000] {spark_submit.py:571} INFO - 24/05/21 16:04:36 INFO Utils: Copying /home/***/.ivy2/jars/com.github.spotbugs_spotbugs-annotations-3.1.12.jar to /tmp/spark-330d13a7-6c8c-4adf-a047-4c32fbfdc699/userFiles-1775c9e2-b64b-4f81-a126-aec50419fac0/com.github.spotbugs_spotbugs-annotations-3.1.12.jar
[2024-05-21T16:04:36.071+0000] {spark_submit.py:571} INFO - 24/05/21 16:04:36 INFO SparkContext: Added file file:///home/***/.ivy2/jars/com.google.code.findbugs_jsr305-3.0.2.jar at spark://05882356329d:44997/files/com.google.code.findbugs_jsr305-3.0.2.jar with timestamp 1716307475627
[2024-05-21T16:04:36.072+0000] {spark_submit.py:571} INFO - 24/05/21 16:04:36 INFO Utils: Copying /home/***/.ivy2/jars/com.google.code.findbugs_jsr305-3.0.2.jar to /tmp/spark-330d13a7-6c8c-4adf-a047-4c32fbfdc699/userFiles-1775c9e2-b64b-4f81-a126-aec50419fac0/com.google.code.findbugs_jsr305-3.0.2.jar
[2024-05-21T16:04:36.073+0000] {spark_submit.py:571} INFO - 24/05/21 16:04:36 INFO SparkContext: Added file file:///home/***/.ivy2/jars/com.datastax.oss_java-driver-query-builder-4.13.0.jar at spark://05882356329d:44997/files/com.datastax.oss_java-driver-query-builder-4.13.0.jar with timestamp 1716307475627
[2024-05-21T16:04:36.073+0000] {spark_submit.py:571} INFO - 24/05/21 16:04:36 INFO Utils: Copying /home/***/.ivy2/jars/com.datastax.oss_java-driver-query-builder-4.13.0.jar to /tmp/spark-330d13a7-6c8c-4adf-a047-4c32fbfdc699/userFiles-1775c9e2-b64b-4f81-a126-aec50419fac0/com.datastax.oss_java-driver-query-builder-4.13.0.jar
[2024-05-21T16:04:36.116+0000] {spark_submit.py:571} INFO - 24/05/21 16:04:36 INFO StandaloneAppClient$ClientEndpoint: Connecting to master spark://spark-master:7077...
[2024-05-21T16:04:36.138+0000] {spark_submit.py:571} INFO - 24/05/21 16:04:36 INFO TransportClientFactory: Successfully created connection to spark-master/172.20.0.8:7077 after 12 ms (0 ms spent in bootstraps)
[2024-05-21T16:04:36.187+0000] {spark_submit.py:571} INFO - 24/05/21 16:04:36 INFO StandaloneSchedulerBackend: Connected to Spark cluster with app ID app-20240521160436-0002
[2024-05-21T16:04:36.190+0000] {spark_submit.py:571} INFO - 24/05/21 16:04:36 INFO StandaloneAppClient$ClientEndpoint: Executor added: app-20240521160436-0002/0 on worker-20240521151508-172.20.0.9-46475 (172.20.0.9:46475) with 1 core(s)
[2024-05-21T16:04:36.194+0000] {spark_submit.py:571} INFO - 24/05/21 16:04:36 INFO StandaloneSchedulerBackend: Granted executor ID app-20240521160436-0002/0 on hostPort 172.20.0.9:46475 with 1 core(s), 1024.0 MiB RAM
[2024-05-21T16:04:36.195+0000] {spark_submit.py:571} INFO - 24/05/21 16:04:36 INFO Utils: Successfully started service 'org.apache.spark.network.netty.NettyBlockTransferService' on port 41853.
[2024-05-21T16:04:36.195+0000] {spark_submit.py:571} INFO - 24/05/21 16:04:36 INFO NettyBlockTransferService: Server created on 05882356329d:41853
[2024-05-21T16:04:36.196+0000] {spark_submit.py:571} INFO - 24/05/21 16:04:36 INFO BlockManager: Using org.apache.spark.storage.RandomBlockReplicationPolicy for block replication policy
[2024-05-21T16:04:36.201+0000] {spark_submit.py:571} INFO - 24/05/21 16:04:36 INFO BlockManagerMaster: Registering BlockManager BlockManagerId(driver, 05882356329d, 41853, None)
[2024-05-21T16:04:36.204+0000] {spark_submit.py:571} INFO - 24/05/21 16:04:36 INFO BlockManagerMasterEndpoint: Registering block manager 05882356329d:41853 with 434.4 MiB RAM, BlockManagerId(driver, 05882356329d, 41853, None)
[2024-05-21T16:04:36.206+0000] {spark_submit.py:571} INFO - 24/05/21 16:04:36 INFO BlockManagerMaster: Registered BlockManager BlockManagerId(driver, 05882356329d, 41853, None)
[2024-05-21T16:04:36.207+0000] {spark_submit.py:571} INFO - 24/05/21 16:04:36 INFO BlockManager: Initialized BlockManager: BlockManagerId(driver, 05882356329d, 41853, None)
[2024-05-21T16:04:36.212+0000] {spark_submit.py:571} INFO - 24/05/21 16:04:36 INFO StandaloneAppClient$ClientEndpoint: Executor updated: app-20240521160436-0002/0 is now RUNNING
[2024-05-21T16:04:36.310+0000] {spark_submit.py:571} INFO - 24/05/21 16:04:36 INFO StandaloneSchedulerBackend: SchedulerBackend is ready for scheduling beginning after reached minRegisteredResourcesRatio: 0.0
[2024-05-21T16:04:36.440+0000] {spark_submit.py:571} INFO - Spark connection created successfully.
[2024-05-21T16:04:36.440+0000] {spark_submit.py:571} INFO - Start initializing kafka connection ...
[2024-05-21T16:04:36.443+0000] {spark_submit.py:571} INFO - 24/05/21 16:04:36 INFO SharedState: Setting hive.metastore.warehouse.dir ('null') to the value of spark.sql.warehouse.dir.
[2024-05-21T16:04:36.445+0000] {spark_submit.py:571} INFO - 24/05/21 16:04:36 INFO SharedState: Warehouse path is 'file:/opt/***/spark-warehouse'.
[2024-05-21T16:04:37.130+0000] {spark_submit.py:571} INFO - Kafka connection created successfully.
[2024-05-21T16:04:37.292+0000] {spark_submit.py:571} INFO - 24/05/21 16:04:37 WARN SparkStringUtils: Truncated the string representation of a plan since it was too large. This behavior can be adjusted by setting 'spark.sql.debug.maxToStringFields'.
[2024-05-21T16:04:37.388+0000] {spark_submit.py:571} INFO - 24/05/21 16:04:37 INFO StateStoreCoordinatorRef: Registered StateStoreCoordinator endpoint
[2024-05-21T16:04:37.402+0000] {spark_submit.py:571} INFO - 24/05/21 16:04:37 WARN ResolveWriteToStream: Temporary checkpoint location created which is deleted normally when the query didn't fail: /tmp/temporary-fb1abe2b-6b4b-4c90-a590-19b27f6c1e75. If it's required to delete it under any circumstances, please set spark.sql.streaming.forceDeleteTempCheckpointLocation to true. Important to know deleting temp checkpoint folder is best effort.
[2024-05-21T16:04:37.411+0000] {spark_submit.py:571} INFO - 24/05/21 16:04:37 INFO ResolveWriteToStream: Checkpoint root file:///tmp/temporary-fb1abe2b-6b4b-4c90-a590-19b27f6c1e75 resolved to file:/tmp/temporary-fb1abe2b-6b4b-4c90-a590-19b27f6c1e75.
[2024-05-21T16:04:37.411+0000] {spark_submit.py:571} INFO - 24/05/21 16:04:37 WARN ResolveWriteToStream: spark.sql.adaptive.enabled is not supported in streaming DataFrames/Datasets and will be disabled.
[2024-05-21T16:04:37.446+0000] {spark_submit.py:571} INFO - 24/05/21 16:04:37 INFO CheckpointFileManager: Writing atomically to file:/tmp/temporary-fb1abe2b-6b4b-4c90-a590-19b27f6c1e75/metadata using temp file file:/tmp/temporary-fb1abe2b-6b4b-4c90-a590-19b27f6c1e75/.metadata.bbaf05c7-b1e4-4472-9c63-1110aaba8a15.tmp
[2024-05-21T16:04:37.454+0000] {spark_submit.py:571} INFO - 24/05/21 16:04:37 INFO StandaloneSchedulerBackend$StandaloneDriverEndpoint: Registered executor NettyRpcEndpointRef(spark-client://Executor) (172.20.0.9:58682) with ID 0,  ResourceProfileId 0
[2024-05-21T16:04:37.485+0000] {spark_submit.py:571} INFO - 24/05/21 16:04:37 INFO CheckpointFileManager: Renamed temp file file:/tmp/temporary-fb1abe2b-6b4b-4c90-a590-19b27f6c1e75/.metadata.bbaf05c7-b1e4-4472-9c63-1110aaba8a15.tmp to file:/tmp/temporary-fb1abe2b-6b4b-4c90-a590-19b27f6c1e75/metadata
[2024-05-21T16:04:37.489+0000] {spark_submit.py:571} INFO - 24/05/21 16:04:37 INFO BlockManagerMasterEndpoint: Registering block manager 172.20.0.9:35599 with 434.4 MiB RAM, BlockManagerId(0, 172.20.0.9, 35599, None)
[2024-05-21T16:04:37.503+0000] {spark_submit.py:571} INFO - 24/05/21 16:04:37 INFO MicroBatchExecution: Starting [id = 79cc027a-121e-464b-904c-1faca4cdc67d, runId = 649f8996-ef42-4401-8728-23cbfc26cb81]. Use file:/tmp/temporary-fb1abe2b-6b4b-4c90-a590-19b27f6c1e75 to store the query checkpoint.
[2024-05-21T16:04:37.508+0000] {spark_submit.py:571} INFO - 24/05/21 16:04:37 INFO MicroBatchExecution: Reading table [org.apache.spark.sql.kafka010.KafkaSourceProvider$KafkaTable@182c07b0] from DataSourceV2 named 'kafka' [org.apache.spark.sql.kafka010.KafkaSourceProvider@61b438e4]
[2024-05-21T16:04:37.526+0000] {spark_submit.py:571} INFO - 24/05/21 16:04:37 INFO OffsetSeqLog: BatchIds found from listing:
[2024-05-21T16:04:37.526+0000] {spark_submit.py:571} INFO - 24/05/21 16:04:37 INFO OffsetSeqLog: BatchIds found from listing:
[2024-05-21T16:04:37.527+0000] {spark_submit.py:571} INFO - 24/05/21 16:04:37 INFO MicroBatchExecution: Starting new streaming query.
[2024-05-21T16:04:37.528+0000] {spark_submit.py:571} INFO - 24/05/21 16:04:37 INFO MicroBatchExecution: Stream started from {}
[2024-05-21T16:04:37.557+0000] {spark_submit.py:571} INFO - Failed to connect to Cassandra: An error occurred while calling o86.load.
[2024-05-21T16:04:37.558+0000] {spark_submit.py:571} INFO - : java.lang.NullPointerException: null value for keyspace
[2024-05-21T16:04:37.558+0000] {spark_submit.py:571} INFO - at org.apache.spark.SparkConf.set(SparkConf.scala:91)
[2024-05-21T16:04:37.558+0000] {spark_submit.py:571} INFO - at org.apache.spark.SparkConf.set(SparkConf.scala:83)
[2024-05-21T16:04:37.558+0000] {spark_submit.py:571} INFO - at org.apache.spark.SparkConf.$anonfun$setAll$1(SparkConf.scala:172)
[2024-05-21T16:04:37.559+0000] {spark_submit.py:571} INFO - at scala.collection.immutable.Map$Map2.foreach(Map.scala:273)
[2024-05-21T16:04:37.559+0000] {spark_submit.py:571} INFO - at org.apache.spark.SparkConf.setAll(SparkConf.scala:172)
[2024-05-21T16:04:37.559+0000] {spark_submit.py:571} INFO - at com.datastax.spark.connector.datasource.CassandraSourceUtil$.consolidateConfs(CassandraSourceUtil.scala:103)
[2024-05-21T16:04:37.559+0000] {spark_submit.py:571} INFO - at org.apache.spark.sql.cassandra.DefaultSource.getTable(DefaultSource.scala:60)
[2024-05-21T16:04:37.560+0000] {spark_submit.py:571} INFO - at org.apache.spark.sql.cassandra.DefaultSource.inferSchema(DefaultSource.scala:67)
[2024-05-21T16:04:37.560+0000] {spark_submit.py:571} INFO - at org.apache.spark.sql.execution.datasources.v2.DataSourceV2Utils$.getTableFromProvider(DataSourceV2Utils.scala:90)
[2024-05-21T16:04:37.560+0000] {spark_submit.py:571} INFO - at org.apache.spark.sql.execution.datasources.v2.DataSourceV2Utils$.loadV2Source(DataSourceV2Utils.scala:140)
[2024-05-21T16:04:37.560+0000] {spark_submit.py:571} INFO - at org.apache.spark.sql.DataFrameReader.$anonfun$load$1(DataFrameReader.scala:210)
[2024-05-21T16:04:37.561+0000] {spark_submit.py:571} INFO - at scala.Option.flatMap(Option.scala:271)
[2024-05-21T16:04:37.561+0000] {spark_submit.py:571} INFO - at org.apache.spark.sql.DataFrameReader.load(DataFrameReader.scala:208)
[2024-05-21T16:04:37.561+0000] {spark_submit.py:571} INFO - at org.apache.spark.sql.DataFrameReader.load(DataFrameReader.scala:172)
[2024-05-21T16:04:37.562+0000] {spark_submit.py:571} INFO - at java.base/jdk.internal.reflect.NativeMethodAccessorImpl.invoke0(Native Method)
[2024-05-21T16:04:37.562+0000] {spark_submit.py:571} INFO - at java.base/jdk.internal.reflect.NativeMethodAccessorImpl.invoke(NativeMethodAccessorImpl.java:77)
[2024-05-21T16:04:37.562+0000] {spark_submit.py:571} INFO - at java.base/jdk.internal.reflect.DelegatingMethodAccessorImpl.invoke(DelegatingMethodAccessorImpl.java:43)
[2024-05-21T16:04:37.562+0000] {spark_submit.py:571} INFO - at java.base/java.lang.reflect.Method.invoke(Method.java:568)
[2024-05-21T16:04:37.563+0000] {spark_submit.py:571} INFO - at py4j.reflection.MethodInvoker.invoke(MethodInvoker.java:244)
[2024-05-21T16:04:37.563+0000] {spark_submit.py:571} INFO - at py4j.reflection.ReflectionEngine.invoke(ReflectionEngine.java:374)
[2024-05-21T16:04:37.563+0000] {spark_submit.py:571} INFO - at py4j.Gateway.invoke(Gateway.java:282)
[2024-05-21T16:04:37.564+0000] {spark_submit.py:571} INFO - at py4j.commands.AbstractCommand.invokeMethod(AbstractCommand.java:132)
[2024-05-21T16:04:37.564+0000] {spark_submit.py:571} INFO - at py4j.commands.CallCommand.execute(CallCommand.java:79)
[2024-05-21T16:04:37.564+0000] {spark_submit.py:571} INFO - at py4j.ClientServerConnection.waitForCommands(ClientServerConnection.java:182)
[2024-05-21T16:04:37.564+0000] {spark_submit.py:571} INFO - at py4j.ClientServerConnection.run(ClientServerConnection.java:106)
[2024-05-21T16:04:37.564+0000] {spark_submit.py:571} INFO - at java.base/java.lang.Thread.run(Thread.java:840)
[2024-05-21T16:04:37.565+0000] {spark_submit.py:571} INFO - 
[2024-05-21T16:04:37.565+0000] {spark_submit.py:571} INFO - Printing df schema:
[2024-05-21T16:04:37.565+0000] {spark_submit.py:571} INFO - root
[2024-05-21T16:04:37.565+0000] {spark_submit.py:571} INFO - |-- address: string (nullable = true)
[2024-05-21T16:04:37.565+0000] {spark_submit.py:571} INFO - |-- size: double (nullable = true)
[2024-05-21T16:04:37.566+0000] {spark_submit.py:571} INFO - |-- price: double (nullable = true)
[2024-05-21T16:04:37.566+0000] {spark_submit.py:571} INFO - |-- pricebyarea: double (nullable = true)
[2024-05-21T16:04:37.566+0000] {spark_submit.py:571} INFO - |-- rooms: long (nullable = true)
[2024-05-21T16:04:37.567+0000] {spark_submit.py:571} INFO - |-- bathrooms: long (nullable = true)
[2024-05-21T16:04:37.567+0000] {spark_submit.py:571} INFO - |-- floor: string (nullable = true)
[2024-05-21T16:04:37.567+0000] {spark_submit.py:571} INFO - |-- haslift: boolean (nullable = true)
[2024-05-21T16:04:37.567+0000] {spark_submit.py:571} INFO - |-- propertytype: string (nullable = true)
[2024-05-21T16:04:37.568+0000] {spark_submit.py:571} INFO - |-- parkingspace: boolean (nullable = true)
[2024-05-21T16:04:37.568+0000] {spark_submit.py:571} INFO - |-- exterior: boolean (nullable = true)
[2024-05-21T16:04:37.568+0000] {spark_submit.py:571} INFO - |-- latitude: double (nullable = true)
[2024-05-21T16:04:37.568+0000] {spark_submit.py:571} INFO - |-- longitude: double (nullable = true)
[2024-05-21T16:04:37.568+0000] {spark_submit.py:571} INFO - |-- description: string (nullable = true)
[2024-05-21T16:04:37.569+0000] {spark_submit.py:571} INFO - |-- typology: string (nullable = true)
[2024-05-21T16:04:37.569+0000] {spark_submit.py:571} INFO - |-- url: string (nullable = true)
[2024-05-21T16:04:37.569+0000] {spark_submit.py:571} INFO - |-- propertycode: string (nullable = true)
[2024-05-21T16:04:37.569+0000] {spark_submit.py:571} INFO - 
[2024-05-21T16:04:37.683+0000] {spark_submit.py:571} INFO - 24/05/21 16:04:37 INFO AdminClientConfig: AdminClientConfig values:
[2024-05-21T16:04:37.684+0000] {spark_submit.py:571} INFO - auto.include.jmx.reporter = true
[2024-05-21T16:04:37.684+0000] {spark_submit.py:571} INFO - bootstrap.servers = [kafka:9092]
[2024-05-21T16:04:37.684+0000] {spark_submit.py:571} INFO - client.dns.lookup = use_all_dns_ips
[2024-05-21T16:04:37.685+0000] {spark_submit.py:571} INFO - client.id =
[2024-05-21T16:04:37.685+0000] {spark_submit.py:571} INFO - connections.max.idle.ms = 300000
[2024-05-21T16:04:37.685+0000] {spark_submit.py:571} INFO - default.api.timeout.ms = 60000
[2024-05-21T16:04:37.686+0000] {spark_submit.py:571} INFO - metadata.max.age.ms = 300000
[2024-05-21T16:04:37.686+0000] {spark_submit.py:571} INFO - metric.reporters = []
[2024-05-21T16:04:37.686+0000] {spark_submit.py:571} INFO - metrics.num.samples = 2
[2024-05-21T16:04:37.686+0000] {spark_submit.py:571} INFO - metrics.recording.level = INFO
[2024-05-21T16:04:37.687+0000] {spark_submit.py:571} INFO - metrics.sample.window.ms = 30000
[2024-05-21T16:04:37.687+0000] {spark_submit.py:571} INFO - receive.buffer.bytes = 65536
[2024-05-21T16:04:37.687+0000] {spark_submit.py:571} INFO - reconnect.backoff.max.ms = 1000
[2024-05-21T16:04:37.687+0000] {spark_submit.py:571} INFO - reconnect.backoff.ms = 50
[2024-05-21T16:04:37.687+0000] {spark_submit.py:571} INFO - request.timeout.ms = 30000
[2024-05-21T16:04:37.688+0000] {spark_submit.py:571} INFO - retries = 2147483647
[2024-05-21T16:04:37.688+0000] {spark_submit.py:571} INFO - retry.backoff.ms = 100
[2024-05-21T16:04:37.688+0000] {spark_submit.py:571} INFO - sasl.client.callback.handler.class = null
[2024-05-21T16:04:37.688+0000] {spark_submit.py:571} INFO - sasl.jaas.config = null
[2024-05-21T16:04:37.688+0000] {spark_submit.py:571} INFO - sasl.kerberos.kinit.cmd = /usr/bin/kinit
[2024-05-21T16:04:37.688+0000] {spark_submit.py:571} INFO - sasl.kerberos.min.time.before.relogin = 60000
[2024-05-21T16:04:37.689+0000] {spark_submit.py:571} INFO - sasl.kerberos.service.name = null
[2024-05-21T16:04:37.689+0000] {spark_submit.py:571} INFO - sasl.kerberos.ticket.renew.jitter = 0.05
[2024-05-21T16:04:37.689+0000] {spark_submit.py:571} INFO - sasl.kerberos.ticket.renew.window.factor = 0.8
[2024-05-21T16:04:37.689+0000] {spark_submit.py:571} INFO - sasl.login.callback.handler.class = null
[2024-05-21T16:04:37.689+0000] {spark_submit.py:571} INFO - sasl.login.class = null
[2024-05-21T16:04:37.690+0000] {spark_submit.py:571} INFO - sasl.login.connect.timeout.ms = null
[2024-05-21T16:04:37.690+0000] {spark_submit.py:571} INFO - sasl.login.read.timeout.ms = null
[2024-05-21T16:04:37.690+0000] {spark_submit.py:571} INFO - sasl.login.refresh.buffer.seconds = 300
[2024-05-21T16:04:37.690+0000] {spark_submit.py:571} INFO - sasl.login.refresh.min.period.seconds = 60
[2024-05-21T16:04:37.691+0000] {spark_submit.py:571} INFO - sasl.login.refresh.window.factor = 0.8
[2024-05-21T16:04:37.691+0000] {spark_submit.py:571} INFO - sasl.login.refresh.window.jitter = 0.05
[2024-05-21T16:04:37.691+0000] {spark_submit.py:571} INFO - sasl.login.retry.backoff.max.ms = 10000
[2024-05-21T16:04:37.692+0000] {spark_submit.py:571} INFO - sasl.login.retry.backoff.ms = 100
[2024-05-21T16:04:37.692+0000] {spark_submit.py:571} INFO - sasl.mechanism = GSSAPI
[2024-05-21T16:04:37.692+0000] {spark_submit.py:571} INFO - sasl.oauthbearer.clock.skew.seconds = 30
[2024-05-21T16:04:37.692+0000] {spark_submit.py:571} INFO - sasl.oauthbearer.expected.audience = null
[2024-05-21T16:04:37.692+0000] {spark_submit.py:571} INFO - sasl.oauthbearer.expected.issuer = null
[2024-05-21T16:04:37.693+0000] {spark_submit.py:571} INFO - sasl.oauthbearer.jwks.endpoint.refresh.ms = 3600000
[2024-05-21T16:04:37.693+0000] {spark_submit.py:571} INFO - sasl.oauthbearer.jwks.endpoint.retry.backoff.max.ms = 10000
[2024-05-21T16:04:37.693+0000] {spark_submit.py:571} INFO - sasl.oauthbearer.jwks.endpoint.retry.backoff.ms = 100
[2024-05-21T16:04:37.693+0000] {spark_submit.py:571} INFO - sasl.oauthbearer.jwks.endpoint.url = null
[2024-05-21T16:04:37.693+0000] {spark_submit.py:571} INFO - sasl.oauthbearer.scope.claim.name = scope
[2024-05-21T16:04:37.694+0000] {spark_submit.py:571} INFO - sasl.oauthbearer.sub.claim.name = sub
[2024-05-21T16:04:37.694+0000] {spark_submit.py:571} INFO - sasl.oauthbearer.token.endpoint.url = null
[2024-05-21T16:04:37.694+0000] {spark_submit.py:571} INFO - security.protocol = PLAINTEXT
[2024-05-21T16:04:37.694+0000] {spark_submit.py:571} INFO - security.providers = null
[2024-05-21T16:04:37.695+0000] {spark_submit.py:571} INFO - send.buffer.bytes = 131072
[2024-05-21T16:04:37.695+0000] {spark_submit.py:571} INFO - socket.connection.setup.timeout.max.ms = 30000
[2024-05-21T16:04:37.695+0000] {spark_submit.py:571} INFO - socket.connection.setup.timeout.ms = 10000
[2024-05-21T16:04:37.695+0000] {spark_submit.py:571} INFO - ssl.cipher.suites = null
[2024-05-21T16:04:37.696+0000] {spark_submit.py:571} INFO - ssl.enabled.protocols = [TLSv1.2, TLSv1.3]
[2024-05-21T16:04:37.696+0000] {spark_submit.py:571} INFO - ssl.endpoint.identification.algorithm = https
[2024-05-21T16:04:37.696+0000] {spark_submit.py:571} INFO - ssl.engine.factory.class = null
[2024-05-21T16:04:37.697+0000] {spark_submit.py:571} INFO - ssl.key.password = null
[2024-05-21T16:04:37.697+0000] {spark_submit.py:571} INFO - ssl.keymanager.algorithm = SunX509
[2024-05-21T16:04:37.697+0000] {spark_submit.py:571} INFO - ssl.keystore.certificate.chain = null
[2024-05-21T16:04:37.698+0000] {spark_submit.py:571} INFO - ssl.keystore.key = null
[2024-05-21T16:04:37.698+0000] {spark_submit.py:571} INFO - ssl.keystore.location = null
[2024-05-21T16:04:37.698+0000] {spark_submit.py:571} INFO - ssl.keystore.password = null
[2024-05-21T16:04:37.698+0000] {spark_submit.py:571} INFO - ssl.keystore.type = JKS
[2024-05-21T16:04:37.699+0000] {spark_submit.py:571} INFO - ssl.protocol = TLSv1.3
[2024-05-21T16:04:37.699+0000] {spark_submit.py:571} INFO - ssl.provider = null
[2024-05-21T16:04:37.699+0000] {spark_submit.py:571} INFO - ssl.secure.random.implementation = null
[2024-05-21T16:04:37.700+0000] {spark_submit.py:571} INFO - ssl.trustmanager.algorithm = PKIX
[2024-05-21T16:04:37.700+0000] {spark_submit.py:571} INFO - ssl.truststore.certificates = null
[2024-05-21T16:04:37.700+0000] {spark_submit.py:571} INFO - ssl.truststore.location = null
[2024-05-21T16:04:37.701+0000] {spark_submit.py:571} INFO - ssl.truststore.password = null
[2024-05-21T16:04:37.701+0000] {spark_submit.py:571} INFO - ssl.truststore.type = JKS
[2024-05-21T16:04:37.701+0000] {spark_submit.py:571} INFO - 
[2024-05-21T16:04:37.723+0000] {spark_submit.py:571} INFO - 24/05/21 16:04:37 WARN AdminClientConfig: These configurations '[key.deserializer, value.deserializer, enable.auto.commit, max.poll.records, auto.offset.reset]' were supplied but are not used yet.
[2024-05-21T16:04:37.724+0000] {spark_submit.py:571} INFO - 24/05/21 16:04:37 INFO AppInfoParser: Kafka version: 3.4.1
[2024-05-21T16:04:37.724+0000] {spark_submit.py:571} INFO - 24/05/21 16:04:37 INFO AppInfoParser: Kafka commitId: 8a516edc2755df89
[2024-05-21T16:04:37.725+0000] {spark_submit.py:571} INFO - 24/05/21 16:04:37 INFO AppInfoParser: Kafka startTimeMs: 1716307477723
[2024-05-21T16:04:37.773+0000] {spark_submit.py:571} INFO - Callback Server Starting
[2024-05-21T16:04:37.773+0000] {spark_submit.py:571} INFO - Socket listening on ('127.0.0.1', 38419)
[2024-05-21T16:04:37.777+0000] {spark_submit.py:571} INFO - 24/05/21 16:04:37 WARN ResolveWriteToStream: Temporary checkpoint location created which is deleted normally when the query didn't fail: /tmp/temporary-de62786f-918b-4965-a438-15f590ae13a0. If it's required to delete it under any circumstances, please set spark.sql.streaming.forceDeleteTempCheckpointLocation to true. Important to know deleting temp checkpoint folder is best effort.
[2024-05-21T16:04:37.777+0000] {spark_submit.py:571} INFO - 24/05/21 16:04:37 INFO ResolveWriteToStream: Checkpoint root file:///tmp/temporary-de62786f-918b-4965-a438-15f590ae13a0 resolved to file:/tmp/temporary-de62786f-918b-4965-a438-15f590ae13a0.
[2024-05-21T16:04:37.777+0000] {spark_submit.py:571} INFO - 24/05/21 16:04:37 WARN ResolveWriteToStream: spark.sql.adaptive.enabled is not supported in streaming DataFrames/Datasets and will be disabled.
[2024-05-21T16:04:37.787+0000] {spark_submit.py:571} INFO - 24/05/21 16:04:37 INFO CheckpointFileManager: Writing atomically to file:/tmp/temporary-de62786f-918b-4965-a438-15f590ae13a0/metadata using temp file file:/tmp/temporary-de62786f-918b-4965-a438-15f590ae13a0/.metadata.6bc052aa-2793-47a4-8c39-9e7f35b0c1e2.tmp
[2024-05-21T16:04:37.803+0000] {spark_submit.py:571} INFO - 24/05/21 16:04:37 INFO CheckpointFileManager: Renamed temp file file:/tmp/temporary-de62786f-918b-4965-a438-15f590ae13a0/.metadata.6bc052aa-2793-47a4-8c39-9e7f35b0c1e2.tmp to file:/tmp/temporary-de62786f-918b-4965-a438-15f590ae13a0/metadata
[2024-05-21T16:04:37.810+0000] {spark_submit.py:571} INFO - 24/05/21 16:04:37 INFO MicroBatchExecution: Starting [id = cb1642bc-6d7a-4f9a-b559-8bead8eceabb, runId = 32cde6c6-4420-43ed-8c12-41b93482e138]. Use file:/tmp/temporary-de62786f-918b-4965-a438-15f590ae13a0 to store the query checkpoint.
[2024-05-21T16:04:37.811+0000] {spark_submit.py:571} INFO - 24/05/21 16:04:37 INFO MicroBatchExecution: Reading table [org.apache.spark.sql.kafka010.KafkaSourceProvider$KafkaTable@182c07b0] from DataSourceV2 named 'kafka' [org.apache.spark.sql.kafka010.KafkaSourceProvider@61b438e4]
[2024-05-21T16:04:37.812+0000] {spark_submit.py:571} INFO - Closing down clientserver connection
[2024-05-21T16:04:37.813+0000] {spark_submit.py:571} INFO - 24/05/21 16:04:37 INFO OffsetSeqLog: BatchIds found from listing:
[2024-05-21T16:04:37.814+0000] {spark_submit.py:571} INFO - 24/05/21 16:04:37 INFO OffsetSeqLog: BatchIds found from listing:
[2024-05-21T16:04:37.814+0000] {spark_submit.py:571} INFO - 24/05/21 16:04:37 INFO MicroBatchExecution: Starting new streaming query.
[2024-05-21T16:04:37.814+0000] {spark_submit.py:571} INFO - 24/05/21 16:04:37 INFO MicroBatchExecution: Stream started from {}
[2024-05-21T16:04:37.820+0000] {spark_submit.py:571} INFO - 24/05/21 16:04:37 INFO AdminClientConfig: AdminClientConfig values:
[2024-05-21T16:04:37.821+0000] {spark_submit.py:571} INFO - auto.include.jmx.reporter = true
[2024-05-21T16:04:37.821+0000] {spark_submit.py:571} INFO - bootstrap.servers = [kafka:9092]
[2024-05-21T16:04:37.822+0000] {spark_submit.py:571} INFO - client.dns.lookup = use_all_dns_ips
[2024-05-21T16:04:37.822+0000] {spark_submit.py:571} INFO - client.id =
[2024-05-21T16:04:37.822+0000] {spark_submit.py:571} INFO - connections.max.idle.ms = 300000
[2024-05-21T16:04:37.822+0000] {spark_submit.py:571} INFO - default.api.timeout.ms = 60000
[2024-05-21T16:04:37.823+0000] {spark_submit.py:571} INFO - metadata.max.age.ms = 300000
[2024-05-21T16:04:37.823+0000] {spark_submit.py:571} INFO - metric.reporters = []
[2024-05-21T16:04:37.823+0000] {spark_submit.py:571} INFO - metrics.num.samples = 2
[2024-05-21T16:04:37.824+0000] {spark_submit.py:571} INFO - metrics.recording.level = INFO
[2024-05-21T16:04:37.824+0000] {spark_submit.py:571} INFO - metrics.sample.window.ms = 30000
[2024-05-21T16:04:37.824+0000] {spark_submit.py:571} INFO - receive.buffer.bytes = 65536
[2024-05-21T16:04:37.825+0000] {spark_submit.py:571} INFO - reconnect.backoff.max.ms = 1000
[2024-05-21T16:04:37.825+0000] {spark_submit.py:571} INFO - reconnect.backoff.ms = 50
[2024-05-21T16:04:37.825+0000] {spark_submit.py:571} INFO - request.timeout.ms = 30000
[2024-05-21T16:04:37.825+0000] {spark_submit.py:571} INFO - retries = 2147483647
[2024-05-21T16:04:37.826+0000] {spark_submit.py:571} INFO - retry.backoff.ms = 100
[2024-05-21T16:04:37.826+0000] {spark_submit.py:571} INFO - sasl.client.callback.handler.class = null
[2024-05-21T16:04:37.826+0000] {spark_submit.py:571} INFO - sasl.jaas.config = null
[2024-05-21T16:04:37.826+0000] {spark_submit.py:571} INFO - sasl.kerberos.kinit.cmd = /usr/bin/kinit
[2024-05-21T16:04:37.827+0000] {spark_submit.py:571} INFO - sasl.kerberos.min.time.before.relogin = 60000
[2024-05-21T16:04:37.827+0000] {spark_submit.py:571} INFO - sasl.kerberos.service.name = null
[2024-05-21T16:04:37.827+0000] {spark_submit.py:571} INFO - sasl.kerberos.ticket.renew.jitter = 0.05
[2024-05-21T16:04:37.827+0000] {spark_submit.py:571} INFO - sasl.kerberos.ticket.renew.window.factor = 0.8
[2024-05-21T16:04:37.827+0000] {spark_submit.py:571} INFO - sasl.login.callback.handler.class = null
[2024-05-21T16:04:37.828+0000] {spark_submit.py:571} INFO - sasl.login.class = null
[2024-05-21T16:04:37.828+0000] {spark_submit.py:571} INFO - sasl.login.connect.timeout.ms = null
[2024-05-21T16:04:37.828+0000] {spark_submit.py:571} INFO - sasl.login.read.timeout.ms = null
[2024-05-21T16:04:37.828+0000] {spark_submit.py:571} INFO - sasl.login.refresh.buffer.seconds = 300
[2024-05-21T16:04:37.828+0000] {spark_submit.py:571} INFO - sasl.login.refresh.min.period.seconds = 60
[2024-05-21T16:04:37.829+0000] {spark_submit.py:571} INFO - sasl.login.refresh.window.factor = 0.8
[2024-05-21T16:04:37.829+0000] {spark_submit.py:571} INFO - sasl.login.refresh.window.jitter = 0.05
[2024-05-21T16:04:37.829+0000] {spark_submit.py:571} INFO - sasl.login.retry.backoff.max.ms = 10000
[2024-05-21T16:04:37.829+0000] {spark_submit.py:571} INFO - sasl.login.retry.backoff.ms = 100
[2024-05-21T16:04:37.829+0000] {spark_submit.py:571} INFO - sasl.mechanism = GSSAPI
[2024-05-21T16:04:37.830+0000] {spark_submit.py:571} INFO - sasl.oauthbearer.clock.skew.seconds = 30
[2024-05-21T16:04:37.830+0000] {spark_submit.py:571} INFO - sasl.oauthbearer.expected.audience = null
[2024-05-21T16:04:37.830+0000] {spark_submit.py:571} INFO - sasl.oauthbearer.expected.issuer = null
[2024-05-21T16:04:37.830+0000] {spark_submit.py:571} INFO - sasl.oauthbearer.jwks.endpoint.refresh.ms = 3600000
[2024-05-21T16:04:37.830+0000] {spark_submit.py:571} INFO - sasl.oauthbearer.jwks.endpoint.retry.backoff.max.ms = 10000
[2024-05-21T16:04:37.831+0000] {spark_submit.py:571} INFO - sasl.oauthbearer.jwks.endpoint.retry.backoff.ms = 100
[2024-05-21T16:04:37.831+0000] {spark_submit.py:571} INFO - sasl.oauthbearer.jwks.endpoint.url = null
[2024-05-21T16:04:37.831+0000] {spark_submit.py:571} INFO - sasl.oauthbearer.scope.claim.name = scope
[2024-05-21T16:04:37.831+0000] {spark_submit.py:571} INFO - sasl.oauthbearer.sub.claim.name = sub
[2024-05-21T16:04:37.832+0000] {spark_submit.py:571} INFO - sasl.oauthbearer.token.endpoint.url = null
[2024-05-21T16:04:37.832+0000] {spark_submit.py:571} INFO - security.protocol = PLAINTEXT
[2024-05-21T16:04:37.832+0000] {spark_submit.py:571} INFO - security.providers = null
[2024-05-21T16:04:37.832+0000] {spark_submit.py:571} INFO - send.buffer.bytes = 131072
[2024-05-21T16:04:37.832+0000] {spark_submit.py:571} INFO - socket.connection.setup.timeout.max.ms = 30000
[2024-05-21T16:04:37.833+0000] {spark_submit.py:571} INFO - socket.connection.setup.timeout.ms = 10000
[2024-05-21T16:04:37.833+0000] {spark_submit.py:571} INFO - ssl.cipher.suites = null
[2024-05-21T16:04:37.833+0000] {spark_submit.py:571} INFO - ssl.enabled.protocols = [TLSv1.2, TLSv1.3]
[2024-05-21T16:04:37.833+0000] {spark_submit.py:571} INFO - ssl.endpoint.identification.algorithm = https
[2024-05-21T16:04:37.834+0000] {spark_submit.py:571} INFO - ssl.engine.factory.class = null
[2024-05-21T16:04:37.834+0000] {spark_submit.py:571} INFO - ssl.key.password = null
[2024-05-21T16:04:37.834+0000] {spark_submit.py:571} INFO - ssl.keymanager.algorithm = SunX509
[2024-05-21T16:04:37.834+0000] {spark_submit.py:571} INFO - ssl.keystore.certificate.chain = null
[2024-05-21T16:04:37.834+0000] {spark_submit.py:571} INFO - ssl.keystore.key = null
[2024-05-21T16:04:37.835+0000] {spark_submit.py:571} INFO - ssl.keystore.location = null
[2024-05-21T16:04:37.835+0000] {spark_submit.py:571} INFO - ssl.keystore.password = null
[2024-05-21T16:04:37.835+0000] {spark_submit.py:571} INFO - ssl.keystore.type = JKS
[2024-05-21T16:04:37.835+0000] {spark_submit.py:571} INFO - ssl.protocol = TLSv1.3
[2024-05-21T16:04:37.835+0000] {spark_submit.py:571} INFO - ssl.provider = null
[2024-05-21T16:04:37.835+0000] {spark_submit.py:571} INFO - ssl.secure.random.implementation = null
[2024-05-21T16:04:37.836+0000] {spark_submit.py:571} INFO - ssl.trustmanager.algorithm = PKIX
[2024-05-21T16:04:37.836+0000] {spark_submit.py:571} INFO - ssl.truststore.certificates = null
[2024-05-21T16:04:37.836+0000] {spark_submit.py:571} INFO - ssl.truststore.location = null
[2024-05-21T16:04:37.836+0000] {spark_submit.py:571} INFO - ssl.truststore.password = null
[2024-05-21T16:04:37.837+0000] {spark_submit.py:571} INFO - ssl.truststore.type = JKS
[2024-05-21T16:04:37.837+0000] {spark_submit.py:571} INFO - 
[2024-05-21T16:04:37.837+0000] {spark_submit.py:571} INFO - 24/05/21 16:04:37 WARN AdminClientConfig: These configurations '[key.deserializer, value.deserializer, enable.auto.commit, max.poll.records, auto.offset.reset]' were supplied but are not used yet.
[2024-05-21T16:04:37.837+0000] {spark_submit.py:571} INFO - 24/05/21 16:04:37 INFO AppInfoParser: Kafka version: 3.4.1
[2024-05-21T16:04:37.837+0000] {spark_submit.py:571} INFO - 24/05/21 16:04:37 INFO AppInfoParser: Kafka commitId: 8a516edc2755df89
[2024-05-21T16:04:37.837+0000] {spark_submit.py:571} INFO - 24/05/21 16:04:37 INFO AppInfoParser: Kafka startTimeMs: 1716307477824
[2024-05-21T16:04:37.852+0000] {spark_submit.py:571} INFO - 24/05/21 16:04:37 INFO SparkContext: Invoking stop() from shutdown hook
[2024-05-21T16:04:37.852+0000] {spark_submit.py:571} INFO - 24/05/21 16:04:37 INFO SparkContext: SparkContext is stopping with exitCode 0.
[2024-05-21T16:04:37.859+0000] {spark_submit.py:571} INFO - 24/05/21 16:04:37 INFO SparkUI: Stopped Spark web UI at http://05882356329d:4040
[2024-05-21T16:04:37.861+0000] {spark_submit.py:571} INFO - 24/05/21 16:04:37 INFO StandaloneSchedulerBackend: Shutting down all executors
[2024-05-21T16:04:37.861+0000] {spark_submit.py:571} INFO - 24/05/21 16:04:37 INFO StandaloneSchedulerBackend$StandaloneDriverEndpoint: Asking each executor to shut down
[2024-05-21T16:04:37.874+0000] {spark_submit.py:571} INFO - 24/05/21 16:04:37 INFO MapOutputTrackerMasterEndpoint: MapOutputTrackerMasterEndpoint stopped!
[2024-05-21T16:04:37.884+0000] {spark_submit.py:571} INFO - 24/05/21 16:04:37 INFO MemoryStore: MemoryStore cleared
[2024-05-21T16:04:37.885+0000] {spark_submit.py:571} INFO - 24/05/21 16:04:37 INFO BlockManager: BlockManager stopped
[2024-05-21T16:04:37.889+0000] {spark_submit.py:571} INFO - 24/05/21 16:04:37 INFO BlockManagerMaster: BlockManagerMaster stopped
[2024-05-21T16:04:37.890+0000] {spark_submit.py:571} INFO - 24/05/21 16:04:37 INFO OutputCommitCoordinator$OutputCommitCoordinatorEndpoint: OutputCommitCoordinator stopped!
[2024-05-21T16:04:37.895+0000] {spark_submit.py:571} INFO - 24/05/21 16:04:37 ERROR TransportRequestHandler: Error sending result StreamResponse[streamId=/jars/org.apache.hadoop_hadoop-client-runtime-3.3.4.jar,byteCount=30085504,body=FileSegmentManagedBuffer[file=/home/***/.ivy2/jars/org.apache.hadoop_hadoop-client-runtime-3.3.4.jar,offset=0,length=30085504]] to /172.20.0.9:58694; closing connection
[2024-05-21T16:04:37.895+0000] {spark_submit.py:571} INFO - io.netty.channel.StacklessClosedChannelException
[2024-05-21T16:04:37.896+0000] {spark_submit.py:571} INFO - at io.netty.channel.AbstractChannel.close(ChannelPromise)(Unknown Source)
[2024-05-21T16:04:37.903+0000] {spark_submit.py:571} INFO - 24/05/21 16:04:37 INFO SparkContext: Successfully stopped SparkContext
[2024-05-21T16:04:37.903+0000] {spark_submit.py:571} INFO - 24/05/21 16:04:37 INFO ShutdownHookManager: Shutdown hook called
[2024-05-21T16:04:37.904+0000] {spark_submit.py:571} INFO - 24/05/21 16:04:37 INFO ShutdownHookManager: Deleting directory /tmp/temporary-de62786f-918b-4965-a438-15f590ae13a0
[2024-05-21T16:04:37.906+0000] {spark_submit.py:571} INFO - 24/05/21 16:04:37 INFO ShutdownHookManager: Deleting directory /tmp/spark-330d13a7-6c8c-4adf-a047-4c32fbfdc699
[2024-05-21T16:04:37.908+0000] {spark_submit.py:571} INFO - 24/05/21 16:04:37 INFO ShutdownHookManager: Deleting directory /tmp/spark-bd27b41d-4521-4a63-a25a-92257b5625da
[2024-05-21T16:04:37.910+0000] {spark_submit.py:571} INFO - 24/05/21 16:04:37 INFO ShutdownHookManager: Deleting directory /tmp/spark-330d13a7-6c8c-4adf-a047-4c32fbfdc699/pyspark-a95c4698-ed7f-473d-98b3-825c16d80acc
[2024-05-21T16:04:37.911+0000] {spark_submit.py:571} INFO - 24/05/21 16:04:37 INFO ShutdownHookManager: Deleting directory /tmp/temporary-fb1abe2b-6b4b-4c90-a590-19b27f6c1e75
[2024-05-21T16:04:37.942+0000] {taskinstance.py:441} INFO - ::group::Post task execution logs
[2024-05-21T16:04:37.948+0000] {taskinstance.py:1205} INFO - Marking task as SUCCESS. dag_id=idealista-pipeline, task_id=spark_submit, execution_date=20240521T160429, start_date=20240521T160433, end_date=20240521T160437
[2024-05-21T16:04:37.983+0000] {local_task_job_runner.py:240} INFO - Task exited with return code 0
[2024-05-21T16:04:37.997+0000] {taskinstance.py:3482} INFO - 1 downstream tasks scheduled from follow-on schedule check
[2024-05-21T16:04:37.999+0000] {local_task_job_runner.py:222} INFO - ::endgroup::
