[2024-05-21T16:09:27.672+0000] {local_task_job_runner.py:120} INFO - ::group::Pre task execution logs
[2024-05-21T16:09:27.688+0000] {taskinstance.py:2073} INFO - Dependencies all met for dep_context=non-requeueable deps ti=<TaskInstance: idealista-pipeline.spark_submit manual__2024-05-21T16:04:29.980796+00:00 [queued]>
[2024-05-21T16:09:27.695+0000] {taskinstance.py:2073} INFO - Dependencies all met for dep_context=requeueable deps ti=<TaskInstance: idealista-pipeline.spark_submit manual__2024-05-21T16:04:29.980796+00:00 [queued]>
[2024-05-21T16:09:27.695+0000] {taskinstance.py:2303} INFO - Starting attempt 3 of 3
[2024-05-21T16:09:27.711+0000] {taskinstance.py:2327} INFO - Executing <Task(SparkSubmitOperator): spark_submit> on 2024-05-21 16:04:29.980796+00:00
[2024-05-21T16:09:27.715+0000] {warnings.py:110} WARNING - /home/***/.local/lib/python3.12/site-packages/***/task/task_runner/standard_task_runner.py:61: DeprecationWarning: This process (pid=2252) is multi-threaded, use of fork() may lead to deadlocks in the child.
  pid = os.fork()

[2024-05-21T16:09:27.716+0000] {standard_task_runner.py:63} INFO - Started process 2253 to run task
[2024-05-21T16:09:27.715+0000] {standard_task_runner.py:90} INFO - Running: ['***', 'tasks', 'run', 'idealista-pipeline', 'spark_submit', 'manual__2024-05-21T16:04:29.980796+00:00', '--job-id', '312', '--raw', '--subdir', 'DAGS_FOLDER/idealista_dag.py', '--cfg-path', '/tmp/tmp_6tql8ju']
[2024-05-21T16:09:27.717+0000] {standard_task_runner.py:91} INFO - Job 312: Subtask spark_submit
[2024-05-21T16:09:27.741+0000] {task_command.py:426} INFO - Running <TaskInstance: idealista-pipeline.spark_submit manual__2024-05-21T16:04:29.980796+00:00 [running]> on host 05882356329d
[2024-05-21T16:09:27.787+0000] {taskinstance.py:2644} INFO - Exporting env vars: AIRFLOW_CTX_DAG_OWNER='shv' AIRFLOW_CTX_DAG_ID='idealista-pipeline' AIRFLOW_CTX_TASK_ID='spark_submit' AIRFLOW_CTX_EXECUTION_DATE='2024-05-21T16:04:29.980796+00:00' AIRFLOW_CTX_TRY_NUMBER='3' AIRFLOW_CTX_DAG_RUN_ID='manual__2024-05-21T16:04:29.980796+00:00'
[2024-05-21T16:09:27.787+0000] {taskinstance.py:430} INFO - ::endgroup::
[2024-05-21T16:09:27.800+0000] {base.py:84} INFO - Using connection ID 'spark_default' for task execution.
[2024-05-21T16:09:27.801+0000] {spark_submit.py:401} INFO - Spark-Submit cmd: spark-submit --master spark://spark-master:7077 --packages org.apache.spark:spark-sql-kafka-0-10_2.12:3.5.0,com.datastax.spark:spark-cassandra-connector_2.12:3.5.0 --name arrow-spark --queue default /usr/local/spark/app/spark_main.py
[2024-05-21T16:09:27.824+0000] {spark_submit.py:571} INFO - /home/***/.local/lib/python3.12/site-packages/pyspark/bin/load-spark-env.sh: line 68: ps: command not found
[2024-05-21T16:09:28.686+0000] {spark_submit.py:571} INFO - :: loading settings :: url = jar:file:/home/***/.local/lib/python3.12/site-packages/pyspark/jars/ivy-2.5.1.jar!/org/apache/ivy/core/settings/ivysettings.xml
[2024-05-21T16:09:28.725+0000] {spark_submit.py:571} INFO - Ivy Default Cache set to: /home/***/.ivy2/cache
[2024-05-21T16:09:28.725+0000] {spark_submit.py:571} INFO - The jars for the packages stored in: /home/***/.ivy2/jars
[2024-05-21T16:09:28.728+0000] {spark_submit.py:571} INFO - org.apache.spark#spark-sql-kafka-0-10_2.12 added as a dependency
[2024-05-21T16:09:28.729+0000] {spark_submit.py:571} INFO - com.datastax.spark#spark-cassandra-connector_2.12 added as a dependency
[2024-05-21T16:09:28.729+0000] {spark_submit.py:571} INFO - :: resolving dependencies :: org.apache.spark#spark-submit-parent-e3eaace9-882c-48a4-b065-8e3a3482d59f;1.0
[2024-05-21T16:09:28.729+0000] {spark_submit.py:571} INFO - confs: [default]
[2024-05-21T16:09:28.821+0000] {spark_submit.py:571} INFO - found org.apache.spark#spark-sql-kafka-0-10_2.12;3.5.0 in central
[2024-05-21T16:09:28.846+0000] {spark_submit.py:571} INFO - found org.apache.spark#spark-token-provider-kafka-0-10_2.12;3.5.0 in central
[2024-05-21T16:09:28.860+0000] {spark_submit.py:571} INFO - found org.apache.kafka#kafka-clients;3.4.1 in central
[2024-05-21T16:09:28.872+0000] {spark_submit.py:571} INFO - found org.lz4#lz4-java;1.8.0 in central
[2024-05-21T16:09:28.882+0000] {spark_submit.py:571} INFO - found org.xerial.snappy#snappy-java;1.1.10.3 in central
[2024-05-21T16:09:28.890+0000] {spark_submit.py:571} INFO - found org.slf4j#slf4j-api;2.0.7 in central
[2024-05-21T16:09:28.902+0000] {spark_submit.py:571} INFO - found org.apache.hadoop#hadoop-client-runtime;3.3.4 in central
[2024-05-21T16:09:28.913+0000] {spark_submit.py:571} INFO - found org.apache.hadoop#hadoop-client-api;3.3.4 in central
[2024-05-21T16:09:28.945+0000] {spark_submit.py:571} INFO - found commons-logging#commons-logging;1.1.3 in central
[2024-05-21T16:09:28.954+0000] {spark_submit.py:571} INFO - found com.google.code.findbugs#jsr305;3.0.0 in central
[2024-05-21T16:09:28.961+0000] {spark_submit.py:571} INFO - found org.apache.commons#commons-pool2;2.11.1 in central
[2024-05-21T16:09:28.968+0000] {spark_submit.py:571} INFO - found com.datastax.spark#spark-cassandra-connector_2.12;3.5.0 in central
[2024-05-21T16:09:28.978+0000] {spark_submit.py:571} INFO - found com.datastax.spark#spark-cassandra-connector-driver_2.12;3.5.0 in central
[2024-05-21T16:09:28.985+0000] {spark_submit.py:571} INFO - found org.scala-lang.modules#scala-collection-compat_2.12;2.11.0 in central
[2024-05-21T16:09:28.994+0000] {spark_submit.py:571} INFO - found com.datastax.oss#java-driver-core-shaded;4.13.0 in central
[2024-05-21T16:09:29.000+0000] {spark_submit.py:571} INFO - found com.datastax.oss#native-protocol;1.5.0 in central
[2024-05-21T16:09:29.010+0000] {spark_submit.py:571} INFO - found com.datastax.oss#java-driver-shaded-guava;25.1-jre-graal-sub-1 in central
[2024-05-21T16:09:29.016+0000] {spark_submit.py:571} INFO - found com.typesafe#config;1.4.1 in central
[2024-05-21T16:09:29.031+0000] {spark_submit.py:571} INFO - found io.dropwizard.metrics#metrics-core;4.1.18 in central
[2024-05-21T16:09:29.044+0000] {spark_submit.py:571} INFO - found org.hdrhistogram#HdrHistogram;2.1.12 in central
[2024-05-21T16:09:29.050+0000] {spark_submit.py:571} INFO - found org.reactivestreams#reactive-streams;1.0.3 in central
[2024-05-21T16:09:29.055+0000] {spark_submit.py:571} INFO - found com.github.stephenc.jcip#jcip-annotations;1.0-1 in central
[2024-05-21T16:09:29.060+0000] {spark_submit.py:571} INFO - found com.github.spotbugs#spotbugs-annotations;3.1.12 in central
[2024-05-21T16:09:29.065+0000] {spark_submit.py:571} INFO - found com.google.code.findbugs#jsr305;3.0.2 in central
[2024-05-21T16:09:29.071+0000] {spark_submit.py:571} INFO - found com.datastax.oss#java-driver-mapper-runtime;4.13.0 in central
[2024-05-21T16:09:29.078+0000] {spark_submit.py:571} INFO - found com.datastax.oss#java-driver-query-builder;4.13.0 in central
[2024-05-21T16:09:29.087+0000] {spark_submit.py:571} INFO - found org.apache.commons#commons-lang3;3.10 in central
[2024-05-21T16:09:29.092+0000] {spark_submit.py:571} INFO - found com.thoughtworks.paranamer#paranamer;2.8 in central
[2024-05-21T16:09:29.099+0000] {spark_submit.py:571} INFO - found org.scala-lang#scala-reflect;2.12.11 in central
[2024-05-21T16:09:29.121+0000] {spark_submit.py:571} INFO - :: resolution report :: resolve 382ms :: artifacts dl 10ms
[2024-05-21T16:09:29.122+0000] {spark_submit.py:571} INFO - :: modules in use:
[2024-05-21T16:09:29.122+0000] {spark_submit.py:571} INFO - com.datastax.oss#java-driver-core-shaded;4.13.0 from central in [default]
[2024-05-21T16:09:29.122+0000] {spark_submit.py:571} INFO - com.datastax.oss#java-driver-mapper-runtime;4.13.0 from central in [default]
[2024-05-21T16:09:29.123+0000] {spark_submit.py:571} INFO - com.datastax.oss#java-driver-query-builder;4.13.0 from central in [default]
[2024-05-21T16:09:29.123+0000] {spark_submit.py:571} INFO - com.datastax.oss#java-driver-shaded-guava;25.1-jre-graal-sub-1 from central in [default]
[2024-05-21T16:09:29.123+0000] {spark_submit.py:571} INFO - com.datastax.oss#native-protocol;1.5.0 from central in [default]
[2024-05-21T16:09:29.123+0000] {spark_submit.py:571} INFO - com.datastax.spark#spark-cassandra-connector-driver_2.12;3.5.0 from central in [default]
[2024-05-21T16:09:29.124+0000] {spark_submit.py:571} INFO - com.datastax.spark#spark-cassandra-connector_2.12;3.5.0 from central in [default]
[2024-05-21T16:09:29.124+0000] {spark_submit.py:571} INFO - com.github.spotbugs#spotbugs-annotations;3.1.12 from central in [default]
[2024-05-21T16:09:29.124+0000] {spark_submit.py:571} INFO - com.github.stephenc.jcip#jcip-annotations;1.0-1 from central in [default]
[2024-05-21T16:09:29.125+0000] {spark_submit.py:571} INFO - com.google.code.findbugs#jsr305;3.0.2 from central in [default]
[2024-05-21T16:09:29.125+0000] {spark_submit.py:571} INFO - com.thoughtworks.paranamer#paranamer;2.8 from central in [default]
[2024-05-21T16:09:29.126+0000] {spark_submit.py:571} INFO - com.typesafe#config;1.4.1 from central in [default]
[2024-05-21T16:09:29.126+0000] {spark_submit.py:571} INFO - commons-logging#commons-logging;1.1.3 from central in [default]
[2024-05-21T16:09:29.126+0000] {spark_submit.py:571} INFO - io.dropwizard.metrics#metrics-core;4.1.18 from central in [default]
[2024-05-21T16:09:29.127+0000] {spark_submit.py:571} INFO - org.apache.commons#commons-lang3;3.10 from central in [default]
[2024-05-21T16:09:29.127+0000] {spark_submit.py:571} INFO - org.apache.commons#commons-pool2;2.11.1 from central in [default]
[2024-05-21T16:09:29.128+0000] {spark_submit.py:571} INFO - org.apache.hadoop#hadoop-client-api;3.3.4 from central in [default]
[2024-05-21T16:09:29.128+0000] {spark_submit.py:571} INFO - org.apache.hadoop#hadoop-client-runtime;3.3.4 from central in [default]
[2024-05-21T16:09:29.128+0000] {spark_submit.py:571} INFO - org.apache.kafka#kafka-clients;3.4.1 from central in [default]
[2024-05-21T16:09:29.128+0000] {spark_submit.py:571} INFO - org.apache.spark#spark-sql-kafka-0-10_2.12;3.5.0 from central in [default]
[2024-05-21T16:09:29.129+0000] {spark_submit.py:571} INFO - org.apache.spark#spark-token-provider-kafka-0-10_2.12;3.5.0 from central in [default]
[2024-05-21T16:09:29.129+0000] {spark_submit.py:571} INFO - org.hdrhistogram#HdrHistogram;2.1.12 from central in [default]
[2024-05-21T16:09:29.129+0000] {spark_submit.py:571} INFO - org.lz4#lz4-java;1.8.0 from central in [default]
[2024-05-21T16:09:29.129+0000] {spark_submit.py:571} INFO - org.reactivestreams#reactive-streams;1.0.3 from central in [default]
[2024-05-21T16:09:29.130+0000] {spark_submit.py:571} INFO - org.scala-lang#scala-reflect;2.12.11 from central in [default]
[2024-05-21T16:09:29.130+0000] {spark_submit.py:571} INFO - org.scala-lang.modules#scala-collection-compat_2.12;2.11.0 from central in [default]
[2024-05-21T16:09:29.130+0000] {spark_submit.py:571} INFO - org.slf4j#slf4j-api;2.0.7 from central in [default]
[2024-05-21T16:09:29.131+0000] {spark_submit.py:571} INFO - org.xerial.snappy#snappy-java;1.1.10.3 from central in [default]
[2024-05-21T16:09:29.131+0000] {spark_submit.py:571} INFO - :: evicted modules:
[2024-05-21T16:09:29.131+0000] {spark_submit.py:571} INFO - com.google.code.findbugs#jsr305;3.0.0 by [com.google.code.findbugs#jsr305;3.0.2] in [default]
[2024-05-21T16:09:29.132+0000] {spark_submit.py:571} INFO - org.slf4j#slf4j-api;1.7.26 by [org.slf4j#slf4j-api;2.0.7] in [default]
[2024-05-21T16:09:29.132+0000] {spark_submit.py:571} INFO - ---------------------------------------------------------------------
[2024-05-21T16:09:29.132+0000] {spark_submit.py:571} INFO - |                  |            modules            ||   artifacts   |
[2024-05-21T16:09:29.133+0000] {spark_submit.py:571} INFO - |       conf       | number| search|dwnlded|evicted|| number|dwnlded|
[2024-05-21T16:09:29.133+0000] {spark_submit.py:571} INFO - ---------------------------------------------------------------------
[2024-05-21T16:09:29.133+0000] {spark_submit.py:571} INFO - |      default     |   30  |   0   |   0   |   2   ||   28  |   0   |
[2024-05-21T16:09:29.134+0000] {spark_submit.py:571} INFO - ---------------------------------------------------------------------
[2024-05-21T16:09:29.134+0000] {spark_submit.py:571} INFO - :: retrieving :: org.apache.spark#spark-submit-parent-e3eaace9-882c-48a4-b065-8e3a3482d59f
[2024-05-21T16:09:29.135+0000] {spark_submit.py:571} INFO - confs: [default]
[2024-05-21T16:09:29.139+0000] {spark_submit.py:571} INFO - 0 artifacts copied, 28 already retrieved (0kB/7ms)
[2024-05-21T16:09:29.247+0000] {spark_submit.py:571} INFO - 24/05/21 16:09:29 WARN NativeCodeLoader: Unable to load native-hadoop library for your platform... using builtin-java classes where applicable
[2024-05-21T16:09:30.202+0000] {spark_submit.py:571} INFO - **** START SPARK JOB ****
[2024-05-21T16:09:30.255+0000] {spark_submit.py:571} INFO - 24/05/21 16:09:30 INFO SparkContext: Running Spark version 3.5.0
[2024-05-21T16:09:30.256+0000] {spark_submit.py:571} INFO - 24/05/21 16:09:30 INFO SparkContext: OS info Linux, 5.15.146.1-microsoft-standard-WSL2, amd64
[2024-05-21T16:09:30.257+0000] {spark_submit.py:571} INFO - 24/05/21 16:09:30 INFO SparkContext: Java version 17.0.11
[2024-05-21T16:09:30.268+0000] {spark_submit.py:571} INFO - 24/05/21 16:09:30 INFO ResourceUtils: ==============================================================
[2024-05-21T16:09:30.269+0000] {spark_submit.py:571} INFO - 24/05/21 16:09:30 INFO ResourceUtils: No custom resources configured for spark.driver.
[2024-05-21T16:09:30.269+0000] {spark_submit.py:571} INFO - 24/05/21 16:09:30 INFO ResourceUtils: ==============================================================
[2024-05-21T16:09:30.269+0000] {spark_submit.py:571} INFO - 24/05/21 16:09:30 INFO SparkContext: Submitted application: KafkaToCassandraProcessing
[2024-05-21T16:09:30.279+0000] {spark_submit.py:571} INFO - 24/05/21 16:09:30 INFO ResourceProfile: Default ResourceProfile created, executor resources: Map(memory -> name: memory, amount: 1024, script: , vendor: , offHeap -> name: offHeap, amount: 0, script: , vendor: ), task resources: Map(cpus -> name: cpus, amount: 1.0)
[2024-05-21T16:09:30.284+0000] {spark_submit.py:571} INFO - 24/05/21 16:09:30 INFO ResourceProfile: Limiting resource is cpu
[2024-05-21T16:09:30.284+0000] {spark_submit.py:571} INFO - 24/05/21 16:09:30 INFO ResourceProfileManager: Added ResourceProfile id: 0
[2024-05-21T16:09:30.307+0000] {spark_submit.py:571} INFO - 24/05/21 16:09:30 INFO SecurityManager: Changing view acls to: ***
[2024-05-21T16:09:30.307+0000] {spark_submit.py:571} INFO - 24/05/21 16:09:30 INFO SecurityManager: Changing modify acls to: ***
[2024-05-21T16:09:30.308+0000] {spark_submit.py:571} INFO - 24/05/21 16:09:30 INFO SecurityManager: Changing view acls groups to:
[2024-05-21T16:09:30.308+0000] {spark_submit.py:571} INFO - 24/05/21 16:09:30 INFO SecurityManager: Changing modify acls groups to:
[2024-05-21T16:09:30.309+0000] {spark_submit.py:571} INFO - 24/05/21 16:09:30 INFO SecurityManager: SecurityManager: authentication disabled; ui acls disabled; users with view permissions: ***; groups with view permissions: EMPTY; users with modify permissions: ***; groups with modify permissions: EMPTY
[2024-05-21T16:09:30.422+0000] {spark_submit.py:571} INFO - 24/05/21 16:09:30 INFO Utils: Successfully started service 'sparkDriver' on port 45923.
[2024-05-21T16:09:30.434+0000] {spark_submit.py:571} INFO - 24/05/21 16:09:30 INFO SparkEnv: Registering MapOutputTracker
[2024-05-21T16:09:30.449+0000] {spark_submit.py:571} INFO - 24/05/21 16:09:30 INFO SparkEnv: Registering BlockManagerMaster
[2024-05-21T16:09:30.457+0000] {spark_submit.py:571} INFO - 24/05/21 16:09:30 INFO BlockManagerMasterEndpoint: Using org.apache.spark.storage.DefaultTopologyMapper for getting topology information
[2024-05-21T16:09:30.458+0000] {spark_submit.py:571} INFO - 24/05/21 16:09:30 INFO BlockManagerMasterEndpoint: BlockManagerMasterEndpoint up
[2024-05-21T16:09:30.459+0000] {spark_submit.py:571} INFO - 24/05/21 16:09:30 INFO SparkEnv: Registering BlockManagerMasterHeartbeat
[2024-05-21T16:09:30.469+0000] {spark_submit.py:571} INFO - 24/05/21 16:09:30 INFO DiskBlockManager: Created local directory at /tmp/blockmgr-904c813d-9490-4150-8c1b-10bc094f3126
[2024-05-21T16:09:30.476+0000] {spark_submit.py:571} INFO - 24/05/21 16:09:30 INFO MemoryStore: MemoryStore started with capacity 434.4 MiB
[2024-05-21T16:09:30.483+0000] {spark_submit.py:571} INFO - 24/05/21 16:09:30 INFO SparkEnv: Registering OutputCommitCoordinator
[2024-05-21T16:09:30.541+0000] {spark_submit.py:571} INFO - 24/05/21 16:09:30 INFO JettyUtils: Start Jetty 0.0.0.0:4040 for SparkUI
[2024-05-21T16:09:30.569+0000] {spark_submit.py:571} INFO - 24/05/21 16:09:30 INFO Utils: Successfully started service 'SparkUI' on port 4040.
[2024-05-21T16:09:30.589+0000] {spark_submit.py:571} INFO - 24/05/21 16:09:30 INFO SparkContext: Added JAR file:///home/***/.ivy2/jars/org.apache.spark_spark-sql-kafka-0-10_2.12-3.5.0.jar at spark://05882356329d:45923/jars/org.apache.spark_spark-sql-kafka-0-10_2.12-3.5.0.jar with timestamp 1716307770252
[2024-05-21T16:09:30.590+0000] {spark_submit.py:571} INFO - 24/05/21 16:09:30 INFO SparkContext: Added JAR file:///home/***/.ivy2/jars/com.datastax.spark_spark-cassandra-connector_2.12-3.5.0.jar at spark://05882356329d:45923/jars/com.datastax.spark_spark-cassandra-connector_2.12-3.5.0.jar with timestamp 1716307770252
[2024-05-21T16:09:30.591+0000] {spark_submit.py:571} INFO - 24/05/21 16:09:30 INFO SparkContext: Added JAR file:///home/***/.ivy2/jars/org.apache.spark_spark-token-provider-kafka-0-10_2.12-3.5.0.jar at spark://05882356329d:45923/jars/org.apache.spark_spark-token-provider-kafka-0-10_2.12-3.5.0.jar with timestamp 1716307770252
[2024-05-21T16:09:30.591+0000] {spark_submit.py:571} INFO - 24/05/21 16:09:30 INFO SparkContext: Added JAR file:///home/***/.ivy2/jars/org.apache.kafka_kafka-clients-3.4.1.jar at spark://05882356329d:45923/jars/org.apache.kafka_kafka-clients-3.4.1.jar with timestamp 1716307770252
[2024-05-21T16:09:30.592+0000] {spark_submit.py:571} INFO - 24/05/21 16:09:30 INFO SparkContext: Added JAR file:///home/***/.ivy2/jars/org.apache.commons_commons-pool2-2.11.1.jar at spark://05882356329d:45923/jars/org.apache.commons_commons-pool2-2.11.1.jar with timestamp 1716307770252
[2024-05-21T16:09:30.592+0000] {spark_submit.py:571} INFO - 24/05/21 16:09:30 INFO SparkContext: Added JAR file:///home/***/.ivy2/jars/org.apache.hadoop_hadoop-client-runtime-3.3.4.jar at spark://05882356329d:45923/jars/org.apache.hadoop_hadoop-client-runtime-3.3.4.jar with timestamp 1716307770252
[2024-05-21T16:09:30.592+0000] {spark_submit.py:571} INFO - 24/05/21 16:09:30 INFO SparkContext: Added JAR file:///home/***/.ivy2/jars/org.lz4_lz4-java-1.8.0.jar at spark://05882356329d:45923/jars/org.lz4_lz4-java-1.8.0.jar with timestamp 1716307770252
[2024-05-21T16:09:30.593+0000] {spark_submit.py:571} INFO - 24/05/21 16:09:30 INFO SparkContext: Added JAR file:///home/***/.ivy2/jars/org.xerial.snappy_snappy-java-1.1.10.3.jar at spark://05882356329d:45923/jars/org.xerial.snappy_snappy-java-1.1.10.3.jar with timestamp 1716307770252
[2024-05-21T16:09:30.593+0000] {spark_submit.py:571} INFO - 24/05/21 16:09:30 INFO SparkContext: Added JAR file:///home/***/.ivy2/jars/org.slf4j_slf4j-api-2.0.7.jar at spark://05882356329d:45923/jars/org.slf4j_slf4j-api-2.0.7.jar with timestamp 1716307770252
[2024-05-21T16:09:30.594+0000] {spark_submit.py:571} INFO - 24/05/21 16:09:30 INFO SparkContext: Added JAR file:///home/***/.ivy2/jars/org.apache.hadoop_hadoop-client-api-3.3.4.jar at spark://05882356329d:45923/jars/org.apache.hadoop_hadoop-client-api-3.3.4.jar with timestamp 1716307770252
[2024-05-21T16:09:30.594+0000] {spark_submit.py:571} INFO - 24/05/21 16:09:30 INFO SparkContext: Added JAR file:///home/***/.ivy2/jars/commons-logging_commons-logging-1.1.3.jar at spark://05882356329d:45923/jars/commons-logging_commons-logging-1.1.3.jar with timestamp 1716307770252
[2024-05-21T16:09:30.595+0000] {spark_submit.py:571} INFO - 24/05/21 16:09:30 INFO SparkContext: Added JAR file:///home/***/.ivy2/jars/com.datastax.spark_spark-cassandra-connector-driver_2.12-3.5.0.jar at spark://05882356329d:45923/jars/com.datastax.spark_spark-cassandra-connector-driver_2.12-3.5.0.jar with timestamp 1716307770252
[2024-05-21T16:09:30.595+0000] {spark_submit.py:571} INFO - 24/05/21 16:09:30 INFO SparkContext: Added JAR file:///home/***/.ivy2/jars/org.scala-lang.modules_scala-collection-compat_2.12-2.11.0.jar at spark://05882356329d:45923/jars/org.scala-lang.modules_scala-collection-compat_2.12-2.11.0.jar with timestamp 1716307770252
[2024-05-21T16:09:30.595+0000] {spark_submit.py:571} INFO - 24/05/21 16:09:30 INFO SparkContext: Added JAR file:///home/***/.ivy2/jars/com.datastax.oss_java-driver-core-shaded-4.13.0.jar at spark://05882356329d:45923/jars/com.datastax.oss_java-driver-core-shaded-4.13.0.jar with timestamp 1716307770252
[2024-05-21T16:09:30.596+0000] {spark_submit.py:571} INFO - 24/05/21 16:09:30 INFO SparkContext: Added JAR file:///home/***/.ivy2/jars/com.datastax.oss_java-driver-mapper-runtime-4.13.0.jar at spark://05882356329d:45923/jars/com.datastax.oss_java-driver-mapper-runtime-4.13.0.jar with timestamp 1716307770252
[2024-05-21T16:09:30.596+0000] {spark_submit.py:571} INFO - 24/05/21 16:09:30 INFO SparkContext: Added JAR file:///home/***/.ivy2/jars/org.apache.commons_commons-lang3-3.10.jar at spark://05882356329d:45923/jars/org.apache.commons_commons-lang3-3.10.jar with timestamp 1716307770252
[2024-05-21T16:09:30.597+0000] {spark_submit.py:571} INFO - 24/05/21 16:09:30 INFO SparkContext: Added JAR file:///home/***/.ivy2/jars/com.thoughtworks.paranamer_paranamer-2.8.jar at spark://05882356329d:45923/jars/com.thoughtworks.paranamer_paranamer-2.8.jar with timestamp 1716307770252
[2024-05-21T16:09:30.597+0000] {spark_submit.py:571} INFO - 24/05/21 16:09:30 INFO SparkContext: Added JAR file:///home/***/.ivy2/jars/org.scala-lang_scala-reflect-2.12.11.jar at spark://05882356329d:45923/jars/org.scala-lang_scala-reflect-2.12.11.jar with timestamp 1716307770252
[2024-05-21T16:09:30.597+0000] {spark_submit.py:571} INFO - 24/05/21 16:09:30 INFO SparkContext: Added JAR file:///home/***/.ivy2/jars/com.datastax.oss_native-protocol-1.5.0.jar at spark://05882356329d:45923/jars/com.datastax.oss_native-protocol-1.5.0.jar with timestamp 1716307770252
[2024-05-21T16:09:30.598+0000] {spark_submit.py:571} INFO - 24/05/21 16:09:30 INFO SparkContext: Added JAR file:///home/***/.ivy2/jars/com.datastax.oss_java-driver-shaded-guava-25.1-jre-graal-sub-1.jar at spark://05882356329d:45923/jars/com.datastax.oss_java-driver-shaded-guava-25.1-jre-graal-sub-1.jar with timestamp 1716307770252
[2024-05-21T16:09:30.598+0000] {spark_submit.py:571} INFO - 24/05/21 16:09:30 INFO SparkContext: Added JAR file:///home/***/.ivy2/jars/com.typesafe_config-1.4.1.jar at spark://05882356329d:45923/jars/com.typesafe_config-1.4.1.jar with timestamp 1716307770252
[2024-05-21T16:09:30.599+0000] {spark_submit.py:571} INFO - 24/05/21 16:09:30 INFO SparkContext: Added JAR file:///home/***/.ivy2/jars/io.dropwizard.metrics_metrics-core-4.1.18.jar at spark://05882356329d:45923/jars/io.dropwizard.metrics_metrics-core-4.1.18.jar with timestamp 1716307770252
[2024-05-21T16:09:30.599+0000] {spark_submit.py:571} INFO - 24/05/21 16:09:30 INFO SparkContext: Added JAR file:///home/***/.ivy2/jars/org.hdrhistogram_HdrHistogram-2.1.12.jar at spark://05882356329d:45923/jars/org.hdrhistogram_HdrHistogram-2.1.12.jar with timestamp 1716307770252
[2024-05-21T16:09:30.599+0000] {spark_submit.py:571} INFO - 24/05/21 16:09:30 INFO SparkContext: Added JAR file:///home/***/.ivy2/jars/org.reactivestreams_reactive-streams-1.0.3.jar at spark://05882356329d:45923/jars/org.reactivestreams_reactive-streams-1.0.3.jar with timestamp 1716307770252
[2024-05-21T16:09:30.600+0000] {spark_submit.py:571} INFO - 24/05/21 16:09:30 INFO SparkContext: Added JAR file:///home/***/.ivy2/jars/com.github.stephenc.jcip_jcip-annotations-1.0-1.jar at spark://05882356329d:45923/jars/com.github.stephenc.jcip_jcip-annotations-1.0-1.jar with timestamp 1716307770252
[2024-05-21T16:09:30.600+0000] {spark_submit.py:571} INFO - 24/05/21 16:09:30 INFO SparkContext: Added JAR file:///home/***/.ivy2/jars/com.github.spotbugs_spotbugs-annotations-3.1.12.jar at spark://05882356329d:45923/jars/com.github.spotbugs_spotbugs-annotations-3.1.12.jar with timestamp 1716307770252
[2024-05-21T16:09:30.600+0000] {spark_submit.py:571} INFO - 24/05/21 16:09:30 INFO SparkContext: Added JAR file:///home/***/.ivy2/jars/com.google.code.findbugs_jsr305-3.0.2.jar at spark://05882356329d:45923/jars/com.google.code.findbugs_jsr305-3.0.2.jar with timestamp 1716307770252
[2024-05-21T16:09:30.601+0000] {spark_submit.py:571} INFO - 24/05/21 16:09:30 INFO SparkContext: Added JAR file:///home/***/.ivy2/jars/com.datastax.oss_java-driver-query-builder-4.13.0.jar at spark://05882356329d:45923/jars/com.datastax.oss_java-driver-query-builder-4.13.0.jar with timestamp 1716307770252
[2024-05-21T16:09:30.601+0000] {spark_submit.py:571} INFO - 24/05/21 16:09:30 INFO SparkContext: Added file file:///home/***/.ivy2/jars/org.apache.spark_spark-sql-kafka-0-10_2.12-3.5.0.jar at spark://05882356329d:45923/files/org.apache.spark_spark-sql-kafka-0-10_2.12-3.5.0.jar with timestamp 1716307770252
[2024-05-21T16:09:30.601+0000] {spark_submit.py:571} INFO - 24/05/21 16:09:30 INFO Utils: Copying /home/***/.ivy2/jars/org.apache.spark_spark-sql-kafka-0-10_2.12-3.5.0.jar to /tmp/spark-03705c21-1440-4144-892a-0c533c3b0573/userFiles-f692317a-cd65-4ce4-8bd5-2e63c02cab43/org.apache.spark_spark-sql-kafka-0-10_2.12-3.5.0.jar
[2024-05-21T16:09:30.602+0000] {spark_submit.py:571} INFO - 24/05/21 16:09:30 INFO SparkContext: Added file file:///home/***/.ivy2/jars/com.datastax.spark_spark-cassandra-connector_2.12-3.5.0.jar at spark://05882356329d:45923/files/com.datastax.spark_spark-cassandra-connector_2.12-3.5.0.jar with timestamp 1716307770252
[2024-05-21T16:09:30.602+0000] {spark_submit.py:571} INFO - 24/05/21 16:09:30 INFO Utils: Copying /home/***/.ivy2/jars/com.datastax.spark_spark-cassandra-connector_2.12-3.5.0.jar to /tmp/spark-03705c21-1440-4144-892a-0c533c3b0573/userFiles-f692317a-cd65-4ce4-8bd5-2e63c02cab43/com.datastax.spark_spark-cassandra-connector_2.12-3.5.0.jar
[2024-05-21T16:09:30.603+0000] {spark_submit.py:571} INFO - 24/05/21 16:09:30 INFO SparkContext: Added file file:///home/***/.ivy2/jars/org.apache.spark_spark-token-provider-kafka-0-10_2.12-3.5.0.jar at spark://05882356329d:45923/files/org.apache.spark_spark-token-provider-kafka-0-10_2.12-3.5.0.jar with timestamp 1716307770252
[2024-05-21T16:09:30.603+0000] {spark_submit.py:571} INFO - 24/05/21 16:09:30 INFO Utils: Copying /home/***/.ivy2/jars/org.apache.spark_spark-token-provider-kafka-0-10_2.12-3.5.0.jar to /tmp/spark-03705c21-1440-4144-892a-0c533c3b0573/userFiles-f692317a-cd65-4ce4-8bd5-2e63c02cab43/org.apache.spark_spark-token-provider-kafka-0-10_2.12-3.5.0.jar
[2024-05-21T16:09:30.605+0000] {spark_submit.py:571} INFO - 24/05/21 16:09:30 INFO SparkContext: Added file file:///home/***/.ivy2/jars/org.apache.kafka_kafka-clients-3.4.1.jar at spark://05882356329d:45923/files/org.apache.kafka_kafka-clients-3.4.1.jar with timestamp 1716307770252
[2024-05-21T16:09:30.605+0000] {spark_submit.py:571} INFO - 24/05/21 16:09:30 INFO Utils: Copying /home/***/.ivy2/jars/org.apache.kafka_kafka-clients-3.4.1.jar to /tmp/spark-03705c21-1440-4144-892a-0c533c3b0573/userFiles-f692317a-cd65-4ce4-8bd5-2e63c02cab43/org.apache.kafka_kafka-clients-3.4.1.jar
[2024-05-21T16:09:30.608+0000] {spark_submit.py:571} INFO - 24/05/21 16:09:30 INFO SparkContext: Added file file:///home/***/.ivy2/jars/org.apache.commons_commons-pool2-2.11.1.jar at spark://05882356329d:45923/files/org.apache.commons_commons-pool2-2.11.1.jar with timestamp 1716307770252
[2024-05-21T16:09:30.609+0000] {spark_submit.py:571} INFO - 24/05/21 16:09:30 INFO Utils: Copying /home/***/.ivy2/jars/org.apache.commons_commons-pool2-2.11.1.jar to /tmp/spark-03705c21-1440-4144-892a-0c533c3b0573/userFiles-f692317a-cd65-4ce4-8bd5-2e63c02cab43/org.apache.commons_commons-pool2-2.11.1.jar
[2024-05-21T16:09:30.611+0000] {spark_submit.py:571} INFO - 24/05/21 16:09:30 INFO SparkContext: Added file file:///home/***/.ivy2/jars/org.apache.hadoop_hadoop-client-runtime-3.3.4.jar at spark://05882356329d:45923/files/org.apache.hadoop_hadoop-client-runtime-3.3.4.jar with timestamp 1716307770252
[2024-05-21T16:09:30.612+0000] {spark_submit.py:571} INFO - 24/05/21 16:09:30 INFO Utils: Copying /home/***/.ivy2/jars/org.apache.hadoop_hadoop-client-runtime-3.3.4.jar to /tmp/spark-03705c21-1440-4144-892a-0c533c3b0573/userFiles-f692317a-cd65-4ce4-8bd5-2e63c02cab43/org.apache.hadoop_hadoop-client-runtime-3.3.4.jar
[2024-05-21T16:09:30.625+0000] {spark_submit.py:571} INFO - 24/05/21 16:09:30 INFO SparkContext: Added file file:///home/***/.ivy2/jars/org.lz4_lz4-java-1.8.0.jar at spark://05882356329d:45923/files/org.lz4_lz4-java-1.8.0.jar with timestamp 1716307770252
[2024-05-21T16:09:30.626+0000] {spark_submit.py:571} INFO - 24/05/21 16:09:30 INFO Utils: Copying /home/***/.ivy2/jars/org.lz4_lz4-java-1.8.0.jar to /tmp/spark-03705c21-1440-4144-892a-0c533c3b0573/userFiles-f692317a-cd65-4ce4-8bd5-2e63c02cab43/org.lz4_lz4-java-1.8.0.jar
[2024-05-21T16:09:30.629+0000] {spark_submit.py:571} INFO - 24/05/21 16:09:30 INFO SparkContext: Added file file:///home/***/.ivy2/jars/org.xerial.snappy_snappy-java-1.1.10.3.jar at spark://05882356329d:45923/files/org.xerial.snappy_snappy-java-1.1.10.3.jar with timestamp 1716307770252
[2024-05-21T16:09:30.629+0000] {spark_submit.py:571} INFO - 24/05/21 16:09:30 INFO Utils: Copying /home/***/.ivy2/jars/org.xerial.snappy_snappy-java-1.1.10.3.jar to /tmp/spark-03705c21-1440-4144-892a-0c533c3b0573/userFiles-f692317a-cd65-4ce4-8bd5-2e63c02cab43/org.xerial.snappy_snappy-java-1.1.10.3.jar
[2024-05-21T16:09:30.632+0000] {spark_submit.py:571} INFO - 24/05/21 16:09:30 INFO SparkContext: Added file file:///home/***/.ivy2/jars/org.slf4j_slf4j-api-2.0.7.jar at spark://05882356329d:45923/files/org.slf4j_slf4j-api-2.0.7.jar with timestamp 1716307770252
[2024-05-21T16:09:30.632+0000] {spark_submit.py:571} INFO - 24/05/21 16:09:30 INFO Utils: Copying /home/***/.ivy2/jars/org.slf4j_slf4j-api-2.0.7.jar to /tmp/spark-03705c21-1440-4144-892a-0c533c3b0573/userFiles-f692317a-cd65-4ce4-8bd5-2e63c02cab43/org.slf4j_slf4j-api-2.0.7.jar
[2024-05-21T16:09:30.634+0000] {spark_submit.py:571} INFO - 24/05/21 16:09:30 INFO SparkContext: Added file file:///home/***/.ivy2/jars/org.apache.hadoop_hadoop-client-api-3.3.4.jar at spark://05882356329d:45923/files/org.apache.hadoop_hadoop-client-api-3.3.4.jar with timestamp 1716307770252
[2024-05-21T16:09:30.634+0000] {spark_submit.py:571} INFO - 24/05/21 16:09:30 INFO Utils: Copying /home/***/.ivy2/jars/org.apache.hadoop_hadoop-client-api-3.3.4.jar to /tmp/spark-03705c21-1440-4144-892a-0c533c3b0573/userFiles-f692317a-cd65-4ce4-8bd5-2e63c02cab43/org.apache.hadoop_hadoop-client-api-3.3.4.jar
[2024-05-21T16:09:30.644+0000] {spark_submit.py:571} INFO - 24/05/21 16:09:30 INFO SparkContext: Added file file:///home/***/.ivy2/jars/commons-logging_commons-logging-1.1.3.jar at spark://05882356329d:45923/files/commons-logging_commons-logging-1.1.3.jar with timestamp 1716307770252
[2024-05-21T16:09:30.644+0000] {spark_submit.py:571} INFO - 24/05/21 16:09:30 INFO Utils: Copying /home/***/.ivy2/jars/commons-logging_commons-logging-1.1.3.jar to /tmp/spark-03705c21-1440-4144-892a-0c533c3b0573/userFiles-f692317a-cd65-4ce4-8bd5-2e63c02cab43/commons-logging_commons-logging-1.1.3.jar
[2024-05-21T16:09:30.646+0000] {spark_submit.py:571} INFO - 24/05/21 16:09:30 INFO SparkContext: Added file file:///home/***/.ivy2/jars/com.datastax.spark_spark-cassandra-connector-driver_2.12-3.5.0.jar at spark://05882356329d:45923/files/com.datastax.spark_spark-cassandra-connector-driver_2.12-3.5.0.jar with timestamp 1716307770252
[2024-05-21T16:09:30.646+0000] {spark_submit.py:571} INFO - 24/05/21 16:09:30 INFO Utils: Copying /home/***/.ivy2/jars/com.datastax.spark_spark-cassandra-connector-driver_2.12-3.5.0.jar to /tmp/spark-03705c21-1440-4144-892a-0c533c3b0573/userFiles-f692317a-cd65-4ce4-8bd5-2e63c02cab43/com.datastax.spark_spark-cassandra-connector-driver_2.12-3.5.0.jar
[2024-05-21T16:09:30.648+0000] {spark_submit.py:571} INFO - 24/05/21 16:09:30 INFO SparkContext: Added file file:///home/***/.ivy2/jars/org.scala-lang.modules_scala-collection-compat_2.12-2.11.0.jar at spark://05882356329d:45923/files/org.scala-lang.modules_scala-collection-compat_2.12-2.11.0.jar with timestamp 1716307770252
[2024-05-21T16:09:30.648+0000] {spark_submit.py:571} INFO - 24/05/21 16:09:30 INFO Utils: Copying /home/***/.ivy2/jars/org.scala-lang.modules_scala-collection-compat_2.12-2.11.0.jar to /tmp/spark-03705c21-1440-4144-892a-0c533c3b0573/userFiles-f692317a-cd65-4ce4-8bd5-2e63c02cab43/org.scala-lang.modules_scala-collection-compat_2.12-2.11.0.jar
[2024-05-21T16:09:30.650+0000] {spark_submit.py:571} INFO - 24/05/21 16:09:30 INFO SparkContext: Added file file:///home/***/.ivy2/jars/com.datastax.oss_java-driver-core-shaded-4.13.0.jar at spark://05882356329d:45923/files/com.datastax.oss_java-driver-core-shaded-4.13.0.jar with timestamp 1716307770252
[2024-05-21T16:09:30.650+0000] {spark_submit.py:571} INFO - 24/05/21 16:09:30 INFO Utils: Copying /home/***/.ivy2/jars/com.datastax.oss_java-driver-core-shaded-4.13.0.jar to /tmp/spark-03705c21-1440-4144-892a-0c533c3b0573/userFiles-f692317a-cd65-4ce4-8bd5-2e63c02cab43/com.datastax.oss_java-driver-core-shaded-4.13.0.jar
[2024-05-21T16:09:30.654+0000] {spark_submit.py:571} INFO - 24/05/21 16:09:30 INFO SparkContext: Added file file:///home/***/.ivy2/jars/com.datastax.oss_java-driver-mapper-runtime-4.13.0.jar at spark://05882356329d:45923/files/com.datastax.oss_java-driver-mapper-runtime-4.13.0.jar with timestamp 1716307770252
[2024-05-21T16:09:30.655+0000] {spark_submit.py:571} INFO - 24/05/21 16:09:30 INFO Utils: Copying /home/***/.ivy2/jars/com.datastax.oss_java-driver-mapper-runtime-4.13.0.jar to /tmp/spark-03705c21-1440-4144-892a-0c533c3b0573/userFiles-f692317a-cd65-4ce4-8bd5-2e63c02cab43/com.datastax.oss_java-driver-mapper-runtime-4.13.0.jar
[2024-05-21T16:09:30.656+0000] {spark_submit.py:571} INFO - 24/05/21 16:09:30 INFO SparkContext: Added file file:///home/***/.ivy2/jars/org.apache.commons_commons-lang3-3.10.jar at spark://05882356329d:45923/files/org.apache.commons_commons-lang3-3.10.jar with timestamp 1716307770252
[2024-05-21T16:09:30.657+0000] {spark_submit.py:571} INFO - 24/05/21 16:09:30 INFO Utils: Copying /home/***/.ivy2/jars/org.apache.commons_commons-lang3-3.10.jar to /tmp/spark-03705c21-1440-4144-892a-0c533c3b0573/userFiles-f692317a-cd65-4ce4-8bd5-2e63c02cab43/org.apache.commons_commons-lang3-3.10.jar
[2024-05-21T16:09:30.659+0000] {spark_submit.py:571} INFO - 24/05/21 16:09:30 INFO SparkContext: Added file file:///home/***/.ivy2/jars/com.thoughtworks.paranamer_paranamer-2.8.jar at spark://05882356329d:45923/files/com.thoughtworks.paranamer_paranamer-2.8.jar with timestamp 1716307770252
[2024-05-21T16:09:30.659+0000] {spark_submit.py:571} INFO - 24/05/21 16:09:30 INFO Utils: Copying /home/***/.ivy2/jars/com.thoughtworks.paranamer_paranamer-2.8.jar to /tmp/spark-03705c21-1440-4144-892a-0c533c3b0573/userFiles-f692317a-cd65-4ce4-8bd5-2e63c02cab43/com.thoughtworks.paranamer_paranamer-2.8.jar
[2024-05-21T16:09:30.661+0000] {spark_submit.py:571} INFO - 24/05/21 16:09:30 INFO SparkContext: Added file file:///home/***/.ivy2/jars/org.scala-lang_scala-reflect-2.12.11.jar at spark://05882356329d:45923/files/org.scala-lang_scala-reflect-2.12.11.jar with timestamp 1716307770252
[2024-05-21T16:09:30.661+0000] {spark_submit.py:571} INFO - 24/05/21 16:09:30 INFO Utils: Copying /home/***/.ivy2/jars/org.scala-lang_scala-reflect-2.12.11.jar to /tmp/spark-03705c21-1440-4144-892a-0c533c3b0573/userFiles-f692317a-cd65-4ce4-8bd5-2e63c02cab43/org.scala-lang_scala-reflect-2.12.11.jar
[2024-05-21T16:09:30.664+0000] {spark_submit.py:571} INFO - 24/05/21 16:09:30 INFO SparkContext: Added file file:///home/***/.ivy2/jars/com.datastax.oss_native-protocol-1.5.0.jar at spark://05882356329d:45923/files/com.datastax.oss_native-protocol-1.5.0.jar with timestamp 1716307770252
[2024-05-21T16:09:30.664+0000] {spark_submit.py:571} INFO - 24/05/21 16:09:30 INFO Utils: Copying /home/***/.ivy2/jars/com.datastax.oss_native-protocol-1.5.0.jar to /tmp/spark-03705c21-1440-4144-892a-0c533c3b0573/userFiles-f692317a-cd65-4ce4-8bd5-2e63c02cab43/com.datastax.oss_native-protocol-1.5.0.jar
[2024-05-21T16:09:30.666+0000] {spark_submit.py:571} INFO - 24/05/21 16:09:30 INFO SparkContext: Added file file:///home/***/.ivy2/jars/com.datastax.oss_java-driver-shaded-guava-25.1-jre-graal-sub-1.jar at spark://05882356329d:45923/files/com.datastax.oss_java-driver-shaded-guava-25.1-jre-graal-sub-1.jar with timestamp 1716307770252
[2024-05-21T16:09:30.666+0000] {spark_submit.py:571} INFO - 24/05/21 16:09:30 INFO Utils: Copying /home/***/.ivy2/jars/com.datastax.oss_java-driver-shaded-guava-25.1-jre-graal-sub-1.jar to /tmp/spark-03705c21-1440-4144-892a-0c533c3b0573/userFiles-f692317a-cd65-4ce4-8bd5-2e63c02cab43/com.datastax.oss_java-driver-shaded-guava-25.1-jre-graal-sub-1.jar
[2024-05-21T16:09:30.669+0000] {spark_submit.py:571} INFO - 24/05/21 16:09:30 INFO SparkContext: Added file file:///home/***/.ivy2/jars/com.typesafe_config-1.4.1.jar at spark://05882356329d:45923/files/com.typesafe_config-1.4.1.jar with timestamp 1716307770252
[2024-05-21T16:09:30.669+0000] {spark_submit.py:571} INFO - 24/05/21 16:09:30 INFO Utils: Copying /home/***/.ivy2/jars/com.typesafe_config-1.4.1.jar to /tmp/spark-03705c21-1440-4144-892a-0c533c3b0573/userFiles-f692317a-cd65-4ce4-8bd5-2e63c02cab43/com.typesafe_config-1.4.1.jar
[2024-05-21T16:09:30.670+0000] {spark_submit.py:571} INFO - 24/05/21 16:09:30 INFO SparkContext: Added file file:///home/***/.ivy2/jars/io.dropwizard.metrics_metrics-core-4.1.18.jar at spark://05882356329d:45923/files/io.dropwizard.metrics_metrics-core-4.1.18.jar with timestamp 1716307770252
[2024-05-21T16:09:30.671+0000] {spark_submit.py:571} INFO - 24/05/21 16:09:30 INFO Utils: Copying /home/***/.ivy2/jars/io.dropwizard.metrics_metrics-core-4.1.18.jar to /tmp/spark-03705c21-1440-4144-892a-0c533c3b0573/userFiles-f692317a-cd65-4ce4-8bd5-2e63c02cab43/io.dropwizard.metrics_metrics-core-4.1.18.jar
[2024-05-21T16:09:30.672+0000] {spark_submit.py:571} INFO - 24/05/21 16:09:30 INFO SparkContext: Added file file:///home/***/.ivy2/jars/org.hdrhistogram_HdrHistogram-2.1.12.jar at spark://05882356329d:45923/files/org.hdrhistogram_HdrHistogram-2.1.12.jar with timestamp 1716307770252
[2024-05-21T16:09:30.673+0000] {spark_submit.py:571} INFO - 24/05/21 16:09:30 INFO Utils: Copying /home/***/.ivy2/jars/org.hdrhistogram_HdrHistogram-2.1.12.jar to /tmp/spark-03705c21-1440-4144-892a-0c533c3b0573/userFiles-f692317a-cd65-4ce4-8bd5-2e63c02cab43/org.hdrhistogram_HdrHistogram-2.1.12.jar
[2024-05-21T16:09:30.675+0000] {spark_submit.py:571} INFO - 24/05/21 16:09:30 INFO SparkContext: Added file file:///home/***/.ivy2/jars/org.reactivestreams_reactive-streams-1.0.3.jar at spark://05882356329d:45923/files/org.reactivestreams_reactive-streams-1.0.3.jar with timestamp 1716307770252
[2024-05-21T16:09:30.675+0000] {spark_submit.py:571} INFO - 24/05/21 16:09:30 INFO Utils: Copying /home/***/.ivy2/jars/org.reactivestreams_reactive-streams-1.0.3.jar to /tmp/spark-03705c21-1440-4144-892a-0c533c3b0573/userFiles-f692317a-cd65-4ce4-8bd5-2e63c02cab43/org.reactivestreams_reactive-streams-1.0.3.jar
[2024-05-21T16:09:30.677+0000] {spark_submit.py:571} INFO - 24/05/21 16:09:30 INFO SparkContext: Added file file:///home/***/.ivy2/jars/com.github.stephenc.jcip_jcip-annotations-1.0-1.jar at spark://05882356329d:45923/files/com.github.stephenc.jcip_jcip-annotations-1.0-1.jar with timestamp 1716307770252
[2024-05-21T16:09:30.677+0000] {spark_submit.py:571} INFO - 24/05/21 16:09:30 INFO Utils: Copying /home/***/.ivy2/jars/com.github.stephenc.jcip_jcip-annotations-1.0-1.jar to /tmp/spark-03705c21-1440-4144-892a-0c533c3b0573/userFiles-f692317a-cd65-4ce4-8bd5-2e63c02cab43/com.github.stephenc.jcip_jcip-annotations-1.0-1.jar
[2024-05-21T16:09:30.678+0000] {spark_submit.py:571} INFO - 24/05/21 16:09:30 INFO SparkContext: Added file file:///home/***/.ivy2/jars/com.github.spotbugs_spotbugs-annotations-3.1.12.jar at spark://05882356329d:45923/files/com.github.spotbugs_spotbugs-annotations-3.1.12.jar with timestamp 1716307770252
[2024-05-21T16:09:30.679+0000] {spark_submit.py:571} INFO - 24/05/21 16:09:30 INFO Utils: Copying /home/***/.ivy2/jars/com.github.spotbugs_spotbugs-annotations-3.1.12.jar to /tmp/spark-03705c21-1440-4144-892a-0c533c3b0573/userFiles-f692317a-cd65-4ce4-8bd5-2e63c02cab43/com.github.spotbugs_spotbugs-annotations-3.1.12.jar
[2024-05-21T16:09:30.680+0000] {spark_submit.py:571} INFO - 24/05/21 16:09:30 INFO SparkContext: Added file file:///home/***/.ivy2/jars/com.google.code.findbugs_jsr305-3.0.2.jar at spark://05882356329d:45923/files/com.google.code.findbugs_jsr305-3.0.2.jar with timestamp 1716307770252
[2024-05-21T16:09:30.680+0000] {spark_submit.py:571} INFO - 24/05/21 16:09:30 INFO Utils: Copying /home/***/.ivy2/jars/com.google.code.findbugs_jsr305-3.0.2.jar to /tmp/spark-03705c21-1440-4144-892a-0c533c3b0573/userFiles-f692317a-cd65-4ce4-8bd5-2e63c02cab43/com.google.code.findbugs_jsr305-3.0.2.jar
[2024-05-21T16:09:30.682+0000] {spark_submit.py:571} INFO - 24/05/21 16:09:30 INFO SparkContext: Added file file:///home/***/.ivy2/jars/com.datastax.oss_java-driver-query-builder-4.13.0.jar at spark://05882356329d:45923/files/com.datastax.oss_java-driver-query-builder-4.13.0.jar with timestamp 1716307770252
[2024-05-21T16:09:30.682+0000] {spark_submit.py:571} INFO - 24/05/21 16:09:30 INFO Utils: Copying /home/***/.ivy2/jars/com.datastax.oss_java-driver-query-builder-4.13.0.jar to /tmp/spark-03705c21-1440-4144-892a-0c533c3b0573/userFiles-f692317a-cd65-4ce4-8bd5-2e63c02cab43/com.datastax.oss_java-driver-query-builder-4.13.0.jar
[2024-05-21T16:09:30.719+0000] {spark_submit.py:571} INFO - 24/05/21 16:09:30 INFO StandaloneAppClient$ClientEndpoint: Connecting to master spark://spark-master:7077...
[2024-05-21T16:09:30.738+0000] {spark_submit.py:571} INFO - 24/05/21 16:09:30 INFO TransportClientFactory: Successfully created connection to spark-master/172.20.0.8:7077 after 11 ms (0 ms spent in bootstraps)
[2024-05-21T16:09:30.783+0000] {spark_submit.py:571} INFO - 24/05/21 16:09:30 INFO StandaloneSchedulerBackend: Connected to Spark cluster with app ID app-20240521160930-0004
[2024-05-21T16:09:30.784+0000] {spark_submit.py:571} INFO - 24/05/21 16:09:30 INFO StandaloneAppClient$ClientEndpoint: Executor added: app-20240521160930-0004/0 on worker-20240521151508-172.20.0.9-46475 (172.20.0.9:46475) with 1 core(s)
[2024-05-21T16:09:30.787+0000] {spark_submit.py:571} INFO - 24/05/21 16:09:30 INFO StandaloneSchedulerBackend: Granted executor ID app-20240521160930-0004/0 on hostPort 172.20.0.9:46475 with 1 core(s), 1024.0 MiB RAM
[2024-05-21T16:09:30.788+0000] {spark_submit.py:571} INFO - 24/05/21 16:09:30 INFO Utils: Successfully started service 'org.apache.spark.network.netty.NettyBlockTransferService' on port 39315.
[2024-05-21T16:09:30.789+0000] {spark_submit.py:571} INFO - 24/05/21 16:09:30 INFO NettyBlockTransferService: Server created on 05882356329d:39315
[2024-05-21T16:09:30.789+0000] {spark_submit.py:571} INFO - 24/05/21 16:09:30 INFO BlockManager: Using org.apache.spark.storage.RandomBlockReplicationPolicy for block replication policy
[2024-05-21T16:09:30.793+0000] {spark_submit.py:571} INFO - 24/05/21 16:09:30 INFO BlockManagerMaster: Registering BlockManager BlockManagerId(driver, 05882356329d, 39315, None)
[2024-05-21T16:09:30.795+0000] {spark_submit.py:571} INFO - 24/05/21 16:09:30 INFO BlockManagerMasterEndpoint: Registering block manager 05882356329d:39315 with 434.4 MiB RAM, BlockManagerId(driver, 05882356329d, 39315, None)
[2024-05-21T16:09:30.797+0000] {spark_submit.py:571} INFO - 24/05/21 16:09:30 INFO BlockManagerMaster: Registered BlockManager BlockManagerId(driver, 05882356329d, 39315, None)
[2024-05-21T16:09:30.797+0000] {spark_submit.py:571} INFO - 24/05/21 16:09:30 INFO BlockManager: Initialized BlockManager: BlockManagerId(driver, 05882356329d, 39315, None)
[2024-05-21T16:09:30.806+0000] {spark_submit.py:571} INFO - 24/05/21 16:09:30 INFO StandaloneAppClient$ClientEndpoint: Executor updated: app-20240521160930-0004/0 is now RUNNING
[2024-05-21T16:09:30.901+0000] {spark_submit.py:571} INFO - 24/05/21 16:09:30 INFO StandaloneSchedulerBackend: SchedulerBackend is ready for scheduling beginning after reached minRegisteredResourcesRatio: 0.0
[2024-05-21T16:09:31.035+0000] {spark_submit.py:571} INFO - Spark connection created successfully.
[2024-05-21T16:09:31.035+0000] {spark_submit.py:571} INFO - Start initializing kafka connection ...
[2024-05-21T16:09:31.039+0000] {spark_submit.py:571} INFO - 24/05/21 16:09:31 INFO SharedState: Setting hive.metastore.warehouse.dir ('null') to the value of spark.sql.warehouse.dir.
[2024-05-21T16:09:31.040+0000] {spark_submit.py:571} INFO - 24/05/21 16:09:31 INFO SharedState: Warehouse path is 'file:/opt/***/spark-warehouse'.
[2024-05-21T16:09:31.721+0000] {spark_submit.py:571} INFO - Kafka connection created successfully.
[2024-05-21T16:09:31.888+0000] {spark_submit.py:571} INFO - 24/05/21 16:09:31 WARN SparkStringUtils: Truncated the string representation of a plan since it was too large. This behavior can be adjusted by setting 'spark.sql.debug.maxToStringFields'.
[2024-05-21T16:09:31.979+0000] {spark_submit.py:571} INFO - 24/05/21 16:09:31 INFO StateStoreCoordinatorRef: Registered StateStoreCoordinator endpoint
[2024-05-21T16:09:31.992+0000] {spark_submit.py:571} INFO - 24/05/21 16:09:31 WARN ResolveWriteToStream: Temporary checkpoint location created which is deleted normally when the query didn't fail: /tmp/temporary-418f1eca-42e4-47b1-8dd0-6f617afa6da4. If it's required to delete it under any circumstances, please set spark.sql.streaming.forceDeleteTempCheckpointLocation to true. Important to know deleting temp checkpoint folder is best effort.
[2024-05-21T16:09:32.002+0000] {spark_submit.py:571} INFO - 24/05/21 16:09:32 INFO ResolveWriteToStream: Checkpoint root file:///tmp/temporary-418f1eca-42e4-47b1-8dd0-6f617afa6da4 resolved to file:/tmp/temporary-418f1eca-42e4-47b1-8dd0-6f617afa6da4.
[2024-05-21T16:09:32.002+0000] {spark_submit.py:571} INFO - 24/05/21 16:09:32 WARN ResolveWriteToStream: spark.sql.adaptive.enabled is not supported in streaming DataFrames/Datasets and will be disabled.
[2024-05-21T16:09:32.022+0000] {spark_submit.py:571} INFO - 24/05/21 16:09:32 INFO StandaloneSchedulerBackend$StandaloneDriverEndpoint: Registered executor NettyRpcEndpointRef(spark-client://Executor) (172.20.0.9:37812) with ID 0,  ResourceProfileId 0
[2024-05-21T16:09:32.046+0000] {spark_submit.py:571} INFO - 24/05/21 16:09:32 INFO CheckpointFileManager: Writing atomically to file:/tmp/temporary-418f1eca-42e4-47b1-8dd0-6f617afa6da4/metadata using temp file file:/tmp/temporary-418f1eca-42e4-47b1-8dd0-6f617afa6da4/.metadata.6f144faa-76bf-4241-8142-44d3f3f19907.tmp
[2024-05-21T16:09:32.061+0000] {spark_submit.py:571} INFO - 24/05/21 16:09:32 INFO BlockManagerMasterEndpoint: Registering block manager 172.20.0.9:35655 with 434.4 MiB RAM, BlockManagerId(0, 172.20.0.9, 35655, None)
[2024-05-21T16:09:32.091+0000] {spark_submit.py:571} INFO - 24/05/21 16:09:32 INFO CheckpointFileManager: Renamed temp file file:/tmp/temporary-418f1eca-42e4-47b1-8dd0-6f617afa6da4/.metadata.6f144faa-76bf-4241-8142-44d3f3f19907.tmp to file:/tmp/temporary-418f1eca-42e4-47b1-8dd0-6f617afa6da4/metadata
[2024-05-21T16:09:32.110+0000] {spark_submit.py:571} INFO - 24/05/21 16:09:32 INFO MicroBatchExecution: Starting [id = ba741275-3c1a-4be4-a4f1-c02338b1a12a, runId = 13b86018-b431-4a06-a839-ba43a639cfda]. Use file:/tmp/temporary-418f1eca-42e4-47b1-8dd0-6f617afa6da4 to store the query checkpoint.
[2024-05-21T16:09:32.116+0000] {spark_submit.py:571} INFO - 24/05/21 16:09:32 INFO MicroBatchExecution: Reading table [org.apache.spark.sql.kafka010.KafkaSourceProvider$KafkaTable@6fc2d962] from DataSourceV2 named 'kafka' [org.apache.spark.sql.kafka010.KafkaSourceProvider@ad80269]
[2024-05-21T16:09:32.133+0000] {spark_submit.py:571} INFO - 24/05/21 16:09:32 INFO OffsetSeqLog: BatchIds found from listing:
[2024-05-21T16:09:32.133+0000] {spark_submit.py:571} INFO - 24/05/21 16:09:32 INFO OffsetSeqLog: BatchIds found from listing:
[2024-05-21T16:09:32.134+0000] {spark_submit.py:571} INFO - 24/05/21 16:09:32 INFO MicroBatchExecution: Starting new streaming query.
[2024-05-21T16:09:32.135+0000] {spark_submit.py:571} INFO - 24/05/21 16:09:32 INFO MicroBatchExecution: Stream started from {}
[2024-05-21T16:09:32.163+0000] {spark_submit.py:571} INFO - Failed to connect to Cassandra: An error occurred while calling o86.load.
[2024-05-21T16:09:32.163+0000] {spark_submit.py:571} INFO - : java.lang.NullPointerException: null value for keyspace
[2024-05-21T16:09:32.164+0000] {spark_submit.py:571} INFO - at org.apache.spark.SparkConf.set(SparkConf.scala:91)
[2024-05-21T16:09:32.164+0000] {spark_submit.py:571} INFO - at org.apache.spark.SparkConf.set(SparkConf.scala:83)
[2024-05-21T16:09:32.164+0000] {spark_submit.py:571} INFO - at org.apache.spark.SparkConf.$anonfun$setAll$1(SparkConf.scala:172)
[2024-05-21T16:09:32.165+0000] {spark_submit.py:571} INFO - at scala.collection.immutable.Map$Map2.foreach(Map.scala:273)
[2024-05-21T16:09:32.165+0000] {spark_submit.py:571} INFO - at org.apache.spark.SparkConf.setAll(SparkConf.scala:172)
[2024-05-21T16:09:32.165+0000] {spark_submit.py:571} INFO - at com.datastax.spark.connector.datasource.CassandraSourceUtil$.consolidateConfs(CassandraSourceUtil.scala:103)
[2024-05-21T16:09:32.165+0000] {spark_submit.py:571} INFO - at org.apache.spark.sql.cassandra.DefaultSource.getTable(DefaultSource.scala:60)
[2024-05-21T16:09:32.166+0000] {spark_submit.py:571} INFO - at org.apache.spark.sql.cassandra.DefaultSource.inferSchema(DefaultSource.scala:67)
[2024-05-21T16:09:32.166+0000] {spark_submit.py:571} INFO - at org.apache.spark.sql.execution.datasources.v2.DataSourceV2Utils$.getTableFromProvider(DataSourceV2Utils.scala:90)
[2024-05-21T16:09:32.167+0000] {spark_submit.py:571} INFO - at org.apache.spark.sql.execution.datasources.v2.DataSourceV2Utils$.loadV2Source(DataSourceV2Utils.scala:140)
[2024-05-21T16:09:32.167+0000] {spark_submit.py:571} INFO - at org.apache.spark.sql.DataFrameReader.$anonfun$load$1(DataFrameReader.scala:210)
[2024-05-21T16:09:32.167+0000] {spark_submit.py:571} INFO - at scala.Option.flatMap(Option.scala:271)
[2024-05-21T16:09:32.168+0000] {spark_submit.py:571} INFO - at org.apache.spark.sql.DataFrameReader.load(DataFrameReader.scala:208)
[2024-05-21T16:09:32.168+0000] {spark_submit.py:571} INFO - at org.apache.spark.sql.DataFrameReader.load(DataFrameReader.scala:172)
[2024-05-21T16:09:32.168+0000] {spark_submit.py:571} INFO - at java.base/jdk.internal.reflect.NativeMethodAccessorImpl.invoke0(Native Method)
[2024-05-21T16:09:32.168+0000] {spark_submit.py:571} INFO - at java.base/jdk.internal.reflect.NativeMethodAccessorImpl.invoke(NativeMethodAccessorImpl.java:77)
[2024-05-21T16:09:32.169+0000] {spark_submit.py:571} INFO - at java.base/jdk.internal.reflect.DelegatingMethodAccessorImpl.invoke(DelegatingMethodAccessorImpl.java:43)
[2024-05-21T16:09:32.169+0000] {spark_submit.py:571} INFO - at java.base/java.lang.reflect.Method.invoke(Method.java:568)
[2024-05-21T16:09:32.169+0000] {spark_submit.py:571} INFO - at py4j.reflection.MethodInvoker.invoke(MethodInvoker.java:244)
[2024-05-21T16:09:32.170+0000] {spark_submit.py:571} INFO - at py4j.reflection.ReflectionEngine.invoke(ReflectionEngine.java:374)
[2024-05-21T16:09:32.170+0000] {spark_submit.py:571} INFO - at py4j.Gateway.invoke(Gateway.java:282)
[2024-05-21T16:09:32.170+0000] {spark_submit.py:571} INFO - at py4j.commands.AbstractCommand.invokeMethod(AbstractCommand.java:132)
[2024-05-21T16:09:32.170+0000] {spark_submit.py:571} INFO - at py4j.commands.CallCommand.execute(CallCommand.java:79)
[2024-05-21T16:09:32.171+0000] {spark_submit.py:571} INFO - at py4j.ClientServerConnection.waitForCommands(ClientServerConnection.java:182)
[2024-05-21T16:09:32.171+0000] {spark_submit.py:571} INFO - at py4j.ClientServerConnection.run(ClientServerConnection.java:106)
[2024-05-21T16:09:32.171+0000] {spark_submit.py:571} INFO - at java.base/java.lang.Thread.run(Thread.java:840)
[2024-05-21T16:09:32.171+0000] {spark_submit.py:571} INFO - 
[2024-05-21T16:09:32.171+0000] {spark_submit.py:571} INFO - Printing df schema:
[2024-05-21T16:09:32.172+0000] {spark_submit.py:571} INFO - root
[2024-05-21T16:09:32.172+0000] {spark_submit.py:571} INFO - |-- address: string (nullable = true)
[2024-05-21T16:09:32.172+0000] {spark_submit.py:571} INFO - |-- size: double (nullable = true)
[2024-05-21T16:09:32.172+0000] {spark_submit.py:571} INFO - |-- price: double (nullable = true)
[2024-05-21T16:09:32.172+0000] {spark_submit.py:571} INFO - |-- pricebyarea: double (nullable = true)
[2024-05-21T16:09:32.173+0000] {spark_submit.py:571} INFO - |-- rooms: long (nullable = true)
[2024-05-21T16:09:32.173+0000] {spark_submit.py:571} INFO - |-- bathrooms: long (nullable = true)
[2024-05-21T16:09:32.173+0000] {spark_submit.py:571} INFO - |-- floor: string (nullable = true)
[2024-05-21T16:09:32.173+0000] {spark_submit.py:571} INFO - |-- haslift: boolean (nullable = true)
[2024-05-21T16:09:32.174+0000] {spark_submit.py:571} INFO - |-- propertytype: string (nullable = true)
[2024-05-21T16:09:32.174+0000] {spark_submit.py:571} INFO - |-- parkingspace: boolean (nullable = true)
[2024-05-21T16:09:32.174+0000] {spark_submit.py:571} INFO - |-- exterior: boolean (nullable = true)
[2024-05-21T16:09:32.174+0000] {spark_submit.py:571} INFO - |-- latitude: double (nullable = true)
[2024-05-21T16:09:32.174+0000] {spark_submit.py:571} INFO - |-- longitude: double (nullable = true)
[2024-05-21T16:09:32.175+0000] {spark_submit.py:571} INFO - |-- description: string (nullable = true)
[2024-05-21T16:09:32.175+0000] {spark_submit.py:571} INFO - |-- typology: string (nullable = true)
[2024-05-21T16:09:32.175+0000] {spark_submit.py:571} INFO - |-- url: string (nullable = true)
[2024-05-21T16:09:32.175+0000] {spark_submit.py:571} INFO - |-- propertycode: string (nullable = true)
[2024-05-21T16:09:32.176+0000] {spark_submit.py:571} INFO - 
[2024-05-21T16:09:32.280+0000] {spark_submit.py:571} INFO - 24/05/21 16:09:32 INFO AdminClientConfig: AdminClientConfig values:
[2024-05-21T16:09:32.281+0000] {spark_submit.py:571} INFO - auto.include.jmx.reporter = true
[2024-05-21T16:09:32.281+0000] {spark_submit.py:571} INFO - bootstrap.servers = [kafka:9092]
[2024-05-21T16:09:32.282+0000] {spark_submit.py:571} INFO - client.dns.lookup = use_all_dns_ips
[2024-05-21T16:09:32.282+0000] {spark_submit.py:571} INFO - client.id =
[2024-05-21T16:09:32.282+0000] {spark_submit.py:571} INFO - connections.max.idle.ms = 300000
[2024-05-21T16:09:32.282+0000] {spark_submit.py:571} INFO - default.api.timeout.ms = 60000
[2024-05-21T16:09:32.283+0000] {spark_submit.py:571} INFO - metadata.max.age.ms = 300000
[2024-05-21T16:09:32.283+0000] {spark_submit.py:571} INFO - metric.reporters = []
[2024-05-21T16:09:32.283+0000] {spark_submit.py:571} INFO - metrics.num.samples = 2
[2024-05-21T16:09:32.283+0000] {spark_submit.py:571} INFO - metrics.recording.level = INFO
[2024-05-21T16:09:32.284+0000] {spark_submit.py:571} INFO - metrics.sample.window.ms = 30000
[2024-05-21T16:09:32.284+0000] {spark_submit.py:571} INFO - receive.buffer.bytes = 65536
[2024-05-21T16:09:32.284+0000] {spark_submit.py:571} INFO - reconnect.backoff.max.ms = 1000
[2024-05-21T16:09:32.284+0000] {spark_submit.py:571} INFO - reconnect.backoff.ms = 50
[2024-05-21T16:09:32.285+0000] {spark_submit.py:571} INFO - request.timeout.ms = 30000
[2024-05-21T16:09:32.285+0000] {spark_submit.py:571} INFO - retries = 2147483647
[2024-05-21T16:09:32.285+0000] {spark_submit.py:571} INFO - retry.backoff.ms = 100
[2024-05-21T16:09:32.285+0000] {spark_submit.py:571} INFO - sasl.client.callback.handler.class = null
[2024-05-21T16:09:32.286+0000] {spark_submit.py:571} INFO - sasl.jaas.config = null
[2024-05-21T16:09:32.286+0000] {spark_submit.py:571} INFO - sasl.kerberos.kinit.cmd = /usr/bin/kinit
[2024-05-21T16:09:32.286+0000] {spark_submit.py:571} INFO - sasl.kerberos.min.time.before.relogin = 60000
[2024-05-21T16:09:32.286+0000] {spark_submit.py:571} INFO - sasl.kerberos.service.name = null
[2024-05-21T16:09:32.286+0000] {spark_submit.py:571} INFO - sasl.kerberos.ticket.renew.jitter = 0.05
[2024-05-21T16:09:32.287+0000] {spark_submit.py:571} INFO - sasl.kerberos.ticket.renew.window.factor = 0.8
[2024-05-21T16:09:32.287+0000] {spark_submit.py:571} INFO - sasl.login.callback.handler.class = null
[2024-05-21T16:09:32.287+0000] {spark_submit.py:571} INFO - sasl.login.class = null
[2024-05-21T16:09:32.287+0000] {spark_submit.py:571} INFO - sasl.login.connect.timeout.ms = null
[2024-05-21T16:09:32.287+0000] {spark_submit.py:571} INFO - sasl.login.read.timeout.ms = null
[2024-05-21T16:09:32.287+0000] {spark_submit.py:571} INFO - sasl.login.refresh.buffer.seconds = 300
[2024-05-21T16:09:32.288+0000] {spark_submit.py:571} INFO - sasl.login.refresh.min.period.seconds = 60
[2024-05-21T16:09:32.288+0000] {spark_submit.py:571} INFO - sasl.login.refresh.window.factor = 0.8
[2024-05-21T16:09:32.288+0000] {spark_submit.py:571} INFO - sasl.login.refresh.window.jitter = 0.05
[2024-05-21T16:09:32.288+0000] {spark_submit.py:571} INFO - sasl.login.retry.backoff.max.ms = 10000
[2024-05-21T16:09:32.288+0000] {spark_submit.py:571} INFO - sasl.login.retry.backoff.ms = 100
[2024-05-21T16:09:32.289+0000] {spark_submit.py:571} INFO - sasl.mechanism = GSSAPI
[2024-05-21T16:09:32.289+0000] {spark_submit.py:571} INFO - sasl.oauthbearer.clock.skew.seconds = 30
[2024-05-21T16:09:32.289+0000] {spark_submit.py:571} INFO - sasl.oauthbearer.expected.audience = null
[2024-05-21T16:09:32.289+0000] {spark_submit.py:571} INFO - sasl.oauthbearer.expected.issuer = null
[2024-05-21T16:09:32.289+0000] {spark_submit.py:571} INFO - sasl.oauthbearer.jwks.endpoint.refresh.ms = 3600000
[2024-05-21T16:09:32.290+0000] {spark_submit.py:571} INFO - sasl.oauthbearer.jwks.endpoint.retry.backoff.max.ms = 10000
[2024-05-21T16:09:32.290+0000] {spark_submit.py:571} INFO - sasl.oauthbearer.jwks.endpoint.retry.backoff.ms = 100
[2024-05-21T16:09:32.290+0000] {spark_submit.py:571} INFO - sasl.oauthbearer.jwks.endpoint.url = null
[2024-05-21T16:09:32.290+0000] {spark_submit.py:571} INFO - sasl.oauthbearer.scope.claim.name = scope
[2024-05-21T16:09:32.290+0000] {spark_submit.py:571} INFO - sasl.oauthbearer.sub.claim.name = sub
[2024-05-21T16:09:32.291+0000] {spark_submit.py:571} INFO - sasl.oauthbearer.token.endpoint.url = null
[2024-05-21T16:09:32.291+0000] {spark_submit.py:571} INFO - security.protocol = PLAINTEXT
[2024-05-21T16:09:32.291+0000] {spark_submit.py:571} INFO - security.providers = null
[2024-05-21T16:09:32.291+0000] {spark_submit.py:571} INFO - send.buffer.bytes = 131072
[2024-05-21T16:09:32.292+0000] {spark_submit.py:571} INFO - socket.connection.setup.timeout.max.ms = 30000
[2024-05-21T16:09:32.292+0000] {spark_submit.py:571} INFO - socket.connection.setup.timeout.ms = 10000
[2024-05-21T16:09:32.292+0000] {spark_submit.py:571} INFO - ssl.cipher.suites = null
[2024-05-21T16:09:32.292+0000] {spark_submit.py:571} INFO - ssl.enabled.protocols = [TLSv1.2, TLSv1.3]
[2024-05-21T16:09:32.293+0000] {spark_submit.py:571} INFO - ssl.endpoint.identification.algorithm = https
[2024-05-21T16:09:32.293+0000] {spark_submit.py:571} INFO - ssl.engine.factory.class = null
[2024-05-21T16:09:32.293+0000] {spark_submit.py:571} INFO - ssl.key.password = null
[2024-05-21T16:09:32.294+0000] {spark_submit.py:571} INFO - ssl.keymanager.algorithm = SunX509
[2024-05-21T16:09:32.294+0000] {spark_submit.py:571} INFO - ssl.keystore.certificate.chain = null
[2024-05-21T16:09:32.294+0000] {spark_submit.py:571} INFO - ssl.keystore.key = null
[2024-05-21T16:09:32.294+0000] {spark_submit.py:571} INFO - ssl.keystore.location = null
[2024-05-21T16:09:32.295+0000] {spark_submit.py:571} INFO - ssl.keystore.password = null
[2024-05-21T16:09:32.295+0000] {spark_submit.py:571} INFO - ssl.keystore.type = JKS
[2024-05-21T16:09:32.295+0000] {spark_submit.py:571} INFO - ssl.protocol = TLSv1.3
[2024-05-21T16:09:32.295+0000] {spark_submit.py:571} INFO - ssl.provider = null
[2024-05-21T16:09:32.296+0000] {spark_submit.py:571} INFO - ssl.secure.random.implementation = null
[2024-05-21T16:09:32.296+0000] {spark_submit.py:571} INFO - ssl.trustmanager.algorithm = PKIX
[2024-05-21T16:09:32.296+0000] {spark_submit.py:571} INFO - ssl.truststore.certificates = null
[2024-05-21T16:09:32.297+0000] {spark_submit.py:571} INFO - ssl.truststore.location = null
[2024-05-21T16:09:32.297+0000] {spark_submit.py:571} INFO - ssl.truststore.password = null
[2024-05-21T16:09:32.297+0000] {spark_submit.py:571} INFO - ssl.truststore.type = JKS
[2024-05-21T16:09:32.298+0000] {spark_submit.py:571} INFO - 
[2024-05-21T16:09:32.322+0000] {spark_submit.py:571} INFO - 24/05/21 16:09:32 WARN AdminClientConfig: These configurations '[key.deserializer, value.deserializer, enable.auto.commit, max.poll.records, auto.offset.reset]' were supplied but are not used yet.
[2024-05-21T16:09:32.323+0000] {spark_submit.py:571} INFO - 24/05/21 16:09:32 INFO AppInfoParser: Kafka version: 3.4.1
[2024-05-21T16:09:32.323+0000] {spark_submit.py:571} INFO - 24/05/21 16:09:32 INFO AppInfoParser: Kafka commitId: 8a516edc2755df89
[2024-05-21T16:09:32.323+0000] {spark_submit.py:571} INFO - 24/05/21 16:09:32 INFO AppInfoParser: Kafka startTimeMs: 1716307772322
[2024-05-21T16:09:32.373+0000] {spark_submit.py:571} INFO - Callback Server Starting
[2024-05-21T16:09:32.373+0000] {spark_submit.py:571} INFO - Socket listening on ('127.0.0.1', 41565)
[2024-05-21T16:09:32.376+0000] {spark_submit.py:571} INFO - 24/05/21 16:09:32 WARN ResolveWriteToStream: Temporary checkpoint location created which is deleted normally when the query didn't fail: /tmp/temporary-a40b905e-a4ff-4733-9249-49e21c5f5833. If it's required to delete it under any circumstances, please set spark.sql.streaming.forceDeleteTempCheckpointLocation to true. Important to know deleting temp checkpoint folder is best effort.
[2024-05-21T16:09:32.376+0000] {spark_submit.py:571} INFO - 24/05/21 16:09:32 INFO ResolveWriteToStream: Checkpoint root file:///tmp/temporary-a40b905e-a4ff-4733-9249-49e21c5f5833 resolved to file:/tmp/temporary-a40b905e-a4ff-4733-9249-49e21c5f5833.
[2024-05-21T16:09:32.376+0000] {spark_submit.py:571} INFO - 24/05/21 16:09:32 WARN ResolveWriteToStream: spark.sql.adaptive.enabled is not supported in streaming DataFrames/Datasets and will be disabled.
[2024-05-21T16:09:32.383+0000] {spark_submit.py:571} INFO - 24/05/21 16:09:32 INFO CheckpointFileManager: Writing atomically to file:/tmp/temporary-a40b905e-a4ff-4733-9249-49e21c5f5833/metadata using temp file file:/tmp/temporary-a40b905e-a4ff-4733-9249-49e21c5f5833/.metadata.f34b4341-3a7c-4859-8bbd-3b13d6855a16.tmp
[2024-05-21T16:09:32.398+0000] {spark_submit.py:571} INFO - 24/05/21 16:09:32 INFO CheckpointFileManager: Renamed temp file file:/tmp/temporary-a40b905e-a4ff-4733-9249-49e21c5f5833/.metadata.f34b4341-3a7c-4859-8bbd-3b13d6855a16.tmp to file:/tmp/temporary-a40b905e-a4ff-4733-9249-49e21c5f5833/metadata
[2024-05-21T16:09:32.405+0000] {spark_submit.py:571} INFO - 24/05/21 16:09:32 INFO MicroBatchExecution: Starting [id = 138d5260-df23-4572-962c-d7891af44acf, runId = 6a045bc3-0bd8-40e0-bb53-40b573b95e40]. Use file:/tmp/temporary-a40b905e-a4ff-4733-9249-49e21c5f5833 to store the query checkpoint.
[2024-05-21T16:09:32.406+0000] {spark_submit.py:571} INFO - 24/05/21 16:09:32 INFO MicroBatchExecution: Reading table [org.apache.spark.sql.kafka010.KafkaSourceProvider$KafkaTable@6fc2d962] from DataSourceV2 named 'kafka' [org.apache.spark.sql.kafka010.KafkaSourceProvider@ad80269]
[2024-05-21T16:09:32.406+0000] {spark_submit.py:571} INFO - Closing down clientserver connection
[2024-05-21T16:09:32.407+0000] {spark_submit.py:571} INFO - 24/05/21 16:09:32 INFO OffsetSeqLog: BatchIds found from listing:
[2024-05-21T16:09:32.408+0000] {spark_submit.py:571} INFO - 24/05/21 16:09:32 INFO OffsetSeqLog: BatchIds found from listing:
[2024-05-21T16:09:32.408+0000] {spark_submit.py:571} INFO - 24/05/21 16:09:32 INFO MicroBatchExecution: Starting new streaming query.
[2024-05-21T16:09:32.408+0000] {spark_submit.py:571} INFO - 24/05/21 16:09:32 INFO MicroBatchExecution: Stream started from {}
[2024-05-21T16:09:32.414+0000] {spark_submit.py:571} INFO - 24/05/21 16:09:32 INFO AdminClientConfig: AdminClientConfig values:
[2024-05-21T16:09:32.415+0000] {spark_submit.py:571} INFO - auto.include.jmx.reporter = true
[2024-05-21T16:09:32.415+0000] {spark_submit.py:571} INFO - bootstrap.servers = [kafka:9092]
[2024-05-21T16:09:32.415+0000] {spark_submit.py:571} INFO - client.dns.lookup = use_all_dns_ips
[2024-05-21T16:09:32.416+0000] {spark_submit.py:571} INFO - client.id =
[2024-05-21T16:09:32.416+0000] {spark_submit.py:571} INFO - connections.max.idle.ms = 300000
[2024-05-21T16:09:32.416+0000] {spark_submit.py:571} INFO - default.api.timeout.ms = 60000
[2024-05-21T16:09:32.416+0000] {spark_submit.py:571} INFO - metadata.max.age.ms = 300000
[2024-05-21T16:09:32.417+0000] {spark_submit.py:571} INFO - metric.reporters = []
[2024-05-21T16:09:32.417+0000] {spark_submit.py:571} INFO - metrics.num.samples = 2
[2024-05-21T16:09:32.417+0000] {spark_submit.py:571} INFO - metrics.recording.level = INFO
[2024-05-21T16:09:32.418+0000] {spark_submit.py:571} INFO - metrics.sample.window.ms = 30000
[2024-05-21T16:09:32.418+0000] {spark_submit.py:571} INFO - receive.buffer.bytes = 65536
[2024-05-21T16:09:32.418+0000] {spark_submit.py:571} INFO - reconnect.backoff.max.ms = 1000
[2024-05-21T16:09:32.418+0000] {spark_submit.py:571} INFO - reconnect.backoff.ms = 50
[2024-05-21T16:09:32.419+0000] {spark_submit.py:571} INFO - request.timeout.ms = 30000
[2024-05-21T16:09:32.419+0000] {spark_submit.py:571} INFO - retries = 2147483647
[2024-05-21T16:09:32.419+0000] {spark_submit.py:571} INFO - retry.backoff.ms = 100
[2024-05-21T16:09:32.420+0000] {spark_submit.py:571} INFO - sasl.client.callback.handler.class = null
[2024-05-21T16:09:32.420+0000] {spark_submit.py:571} INFO - sasl.jaas.config = null
[2024-05-21T16:09:32.420+0000] {spark_submit.py:571} INFO - sasl.kerberos.kinit.cmd = /usr/bin/kinit
[2024-05-21T16:09:32.420+0000] {spark_submit.py:571} INFO - sasl.kerberos.min.time.before.relogin = 60000
[2024-05-21T16:09:32.420+0000] {spark_submit.py:571} INFO - sasl.kerberos.service.name = null
[2024-05-21T16:09:32.421+0000] {spark_submit.py:571} INFO - sasl.kerberos.ticket.renew.jitter = 0.05
[2024-05-21T16:09:32.421+0000] {spark_submit.py:571} INFO - sasl.kerberos.ticket.renew.window.factor = 0.8
[2024-05-21T16:09:32.421+0000] {spark_submit.py:571} INFO - sasl.login.callback.handler.class = null
[2024-05-21T16:09:32.421+0000] {spark_submit.py:571} INFO - sasl.login.class = null
[2024-05-21T16:09:32.422+0000] {spark_submit.py:571} INFO - sasl.login.connect.timeout.ms = null
[2024-05-21T16:09:32.422+0000] {spark_submit.py:571} INFO - sasl.login.read.timeout.ms = null
[2024-05-21T16:09:32.422+0000] {spark_submit.py:571} INFO - sasl.login.refresh.buffer.seconds = 300
[2024-05-21T16:09:32.422+0000] {spark_submit.py:571} INFO - sasl.login.refresh.min.period.seconds = 60
[2024-05-21T16:09:32.422+0000] {spark_submit.py:571} INFO - sasl.login.refresh.window.factor = 0.8
[2024-05-21T16:09:32.423+0000] {spark_submit.py:571} INFO - sasl.login.refresh.window.jitter = 0.05
[2024-05-21T16:09:32.423+0000] {spark_submit.py:571} INFO - sasl.login.retry.backoff.max.ms = 10000
[2024-05-21T16:09:32.423+0000] {spark_submit.py:571} INFO - sasl.login.retry.backoff.ms = 100
[2024-05-21T16:09:32.423+0000] {spark_submit.py:571} INFO - sasl.mechanism = GSSAPI
[2024-05-21T16:09:32.423+0000] {spark_submit.py:571} INFO - sasl.oauthbearer.clock.skew.seconds = 30
[2024-05-21T16:09:32.423+0000] {spark_submit.py:571} INFO - sasl.oauthbearer.expected.audience = null
[2024-05-21T16:09:32.424+0000] {spark_submit.py:571} INFO - sasl.oauthbearer.expected.issuer = null
[2024-05-21T16:09:32.424+0000] {spark_submit.py:571} INFO - sasl.oauthbearer.jwks.endpoint.refresh.ms = 3600000
[2024-05-21T16:09:32.424+0000] {spark_submit.py:571} INFO - sasl.oauthbearer.jwks.endpoint.retry.backoff.max.ms = 10000
[2024-05-21T16:09:32.424+0000] {spark_submit.py:571} INFO - sasl.oauthbearer.jwks.endpoint.retry.backoff.ms = 100
[2024-05-21T16:09:32.425+0000] {spark_submit.py:571} INFO - sasl.oauthbearer.jwks.endpoint.url = null
[2024-05-21T16:09:32.425+0000] {spark_submit.py:571} INFO - sasl.oauthbearer.scope.claim.name = scope
[2024-05-21T16:09:32.425+0000] {spark_submit.py:571} INFO - sasl.oauthbearer.sub.claim.name = sub
[2024-05-21T16:09:32.425+0000] {spark_submit.py:571} INFO - sasl.oauthbearer.token.endpoint.url = null
[2024-05-21T16:09:32.425+0000] {spark_submit.py:571} INFO - security.protocol = PLAINTEXT
[2024-05-21T16:09:32.426+0000] {spark_submit.py:571} INFO - security.providers = null
[2024-05-21T16:09:32.426+0000] {spark_submit.py:571} INFO - send.buffer.bytes = 131072
[2024-05-21T16:09:32.426+0000] {spark_submit.py:571} INFO - socket.connection.setup.timeout.max.ms = 30000
[2024-05-21T16:09:32.426+0000] {spark_submit.py:571} INFO - socket.connection.setup.timeout.ms = 10000
[2024-05-21T16:09:32.426+0000] {spark_submit.py:571} INFO - ssl.cipher.suites = null
[2024-05-21T16:09:32.427+0000] {spark_submit.py:571} INFO - ssl.enabled.protocols = [TLSv1.2, TLSv1.3]
[2024-05-21T16:09:32.427+0000] {spark_submit.py:571} INFO - ssl.endpoint.identification.algorithm = https
[2024-05-21T16:09:32.427+0000] {spark_submit.py:571} INFO - ssl.engine.factory.class = null
[2024-05-21T16:09:32.427+0000] {spark_submit.py:571} INFO - ssl.key.password = null
[2024-05-21T16:09:32.427+0000] {spark_submit.py:571} INFO - ssl.keymanager.algorithm = SunX509
[2024-05-21T16:09:32.428+0000] {spark_submit.py:571} INFO - ssl.keystore.certificate.chain = null
[2024-05-21T16:09:32.428+0000] {spark_submit.py:571} INFO - ssl.keystore.key = null
[2024-05-21T16:09:32.428+0000] {spark_submit.py:571} INFO - ssl.keystore.location = null
[2024-05-21T16:09:32.428+0000] {spark_submit.py:571} INFO - ssl.keystore.password = null
[2024-05-21T16:09:32.428+0000] {spark_submit.py:571} INFO - ssl.keystore.type = JKS
[2024-05-21T16:09:32.428+0000] {spark_submit.py:571} INFO - ssl.protocol = TLSv1.3
[2024-05-21T16:09:32.429+0000] {spark_submit.py:571} INFO - ssl.provider = null
[2024-05-21T16:09:32.429+0000] {spark_submit.py:571} INFO - ssl.secure.random.implementation = null
[2024-05-21T16:09:32.429+0000] {spark_submit.py:571} INFO - ssl.trustmanager.algorithm = PKIX
[2024-05-21T16:09:32.429+0000] {spark_submit.py:571} INFO - ssl.truststore.certificates = null
[2024-05-21T16:09:32.429+0000] {spark_submit.py:571} INFO - ssl.truststore.location = null
[2024-05-21T16:09:32.430+0000] {spark_submit.py:571} INFO - ssl.truststore.password = null
[2024-05-21T16:09:32.430+0000] {spark_submit.py:571} INFO - ssl.truststore.type = JKS
[2024-05-21T16:09:32.430+0000] {spark_submit.py:571} INFO - 
[2024-05-21T16:09:32.430+0000] {spark_submit.py:571} INFO - 24/05/21 16:09:32 WARN AdminClientConfig: These configurations '[key.deserializer, value.deserializer, enable.auto.commit, max.poll.records, auto.offset.reset]' were supplied but are not used yet.
[2024-05-21T16:09:32.430+0000] {spark_submit.py:571} INFO - 24/05/21 16:09:32 INFO AppInfoParser: Kafka version: 3.4.1
[2024-05-21T16:09:32.431+0000] {spark_submit.py:571} INFO - 24/05/21 16:09:32 INFO AppInfoParser: Kafka commitId: 8a516edc2755df89
[2024-05-21T16:09:32.431+0000] {spark_submit.py:571} INFO - 24/05/21 16:09:32 INFO AppInfoParser: Kafka startTimeMs: 1716307772417
[2024-05-21T16:09:32.441+0000] {spark_submit.py:571} INFO - 24/05/21 16:09:32 INFO SparkContext: Invoking stop() from shutdown hook
[2024-05-21T16:09:32.442+0000] {spark_submit.py:571} INFO - 24/05/21 16:09:32 INFO SparkContext: SparkContext is stopping with exitCode 0.
[2024-05-21T16:09:32.449+0000] {spark_submit.py:571} INFO - 24/05/21 16:09:32 INFO SparkUI: Stopped Spark web UI at http://05882356329d:4040
[2024-05-21T16:09:32.451+0000] {spark_submit.py:571} INFO - 24/05/21 16:09:32 INFO StandaloneSchedulerBackend: Shutting down all executors
[2024-05-21T16:09:32.451+0000] {spark_submit.py:571} INFO - 24/05/21 16:09:32 INFO StandaloneSchedulerBackend$StandaloneDriverEndpoint: Asking each executor to shut down
[2024-05-21T16:09:32.464+0000] {spark_submit.py:571} INFO - 24/05/21 16:09:32 INFO MapOutputTrackerMasterEndpoint: MapOutputTrackerMasterEndpoint stopped!
[2024-05-21T16:09:32.473+0000] {spark_submit.py:571} INFO - 24/05/21 16:09:32 INFO MemoryStore: MemoryStore cleared
[2024-05-21T16:09:32.473+0000] {spark_submit.py:571} INFO - 24/05/21 16:09:32 INFO BlockManager: BlockManager stopped
[2024-05-21T16:09:32.476+0000] {spark_submit.py:571} INFO - 24/05/21 16:09:32 INFO BlockManagerMaster: BlockManagerMaster stopped
[2024-05-21T16:09:32.477+0000] {spark_submit.py:571} INFO - 24/05/21 16:09:32 INFO OutputCommitCoordinator$OutputCommitCoordinatorEndpoint: OutputCommitCoordinator stopped!
[2024-05-21T16:09:32.492+0000] {spark_submit.py:571} INFO - 24/05/21 16:09:32 INFO SparkContext: Successfully stopped SparkContext
[2024-05-21T16:09:32.493+0000] {spark_submit.py:571} INFO - 24/05/21 16:09:32 INFO ShutdownHookManager: Shutdown hook called
[2024-05-21T16:09:32.494+0000] {spark_submit.py:571} INFO - 24/05/21 16:09:32 INFO ShutdownHookManager: Deleting directory /tmp/spark-3f4d84d4-4450-4115-8f58-0499c0422aa2
[2024-05-21T16:09:32.497+0000] {spark_submit.py:571} INFO - 24/05/21 16:09:32 INFO ShutdownHookManager: Deleting directory /tmp/spark-03705c21-1440-4144-892a-0c533c3b0573
[2024-05-21T16:09:32.499+0000] {spark_submit.py:571} INFO - 24/05/21 16:09:32 INFO ShutdownHookManager: Deleting directory /tmp/spark-03705c21-1440-4144-892a-0c533c3b0573/pyspark-d89ed3aa-751a-438c-a2a7-7113a172cbb5
[2024-05-21T16:09:32.500+0000] {spark_submit.py:571} INFO - 24/05/21 16:09:32 INFO ShutdownHookManager: Deleting directory /tmp/temporary-418f1eca-42e4-47b1-8dd0-6f617afa6da4
[2024-05-21T16:09:32.502+0000] {spark_submit.py:571} INFO - 24/05/21 16:09:32 INFO ShutdownHookManager: Deleting directory /tmp/temporary-a40b905e-a4ff-4733-9249-49e21c5f5833
[2024-05-21T16:09:32.533+0000] {taskinstance.py:441} INFO - ::group::Post task execution logs
[2024-05-21T16:09:32.538+0000] {taskinstance.py:1205} INFO - Marking task as SUCCESS. dag_id=idealista-pipeline, task_id=spark_submit, execution_date=20240521T160429, start_date=20240521T160927, end_date=20240521T160932
[2024-05-21T16:09:32.581+0000] {local_task_job_runner.py:240} INFO - Task exited with return code 0
[2024-05-21T16:09:32.595+0000] {taskinstance.py:3482} INFO - 1 downstream tasks scheduled from follow-on schedule check
[2024-05-21T16:09:32.596+0000] {local_task_job_runner.py:222} INFO - ::endgroup::
