[2024-05-21T19:10:19.291+0000] {local_task_job_runner.py:120} INFO - ::group::Pre task execution logs
[2024-05-21T19:10:19.302+0000] {taskinstance.py:2073} INFO - Dependencies all met for dep_context=non-requeueable deps ti=<TaskInstance: idealista-pipeline.create_or_update_spark_connection manual__2024-05-21T19:10:17.300923+00:00 [queued]>
[2024-05-21T19:10:19.307+0000] {taskinstance.py:2073} INFO - Dependencies all met for dep_context=requeueable deps ti=<TaskInstance: idealista-pipeline.create_or_update_spark_connection manual__2024-05-21T19:10:17.300923+00:00 [queued]>
[2024-05-21T19:10:19.308+0000] {taskinstance.py:2303} INFO - Starting attempt 1 of 1
[2024-05-21T19:10:19.316+0000] {taskinstance.py:2327} INFO - Executing <Task(PythonOperator): create_or_update_spark_connection> on 2024-05-21 19:10:17.300923+00:00
[2024-05-21T19:10:19.319+0000] {warnings.py:110} WARNING - /home/***/.local/lib/python3.12/site-packages/***/task/task_runner/standard_task_runner.py:61: DeprecationWarning: This process (pid=1002) is multi-threaded, use of fork() may lead to deadlocks in the child.
  pid = os.fork()

[2024-05-21T19:10:19.320+0000] {standard_task_runner.py:63} INFO - Started process 1003 to run task
[2024-05-21T19:10:19.320+0000] {standard_task_runner.py:90} INFO - Running: ['***', 'tasks', 'run', 'idealista-pipeline', 'create_or_update_spark_connection', 'manual__2024-05-21T19:10:17.300923+00:00', '--job-id', '340', '--raw', '--subdir', 'DAGS_FOLDER/idealista_dag.py', '--cfg-path', '/tmp/tmp7yvkf9gi']
[2024-05-21T19:10:19.321+0000] {standard_task_runner.py:91} INFO - Job 340: Subtask create_or_update_spark_connection
[2024-05-21T19:10:19.343+0000] {task_command.py:426} INFO - Running <TaskInstance: idealista-pipeline.create_or_update_spark_connection manual__2024-05-21T19:10:17.300923+00:00 [running]> on host cef94752cfd3
[2024-05-21T19:10:19.387+0000] {taskinstance.py:2644} INFO - Exporting env vars: AIRFLOW_CTX_DAG_OWNER='shv' AIRFLOW_CTX_DAG_ID='idealista-pipeline' AIRFLOW_CTX_TASK_ID='create_or_update_spark_connection' AIRFLOW_CTX_EXECUTION_DATE='2024-05-21T19:10:17.300923+00:00' AIRFLOW_CTX_TRY_NUMBER='1' AIRFLOW_CTX_DAG_RUN_ID='manual__2024-05-21T19:10:17.300923+00:00'
[2024-05-21T19:10:19.387+0000] {taskinstance.py:430} INFO - ::endgroup::
[2024-05-21T19:10:19.399+0000] {spark.py:18} INFO - Airflow-spark connection already exists. Updating existing connection
[2024-05-21T19:10:19.399+0000] {crypto.py:82} WARNING - empty cryptography key - values will not be stored encrypted.
[2024-05-21T19:10:19.400+0000] {spark.py:34} INFO - Airflow-spark connection setup complete.
[2024-05-21T19:10:19.400+0000] {python.py:237} INFO - Done. Returned value was: None
[2024-05-21T19:10:19.401+0000] {taskinstance.py:441} INFO - ::group::Post task execution logs
[2024-05-21T19:10:19.405+0000] {taskinstance.py:1205} INFO - Marking task as SUCCESS. dag_id=idealista-pipeline, task_id=create_or_update_spark_connection, execution_date=20240521T191017, start_date=20240521T191019, end_date=20240521T191019
[2024-05-21T19:10:19.453+0000] {local_task_job_runner.py:240} INFO - Task exited with return code 0
[2024-05-21T19:10:19.483+0000] {taskinstance.py:3482} INFO - 1 downstream tasks scheduled from follow-on schedule check
[2024-05-21T19:10:19.485+0000] {local_task_job_runner.py:222} INFO - ::endgroup::
